[2024-06-04 17:30:29] [javac-extractor-82284] Starting extraction for:
                                              sun.java.command=com.semmle.extractor.java.JavaExtractor --jdk-version 21 --javac-args @@@/Users/burakyetistiren/Desktop/Subject_Prog_CodeQL_Taint/src/main/java/network/Network/log/ext/javac-36.args
                                              user.dir=/Users/burakyetistiren/Desktop/Subject_Prog_CodeQL_Taint/src/main/java/network/dubbo-plugin/dubbo-qos-api
[2024-06-04 17:30:29] [javac-extractor-82284] Compilation name /Users/burakyetistiren/Desktop/Subject_Prog_CodeQL_Taint/src/main/java/network/Network/trap/java/diagnostics/diagnostic-36.trap.gz
[2024-06-04 17:30:29] [javac-extractor-82284] [WARN] Appending source destination directory /Users/burakyetistiren/Desktop/Subject_Prog_CodeQL_Taint/src/main/java/network/dubbo-plugin/dubbo-qos-api/target/generated-sources/annotations to sourcepath
[2024-06-04 17:30:31] [javac-extractor-82284] Processing file /Users/burakyetistiren/Desktop/Subject_Prog_CodeQL_Taint/src/main/java/network/dubbo-plugin/dubbo-qos-api/src/main/java/org/apache/dubbo/qos/api/BaseCommand.java
[2024-06-04 17:30:31] [javac-extractor-82284] [WARN] Not rewriting trap file for /Users/burakyetistiren/Desktop/Subject_Prog_CodeQL_Taint/src/main/java/network/Network/trap/java/classes/org/apache/dubbo/common/extension/ExtensionScope.members/ExtensionScope.members#52.0-1717546356701-java.trap.gz as /Users/burakyetistiren/Desktop/Subject_Prog_CodeQL_Taint/src/main/java/network/Network/trap/java/classes/org/apache/dubbo/common/extension/ExtensionScope.members/ExtensionScope.members#0.0-1717545682309-java.trap.gz exists
[2024-06-04 17:30:31] [javac-extractor-82284] [WARN] Not rewriting trap file for /Users/burakyetistiren/Desktop/Subject_Prog_CodeQL_Taint/src/main/java/network/Network/trap/java/classes/org/apache/dubbo/common/extension/SPI.members/SPI.members#52.0-1717546354432-java.trap.gz as /Users/burakyetistiren/Desktop/Subject_Prog_CodeQL_Taint/src/main/java/network/Network/trap/java/classes/org/apache/dubbo/common/extension/SPI.members/SPI.members#0.0-1717545682309-java.trap.gz exists
[2024-06-04 17:30:31] [javac-extractor-82284] [WARN] Not rewriting trap file for /Users/burakyetistiren/Desktop/Subject_Prog_CodeQL_Taint/src/main/java/network/Network/trap/java/classes/java/lang/String.members/String.members#65.0-1713788650000-java.trap.gz as it exists
[2024-06-04 17:30:31] [javac-extractor-82284] [WARN] Not rewriting trap file for /Users/burakyetistiren/Desktop/Subject_Prog_CodeQL_Taint/src/main/java/network/Network/trap/java/classes/java/lang/Object.members/Object.members#65.0-1713788650000-java.trap.gz as it exists
[2024-06-04 17:30:31] [javac-extractor-82284] [WARN] Not rewriting trap file for /Users/burakyetistiren/Desktop/Subject_Prog_CodeQL_Taint/src/main/java/network/Network/trap/java/classes/java/lang/Cloneable.members/Cloneable.members#65.0-1713788650000-java.trap.gz as it exists
[2024-06-04 17:30:31] [javac-extractor-82284] [WARN] Not rewriting trap file for /Users/burakyetistiren/Desktop/Subject_Prog_CodeQL_Taint/src/main/java/network/Network/trap/java/classes/java/io/Serializable.members/Serializable.members#65.0-1713788650000-java.trap.gz as it exists
[2024-06-04 17:30:31] [javac-extractor-82284] [WARN] Not rewriting trap file for /Users/burakyetistiren/Desktop/Subject_Prog_CodeQL_Taint/src/main/java/network/Network/trap/java/classes/java/lang/Override.members/Override.members#65.0-1713788650000-java.trap.gz as it exists
[2024-06-04 17:30:31] [javac-extractor-82284] [WARN] Not rewriting trap file for /Users/burakyetistiren/Desktop/Subject_Prog_CodeQL_Taint/src/main/java/network/Network/trap/java/classes/io/netty/channel/Channel.members/Channel.members#50.0-1716394494000-java.trap.gz as it exists
[2024-06-04 17:30:31] [javac-extractor-82284] [WARN] Not rewriting trap file for /Users/burakyetistiren/Desktop/Subject_Prog_CodeQL_Taint/src/main/java/network/Network/trap/java/classes/java/util/function/Predicate.members/Predicate.members#65.0-1713788650000-java.trap.gz as it exists
[2024-06-04 17:30:31] [javac-extractor-82284] [WARN] Not rewriting trap file for /Users/burakyetistiren/Desktop/Subject_Prog_CodeQL_Taint/src/main/java/network/Network/trap/java/classes/java/lang/FunctionalInterface.members/FunctionalInterface.members#65.0-1713788650000-java.trap.gz as it exists
[2024-06-04 17:30:31] [javac-extractor-82284] [WARN] Not rewriting trap file for /Users/burakyetistiren/Desktop/Subject_Prog_CodeQL_Taint/src/main/java/network/Network/trap/java/classes/java/lang/Enum.members/Enum.members#65.0-1713788650000-java.trap.gz as it exists
[2024-06-04 17:30:31] [javac-extractor-82284] [WARN] Not rewriting trap file for /Users/burakyetistiren/Desktop/Subject_Prog_CodeQL_Taint/src/main/java/network/Network/trap/java/classes/java/lang/Comparable.members/Comparable.members#65.0-1713788650000-java.trap.gz as it exists
[2024-06-04 17:30:31] [javac-extractor-82284] [WARN] Not rewriting trap file for /Users/burakyetistiren/Desktop/Subject_Prog_CodeQL_Taint/src/main/java/network/Network/trap/java/classes/java/lang/Class.members/Class.members#65.0-1713788650000-java.trap.gz as it exists
[2024-06-04 17:30:31] [javac-extractor-82284] [WARN] Not rewriting trap file for /Users/burakyetistiren/Desktop/Subject_Prog_CodeQL_Taint/src/main/java/network/Network/trap/java/classes/java/lang/reflect/GenericDeclaration.members/GenericDeclaration.members#65.0-1713788650000-java.trap.gz as it exists
[2024-06-04 17:30:31] [javac-extractor-82284] [WARN] Not rewriting trap file for /Users/burakyetistiren/Desktop/Subject_Prog_CodeQL_Taint/src/main/java/network/Network/trap/java/classes/java/lang/reflect/Type.members/Type.members#65.0-1713788650000-java.trap.gz as it exists
[2024-06-04 17:30:31] [javac-extractor-82284] [WARN] Not rewriting trap file for /Users/burakyetistiren/Desktop/Subject_Prog_CodeQL_Taint/src/main/java/network/Network/trap/java/classes/java/lang/reflect/AnnotatedElement.members/AnnotatedElement.members#65.0-1713788650000-java.trap.gz as it exists
[2024-06-04 17:30:31] [javac-extractor-82284] [WARN] Not rewriting trap file for /Users/burakyetistiren/Desktop/Subject_Prog_CodeQL_Taint/src/main/java/network/Network/trap/java/classes/java/lang/CloneNotSupportedException.members/CloneNotSupportedException.members#65.0-1713788650000-java.trap.gz as it exists
[2024-06-04 17:30:32] [javac-extractor-82284] Processing file /Users/burakyetistiren/Desktop/Subject_Prog_CodeQL_Taint/src/main/java/network/dubbo-plugin/dubbo-qos-api/src/main/java/org/apache/dubbo/qos/api/CommandContext.java
[2024-06-04 17:30:32] [javac-extractor-82284] [WARN] Not rewriting trap file for /Users/burakyetistiren/Desktop/Subject_Prog_CodeQL_Taint/src/main/java/network/Network/trap/java/classes/java/util/Arrays.members/Arrays.members#65.0-1713788650000-java.trap.gz as it exists
[2024-06-04 17:30:32] [javac-extractor-82284] [WARN] Not rewriting trap file for /Users/burakyetistiren/Desktop/Subject_Prog_CodeQL_Taint/src/main/java/network/Network/trap/java/classes/java/util/Objects.members/Objects.members#65.0-1713788650000-java.trap.gz as it exists
[2024-06-04 17:30:32] [javac-extractor-82284] [WARN] Not rewriting trap file for /Users/burakyetistiren/Desktop/Subject_Prog_CodeQL_Taint/src/main/java/network/Network/trap/java/classes/java/util/Optional.members/Optional.members#65.0-1713788650000-java.trap.gz as it exists
[2024-06-04 17:30:32] [javac-extractor-82284] [WARN] Not rewriting trap file for /Users/burakyetistiren/Desktop/Subject_Prog_CodeQL_Taint/src/main/java/network/Network/trap/java/classes/io/netty/channel/Channel.members/Channel.members#50.0-1716394494000-java.trap.gz as it exists
[2024-06-04 17:30:32] [javac-extractor-82284] [WARN] Not rewriting trap file for /Users/burakyetistiren/Desktop/Subject_Prog_CodeQL_Taint/src/main/java/network/Network/trap/java/classes/org/apache/dubbo/qos/api/QosConfiguration.members/QosConfiguration.members#0.0-1717545689151-java.trap.gz as it exists
[2024-06-04 17:30:32] [javac-extractor-82284] [WARN] Not rewriting trap file for /Users/burakyetistiren/Desktop/Subject_Prog_CodeQL_Taint/src/main/java/network/Network/trap/java/classes/org/apache/dubbo/qos/api/CommandContext.members/CommandContext.members#0.0-1717545689148-java.trap.gz as it exists
[2024-06-04 17:30:32] [javac-extractor-82284] [WARN] Not rewriting trap file for /Users/burakyetistiren/Desktop/Subject_Prog_CodeQL_Taint/src/main/java/network/Network/trap/java/classes/java/lang/Object.members/Object.members#65.0-1713788650000-java.trap.gz as it exists
[2024-06-04 17:30:32] [javac-extractor-82284] [WARN] Not rewriting trap file for /Users/burakyetistiren/Desktop/Subject_Prog_CodeQL_Taint/src/main/java/network/Network/trap/java/classes/java/lang/String.members/String.members#65.0-1713788650000-java.trap.gz as it exists
[2024-06-04 17:30:32] [javac-extractor-82284] [WARN] Not rewriting trap file for /Users/burakyetistiren/Desktop/Subject_Prog_CodeQL_Taint/src/main/java/network/Network/trap/java/classes/java/lang/Cloneable.members/Cloneable.members#65.0-1713788650000-java.trap.gz as it exists
[2024-06-04 17:30:32] [javac-extractor-82284] [WARN] Not rewriting trap file for /Users/burakyetistiren/Desktop/Subject_Prog_CodeQL_Taint/src/main/java/network/Network/trap/java/classes/java/io/Serializable.members/Serializable.members#65.0-1713788650000-java.trap.gz as it exists
[2024-06-04 17:30:32] [javac-extractor-82284] [WARN] Not rewriting trap file for /Users/burakyetistiren/Desktop/Subject_Prog_CodeQL_Taint/src/main/java/network/Network/trap/java/classes/java/lang/Override.members/Override.members#65.0-1713788650000-java.trap.gz as it exists
[2024-06-04 17:30:32] [javac-extractor-82284] [WARN] Not rewriting trap file for /Users/burakyetistiren/Desktop/Subject_Prog_CodeQL_Taint/src/main/java/network/Network/trap/java/classes/java/util/function/Supplier.members/Supplier.members#65.0-1713788650000-java.trap.gz as it exists
[2024-06-04 17:30:32] [javac-extractor-82284] [WARN] Not rewriting trap file for /Users/burakyetistiren/Desktop/Subject_Prog_CodeQL_Taint/src/main/java/network/Network/trap/java/classes/java/lang/FunctionalInterface.members/FunctionalInterface.members#65.0-1713788650000-java.trap.gz as it exists
[2024-06-04 17:30:32] [javac-extractor-82284] [WARN] Not rewriting trap file for /Users/burakyetistiren/Desktop/Subject_Prog_CodeQL_Taint/src/main/java/network/Network/trap/java/classes/java/lang/Throwable.members/Throwable.members#65.0-1713788650000-java.trap.gz as it exists
[2024-06-04 17:30:32] [javac-extractor-82284] [WARN] Not rewriting trap file for /Users/burakyetistiren/Desktop/Subject_Prog_CodeQL_Taint/src/main/java/network/Network/trap/java/classes/java/util/function/Function.members/Function.members#65.0-1713788650000-java.trap.gz as it exists
[2024-06-04 17:30:32] [javac-extractor-82284] [WARN] Not rewriting trap file for /Users/burakyetistiren/Desktop/Subject_Prog_CodeQL_Taint/src/main/java/network/Network/trap/java/classes/java/util/function/Predicate.members/Predicate.members#65.0-1713788650000-java.trap.gz as it exists
[2024-06-04 17:30:32] [javac-extractor-82284] [WARN] Not rewriting trap file for /Users/burakyetistiren/Desktop/Subject_Prog_CodeQL_Taint/src/main/java/network/Network/trap/java/classes/java/util/function/Consumer.members/Consumer.members#65.0-1713788650000-java.trap.gz as it exists
[2024-06-04 17:30:32] [javac-extractor-82284] [WARN] Not rewriting trap file for /Users/burakyetistiren/Desktop/Subject_Prog_CodeQL_Taint/src/main/java/network/Network/trap/java/classes/java/net/SocketAddress.members/SocketAddress.members#65.0-1713788650000-java.trap.gz as it exists
[2024-06-04 17:30:32] [javac-extractor-82284] Processing file /Users/burakyetistiren/Desktop/Subject_Prog_CodeQL_Taint/src/main/java/network/dubbo-plugin/dubbo-qos-api/src/main/java/org/apache/dubbo/qos/api/QosConfiguration.java
[2024-06-04 17:30:32] [javac-extractor-82284] [WARN] Not rewriting trap file for /Users/burakyetistiren/Desktop/Subject_Prog_CodeQL_Taint/src/main/java/network/Network/trap/java/classes/org/apache/dubbo/common/utils/NetUtils.members/NetUtils.members#52.0-1717546363343-java.trap.gz as /Users/burakyetistiren/Desktop/Subject_Prog_CodeQL_Taint/src/main/java/network/Network/trap/java/classes/org/apache/dubbo/common/utils/NetUtils.members/NetUtils.members#0.0-1717545682561-java.trap.gz exists
[2024-06-04 17:30:32] [javac-extractor-82284] [WARN] Not rewriting trap file for /Users/burakyetistiren/Desktop/Subject_Prog_CodeQL_Taint/src/main/java/network/Network/trap/java/classes/org/apache/dubbo/common/utils/StringUtils.members/StringUtils.members#52.0-1717546353301-java.trap.gz as /Users/burakyetistiren/Desktop/Subject_Prog_CodeQL_Taint/src/main/java/network/Network/trap/java/classes/org/apache/dubbo/common/utils/StringUtils.members/StringUtils.members#0.0-1717545682594-java.trap.gz exists
[2024-06-04 17:30:32] [javac-extractor-82284] [WARN] Not rewriting trap file for /Users/burakyetistiren/Desktop/Subject_Prog_CodeQL_Taint/src/main/java/network/Network/trap/java/classes/java/net/UnknownHostException.members/UnknownHostException.members#65.0-1713788650000-java.trap.gz as it exists
[2024-06-04 17:30:32] [javac-extractor-82284] [WARN] Not rewriting trap file for /Users/burakyetistiren/Desktop/Subject_Prog_CodeQL_Taint/src/main/java/network/Network/trap/java/classes/java/util/Arrays.members/Arrays.members#65.0-1713788650000-java.trap.gz as it exists
[2024-06-04 17:30:32] [javac-extractor-82284] [WARN] Not rewriting trap file for /Users/burakyetistiren/Desktop/Subject_Prog_CodeQL_Taint/src/main/java/network/Network/trap/java/classes/java/util/function/Predicate.members/Predicate.members#65.0-1713788650000-java.trap.gz as it exists
[2024-06-04 17:30:32] [javac-extractor-82284] [WARN] Not rewriting trap file for /Users/burakyetistiren/Desktop/Subject_Prog_CodeQL_Taint/src/main/java/network/Network/trap/java/classes/org/apache/dubbo/qos/api/QosConfiguration.members/QosConfiguration.members#0.0-1717545689151-java.trap.gz as it exists
[2024-06-04 17:30:32] [javac-extractor-82284] [WARN] Not rewriting trap file for /Users/burakyetistiren/Desktop/Subject_Prog_CodeQL_Taint/src/main/java/network/Network/trap/java/classes/java/lang/String.members/String.members#65.0-1713788650000-java.trap.gz as it exists
[2024-06-04 17:30:32] [javac-extractor-82284] [WARN] Not rewriting trap file for /Users/burakyetistiren/Desktop/Subject_Prog_CodeQL_Taint/src/main/java/network/Network/trap/java/classes/org/apache/dubbo/qos/api/PermissionLevel.members/PermissionLevel.members#0.0-1717545689148-java.trap.gz as it exists
[2024-06-04 17:30:32] [javac-extractor-82284] [WARN] Not rewriting trap file for /Users/burakyetistiren/Desktop/Subject_Prog_CodeQL_Taint/src/main/java/network/Network/trap/java/classes/java/lang/Object.members/Object.members#65.0-1713788650000-java.trap.gz as it exists
[2024-06-04 17:30:32] [javac-extractor-82284] [WARN] Not rewriting trap file for /Users/burakyetistiren/Desktop/Subject_Prog_CodeQL_Taint/src/main/java/network/Network/trap/java/classes/java/lang/FunctionalInterface.members/FunctionalInterface.members#65.0-1713788650000-java.trap.gz as it exists
[2024-06-04 17:30:32] [javac-extractor-82284] [WARN] Not rewriting trap file for /Users/burakyetistiren/Desktop/Subject_Prog_CodeQL_Taint/src/main/java/network/Network/trap/java/classes/org/apache/dubbo/qos/api/QosConfiguration$Builder.members/QosConfiguration$Builder.members#0.0-1717545689151-java.trap.gz as it exists
[2024-06-04 17:30:32] [javac-extractor-82284] [WARN] Not rewriting trap file for /Users/burakyetistiren/Desktop/Subject_Prog_CodeQL_Taint/src/main/java/network/Network/trap/java/classes/java/util/Optional.members/Optional.members#65.0-1713788650000-java.trap.gz as it exists
[2024-06-04 17:30:32] [javac-extractor-82284] [WARN] Not rewriting trap file for /Users/burakyetistiren/Desktop/Subject_Prog_CodeQL_Taint/src/main/java/network/Network/trap/java/classes/java/util/function/Supplier.members/Supplier.members#65.0-1713788650000-java.trap.gz as it exists
[2024-06-04 17:30:32] [javac-extractor-82284] [WARN] Not rewriting trap file for /Users/burakyetistiren/Desktop/Subject_Prog_CodeQL_Taint/src/main/java/network/Network/trap/java/classes/java/lang/Throwable.members/Throwable.members#65.0-1713788650000-java.trap.gz as it exists
[2024-06-04 17:30:32] [javac-extractor-82284] [WARN] Not rewriting trap file for /Users/burakyetistiren/Desktop/Subject_Prog_CodeQL_Taint/src/main/java/network/Network/trap/java/classes/java/util/function/Function.members/Function.members#65.0-1713788650000-java.trap.gz as it exists
[2024-06-04 17:30:32] [javac-extractor-82284] [WARN] Not rewriting trap file for /Users/burakyetistiren/Desktop/Subject_Prog_CodeQL_Taint/src/main/java/network/Network/trap/java/classes/java/util/function/Consumer.members/Consumer.members#65.0-1713788650000-java.trap.gz as it exists
[2024-06-04 17:30:32] [javac-extractor-82284] [WARN] Not rewriting trap file for /Users/burakyetistiren/Desktop/Subject_Prog_CodeQL_Taint/src/main/java/network/Network/trap/java/classes/java/util/stream/Stream.members/Stream.members#65.0-1713788650000-java.trap.gz as it exists
[2024-06-04 17:30:32] [javac-extractor-82284] [WARN] Not rewriting trap file for /Users/burakyetistiren/Desktop/Subject_Prog_CodeQL_Taint/src/main/java/network/Network/trap/java/classes/java/util/stream/BaseStream.members/BaseStream.members#65.0-1713788650000-java.trap.gz as it exists
[2024-06-04 17:30:32] [javac-extractor-82284] [WARN] Not rewriting trap file for /Users/burakyetistiren/Desktop/Subject_Prog_CodeQL_Taint/src/main/java/network/Network/trap/java/classes/java/lang/AutoCloseable.members/AutoCloseable.members#65.0-1713788650000-java.trap.gz as it exists
[2024-06-04 17:30:32] [javac-extractor-82284] [WARN] Not rewriting trap file for /Users/burakyetistiren/Desktop/Subject_Prog_CodeQL_Taint/src/main/java/network/Network/trap/java/classes/java/util/function/BinaryOperator.members/BinaryOperator.members#65.0-1713788650000-java.trap.gz as it exists
[2024-06-04 17:30:32] [javac-extractor-82284] [WARN] Not rewriting trap file for /Users/burakyetistiren/Desktop/Subject_Prog_CodeQL_Taint/src/main/java/network/Network/trap/java/classes/java/util/function/BiFunction.members/BiFunction.members#65.0-1713788650000-java.trap.gz as it exists
[2024-06-04 17:30:32] [javac-extractor-82284] [WARN] Not rewriting trap file for /Users/burakyetistiren/Desktop/Subject_Prog_CodeQL_Taint/src/main/java/network/Network/trap/java/classes/java/lang/Runnable.members/Runnable.members#65.0-1713788650000-java.trap.gz as it exists
[2024-06-04 17:30:32] [javac-extractor-82284] [WARN] Not rewriting trap file for /Users/burakyetistiren/Desktop/Subject_Prog_CodeQL_Taint/src/main/java/network/Network/trap/java/classes/java/util/Spliterator.members/Spliterator.members#65.0-1713788650000-java.trap.gz as it exists
[2024-06-04 17:30:32] [javac-extractor-82284] [WARN] Not rewriting trap file for /Users/burakyetistiren/Desktop/Subject_Prog_CodeQL_Taint/src/main/java/network/Network/trap/java/classes/java/util/Iterator.members/Iterator.members#65.0-1713788650000-java.trap.gz as it exists
[2024-06-04 17:30:32] [javac-extractor-82284] [WARN] Not rewriting trap file for /Users/burakyetistiren/Desktop/Subject_Prog_CodeQL_Taint/src/main/java/network/Network/trap/java/classes/java/util/function/UnaryOperator.members/UnaryOperator.members#65.0-1713788650000-java.trap.gz as it exists
[2024-06-04 17:30:32] [javac-extractor-82284] [WARN] Not rewriting trap file for /Users/burakyetistiren/Desktop/Subject_Prog_CodeQL_Taint/src/main/java/network/Network/trap/java/classes/java/lang/Cloneable.members/Cloneable.members#65.0-1713788650000-java.trap.gz as it exists
[2024-06-04 17:30:32] [javac-extractor-82284] [WARN] Not rewriting trap file for /Users/burakyetistiren/Desktop/Subject_Prog_CodeQL_Taint/src/main/java/network/Network/trap/java/classes/java/io/Serializable.members/Serializable.members#65.0-1713788650000-java.trap.gz as it exists
[2024-06-04 17:30:32] [javac-extractor-82284] [WARN] Not rewriting trap file for /Users/burakyetistiren/Desktop/Subject_Prog_CodeQL_Taint/src/main/java/network/Network/trap/java/classes/java/util/stream/Stream$Builder.members/Stream$Builder.members#65.0-1713788650000-java.trap.gz as it exists
[2024-06-04 17:30:32] [javac-extractor-82284] [WARN] Not rewriting trap file for /Users/burakyetistiren/Desktop/Subject_Prog_CodeQL_Taint/src/main/java/network/Network/trap/java/classes/java/util/Comparator.members/Comparator.members#65.0-1713788650000-java.trap.gz as it exists
[2024-06-04 17:30:32] [javac-extractor-82284] [WARN] Not rewriting trap file for /Users/burakyetistiren/Desktop/Subject_Prog_CodeQL_Taint/src/main/java/network/Network/trap/java/classes/java/util/stream/Collector.members/Collector.members#65.0-1713788650000-java.trap.gz as it exists
[2024-06-04 17:30:32] [javac-extractor-82284] [WARN] Not rewriting trap file for /Users/burakyetistiren/Desktop/Subject_Prog_CodeQL_Taint/src/main/java/network/Network/trap/java/classes/java/util/function/BiConsumer.members/BiConsumer.members#65.0-1713788650000-java.trap.gz as it exists
[2024-06-04 17:30:32] [javac-extractor-82284] [WARN] Not rewriting trap file for /Users/burakyetistiren/Desktop/Subject_Prog_CodeQL_Taint/src/main/java/network/Network/trap/java/classes/java/util/function/IntFunction.members/IntFunction.members#65.0-1713788650000-java.trap.gz as it exists
[2024-06-04 17:30:32] [javac-extractor-82284] [WARN] Not rewriting trap file for /Users/burakyetistiren/Desktop/Subject_Prog_CodeQL_Taint/src/main/java/network/Network/trap/java/classes/java/util/stream/DoubleStream.members/DoubleStream.members#65.0-1713788650000-java.trap.gz as it exists
[2024-06-04 17:30:32] [javac-extractor-82284] [WARN] Not rewriting trap file for /Users/burakyetistiren/Desktop/Subject_Prog_CodeQL_Taint/src/main/java/network/Network/trap/java/classes/java/util/stream/LongStream.members/LongStream.members#65.0-1713788650000-java.trap.gz as it exists
[2024-06-04 17:30:32] [javac-extractor-82284] [WARN] Not rewriting trap file for /Users/burakyetistiren/Desktop/Subject_Prog_CodeQL_Taint/src/main/java/network/Network/trap/java/classes/java/util/stream/IntStream.members/IntStream.members#65.0-1713788650000-java.trap.gz as it exists
[2024-06-04 17:30:32] [javac-extractor-82284] [WARN] Not rewriting trap file for /Users/burakyetistiren/Desktop/Subject_Prog_CodeQL_Taint/src/main/java/network/Network/trap/java/classes/java/util/function/ToDoubleFunction.members/ToDoubleFunction.members#65.0-1713788650000-java.trap.gz as it exists
[2024-06-04 17:30:32] [javac-extractor-82284] [WARN] Not rewriting trap file for /Users/burakyetistiren/Desktop/Subject_Prog_CodeQL_Taint/src/main/java/network/Network/trap/java/classes/java/util/function/ToLongFunction.members/ToLongFunction.members#65.0-1713788650000-java.trap.gz as it exists
[2024-06-04 17:30:32] [javac-extractor-82284] [WARN] Not rewriting trap file for /Users/burakyetistiren/Desktop/Subject_Prog_CodeQL_Taint/src/main/java/network/Network/trap/java/classes/java/util/function/ToIntFunction.members/ToIntFunction.members#65.0-1713788650000-java.trap.gz as it exists
[2024-06-04 17:30:33] [javac-extractor-82284] Processing file /Users/burakyetistiren/Desktop/Subject_Prog_CodeQL_Taint/src/main/java/network/dubbo-plugin/dubbo-qos-api/src/main/java/org/apache/dubbo/qos/api/PermissionLevel.java
[2024-06-04 17:30:33] [javac-extractor-82284] [WARN] Not rewriting trap file for /Users/burakyetistiren/Desktop/Subject_Prog_CodeQL_Taint/src/main/java/network/Network/trap/java/classes/org/apache/dubbo/common/utils/StringUtils.members/StringUtils.members#52.0-1717546353301-java.trap.gz as /Users/burakyetistiren/Desktop/Subject_Prog_CodeQL_Taint/src/main/java/network/Network/trap/java/classes/org/apache/dubbo/common/utils/StringUtils.members/StringUtils.members#0.0-1717545682594-java.trap.gz exists
[2024-06-04 17:30:33] [javac-extractor-82284] [WARN] Not rewriting trap file for /Users/burakyetistiren/Desktop/Subject_Prog_CodeQL_Taint/src/main/java/network/Network/trap/java/classes/java/util/Arrays.members/Arrays.members#65.0-1713788650000-java.trap.gz as it exists
[2024-06-04 17:30:33] [javac-extractor-82284] [WARN] Not rewriting trap file for /Users/burakyetistiren/Desktop/Subject_Prog_CodeQL_Taint/src/main/java/network/Network/trap/java/classes/org/apache/dubbo/qos/api/PermissionLevel.members/PermissionLevel.members#0.0-1717545689148-java.trap.gz as it exists
[2024-06-04 17:30:33] [javac-extractor-82284] [WARN] Not rewriting trap file for /Users/burakyetistiren/Desktop/Subject_Prog_CodeQL_Taint/src/main/java/network/Network/trap/java/classes/java/lang/Integer.members/Integer.members#65.0-1713788650000-java.trap.gz as it exists
[2024-06-04 17:30:33] [javac-extractor-82284] [WARN] Not rewriting trap file for /Users/burakyetistiren/Desktop/Subject_Prog_CodeQL_Taint/src/main/java/network/Network/trap/java/classes/java/lang/Enum.members/Enum.members#65.0-1713788650000-java.trap.gz as it exists
[2024-06-04 17:30:33] [javac-extractor-82284] [WARN] Not rewriting trap file for /Users/burakyetistiren/Desktop/Subject_Prog_CodeQL_Taint/src/main/java/network/Network/trap/java/classes/java/lang/String.members/String.members#65.0-1713788650000-java.trap.gz as it exists
[2024-06-04 17:30:33] [javac-extractor-82284] [WARN] Not rewriting trap file for /Users/burakyetistiren/Desktop/Subject_Prog_CodeQL_Taint/src/main/java/network/Network/trap/java/classes/java/util/Optional.members/Optional.members#65.0-1713788650000-java.trap.gz as it exists
[2024-06-04 17:30:33] [javac-extractor-82284] [WARN] Not rewriting trap file for /Users/burakyetistiren/Desktop/Subject_Prog_CodeQL_Taint/src/main/java/network/Network/trap/java/classes/java/lang/Object.members/Object.members#65.0-1713788650000-java.trap.gz as it exists
[2024-06-04 17:30:33] [javac-extractor-82284] [WARN] Not rewriting trap file for /Users/burakyetistiren/Desktop/Subject_Prog_CodeQL_Taint/src/main/java/network/Network/trap/java/classes/java/util/function/Supplier.members/Supplier.members#65.0-1713788650000-java.trap.gz as it exists
[2024-06-04 17:30:33] [javac-extractor-82284] [WARN] Not rewriting trap file for /Users/burakyetistiren/Desktop/Subject_Prog_CodeQL_Taint/src/main/java/network/Network/trap/java/classes/java/lang/FunctionalInterface.members/FunctionalInterface.members#65.0-1713788650000-java.trap.gz as it exists
[2024-06-04 17:30:33] [javac-extractor-82284] [WARN] Not rewriting trap file for /Users/burakyetistiren/Desktop/Subject_Prog_CodeQL_Taint/src/main/java/network/Network/trap/java/classes/java/lang/Throwable.members/Throwable.members#65.0-1713788650000-java.trap.gz as it exists
[2024-06-04 17:30:33] [javac-extractor-82284] [WARN] Not rewriting trap file for /Users/burakyetistiren/Desktop/Subject_Prog_CodeQL_Taint/src/main/java/network/Network/trap/java/classes/java/util/function/Function.members/Function.members#65.0-1713788650000-java.trap.gz as it exists
[2024-06-04 17:30:33] [javac-extractor-82284] [WARN] Not rewriting trap file for /Users/burakyetistiren/Desktop/Subject_Prog_CodeQL_Taint/src/main/java/network/Network/trap/java/classes/java/util/function/Predicate.members/Predicate.members#65.0-1713788650000-java.trap.gz as it exists
[2024-06-04 17:30:33] [javac-extractor-82284] [WARN] Not rewriting trap file for /Users/burakyetistiren/Desktop/Subject_Prog_CodeQL_Taint/src/main/java/network/Network/trap/java/classes/java/util/function/Consumer.members/Consumer.members#65.0-1713788650000-java.trap.gz as it exists
[2024-06-04 17:30:33] [javac-extractor-82284] [WARN] Not rewriting trap file for /Users/burakyetistiren/Desktop/Subject_Prog_CodeQL_Taint/src/main/java/network/Network/trap/java/classes/java/util/stream/Stream.members/Stream.members#65.0-1713788650000-java.trap.gz as it exists
[2024-06-04 17:30:33] [javac-extractor-82284] [WARN] Not rewriting trap file for /Users/burakyetistiren/Desktop/Subject_Prog_CodeQL_Taint/src/main/java/network/Network/trap/java/classes/java/util/stream/BaseStream.members/BaseStream.members#65.0-1713788650000-java.trap.gz as it exists
[2024-06-04 17:30:33] [javac-extractor-82284] [WARN] Not rewriting trap file for /Users/burakyetistiren/Desktop/Subject_Prog_CodeQL_Taint/src/main/java/network/Network/trap/java/classes/java/lang/AutoCloseable.members/AutoCloseable.members#65.0-1713788650000-java.trap.gz as it exists
[2024-06-04 17:30:33] [javac-extractor-82284] [WARN] Not rewriting trap file for /Users/burakyetistiren/Desktop/Subject_Prog_CodeQL_Taint/src/main/java/network/Network/trap/java/classes/java/lang/Runnable.members/Runnable.members#65.0-1713788650000-java.trap.gz as it exists
[2024-06-04 17:30:33] [javac-extractor-82284] [WARN] Not rewriting trap file for /Users/burakyetistiren/Desktop/Subject_Prog_CodeQL_Taint/src/main/java/network/Network/trap/java/classes/java/util/Spliterator.members/Spliterator.members#65.0-1713788650000-java.trap.gz as it exists
[2024-06-04 17:30:33] [javac-extractor-82284] [WARN] Not rewriting trap file for /Users/burakyetistiren/Desktop/Subject_Prog_CodeQL_Taint/src/main/java/network/Network/trap/java/classes/java/util/Iterator.members/Iterator.members#65.0-1713788650000-java.trap.gz as it exists
[2024-06-04 17:30:33] [javac-extractor-82284] [WARN] Not rewriting trap file for /Users/burakyetistiren/Desktop/Subject_Prog_CodeQL_Taint/src/main/java/network/Network/trap/java/classes/java/util/function/UnaryOperator.members/UnaryOperator.members#65.0-1713788650000-java.trap.gz as it exists
[2024-06-04 17:30:33] [javac-extractor-82284] [WARN] Not rewriting trap file for /Users/burakyetistiren/Desktop/Subject_Prog_CodeQL_Taint/src/main/java/network/Network/trap/java/classes/java/lang/Cloneable.members/Cloneable.members#65.0-1713788650000-java.trap.gz as it exists
[2024-06-04 17:30:33] [javac-extractor-82284] [WARN] Not rewriting trap file for /Users/burakyetistiren/Desktop/Subject_Prog_CodeQL_Taint/src/main/java/network/Network/trap/java/classes/java/io/Serializable.members/Serializable.members#65.0-1713788650000-java.trap.gz as it exists
[2024-06-04 17:30:33] [javac-extractor-82284] [WARN] Not rewriting trap file for /Users/burakyetistiren/Desktop/Subject_Prog_CodeQL_Taint/src/main/java/network/Network/trap/java/classes/java/util/stream/Stream$Builder.members/Stream$Builder.members#65.0-1713788650000-java.trap.gz as it exists
[2024-06-04 17:30:33] [javac-extractor-82284] [WARN] Not rewriting trap file for /Users/burakyetistiren/Desktop/Subject_Prog_CodeQL_Taint/src/main/java/network/Network/trap/java/classes/java/util/Comparator.members/Comparator.members#65.0-1713788650000-java.trap.gz as it exists
[2024-06-04 17:30:33] [javac-extractor-82284] [WARN] Not rewriting trap file for /Users/burakyetistiren/Desktop/Subject_Prog_CodeQL_Taint/src/main/java/network/Network/trap/java/classes/java/util/stream/Collector.members/Collector.members#65.0-1713788650000-java.trap.gz as it exists
[2024-06-04 17:30:33] [javac-extractor-82284] [WARN] Not rewriting trap file for /Users/burakyetistiren/Desktop/Subject_Prog_CodeQL_Taint/src/main/java/network/Network/trap/java/classes/java/util/function/BiConsumer.members/BiConsumer.members#65.0-1713788650000-java.trap.gz as it exists
[2024-06-04 17:30:33] [javac-extractor-82284] [WARN] Not rewriting trap file for /Users/burakyetistiren/Desktop/Subject_Prog_CodeQL_Taint/src/main/java/network/Network/trap/java/classes/java/util/function/BiFunction.members/BiFunction.members#65.0-1713788650000-java.trap.gz as it exists
[2024-06-04 17:30:33] [javac-extractor-82284] [WARN] Not rewriting trap file for /Users/burakyetistiren/Desktop/Subject_Prog_CodeQL_Taint/src/main/java/network/Network/trap/java/classes/java/util/function/BinaryOperator.members/BinaryOperator.members#65.0-1713788650000-java.trap.gz as it exists
[2024-06-04 17:30:33] [javac-extractor-82284] [WARN] Not rewriting trap file for /Users/burakyetistiren/Desktop/Subject_Prog_CodeQL_Taint/src/main/java/network/Network/trap/java/classes/java/util/function/IntFunction.members/IntFunction.members#65.0-1713788650000-java.trap.gz as it exists
[2024-06-04 17:30:33] [javac-extractor-82284] [WARN] Not rewriting trap file for /Users/burakyetistiren/Desktop/Subject_Prog_CodeQL_Taint/src/main/java/network/Network/trap/java/classes/java/util/stream/DoubleStream.members/DoubleStream.members#65.0-1713788650000-java.trap.gz as it exists
[2024-06-04 17:30:33] [javac-extractor-82284] [WARN] Not rewriting trap file for /Users/burakyetistiren/Desktop/Subject_Prog_CodeQL_Taint/src/main/java/network/Network/trap/java/classes/java/util/stream/LongStream.members/LongStream.members#65.0-1713788650000-java.trap.gz as it exists
[2024-06-04 17:30:33] [javac-extractor-82284] [WARN] Not rewriting trap file for /Users/burakyetistiren/Desktop/Subject_Prog_CodeQL_Taint/src/main/java/network/Network/trap/java/classes/java/util/stream/IntStream.members/IntStream.members#65.0-1713788650000-java.trap.gz as it exists
[2024-06-04 17:30:33] [javac-extractor-82284] [WARN] Not rewriting trap file for /Users/burakyetistiren/Desktop/Subject_Prog_CodeQL_Taint/src/main/java/network/Network/trap/java/classes/java/util/function/ToDoubleFunction.members/ToDoubleFunction.members#65.0-1713788650000-java.trap.gz as it exists
[2024-06-04 17:30:33] [javac-extractor-82284] [WARN] Not rewriting trap file for /Users/burakyetistiren/Desktop/Subject_Prog_CodeQL_Taint/src/main/java/network/Network/trap/java/classes/java/util/function/ToLongFunction.members/ToLongFunction.members#65.0-1713788650000-java.trap.gz as it exists
[2024-06-04 17:30:33] [javac-extractor-82284] [WARN] Not rewriting trap file for /Users/burakyetistiren/Desktop/Subject_Prog_CodeQL_Taint/src/main/java/network/Network/trap/java/classes/java/util/function/ToIntFunction.members/ToIntFunction.members#65.0-1713788650000-java.trap.gz as it exists
[2024-06-04 17:30:33] [javac-extractor-82284] [WARN] Not rewriting trap file for /Users/burakyetistiren/Desktop/Subject_Prog_CodeQL_Taint/src/main/java/network/Network/trap/java/classes/java/lang/Comparable.members/Comparable.members#65.0-1713788650000-java.trap.gz as it exists
[2024-06-04 17:30:33] [javac-extractor-82284] [WARN] Not rewriting trap file for /Users/burakyetistiren/Desktop/Subject_Prog_CodeQL_Taint/src/main/java/network/Network/trap/java/classes/java/lang/Class.members/Class.members#65.0-1713788650000-java.trap.gz as it exists
[2024-06-04 17:30:33] [javac-extractor-82284] [WARN] Not rewriting trap file for /Users/burakyetistiren/Desktop/Subject_Prog_CodeQL_Taint/src/main/java/network/Network/trap/java/classes/java/lang/reflect/GenericDeclaration.members/GenericDeclaration.members#65.0-1713788650000-java.trap.gz as it exists
[2024-06-04 17:30:33] [javac-extractor-82284] [WARN] Not rewriting trap file for /Users/burakyetistiren/Desktop/Subject_Prog_CodeQL_Taint/src/main/java/network/Network/trap/java/classes/java/lang/reflect/Type.members/Type.members#65.0-1713788650000-java.trap.gz as it exists
[2024-06-04 17:30:33] [javac-extractor-82284] [WARN] Not rewriting trap file for /Users/burakyetistiren/Desktop/Subject_Prog_CodeQL_Taint/src/main/java/network/Network/trap/java/classes/java/lang/reflect/AnnotatedElement.members/AnnotatedElement.members#65.0-1713788650000-java.trap.gz as it exists
[2024-06-04 17:30:33] [javac-extractor-82284] [WARN] Not rewriting trap file for /Users/burakyetistiren/Desktop/Subject_Prog_CodeQL_Taint/src/main/java/network/Network/trap/java/classes/java/lang/CloneNotSupportedException.members/CloneNotSupportedException.members#65.0-1713788650000-java.trap.gz as it exists
[2024-06-04 17:30:33] [javac-extractor-82284] Processing file /Users/burakyetistiren/Desktop/Subject_Prog_CodeQL_Taint/src/main/java/network/dubbo-plugin/dubbo-qos-api/src/main/java/org/apache/dubbo/qos/api/Cmd.java
[2024-06-04 17:30:33] [javac-extractor-82284] [WARN] Not rewriting trap file for /Users/burakyetistiren/Desktop/Subject_Prog_CodeQL_Taint/src/main/java/network/Network/trap/java/classes/java/lang/annotation/ElementType.members/ElementType.members#65.0-1713788650000-java.trap.gz as it exists
[2024-06-04 17:30:33] [javac-extractor-82284] [WARN] Not rewriting trap file for /Users/burakyetistiren/Desktop/Subject_Prog_CodeQL_Taint/src/main/java/network/Network/trap/java/classes/java/lang/annotation/Retention.members/Retention.members#65.0-1713788650000-java.trap.gz as it exists
[2024-06-04 17:30:33] [javac-extractor-82284] [WARN] Not rewriting trap file for /Users/burakyetistiren/Desktop/Subject_Prog_CodeQL_Taint/src/main/java/network/Network/trap/java/classes/java/lang/annotation/RetentionPolicy.members/RetentionPolicy.members#65.0-1713788650000-java.trap.gz as it exists
[2024-06-04 17:30:33] [javac-extractor-82284] [WARN] Not rewriting trap file for /Users/burakyetistiren/Desktop/Subject_Prog_CodeQL_Taint/src/main/java/network/Network/trap/java/classes/java/lang/annotation/Target.members/Target.members#65.0-1713788650000-java.trap.gz as it exists
[2024-06-04 17:30:33] [javac-extractor-82284] [WARN] Not rewriting trap file for /Users/burakyetistiren/Desktop/Subject_Prog_CodeQL_Taint/src/main/java/network/Network/trap/java/classes/java/lang/annotation/Annotation.members/Annotation.members#65.0-1713788650000-java.trap.gz as it exists
[2024-06-04 17:30:33] [javac-extractor-82284] [WARN] Not rewriting trap file for /Users/burakyetistiren/Desktop/Subject_Prog_CodeQL_Taint/src/main/java/network/Network/trap/java/classes/java/lang/Object.members/Object.members#65.0-1713788650000-java.trap.gz as it exists
[2024-06-04 17:30:33] [javac-extractor-82284] [WARN] Not rewriting trap file for /Users/burakyetistiren/Desktop/Subject_Prog_CodeQL_Taint/src/main/java/network/Network/trap/java/classes/java/lang/Cloneable.members/Cloneable.members#65.0-1713788650000-java.trap.gz as it exists
[2024-06-04 17:30:33] [javac-extractor-82284] [WARN] Not rewriting trap file for /Users/burakyetistiren/Desktop/Subject_Prog_CodeQL_Taint/src/main/java/network/Network/trap/java/classes/java/io/Serializable.members/Serializable.members#65.0-1713788650000-java.trap.gz as it exists
[2024-06-04 17:30:33] [javac-extractor-82284] [WARN] Not rewriting trap file for /Users/burakyetistiren/Desktop/Subject_Prog_CodeQL_Taint/src/main/java/network/Network/trap/java/classes/java/lang/String.members/String.members#65.0-1713788650000-java.trap.gz as it exists
[2024-06-04 17:30:33] [javac-extractor-82284] [WARN] Not rewriting trap file for /Users/burakyetistiren/Desktop/Subject_Prog_CodeQL_Taint/src/main/java/network/Network/trap/java/classes/org/apache/dubbo/qos/api/PermissionLevel.members/PermissionLevel.members#0.0-1717545689148-java.trap.gz as it exists
[2024-06-04 17:30:33] [javac-extractor-82284] Javac init time: 1.9s
[2024-06-04 17:30:33] [javac-extractor-82284] Javac attr time: 0.6s
[2024-06-04 17:30:33] [javac-extractor-82284] Extractor time: 1.3s
[2024-06-04 17:30:33] [javac-extractor-82284] Other time: 0.8s
[2024-06-04 17:30:33] [javac-extractor-82284] Total time: 4.5s
