[2024-06-04 17:34:19] [javac-extractor-88634] Starting extraction for:
                                              sun.java.command=com.semmle.extractor.java.JavaExtractor --jdk-version 21 --javac-args @@@/Users/burakyetistiren/Desktop/Subject_Prog_CodeQL_Taint/src/main/java/network/Network/log/ext/javac-50.args
                                              user.dir=/Users/burakyetistiren/Desktop/Subject_Prog_CodeQL_Taint/src/main/java/network/dubbo-demo/dubbo-demo-xml/dubbo-demo-xml-consumer
[2024-06-04 17:34:19] [javac-extractor-88634] Compilation name /Users/burakyetistiren/Desktop/Subject_Prog_CodeQL_Taint/src/main/java/network/Network/trap/java/diagnostics/diagnostic-50.trap.gz
[2024-06-04 17:34:19] [javac-extractor-88634] [WARN] Appending source destination directory /Users/burakyetistiren/Desktop/Subject_Prog_CodeQL_Taint/src/main/java/network/dubbo-demo/dubbo-demo-xml/dubbo-demo-xml-consumer/target/generated-sources/annotations to sourcepath
[2024-06-04 17:34:22] [javac-extractor-88634] Processing file /Users/burakyetistiren/Desktop/Subject_Prog_CodeQL_Taint/src/main/java/network/dubbo-demo/dubbo-demo-xml/dubbo-demo-xml-consumer/src/main/java/org/apache/dubbo/demo/consumer/Application.java
[2024-06-04 17:34:23] [javac-extractor-88634] [WARN] Not rewriting trap file for /Users/burakyetistiren/Desktop/Subject_Prog_CodeQL_Taint/src/main/java/network/Network/trap/java/classes/org/apache/dubbo/demo/DemoService.members/DemoService.members#52.0-1717547590819-java.trap.gz as /Users/burakyetistiren/Desktop/Subject_Prog_CodeQL_Taint/src/main/java/network/Network/trap/java/classes/org/apache/dubbo/demo/DemoService.members/DemoService.members#0.0-1717545686223-java.trap.gz exists
[2024-06-04 17:34:23] [javac-extractor-88634] [WARN] Not rewriting trap file for /Users/burakyetistiren/Desktop/Subject_Prog_CodeQL_Taint/src/main/java/network/Network/trap/java/classes/org/apache/dubbo/demo/GreetingService.members/GreetingService.members#52.0-1717547590823-java.trap.gz as /Users/burakyetistiren/Desktop/Subject_Prog_CodeQL_Taint/src/main/java/network/Network/trap/java/classes/org/apache/dubbo/demo/GreetingService.members/GreetingService.members#0.0-1717545686224-java.trap.gz exists
[2024-06-04 17:34:23] [javac-extractor-88634] [WARN] Not rewriting trap file for /Users/burakyetistiren/Desktop/Subject_Prog_CodeQL_Taint/src/main/java/network/Network/trap/java/classes/org/apache/dubbo/demo/RestDemoService.members/RestDemoService.members#52.0-1717547590831-java.trap.gz as /Users/burakyetistiren/Desktop/Subject_Prog_CodeQL_Taint/src/main/java/network/Network/trap/java/classes/org/apache/dubbo/demo/RestDemoService.members/RestDemoService.members#0.0-1717545686226-java.trap.gz exists
[2024-06-04 17:34:23] [javac-extractor-88634] [WARN] Not rewriting trap file for /Users/burakyetistiren/Desktop/Subject_Prog_CodeQL_Taint/src/main/java/network/Network/trap/java/classes/org/apache/dubbo/demo/TripleService.members/TripleService.members#52.0-1717547590952-java.trap.gz as /Users/burakyetistiren/Desktop/Subject_Prog_CodeQL_Taint/src/main/java/network/Network/trap/java/classes/org/apache/dubbo/demo/TripleService.members/TripleService.members#0.0-1717545686227-java.trap.gz exists
[2024-06-04 17:34:23] [javac-extractor-88634] [WARN] Not rewriting trap file for /Users/burakyetistiren/Desktop/Subject_Prog_CodeQL_Taint/src/main/java/network/Network/trap/java/classes/javax/ws/rs/core/MultivaluedMap.members/MultivaluedMap.members#52.0-1570767786000-java.trap.gz as it exists
[2024-06-04 17:34:23] [javac-extractor-88634] [WARN] Not rewriting trap file for /Users/burakyetistiren/Desktop/Subject_Prog_CodeQL_Taint/src/main/java/network/Network/trap/java/classes/java/util/Arrays.members/Arrays.members#65.0-1713788650000-java.trap.gz as it exists
[2024-06-04 17:34:23] [javac-extractor-88634] [WARN] Not rewriting trap file for /Users/burakyetistiren/Desktop/Subject_Prog_CodeQL_Taint/src/main/java/network/Network/trap/java/classes/java/util/concurrent/CompletableFuture.members/CompletableFuture.members#65.0-1713788650000-java.trap.gz as it exists
[2024-06-04 17:34:23] [javac-extractor-88634] [WARN] Not rewriting trap file for /Users/burakyetistiren/Desktop/Subject_Prog_CodeQL_Taint/src/main/java/network/Network/trap/java/classes/org/springframework/context/support/ClassPathXmlApplicationContext.members/ClassPathXmlApplicationContext.members#52.0-1716416282000-java.trap.gz as it exists
[2024-06-04 17:34:23] [javac-extractor-88634] [WARN] Not rewriting trap file for /Users/burakyetistiren/Desktop/Subject_Prog_CodeQL_Taint/src/main/java/network/Network/trap/java/classes/po/TestPO.members/TestPO.members#52.0-1717547590937-java.trap.gz as /Users/burakyetistiren/Desktop/Subject_Prog_CodeQL_Taint/src/main/java/network/Network/trap/java/classes/po/TestPO.members/TestPO.members#0.0-1717545686233-java.trap.gz exists
[2024-06-04 17:34:23] [javac-extractor-88634] [WARN] Not rewriting trap file for /Users/burakyetistiren/Desktop/Subject_Prog_CodeQL_Taint/src/main/java/network/Network/trap/java/classes/java/lang/Object.members/Object.members#65.0-1713788650000-java.trap.gz as it exists
[2024-06-04 17:34:23] [javac-extractor-88634] [WARN] Not rewriting trap file for /Users/burakyetistiren/Desktop/Subject_Prog_CodeQL_Taint/src/main/java/network/Network/trap/java/classes/java/lang/String.members/String.members#65.0-1713788650000-java.trap.gz as it exists
[2024-06-04 17:34:23] [javac-extractor-88634] [WARN] Not rewriting trap file for /Users/burakyetistiren/Desktop/Subject_Prog_CodeQL_Taint/src/main/java/network/Network/trap/java/classes/java/lang/Cloneable.members/Cloneable.members#65.0-1713788650000-java.trap.gz as it exists
[2024-06-04 17:34:23] [javac-extractor-88634] [WARN] Not rewriting trap file for /Users/burakyetistiren/Desktop/Subject_Prog_CodeQL_Taint/src/main/java/network/Network/trap/java/classes/java/io/Serializable.members/Serializable.members#65.0-1713788650000-java.trap.gz as it exists
[2024-06-04 17:34:23] [javac-extractor-88634] [WARN] Not rewriting trap file for /Users/burakyetistiren/Desktop/Subject_Prog_CodeQL_Taint/src/main/java/network/Network/trap/java/classes/java/lang/Exception.members/Exception.members#65.0-1713788650000-java.trap.gz as it exists
[2024-06-04 17:34:23] [javac-extractor-88634] [WARN] Not rewriting trap file for /Users/burakyetistiren/Desktop/Subject_Prog_CodeQL_Taint/src/main/java/network/Network/trap/java/classes/org/springframework/context/support/AbstractApplicationContext.members/AbstractApplicationContext.members#52.0-1716416282000-java.trap.gz as it exists
[2024-06-04 17:34:23] [javac-extractor-88634] [WARN] Not rewriting trap file for /Users/burakyetistiren/Desktop/Subject_Prog_CodeQL_Taint/src/main/java/network/Network/trap/java/classes/java/lang/Class.members/Class.members#65.0-1713788650000-java.trap.gz as it exists
[2024-06-04 17:34:23] [javac-extractor-88634] [WARN] Not rewriting trap file for /Users/burakyetistiren/Desktop/Subject_Prog_CodeQL_Taint/src/main/java/network/Network/trap/java/classes/java/lang/reflect/GenericDeclaration.members/GenericDeclaration.members#65.0-1713788650000-java.trap.gz as it exists
[2024-06-04 17:34:23] [javac-extractor-88634] [WARN] Not rewriting trap file for /Users/burakyetistiren/Desktop/Subject_Prog_CodeQL_Taint/src/main/java/network/Network/trap/java/classes/java/lang/reflect/Type.members/Type.members#65.0-1713788650000-java.trap.gz as it exists
[2024-06-04 17:34:23] [javac-extractor-88634] [WARN] Not rewriting trap file for /Users/burakyetistiren/Desktop/Subject_Prog_CodeQL_Taint/src/main/java/network/Network/trap/java/classes/java/lang/reflect/AnnotatedElement.members/AnnotatedElement.members#65.0-1713788650000-java.trap.gz as it exists
[2024-06-04 17:34:23] [javac-extractor-88634] [WARN] Not rewriting trap file for /Users/burakyetistiren/Desktop/Subject_Prog_CodeQL_Taint/src/main/java/network/Network/trap/java/classes/java/lang/Thread.members/Thread.members#65.0-1713788650000-java.trap.gz as it exists
[2024-06-04 17:34:23] [javac-extractor-88634] [WARN] Not rewriting trap file for /Users/burakyetistiren/Desktop/Subject_Prog_CodeQL_Taint/src/main/java/network/Network/trap/java/classes/java/lang/Runnable.members/Runnable.members#65.0-1713788650000-java.trap.gz as it exists
[2024-06-04 17:34:23] [javac-extractor-88634] [WARN] Not rewriting trap file for /Users/burakyetistiren/Desktop/Subject_Prog_CodeQL_Taint/src/main/java/network/Network/trap/java/classes/java/io/PrintStream.members/PrintStream.members#65.0-1713788650000-java.trap.gz as it exists
[2024-06-04 17:34:23] [javac-extractor-88634] [WARN] Not rewriting trap file for /Users/burakyetistiren/Desktop/Subject_Prog_CodeQL_Taint/src/main/java/network/Network/trap/java/classes/java/lang/System.members/System.members#65.0-1713788650000-java.trap.gz as it exists
[2024-06-04 17:34:23] [javac-extractor-88634] [WARN] Not rewriting trap file for /Users/burakyetistiren/Desktop/Subject_Prog_CodeQL_Taint/src/main/java/network/Network/trap/java/classes/java/lang/InterruptedException.members/InterruptedException.members#65.0-1713788650000-java.trap.gz as it exists
[2024-06-04 17:34:23] [javac-extractor-88634] [WARN] Not rewriting trap file for /Users/burakyetistiren/Desktop/Subject_Prog_CodeQL_Taint/src/main/java/network/Network/trap/java/classes/java/util/Map.members/Map.members#65.0-1713788650000-java.trap.gz as it exists
[2024-06-04 17:34:23] [javac-extractor-88634] [WARN] Not rewriting trap file for /Users/burakyetistiren/Desktop/Subject_Prog_CodeQL_Taint/src/main/java/network/Network/trap/java/classes/java/util/function/BiFunction.members/BiFunction.members#65.0-1713788650000-java.trap.gz as it exists
[2024-06-04 17:34:23] [javac-extractor-88634] [WARN] Not rewriting trap file for /Users/burakyetistiren/Desktop/Subject_Prog_CodeQL_Taint/src/main/java/network/Network/trap/java/classes/java/lang/FunctionalInterface.members/FunctionalInterface.members#65.0-1713788650000-java.trap.gz as it exists
[2024-06-04 17:34:23] [javac-extractor-88634] [WARN] Not rewriting trap file for /Users/burakyetistiren/Desktop/Subject_Prog_CodeQL_Taint/src/main/java/network/Network/trap/java/classes/java/util/function/Function.members/Function.members#65.0-1713788650000-java.trap.gz as it exists
[2024-06-04 17:34:23] [javac-extractor-88634] [WARN] Not rewriting trap file for /Users/burakyetistiren/Desktop/Subject_Prog_CodeQL_Taint/src/main/java/network/Network/trap/java/classes/java/util/function/BiConsumer.members/BiConsumer.members#65.0-1713788650000-java.trap.gz as it exists
[2024-06-04 17:34:23] [javac-extractor-88634] [WARN] Not rewriting trap file for /Users/burakyetistiren/Desktop/Subject_Prog_CodeQL_Taint/src/main/java/network/Network/trap/java/classes/java/util/Set.members/Set.members#65.0-1713788650000-java.trap.gz as it exists
[2024-06-04 17:34:23] [javac-extractor-88634] [WARN] Not rewriting trap file for /Users/burakyetistiren/Desktop/Subject_Prog_CodeQL_Taint/src/main/java/network/Network/trap/java/classes/java/util/Collection.members/Collection.members#65.0-1713788650000-java.trap.gz as it exists
[2024-06-04 17:34:23] [javac-extractor-88634] [WARN] Not rewriting trap file for /Users/burakyetistiren/Desktop/Subject_Prog_CodeQL_Taint/src/main/java/network/Network/trap/java/classes/java/lang/Iterable.members/Iterable.members#65.0-1713788650000-java.trap.gz as it exists
[2024-06-04 17:34:23] [javac-extractor-88634] [WARN] Not rewriting trap file for /Users/burakyetistiren/Desktop/Subject_Prog_CodeQL_Taint/src/main/java/network/Network/trap/java/classes/java/util/Map$Entry.members/Map$Entry.members#65.0-1713788650000-java.trap.gz as it exists
[2024-06-04 17:34:23] [javac-extractor-88634] [WARN] Not rewriting trap file for /Users/burakyetistiren/Desktop/Subject_Prog_CodeQL_Taint/src/main/java/network/Network/trap/java/classes/java/util/List.members/List.members#65.0-1713788650000-java.trap.gz as it exists
[2024-06-04 17:34:23] [javac-extractor-88634] [WARN] Not rewriting trap file for /Users/burakyetistiren/Desktop/Subject_Prog_CodeQL_Taint/src/main/java/network/Network/trap/java/classes/java/lang/Integer.members/Integer.members#65.0-1713788650000-java.trap.gz as it exists
[2024-06-04 17:34:23] [javac-extractor-88634] [WARN] Not rewriting trap file for /Users/burakyetistiren/Desktop/Subject_Prog_CodeQL_Taint/src/main/java/network/Network/trap/java/classes/java/lang/Throwable.members/Throwable.members#65.0-1713788650000-java.trap.gz as it exists
[2024-06-04 17:34:23] [javac-extractor-88634] [WARN] Not rewriting trap file for /Users/burakyetistiren/Desktop/Subject_Prog_CodeQL_Taint/src/main/java/network/Network/trap/java/classes/java/util/concurrent/Future.members/Future.members#65.0-1713788650000-java.trap.gz as it exists
[2024-06-04 17:34:23] [javac-extractor-88634] [WARN] Not rewriting trap file for /Users/burakyetistiren/Desktop/Subject_Prog_CodeQL_Taint/src/main/java/network/Network/trap/java/classes/java/util/concurrent/CompletionStage.members/CompletionStage.members#65.0-1713788650000-java.trap.gz as it exists
[2024-06-04 17:34:23] [javac-extractor-88634] [WARN] Not rewriting trap file for /Users/burakyetistiren/Desktop/Subject_Prog_CodeQL_Taint/src/main/java/network/Network/trap/java/classes/java/util/concurrent/ExecutionException.members/ExecutionException.members#65.0-1713788650000-java.trap.gz as it exists
[2024-06-04 17:34:23] [javac-extractor-88634] [WARN] Not rewriting trap file for /Users/burakyetistiren/Desktop/Subject_Prog_CodeQL_Taint/src/main/java/network/Network/trap/java/classes/java/util/concurrent/TimeUnit.members/TimeUnit.members#65.0-1713788650000-java.trap.gz as it exists
[2024-06-04 17:34:23] [javac-extractor-88634] [WARN] Not rewriting trap file for /Users/burakyetistiren/Desktop/Subject_Prog_CodeQL_Taint/src/main/java/network/Network/trap/java/classes/java/util/concurrent/TimeoutException.members/TimeoutException.members#65.0-1713788650000-java.trap.gz as it exists
[2024-06-04 17:34:23] [javac-extractor-88634] [WARN] Not rewriting trap file for /Users/burakyetistiren/Desktop/Subject_Prog_CodeQL_Taint/src/main/java/network/Network/trap/java/classes/java/util/concurrent/Executor.members/Executor.members#65.0-1713788650000-java.trap.gz as it exists
[2024-06-04 17:34:23] [javac-extractor-88634] [WARN] Not rewriting trap file for /Users/burakyetistiren/Desktop/Subject_Prog_CodeQL_Taint/src/main/java/network/Network/trap/java/classes/java/lang/Void.members/Void.members#65.0-1713788650000-java.trap.gz as it exists
[2024-06-04 17:34:23] [javac-extractor-88634] [WARN] Not rewriting trap file for /Users/burakyetistiren/Desktop/Subject_Prog_CodeQL_Taint/src/main/java/network/Network/trap/java/classes/java/util/function/Consumer.members/Consumer.members#65.0-1713788650000-java.trap.gz as it exists
[2024-06-04 17:34:23] [javac-extractor-88634] [WARN] Not rewriting trap file for /Users/burakyetistiren/Desktop/Subject_Prog_CodeQL_Taint/src/main/java/network/Network/trap/java/classes/java/util/function/Supplier.members/Supplier.members#65.0-1713788650000-java.trap.gz as it exists
[2024-06-04 17:34:23] [javac-extractor-88634] Javac init time: 2.2s
[2024-06-04 17:34:23] [javac-extractor-88634] Javac attr time: 0.6s
[2024-06-04 17:34:23] [javac-extractor-88634] Extractor time: 1.1s
[2024-06-04 17:34:23] [javac-extractor-88634] Other time: 0.6s
[2024-06-04 17:34:23] [javac-extractor-88634] Total time: 4.5s
