[2024-06-04 17:14:04] [javac-extractor-55543] Starting extraction for:
                                              sun.java.command=com.semmle.extractor.java.JavaExtractor --jdk-version 21 --javac-args @@@/Users/burakyetistiren/Desktop/Subject_Prog_CodeQL_Taint/src/main/java/network/Network/log/ext/javac-3.args
                                              user.dir=/Users/burakyetistiren/Desktop/Subject_Prog_CodeQL_Taint/src/main/java/network/dubbo-container/dubbo-container-spring
[2024-06-04 17:14:04] [javac-extractor-55543] Compilation name /Users/burakyetistiren/Desktop/Subject_Prog_CodeQL_Taint/src/main/java/network/Network/trap/java/diagnostics/diagnostic-3.trap.gz
[2024-06-04 17:14:04] [javac-extractor-55543] [WARN] Appending source destination directory /Users/burakyetistiren/Desktop/Subject_Prog_CodeQL_Taint/src/main/java/network/dubbo-container/dubbo-container-spring/target/generated-sources/annotations to sourcepath
[2024-06-04 17:14:05] [javac-extractor-55543] Processing file /Users/burakyetistiren/Desktop/Subject_Prog_CodeQL_Taint/src/main/java/network/dubbo-container/dubbo-container-spring/src/main/java/org/apache/dubbo/container/spring/SpringContainer.java
[2024-06-04 17:14:05] [javac-extractor-55543] [WARN] Not rewriting trap file for /Users/burakyetistiren/Desktop/Subject_Prog_CodeQL_Taint/src/main/java/network/Network/trap/java/classes/org/apache/dubbo/common/logger/ErrorTypeAwareLogger.members/ErrorTypeAwareLogger.members#52.0-1717546356237-java.trap.gz as /Users/burakyetistiren/Desktop/Subject_Prog_CodeQL_Taint/src/main/java/network/Network/trap/java/classes/org/apache/dubbo/common/logger/ErrorTypeAwareLogger.members/ErrorTypeAwareLogger.members#0.0-1717545682342-java.trap.gz exists
[2024-06-04 17:14:05] [javac-extractor-55543] [WARN] Not rewriting trap file for /Users/burakyetistiren/Desktop/Subject_Prog_CodeQL_Taint/src/main/java/network/Network/trap/java/classes/org/apache/dubbo/common/logger/LoggerFactory.members/LoggerFactory.members#52.0-1717546361638-java.trap.gz as /Users/burakyetistiren/Desktop/Subject_Prog_CodeQL_Taint/src/main/java/network/Network/trap/java/classes/org/apache/dubbo/common/logger/LoggerFactory.members/LoggerFactory.members#0.0-1717545682344-java.trap.gz exists
[2024-06-04 17:14:05] [javac-extractor-55543] [WARN] Not rewriting trap file for /Users/burakyetistiren/Desktop/Subject_Prog_CodeQL_Taint/src/main/java/network/Network/trap/java/classes/org/apache/dubbo/common/utils/StringUtils.members/StringUtils.members#52.0-1717546353301-java.trap.gz as /Users/burakyetistiren/Desktop/Subject_Prog_CodeQL_Taint/src/main/java/network/Network/trap/java/classes/org/apache/dubbo/common/utils/StringUtils.members/StringUtils.members#0.0-1717545682594-java.trap.gz exists
[2024-06-04 17:14:05] [javac-extractor-55543] [WARN] Not rewriting trap file for /Users/burakyetistiren/Desktop/Subject_Prog_CodeQL_Taint/src/main/java/network/Network/trap/java/classes/org/apache/dubbo/container/Container.members/Container.members#52.0-1717546435893-java.trap.gz as /Users/burakyetistiren/Desktop/Subject_Prog_CodeQL_Taint/src/main/java/network/Network/trap/java/classes/org/apache/dubbo/container/Container.members/Container.members#0.0-1717545685934-java.trap.gz exists
[2024-06-04 17:14:05] [javac-extractor-55543] [WARN] Not rewriting trap file for /Users/burakyetistiren/Desktop/Subject_Prog_CodeQL_Taint/src/main/java/network/Network/trap/java/classes/org/apache/dubbo/common/constants/LoggerCodeConstants.members/LoggerCodeConstants.members#52.0-1717546351070-java.trap.gz as /Users/burakyetistiren/Desktop/Subject_Prog_CodeQL_Taint/src/main/java/network/Network/trap/java/classes/org/apache/dubbo/common/constants/LoggerCodeConstants.members/LoggerCodeConstants.members#0.0-1717545682288-java.trap.gz exists
[2024-06-04 17:14:05] [javac-extractor-55543] [WARN] Not rewriting trap file for /Users/burakyetistiren/Desktop/Subject_Prog_CodeQL_Taint/src/main/java/network/Network/trap/java/classes/java/lang/String.members/String.members#65.0-1713788650000-java.trap.gz as it exists
[2024-06-04 17:14:05] [javac-extractor-55543] [WARN] Not rewriting trap file for /Users/burakyetistiren/Desktop/Subject_Prog_CodeQL_Taint/src/main/java/network/Network/trap/java/classes/java/lang/Object.members/Object.members#65.0-1713788650000-java.trap.gz as it exists
[2024-06-04 17:14:05] [javac-extractor-55543] [WARN] Not rewriting trap file for /Users/burakyetistiren/Desktop/Subject_Prog_CodeQL_Taint/src/main/java/network/Network/trap/java/classes/java/lang/Class.members/Class.members#65.0-1713788650000-java.trap.gz as it exists
[2024-06-04 17:14:05] [javac-extractor-55543] [WARN] Not rewriting trap file for /Users/burakyetistiren/Desktop/Subject_Prog_CodeQL_Taint/src/main/java/network/Network/trap/java/classes/java/io/Serializable.members/Serializable.members#65.0-1713788650000-java.trap.gz as it exists
[2024-06-04 17:14:05] [javac-extractor-55543] [WARN] Not rewriting trap file for /Users/burakyetistiren/Desktop/Subject_Prog_CodeQL_Taint/src/main/java/network/Network/trap/java/classes/java/lang/reflect/GenericDeclaration.members/GenericDeclaration.members#65.0-1713788650000-java.trap.gz as it exists
[2024-06-04 17:14:05] [javac-extractor-55543] [WARN] Not rewriting trap file for /Users/burakyetistiren/Desktop/Subject_Prog_CodeQL_Taint/src/main/java/network/Network/trap/java/classes/java/lang/reflect/Type.members/Type.members#65.0-1713788650000-java.trap.gz as it exists
[2024-06-04 17:14:05] [javac-extractor-55543] [WARN] Not rewriting trap file for /Users/burakyetistiren/Desktop/Subject_Prog_CodeQL_Taint/src/main/java/network/Network/trap/java/classes/java/lang/reflect/AnnotatedElement.members/AnnotatedElement.members#65.0-1713788650000-java.trap.gz as it exists
[2024-06-04 17:14:05] [javac-extractor-55543] [WARN] Not rewriting trap file for /Users/burakyetistiren/Desktop/Subject_Prog_CodeQL_Taint/src/main/java/network/Network/trap/java/classes/java/lang/Override.members/Override.members#65.0-1713788650000-java.trap.gz as it exists
[2024-06-04 17:14:05] [javac-extractor-55543] [WARN] Not rewriting trap file for /Users/burakyetistiren/Desktop/Subject_Prog_CodeQL_Taint/src/main/java/network/Network/trap/java/classes/java/lang/System.members/System.members#65.0-1713788650000-java.trap.gz as it exists
[2024-06-04 17:14:05] [javac-extractor-55543] [WARN] Not rewriting trap file for /Users/burakyetistiren/Desktop/Subject_Prog_CodeQL_Taint/src/main/java/network/Network/trap/java/classes/java/lang/Cloneable.members/Cloneable.members#65.0-1713788650000-java.trap.gz as it exists
[2024-06-04 17:14:06] [javac-extractor-55543] [WARN] Not rewriting trap file for /Users/burakyetistiren/Desktop/Subject_Prog_CodeQL_Taint/src/main/java/network/Network/trap/java/classes/java/lang/Throwable.members/Throwable.members#65.0-1713788650000-java.trap.gz as it exists
[2024-06-04 17:14:06] [javac-extractor-55543] [WARN] Not rewriting trap file for /Users/burakyetistiren/Desktop/Subject_Prog_CodeQL_Taint/src/main/java/network/Network/trap/java/classes/java/lang/IllegalStateException.members/IllegalStateException.members#65.0-1713788650000-java.trap.gz as it exists
[2024-06-04 17:14:06] [javac-extractor-55543] [WARN] Not rewriting trap file for /Users/burakyetistiren/Desktop/Subject_Prog_CodeQL_Taint/src/main/java/network/Network/trap/java/classes/java/io/IOException.members/IOException.members#65.0-1713788650000-java.trap.gz as it exists
[2024-06-04 17:14:06] [javac-extractor-55543] [WARN] Not rewriting trap file for /Users/burakyetistiren/Desktop/Subject_Prog_CodeQL_Taint/src/main/java/network/Network/trap/java/classes/java/util/Locale.members/Locale.members#65.0-1713788650000-java.trap.gz as it exists
[2024-06-04 17:14:06] [javac-extractor-55543] [WARN] Not rewriting trap file for /Users/burakyetistiren/Desktop/Subject_Prog_CodeQL_Taint/src/main/java/network/Network/trap/java/classes/java/lang/annotation/Annotation.members/Annotation.members#65.0-1713788650000-java.trap.gz as it exists
[2024-06-04 17:14:06] [javac-extractor-55543] [WARN] Not rewriting trap file for /Users/burakyetistiren/Desktop/Subject_Prog_CodeQL_Taint/src/main/java/network/Network/trap/java/classes/java/util/Map.members/Map.members#65.0-1713788650000-java.trap.gz as it exists
[2024-06-04 17:14:06] [javac-extractor-55543] [WARN] Not rewriting trap file for /Users/burakyetistiren/Desktop/Subject_Prog_CodeQL_Taint/src/main/java/network/Network/trap/java/classes/java/lang/FunctionalInterface.members/FunctionalInterface.members#65.0-1713788650000-java.trap.gz as it exists
[2024-06-04 17:14:06] [javac-extractor-55543] [WARN] Not rewriting trap file for /Users/burakyetistiren/Desktop/Subject_Prog_CodeQL_Taint/src/main/java/network/Network/trap/java/classes/java/lang/Iterable.members/Iterable.members#65.0-1713788650000-java.trap.gz as it exists
[2024-06-04 17:14:06] [javac-extractor-55543] [WARN] Not rewriting trap file for /Users/burakyetistiren/Desktop/Subject_Prog_CodeQL_Taint/src/main/java/network/Network/trap/java/classes/java/lang/Deprecated.members/Deprecated.members#65.0-1713788650000-java.trap.gz as it exists
[2024-06-04 17:14:06] [javac-extractor-55543] [WARN] Not rewriting trap file for /Users/burakyetistiren/Desktop/Subject_Prog_CodeQL_Taint/src/main/java/network/Network/trap/java/classes/java/util/Collection.members/Collection.members#65.0-1713788650000-java.trap.gz as it exists
[2024-06-04 17:14:06] [javac-extractor-55543] [WARN] Not rewriting trap file for /Users/burakyetistiren/Desktop/Subject_Prog_CodeQL_Taint/src/main/java/network/Network/trap/java/classes/java/util/EventListener.members/EventListener.members#65.0-1713788650000-java.trap.gz as it exists
[2024-06-04 17:14:06] [javac-extractor-55543] [WARN] Not rewriting trap file for /Users/burakyetistiren/Desktop/Subject_Prog_CodeQL_Taint/src/main/java/network/Network/trap/java/classes/java/util/List.members/List.members#65.0-1713788650000-java.trap.gz as it exists
[2024-06-04 17:14:06] [javac-extractor-55543] [WARN] Not rewriting trap file for /Users/burakyetistiren/Desktop/Subject_Prog_CodeQL_Taint/src/main/java/network/Network/trap/java/classes/java/nio/channels/ReadableByteChannel.members/ReadableByteChannel.members#65.0-1713788650000-java.trap.gz as it exists
[2024-06-04 17:14:06] [javac-extractor-55543] [WARN] Not rewriting trap file for /Users/burakyetistiren/Desktop/Subject_Prog_CodeQL_Taint/src/main/java/network/Network/trap/java/classes/java/io/File.members/File.members#65.0-1713788650000-java.trap.gz as it exists
[2024-06-04 17:14:06] [javac-extractor-55543] [WARN] Not rewriting trap file for /Users/burakyetistiren/Desktop/Subject_Prog_CodeQL_Taint/src/main/java/network/Network/trap/java/classes/java/net/URI.members/URI.members#65.0-1713788650000-java.trap.gz as it exists
[2024-06-04 17:14:06] [javac-extractor-55543] [WARN] Not rewriting trap file for /Users/burakyetistiren/Desktop/Subject_Prog_CodeQL_Taint/src/main/java/network/Network/trap/java/classes/java/net/URL.members/URL.members#65.0-1713788650000-java.trap.gz as it exists
[2024-06-04 17:14:06] [javac-extractor-55543] [WARN] Not rewriting trap file for /Users/burakyetistiren/Desktop/Subject_Prog_CodeQL_Taint/src/main/java/network/Network/trap/java/classes/java/lang/annotation/Documented.members/Documented.members#65.0-1713788650000-java.trap.gz as it exists
[2024-06-04 17:14:06] [javac-extractor-55543] [WARN] Not rewriting trap file for /Users/burakyetistiren/Desktop/Subject_Prog_CodeQL_Taint/src/main/java/network/Network/trap/java/classes/java/lang/annotation/Retention.members/Retention.members#65.0-1713788650000-java.trap.gz as it exists
[2024-06-04 17:14:06] [javac-extractor-55543] [WARN] Not rewriting trap file for /Users/burakyetistiren/Desktop/Subject_Prog_CodeQL_Taint/src/main/java/network/Network/trap/java/classes/java/lang/annotation/RetentionPolicy.members/RetentionPolicy.members#65.0-1713788650000-java.trap.gz as it exists
[2024-06-04 17:14:06] [javac-extractor-55543] [WARN] Not rewriting trap file for /Users/burakyetistiren/Desktop/Subject_Prog_CodeQL_Taint/src/main/java/network/Network/trap/java/classes/java/lang/annotation/Target.members/Target.members#65.0-1713788650000-java.trap.gz as it exists
[2024-06-04 17:14:06] [javac-extractor-55543] [WARN] Not rewriting trap file for /Users/burakyetistiren/Desktop/Subject_Prog_CodeQL_Taint/src/main/java/network/Network/trap/java/classes/java/lang/annotation/ElementType.members/ElementType.members#65.0-1713788650000-java.trap.gz as it exists
[2024-06-04 17:14:06] [javac-extractor-55543] [WARN] Not rewriting trap file for /Users/burakyetistiren/Desktop/Subject_Prog_CodeQL_Taint/src/main/java/network/Network/trap/java/classes/java/lang/ClassLoader.members/ClassLoader.members#65.0-1713788650000-java.trap.gz as it exists
[2024-06-04 17:14:06] [javac-extractor-55543] [WARN] Not rewriting trap file for /Users/burakyetistiren/Desktop/Subject_Prog_CodeQL_Taint/src/main/java/network/Network/trap/java/classes/java/io/Closeable.members/Closeable.members#65.0-1713788650000-java.trap.gz as it exists
[2024-06-04 17:14:06] [javac-extractor-55543] [WARN] Not rewriting trap file for /Users/burakyetistiren/Desktop/Subject_Prog_CodeQL_Taint/src/main/java/network/Network/trap/java/classes/java/util/Iterator.members/Iterator.members#65.0-1713788650000-java.trap.gz as it exists
[2024-06-04 17:14:07] [javac-extractor-55543] [WARN] Not rewriting trap file for /Users/burakyetistiren/Desktop/Subject_Prog_CodeQL_Taint/src/main/java/network/Network/trap/java/classes/java/lang/RuntimeException.members/RuntimeException.members#65.0-1713788650000-java.trap.gz as it exists
[2024-06-04 17:14:07] [javac-extractor-55543] [WARN] Not rewriting trap file for /Users/burakyetistiren/Desktop/Subject_Prog_CodeQL_Taint/src/main/java/network/Network/trap/java/classes/java/lang/reflect/Method.members/Method.members#65.0-1713788650000-java.trap.gz as it exists
[2024-06-04 17:14:07] [javac-extractor-55543] [WARN] Not rewriting trap file for /Users/burakyetistiren/Desktop/Subject_Prog_CodeQL_Taint/src/main/java/network/Network/trap/java/classes/java/lang/reflect/Constructor.members/Constructor.members#65.0-1713788650000-java.trap.gz as it exists
[2024-06-04 17:14:07] [javac-extractor-55543] [WARN] Not rewriting trap file for /Users/burakyetistiren/Desktop/Subject_Prog_CodeQL_Taint/src/main/java/network/Network/trap/java/classes/java/lang/reflect/Executable.members/Executable.members#65.0-1713788650000-java.trap.gz as it exists
[2024-06-04 17:14:07] [javac-extractor-55543] [WARN] Not rewriting trap file for /Users/burakyetistiren/Desktop/Subject_Prog_CodeQL_Taint/src/main/java/network/Network/trap/java/classes/java/lang/reflect/Field.members/Field.members#65.0-1713788650000-java.trap.gz as it exists
[2024-06-04 17:14:07] [javac-extractor-55543] [WARN] Not rewriting trap file for /Users/burakyetistiren/Desktop/Subject_Prog_CodeQL_Taint/src/main/java/network/Network/trap/java/classes/java/lang/Integer.members/Integer.members#65.0-1713788650000-java.trap.gz as it exists
[2024-06-04 17:14:07] [javac-extractor-55543] [WARN] Not rewriting trap file for /Users/burakyetistiren/Desktop/Subject_Prog_CodeQL_Taint/src/main/java/network/Network/trap/java/classes/java/util/Spliterator.members/Spliterator.members#65.0-1713788650000-java.trap.gz as it exists
[2024-06-04 17:14:07] [javac-extractor-55543] [WARN] Not rewriting trap file for /Users/burakyetistiren/Desktop/Subject_Prog_CodeQL_Taint/src/main/java/network/Network/trap/java/classes/java/util/function/Consumer.members/Consumer.members#65.0-1713788650000-java.trap.gz as it exists
[2024-06-04 17:14:07] [javac-extractor-55543] [WARN] Not rewriting trap file for /Users/burakyetistiren/Desktop/Subject_Prog_CodeQL_Taint/src/main/java/network/Network/trap/java/classes/java/util/stream/Stream.members/Stream.members#65.0-1713788650000-java.trap.gz as it exists
[2024-06-04 17:14:07] [javac-extractor-55543] [WARN] Not rewriting trap file for /Users/burakyetistiren/Desktop/Subject_Prog_CodeQL_Taint/src/main/java/network/Network/trap/java/classes/java/util/stream/BaseStream.members/BaseStream.members#65.0-1713788650000-java.trap.gz as it exists
[2024-06-04 17:14:07] [javac-extractor-55543] [WARN] Not rewriting trap file for /Users/burakyetistiren/Desktop/Subject_Prog_CodeQL_Taint/src/main/java/network/Network/trap/java/classes/java/lang/AutoCloseable.members/AutoCloseable.members#65.0-1713788650000-java.trap.gz as it exists
[2024-06-04 17:14:07] [javac-extractor-55543] [WARN] Not rewriting trap file for /Users/burakyetistiren/Desktop/Subject_Prog_CodeQL_Taint/src/main/java/network/Network/trap/java/classes/java/util/function/Supplier.members/Supplier.members#65.0-1713788650000-java.trap.gz as it exists
[2024-06-04 17:14:07] [javac-extractor-55543] [WARN] Not rewriting trap file for /Users/burakyetistiren/Desktop/Subject_Prog_CodeQL_Taint/src/main/java/network/Network/trap/java/classes/java/util/function/Predicate.members/Predicate.members#65.0-1713788650000-java.trap.gz as it exists
[2024-06-04 17:14:07] [javac-extractor-55543] [WARN] Not rewriting trap file for /Users/burakyetistiren/Desktop/Subject_Prog_CodeQL_Taint/src/main/java/network/Network/trap/java/classes/java/util/EventObject.members/EventObject.members#65.0-1713788650000-java.trap.gz as it exists
[2024-06-04 17:14:07] [javac-extractor-55543] [WARN] Not rewriting trap file for /Users/burakyetistiren/Desktop/Subject_Prog_CodeQL_Taint/src/main/java/network/Network/trap/java/classes/java/time/Clock.members/Clock.members#65.0-1713788650000-java.trap.gz as it exists
[2024-06-04 17:14:07] [javac-extractor-55543] [WARN] Not rewriting trap file for /Users/burakyetistiren/Desktop/Subject_Prog_CodeQL_Taint/src/main/java/network/Network/trap/java/classes/java/util/Set.members/Set.members#65.0-1713788650000-java.trap.gz as it exists
[2024-06-04 17:14:07] [javac-extractor-55543] [WARN] Not rewriting trap file for /Users/burakyetistiren/Desktop/Subject_Prog_CodeQL_Taint/src/main/java/network/Network/trap/java/classes/java/lang/Exception.members/Exception.members#65.0-1713788650000-java.trap.gz as it exists
[2024-06-04 17:14:07] [javac-extractor-55543] [WARN] Not rewriting trap file for /Users/burakyetistiren/Desktop/Subject_Prog_CodeQL_Taint/src/main/java/network/Network/trap/java/classes/java/io/ObjectStreamException.members/ObjectStreamException.members#65.0-1713788650000-java.trap.gz as it exists
[2024-06-04 17:14:07] [javac-extractor-55543] [WARN] Not rewriting trap file for /Users/burakyetistiren/Desktop/Subject_Prog_CodeQL_Taint/src/main/java/network/Network/trap/java/classes/java/util/Comparator.members/Comparator.members#65.0-1713788650000-java.trap.gz as it exists
[2024-06-04 17:14:07] [javac-extractor-55543] [WARN] Not rewriting trap file for /Users/burakyetistiren/Desktop/Subject_Prog_CodeQL_Taint/src/main/java/network/Network/trap/java/classes/java/io/InputStream.members/InputStream.members#65.0-1713788650000-java.trap.gz as it exists
[2024-06-04 17:14:07] [javac-extractor-55543] [WARN] Not rewriting trap file for /Users/burakyetistiren/Desktop/Subject_Prog_CodeQL_Taint/src/main/java/network/Network/trap/java/classes/java/security/AccessControlContext.members/AccessControlContext.members#65.0-1713788650000-java.trap.gz as it exists
[2024-06-04 17:14:07] [javac-extractor-55543] [WARN] Not rewriting trap file for /Users/burakyetistiren/Desktop/Subject_Prog_CodeQL_Taint/src/main/java/network/Network/trap/java/classes/java/beans/PropertyEditor.members/PropertyEditor.members#65.0-1713788650000-java.trap.gz as it exists
[2024-06-04 17:14:07] [javac-extractor-55543] [WARN] Not rewriting trap file for /Users/burakyetistiren/Desktop/Subject_Prog_CodeQL_Taint/src/main/java/network/Network/trap/java/classes/java/lang/reflect/TypeVariable.members/TypeVariable.members#65.0-1713788650000-java.trap.gz as it exists
[2024-06-04 17:14:07] [javac-extractor-55543] [WARN] Not rewriting trap file for /Users/burakyetistiren/Desktop/Subject_Prog_CodeQL_Taint/src/main/java/network/Network/trap/java/classes/java/lang/reflect/Parameter.members/Parameter.members#65.0-1713788650000-java.trap.gz as it exists
[2024-06-04 17:14:07] [javac-extractor-55543] [WARN] Not rewriting trap file for /Users/burakyetistiren/Desktop/Subject_Prog_CodeQL_Taint/src/main/java/network/Network/trap/java/classes/java/lang/reflect/Member.members/Member.members#65.0-1713788650000-java.trap.gz as it exists
[2024-06-04 17:14:07] [javac-extractor-55543] [WARN] Not rewriting trap file for /Users/burakyetistiren/Desktop/Subject_Prog_CodeQL_Taint/src/main/java/network/Network/trap/java/classes/java/lang/Long.members/Long.members#65.0-1713788650000-java.trap.gz as it exists
[2024-06-04 17:14:07] [javac-extractor-55543] [WARN] Not rewriting trap file for /Users/burakyetistiren/Desktop/Subject_Prog_CodeQL_Taint/src/main/java/network/Network/trap/java/classes/java/io/Reader.members/Reader.members#65.0-1713788650000-java.trap.gz as it exists
[2024-06-04 17:14:07] [javac-extractor-55543] [WARN] Not rewriting trap file for /Users/burakyetistiren/Desktop/Subject_Prog_CodeQL_Taint/src/main/java/network/Network/trap/java/classes/java/nio/charset/Charset.members/Charset.members#65.0-1713788650000-java.trap.gz as it exists
[2024-06-04 17:14:08] [javac-extractor-55543] [WARN] Not rewriting trap file for /Users/burakyetistiren/Desktop/Subject_Prog_CodeQL_Taint/src/main/java/network/Network/trap/java/classes/java/beans/PropertyDescriptor.members/PropertyDescriptor.members#65.0-1713788650000-java.trap.gz as it exists
[2024-06-04 17:14:08] [javac-extractor-55543] [WARN] Not rewriting trap file for /Users/burakyetistiren/Desktop/Subject_Prog_CodeQL_Taint/src/main/java/network/Network/trap/java/classes/java/lang/Boolean.members/Boolean.members#65.0-1713788650000-java.trap.gz as it exists
[2024-06-04 17:14:08] [javac-extractor-55543] [WARN] Not rewriting trap file for /Users/burakyetistiren/Desktop/Subject_Prog_CodeQL_Taint/src/main/java/network/Network/trap/java/classes/java/lang/Runnable.members/Runnable.members#65.0-1713788650000-java.trap.gz as it exists
[2024-06-04 17:14:08] [javac-extractor-55543] [WARN] Not rewriting trap file for /Users/burakyetistiren/Desktop/Subject_Prog_CodeQL_Taint/src/main/java/network/Network/trap/java/classes/java/util/function/Function.members/Function.members#65.0-1713788650000-java.trap.gz as it exists
[2024-06-04 17:14:08] [javac-extractor-55543] [WARN] Not rewriting trap file for /Users/burakyetistiren/Desktop/Subject_Prog_CodeQL_Taint/src/main/java/network/Network/trap/java/classes/java/util/AbstractMap.members/AbstractMap.members#65.0-1713788650000-java.trap.gz as it exists
[2024-06-04 17:14:08] [javac-extractor-55543] [WARN] Not rewriting trap file for /Users/burakyetistiren/Desktop/Subject_Prog_CodeQL_Taint/src/main/java/network/Network/trap/java/classes/java/util/concurrent/ConcurrentMap.members/ConcurrentMap.members#65.0-1713788650000-java.trap.gz as it exists
[2024-06-04 17:14:08] [javac-extractor-55543] [WARN] Not rewriting trap file for /Users/burakyetistiren/Desktop/Subject_Prog_CodeQL_Taint/src/main/java/network/Network/trap/java/classes/java/beans/PropertyChangeEvent.members/PropertyChangeEvent.members#65.0-1713788650000-java.trap.gz as it exists
[2024-06-04 17:14:08] [javac-extractor-55543] [WARN] Not rewriting trap file for /Users/burakyetistiren/Desktop/Subject_Prog_CodeQL_Taint/src/main/java/network/Network/trap/java/classes/java/lang/IllegalArgumentException.members/IllegalArgumentException.members#65.0-1713788650000-java.trap.gz as it exists
[2024-06-04 17:14:08] [javac-extractor-55543] [WARN] Not rewriting trap file for /Users/burakyetistiren/Desktop/Subject_Prog_CodeQL_Taint/src/main/java/network/Network/trap/java/classes/java/lang/ClassNotFoundException.members/ClassNotFoundException.members#65.0-1713788650000-java.trap.gz as it exists
[2024-06-04 17:14:08] [javac-extractor-55543] [WARN] Not rewriting trap file for /Users/burakyetistiren/Desktop/Subject_Prog_CodeQL_Taint/src/main/java/network/Network/trap/java/classes/java/io/PrintWriter.members/PrintWriter.members#65.0-1713788650000-java.trap.gz as it exists
[2024-06-04 17:14:08] [javac-extractor-55543] [WARN] Not rewriting trap file for /Users/burakyetistiren/Desktop/Subject_Prog_CodeQL_Taint/src/main/java/network/Network/trap/java/classes/java/io/PrintStream.members/PrintStream.members#65.0-1713788650000-java.trap.gz as it exists
[2024-06-04 17:14:08] [javac-extractor-55543] [WARN] Not rewriting trap file for /Users/burakyetistiren/Desktop/Subject_Prog_CodeQL_Taint/src/main/java/network/Network/trap/java/classes/java/util/function/BiFunction.members/BiFunction.members#65.0-1713788650000-java.trap.gz as it exists
[2024-06-04 17:14:08] [javac-extractor-55543] [WARN] Not rewriting trap file for /Users/burakyetistiren/Desktop/Subject_Prog_CodeQL_Taint/src/main/java/network/Network/trap/java/classes/java/util/function/BiConsumer.members/BiConsumer.members#65.0-1713788650000-java.trap.gz as it exists
[2024-06-04 17:14:08] [javac-extractor-55543] [WARN] Not rewriting trap file for /Users/burakyetistiren/Desktop/Subject_Prog_CodeQL_Taint/src/main/java/network/Network/trap/java/classes/java/util/Map$Entry.members/Map$Entry.members#65.0-1713788650000-java.trap.gz as it exists
[2024-06-04 17:14:08] [javac-extractor-55543] [WARN] Not rewriting trap file for /Users/burakyetistiren/Desktop/Subject_Prog_CodeQL_Taint/src/main/java/network/Network/trap/java/classes/java/lang/CloneNotSupportedException.members/CloneNotSupportedException.members#65.0-1713788650000-java.trap.gz as it exists
[2024-06-04 17:14:08] [javac-extractor-55543] [WARN] Not rewriting trap file for /Users/burakyetistiren/Desktop/Subject_Prog_CodeQL_Taint/src/main/java/network/Network/trap/java/classes/java/util/concurrent/locks/ReentrantLock.members/ReentrantLock.members#65.0-1713788650000-java.trap.gz as it exists
[2024-06-04 17:14:08] [javac-extractor-55543] [WARN] Not rewriting trap file for /Users/burakyetistiren/Desktop/Subject_Prog_CodeQL_Taint/src/main/java/network/Network/trap/java/classes/java/lang/LinkageError.members/LinkageError.members#65.0-1713788650000-java.trap.gz as it exists
[2024-06-04 17:14:08] [javac-extractor-55543] [WARN] Not rewriting trap file for /Users/burakyetistiren/Desktop/Subject_Prog_CodeQL_Taint/src/main/java/network/Network/trap/java/classes/java/lang/Enum.members/Enum.members#65.0-1713788650000-java.trap.gz as it exists
[2024-06-04 17:14:08] [javac-extractor-55543] [WARN] Not rewriting trap file for /Users/burakyetistiren/Desktop/Subject_Prog_CodeQL_Taint/src/main/java/network/Network/trap/java/classes/java/lang/Comparable.members/Comparable.members#65.0-1713788650000-java.trap.gz as it exists
[2024-06-04 17:14:09] [javac-extractor-55543] [WARN] Not rewriting trap file for /Users/burakyetistiren/Desktop/Subject_Prog_CodeQL_Taint/src/main/java/network/Network/trap/java/classes/java/util/Properties.members/Properties.members#65.0-1713788650000-java.trap.gz as it exists
[2024-06-04 17:14:09] [javac-extractor-55543] Processing JAR file: /Users/burakyetistiren/.m2/repository/org/springframework/spring-context/5.3.36/spring-context-5.3.36.jar
[2024-06-04 17:14:09] [javac-extractor-55543] Processing JAR file: /Users/burakyetistiren/.m2/repository/org/springframework/spring-beans/5.3.36/spring-beans-5.3.36.jar
[2024-06-04 17:14:09] [javac-extractor-55543] Processing JAR file: /Users/burakyetistiren/.m2/repository/org/springframework/spring-core/5.3.36/spring-core-5.3.36.jar
[2024-06-04 17:14:09] [javac-extractor-55543] Processing JAR file: /Users/burakyetistiren/.m2/repository/org/springframework/spring-jcl/5.3.36/spring-jcl-5.3.36.jar
[2024-06-04 17:14:09] [javac-extractor-55543] Javac init time: 1.1s
[2024-06-04 17:14:09] [javac-extractor-55543] Javac attr time: 0.1s
[2024-06-04 17:14:09] [javac-extractor-55543] Extractor time: 3.4s
[2024-06-04 17:14:09] [javac-extractor-55543] Other time: 0.5s
[2024-06-04 17:14:09] [javac-extractor-55543] Total time: 5.2s
