[2024-06-04 17:42:54] [javac-extractor-3061] Starting extraction for:
                                             sun.java.command=com.semmle.extractor.java.JavaExtractor --jdk-version 21 --javac-args @@@/Users/burakyetistiren/Desktop/Subject_Prog_CodeQL_Taint/src/main/java/network/Network/log/ext/javac-83.args
                                             user.dir=/Users/burakyetistiren/Desktop/Subject_Prog_CodeQL_Taint/src/main/java/network/dubbo-native-plugin
[2024-06-04 17:42:55] [javac-extractor-3061] Compilation name /Users/burakyetistiren/Desktop/Subject_Prog_CodeQL_Taint/src/main/java/network/Network/trap/java/diagnostics/diagnostic-83.trap.gz
[2024-06-04 17:42:55] [javac-extractor-3061] [WARN] Appending source destination directory /Users/burakyetistiren/Desktop/Subject_Prog_CodeQL_Taint/src/main/java/network/dubbo-native-plugin/target/generated-sources/annotations to sourcepath
[2024-06-04 17:43:02] [javac-extractor-3061] Processing file /Users/burakyetistiren/Desktop/Subject_Prog_CodeQL_Taint/src/main/java/network/dubbo-native-plugin/src/main/java/org/apache/dubbo/maven/plugin/ClassFinder.java
[2024-06-04 17:43:03] [javac-extractor-3061] [WARN] Not rewriting trap file for /Users/burakyetistiren/Desktop/Subject_Prog_CodeQL_Taint/src/main/java/network/Network/trap/java/classes/java/io/File.members/File.members#65.0-1713788650000-java.trap.gz as it exists
[2024-06-04 17:43:03] [javac-extractor-3061] [WARN] Not rewriting trap file for /Users/burakyetistiren/Desktop/Subject_Prog_CodeQL_Taint/src/main/java/network/Network/trap/java/classes/java/net/JarURLConnection.members/JarURLConnection.members#65.0-1713788650000-java.trap.gz as it exists
[2024-06-04 17:43:03] [javac-extractor-3061] [WARN] Not rewriting trap file for /Users/burakyetistiren/Desktop/Subject_Prog_CodeQL_Taint/src/main/java/network/Network/trap/java/classes/java/net/URL.members/URL.members#65.0-1713788650000-java.trap.gz as it exists
[2024-06-04 17:43:03] [javac-extractor-3061] [WARN] Not rewriting trap file for /Users/burakyetistiren/Desktop/Subject_Prog_CodeQL_Taint/src/main/java/network/Network/trap/java/classes/java/util/Enumeration.members/Enumeration.members#65.0-1713788650000-java.trap.gz as it exists
[2024-06-04 17:43:03] [javac-extractor-3061] [WARN] Not rewriting trap file for /Users/burakyetistiren/Desktop/Subject_Prog_CodeQL_Taint/src/main/java/network/Network/trap/java/classes/java/util/HashSet.members/HashSet.members#65.0-1713788650000-java.trap.gz as it exists
[2024-06-04 17:43:03] [javac-extractor-3061] [WARN] Not rewriting trap file for /Users/burakyetistiren/Desktop/Subject_Prog_CodeQL_Taint/src/main/java/network/Network/trap/java/classes/java/util/Set.members/Set.members#65.0-1713788650000-java.trap.gz as it exists
[2024-06-04 17:43:03] [javac-extractor-3061] [WARN] Not rewriting trap file for /Users/burakyetistiren/Desktop/Subject_Prog_CodeQL_Taint/src/main/java/network/Network/trap/java/classes/java/util/function/Consumer.members/Consumer.members#65.0-1713788650000-java.trap.gz as it exists
[2024-06-04 17:43:03] [javac-extractor-3061] [WARN] Not rewriting trap file for /Users/burakyetistiren/Desktop/Subject_Prog_CodeQL_Taint/src/main/java/network/Network/trap/java/classes/java/util/jar/JarEntry.members/JarEntry.members#65.0-1713788650000-java.trap.gz as it exists
[2024-06-04 17:43:03] [javac-extractor-3061] [WARN] Not rewriting trap file for /Users/burakyetistiren/Desktop/Subject_Prog_CodeQL_Taint/src/main/java/network/Network/trap/java/classes/java/util/jar/JarFile.members/JarFile.members#65.0-1713788650000-java.trap.gz as it exists
[2024-06-04 17:43:03] [javac-extractor-3061] [WARN] Not rewriting trap file for /Users/burakyetistiren/Desktop/Subject_Prog_CodeQL_Taint/src/main/java/network/Network/trap/java/classes/java/lang/String.members/String.members#65.0-1713788650000-java.trap.gz as it exists
[2024-06-04 17:43:03] [javac-extractor-3061] [WARN] Not rewriting trap file for /Users/burakyetistiren/Desktop/Subject_Prog_CodeQL_Taint/src/main/java/network/Network/trap/java/classes/java/util/Collection.members/Collection.members#65.0-1713788650000-java.trap.gz as it exists
[2024-06-04 17:43:03] [javac-extractor-3061] [WARN] Not rewriting trap file for /Users/burakyetistiren/Desktop/Subject_Prog_CodeQL_Taint/src/main/java/network/Network/trap/java/classes/java/lang/Iterable.members/Iterable.members#65.0-1713788650000-java.trap.gz as it exists
[2024-06-04 17:43:03] [javac-extractor-3061] [WARN] Not rewriting trap file for /Users/burakyetistiren/Desktop/Subject_Prog_CodeQL_Taint/src/main/java/network/Network/trap/java/classes/java/lang/Object.members/Object.members#65.0-1713788650000-java.trap.gz as it exists
[2024-06-04 17:43:03] [javac-extractor-3061] [WARN] Not rewriting trap file for /Users/burakyetistiren/Desktop/Subject_Prog_CodeQL_Taint/src/main/java/network/Network/trap/java/classes/java/lang/FunctionalInterface.members/FunctionalInterface.members#65.0-1713788650000-java.trap.gz as it exists
[2024-06-04 17:43:03] [javac-extractor-3061] [WARN] Not rewriting trap file for /Users/burakyetistiren/Desktop/Subject_Prog_CodeQL_Taint/src/main/java/network/Network/trap/java/classes/java/lang/RuntimeException.members/RuntimeException.members#65.0-1713788650000-java.trap.gz as it exists
[2024-06-04 17:43:03] [javac-extractor-3061] [WARN] Not rewriting trap file for /Users/burakyetistiren/Desktop/Subject_Prog_CodeQL_Taint/src/main/java/network/Network/trap/java/classes/java/lang/CharSequence.members/CharSequence.members#65.0-1713788650000-java.trap.gz as it exists
[2024-06-04 17:43:03] [javac-extractor-3061] [WARN] Not rewriting trap file for /Users/burakyetistiren/Desktop/Subject_Prog_CodeQL_Taint/src/main/java/network/Network/trap/java/classes/java/lang/ClassLoader.members/ClassLoader.members#65.0-1713788650000-java.trap.gz as it exists
[2024-06-04 17:43:03] [javac-extractor-3061] [WARN] Not rewriting trap file for /Users/burakyetistiren/Desktop/Subject_Prog_CodeQL_Taint/src/main/java/network/Network/trap/java/classes/java/lang/Thread.members/Thread.members#65.0-1713788650000-java.trap.gz as it exists
[2024-06-04 17:43:03] [javac-extractor-3061] [WARN] Not rewriting trap file for /Users/burakyetistiren/Desktop/Subject_Prog_CodeQL_Taint/src/main/java/network/Network/trap/java/classes/java/util/AbstractSet.members/AbstractSet.members#65.0-1713788650000-java.trap.gz as it exists
[2024-06-04 17:43:03] [javac-extractor-3061] [WARN] Not rewriting trap file for /Users/burakyetistiren/Desktop/Subject_Prog_CodeQL_Taint/src/main/java/network/Network/trap/java/classes/java/util/AbstractCollection.members/AbstractCollection.members#65.0-1713788650000-java.trap.gz as it exists
[2024-06-04 17:43:03] [javac-extractor-3061] [WARN] Not rewriting trap file for /Users/burakyetistiren/Desktop/Subject_Prog_CodeQL_Taint/src/main/java/network/Network/trap/java/classes/java/lang/Cloneable.members/Cloneable.members#65.0-1713788650000-java.trap.gz as it exists
[2024-06-04 17:43:03] [javac-extractor-3061] [WARN] Not rewriting trap file for /Users/burakyetistiren/Desktop/Subject_Prog_CodeQL_Taint/src/main/java/network/Network/trap/java/classes/java/io/Serializable.members/Serializable.members#65.0-1713788650000-java.trap.gz as it exists
[2024-06-04 17:43:03] [javac-extractor-3061] [WARN] Not rewriting trap file for /Users/burakyetistiren/Desktop/Subject_Prog_CodeQL_Taint/src/main/java/network/Network/trap/java/classes/java/util/Spliterator.members/Spliterator.members#65.0-1713788650000-java.trap.gz as it exists
[2024-06-04 17:43:03] [javac-extractor-3061] [WARN] Not rewriting trap file for /Users/burakyetistiren/Desktop/Subject_Prog_CodeQL_Taint/src/main/java/network/Network/trap/java/classes/java/util/Iterator.members/Iterator.members#65.0-1713788650000-java.trap.gz as it exists
[2024-06-04 17:43:03] [javac-extractor-3061] [WARN] Not rewriting trap file for /Users/burakyetistiren/Desktop/Subject_Prog_CodeQL_Taint/src/main/java/network/Network/trap/java/classes/java/util/stream/Stream.members/Stream.members#65.0-1713788650000-java.trap.gz as it exists
[2024-06-04 17:43:03] [javac-extractor-3061] [WARN] Not rewriting trap file for /Users/burakyetistiren/Desktop/Subject_Prog_CodeQL_Taint/src/main/java/network/Network/trap/java/classes/java/util/stream/BaseStream.members/BaseStream.members#65.0-1713788650000-java.trap.gz as it exists
[2024-06-04 17:43:03] [javac-extractor-3061] [WARN] Not rewriting trap file for /Users/burakyetistiren/Desktop/Subject_Prog_CodeQL_Taint/src/main/java/network/Network/trap/java/classes/java/lang/AutoCloseable.members/AutoCloseable.members#65.0-1713788650000-java.trap.gz as it exists
[2024-06-04 17:43:03] [javac-extractor-3061] [WARN] Not rewriting trap file for /Users/burakyetistiren/Desktop/Subject_Prog_CodeQL_Taint/src/main/java/network/Network/trap/java/classes/java/util/function/Predicate.members/Predicate.members#65.0-1713788650000-java.trap.gz as it exists
[2024-06-04 17:43:03] [javac-extractor-3061] [WARN] Not rewriting trap file for /Users/burakyetistiren/Desktop/Subject_Prog_CodeQL_Taint/src/main/java/network/Network/trap/java/classes/java/net/URLConnection.members/URLConnection.members#65.0-1713788650000-java.trap.gz as it exists
[2024-06-04 17:43:03] [javac-extractor-3061] [WARN] Not rewriting trap file for /Users/burakyetistiren/Desktop/Subject_Prog_CodeQL_Taint/src/main/java/network/Network/trap/java/classes/java/util/zip/ZipFile.members/ZipFile.members#65.0-1713788650000-java.trap.gz as it exists
[2024-06-04 17:43:03] [javac-extractor-3061] [WARN] Not rewriting trap file for /Users/burakyetistiren/Desktop/Subject_Prog_CodeQL_Taint/src/main/java/network/Network/trap/java/classes/java/lang/Throwable.members/Throwable.members#65.0-1713788650000-java.trap.gz as it exists
[2024-06-04 17:43:03] [javac-extractor-3061] [WARN] Not rewriting trap file for /Users/burakyetistiren/Desktop/Subject_Prog_CodeQL_Taint/src/main/java/network/Network/trap/java/classes/java/util/zip/ZipEntry.members/ZipEntry.members#65.0-1713788650000-java.trap.gz as it exists
[2024-06-04 17:43:03] [javac-extractor-3061] Processing file /Users/burakyetistiren/Desktop/Subject_Prog_CodeQL_Taint/src/main/java/network/dubbo-native-plugin/src/main/java/org/apache/dubbo/maven/plugin/CodeGenerator.java
[2024-06-04 17:43:05] [javac-extractor-3061] [WARN] Not rewriting trap file for /Users/burakyetistiren/Desktop/Subject_Prog_CodeQL_Taint/src/main/java/network/Network/trap/java/classes/org/apache/dubbo/common/extension/Adaptive.members/Adaptive.members#52.0-1717546359248-java.trap.gz as /Users/burakyetistiren/Desktop/Subject_Prog_CodeQL_Taint/src/main/java/network/Network/trap/java/classes/org/apache/dubbo/common/extension/Adaptive.members/Adaptive.members#0.0-1717545682305-java.trap.gz exists
[2024-06-04 17:43:05] [javac-extractor-3061] [WARN] Not rewriting trap file for /Users/burakyetistiren/Desktop/Subject_Prog_CodeQL_Taint/src/main/java/network/Network/trap/java/classes/org/apache/dubbo/common/extension/AdaptiveClassCodeGenerator.members/AdaptiveClassCodeGenerator.members#52.0-1717546361004-java.trap.gz as /Users/burakyetistiren/Desktop/Subject_Prog_CodeQL_Taint/src/main/java/network/Network/trap/java/classes/org/apache/dubbo/common/extension/AdaptiveClassCodeGenerator.members/AdaptiveClassCodeGenerator.members#0.0-1717545682306-java.trap.gz exists
[2024-06-04 17:43:05] [javac-extractor-3061] [WARN] Not rewriting trap file for /Users/burakyetistiren/Desktop/Subject_Prog_CodeQL_Taint/src/main/java/network/Network/trap/java/classes/org/apache/dubbo/common/extension/SPI.members/SPI.members#52.0-1717546354432-java.trap.gz as /Users/burakyetistiren/Desktop/Subject_Prog_CodeQL_Taint/src/main/java/network/Network/trap/java/classes/org/apache/dubbo/common/extension/SPI.members/SPI.members#0.0-1717545682309-java.trap.gz exists
[2024-06-04 17:43:05] [javac-extractor-3061] [WARN] Not rewriting trap file for /Users/burakyetistiren/Desktop/Subject_Prog_CodeQL_Taint/src/main/java/network/Network/trap/java/classes/org/apache/dubbo/common/utils/StringUtils.members/StringUtils.members#52.0-1717546353301-java.trap.gz as /Users/burakyetistiren/Desktop/Subject_Prog_CodeQL_Taint/src/main/java/network/Network/trap/java/classes/org/apache/dubbo/common/utils/StringUtils.members/StringUtils.members#0.0-1717545682594-java.trap.gz exists
[2024-06-04 17:43:05] [javac-extractor-3061] [WARN] Not rewriting trap file for /Users/burakyetistiren/Desktop/Subject_Prog_CodeQL_Taint/src/main/java/network/Network/trap/java/classes/java/io/File.members/File.members#65.0-1713788650000-java.trap.gz as it exists
[2024-06-04 17:43:05] [javac-extractor-3061] [WARN] Not rewriting trap file for /Users/burakyetistiren/Desktop/Subject_Prog_CodeQL_Taint/src/main/java/network/Network/trap/java/classes/java/lang/annotation/Annotation.members/Annotation.members#65.0-1713788650000-java.trap.gz as it exists
[2024-06-04 17:43:05] [javac-extractor-3061] [WARN] Not rewriting trap file for /Users/burakyetistiren/Desktop/Subject_Prog_CodeQL_Taint/src/main/java/network/Network/trap/java/classes/java/lang/reflect/Method.members/Method.members#65.0-1713788650000-java.trap.gz as it exists
[2024-06-04 17:43:05] [javac-extractor-3061] [WARN] Not rewriting trap file for /Users/burakyetistiren/Desktop/Subject_Prog_CodeQL_Taint/src/main/java/network/Network/trap/java/classes/java/net/URL.members/URL.members#65.0-1713788650000-java.trap.gz as it exists
[2024-06-04 17:43:05] [javac-extractor-3061] [WARN] Not rewriting trap file for /Users/burakyetistiren/Desktop/Subject_Prog_CodeQL_Taint/src/main/java/network/Network/trap/java/classes/java/nio/charset/Charset.members/Charset.members#65.0-1713788650000-java.trap.gz as it exists
[2024-06-04 17:43:05] [javac-extractor-3061] [WARN] Not rewriting trap file for /Users/burakyetistiren/Desktop/Subject_Prog_CodeQL_Taint/src/main/java/network/Network/trap/java/classes/java/nio/file/Paths.members/Paths.members#65.0-1713788650000-java.trap.gz as it exists
[2024-06-04 17:43:05] [javac-extractor-3061] [WARN] Not rewriting trap file for /Users/burakyetistiren/Desktop/Subject_Prog_CodeQL_Taint/src/main/java/network/Network/trap/java/classes/java/util/ArrayList.members/ArrayList.members#65.0-1713788650000-java.trap.gz as it exists
[2024-06-04 17:43:05] [javac-extractor-3061] [WARN] Not rewriting trap file for /Users/burakyetistiren/Desktop/Subject_Prog_CodeQL_Taint/src/main/java/network/Network/trap/java/classes/java/util/Arrays.members/Arrays.members#65.0-1713788650000-java.trap.gz as it exists
[2024-06-04 17:43:05] [javac-extractor-3061] [WARN] Not rewriting trap file for /Users/burakyetistiren/Desktop/Subject_Prog_CodeQL_Taint/src/main/java/network/Network/trap/java/classes/java/util/List.members/List.members#65.0-1713788650000-java.trap.gz as it exists
[2024-06-04 17:43:05] [javac-extractor-3061] [WARN] Not rewriting trap file for /Users/burakyetistiren/Desktop/Subject_Prog_CodeQL_Taint/src/main/java/network/Network/trap/java/classes/java/util/Optional.members/Optional.members#65.0-1713788650000-java.trap.gz as it exists
[2024-06-04 17:43:05] [javac-extractor-3061] [WARN] Not rewriting trap file for /Users/burakyetistiren/Desktop/Subject_Prog_CodeQL_Taint/src/main/java/network/Network/trap/java/classes/java/util/regex/Matcher.members/Matcher.members#65.0-1713788650000-java.trap.gz as it exists
[2024-06-04 17:43:05] [javac-extractor-3061] [WARN] Not rewriting trap file for /Users/burakyetistiren/Desktop/Subject_Prog_CodeQL_Taint/src/main/java/network/Network/trap/java/classes/java/util/stream/Collectors.members/Collectors.members#65.0-1713788650000-java.trap.gz as it exists
[2024-06-04 17:43:05] [javac-extractor-3061] [WARN] Not rewriting trap file for /Users/burakyetistiren/Desktop/Subject_Prog_CodeQL_Taint/src/main/java/network/Network/trap/java/classes/org/apache/commons/io/FileUtils.members/FileUtils.members#52.0-1712286616000-java.trap.gz as it exists
[2024-06-04 17:43:05] [javac-extractor-3061] [WARN] Not rewriting trap file for /Users/burakyetistiren/Desktop/Subject_Prog_CodeQL_Taint/src/main/java/network/Network/trap/java/classes/java/lang/String.members/String.members#65.0-1713788650000-java.trap.gz as it exists
[2024-06-04 17:43:05] [javac-extractor-3061] [WARN] Not rewriting trap file for /Users/burakyetistiren/Desktop/Subject_Prog_CodeQL_Taint/src/main/java/network/Network/trap/java/classes/java/lang/Object.members/Object.members#65.0-1713788650000-java.trap.gz as it exists
[2024-06-04 17:43:05] [javac-extractor-3061] [WARN] Not rewriting trap file for /Users/burakyetistiren/Desktop/Subject_Prog_CodeQL_Taint/src/main/java/network/Network/trap/java/classes/java/lang/Class.members/Class.members#65.0-1713788650000-java.trap.gz as it exists
[2024-06-04 17:43:05] [javac-extractor-3061] [WARN] Not rewriting trap file for /Users/burakyetistiren/Desktop/Subject_Prog_CodeQL_Taint/src/main/java/network/Network/trap/java/classes/java/io/Serializable.members/Serializable.members#65.0-1713788650000-java.trap.gz as it exists
[2024-06-04 17:43:05] [javac-extractor-3061] [WARN] Not rewriting trap file for /Users/burakyetistiren/Desktop/Subject_Prog_CodeQL_Taint/src/main/java/network/Network/trap/java/classes/java/lang/reflect/GenericDeclaration.members/GenericDeclaration.members#65.0-1713788650000-java.trap.gz as it exists
[2024-06-04 17:43:05] [javac-extractor-3061] [WARN] Not rewriting trap file for /Users/burakyetistiren/Desktop/Subject_Prog_CodeQL_Taint/src/main/java/network/Network/trap/java/classes/java/lang/reflect/Type.members/Type.members#65.0-1713788650000-java.trap.gz as it exists
[2024-06-04 17:43:05] [javac-extractor-3061] [WARN] Not rewriting trap file for /Users/burakyetistiren/Desktop/Subject_Prog_CodeQL_Taint/src/main/java/network/Network/trap/java/classes/java/lang/reflect/AnnotatedElement.members/AnnotatedElement.members#65.0-1713788650000-java.trap.gz as it exists
[2024-06-04 17:43:05] [javac-extractor-3061] [WARN] Not rewriting trap file for /Users/burakyetistiren/Desktop/Subject_Prog_CodeQL_Taint/src/main/java/network/Network/trap/java/classes/java/util/Collection.members/Collection.members#65.0-1713788650000-java.trap.gz as it exists
[2024-06-04 17:43:05] [javac-extractor-3061] [WARN] Not rewriting trap file for /Users/burakyetistiren/Desktop/Subject_Prog_CodeQL_Taint/src/main/java/network/Network/trap/java/classes/java/lang/Iterable.members/Iterable.members#65.0-1713788650000-java.trap.gz as it exists
[2024-06-04 17:43:05] [javac-extractor-3061] [WARN] Not rewriting trap file for /Users/burakyetistiren/Desktop/Subject_Prog_CodeQL_Taint/src/main/java/network/Network/trap/java/classes/java/util/stream/Stream.members/Stream.members#65.0-1713788650000-java.trap.gz as it exists
[2024-06-04 17:43:05] [javac-extractor-3061] [WARN] Not rewriting trap file for /Users/burakyetistiren/Desktop/Subject_Prog_CodeQL_Taint/src/main/java/network/Network/trap/java/classes/java/util/stream/BaseStream.members/BaseStream.members#65.0-1713788650000-java.trap.gz as it exists
[2024-06-04 17:43:05] [javac-extractor-3061] [WARN] Not rewriting trap file for /Users/burakyetistiren/Desktop/Subject_Prog_CodeQL_Taint/src/main/java/network/Network/trap/java/classes/java/lang/AutoCloseable.members/AutoCloseable.members#65.0-1713788650000-java.trap.gz as it exists
[2024-06-04 17:43:05] [javac-extractor-3061] [WARN] Not rewriting trap file for /Users/burakyetistiren/Desktop/Subject_Prog_CodeQL_Taint/src/main/java/network/Network/trap/java/classes/java/util/stream/Collector.members/Collector.members#65.0-1713788650000-java.trap.gz as it exists
[2024-06-04 17:43:05] [javac-extractor-3061] [WARN] Not rewriting trap file for /Users/burakyetistiren/Desktop/Subject_Prog_CodeQL_Taint/src/main/java/network/Network/trap/java/classes/java/lang/Runnable.members/Runnable.members#65.0-1713788650000-java.trap.gz as it exists
[2024-06-04 17:43:05] [javac-extractor-3061] [WARN] Not rewriting trap file for /Users/burakyetistiren/Desktop/Subject_Prog_CodeQL_Taint/src/main/java/network/Network/trap/java/classes/java/util/Spliterator.members/Spliterator.members#65.0-1713788650000-java.trap.gz as it exists
[2024-06-04 17:43:05] [javac-extractor-3061] [WARN] Not rewriting trap file for /Users/burakyetistiren/Desktop/Subject_Prog_CodeQL_Taint/src/main/java/network/Network/trap/java/classes/java/util/Iterator.members/Iterator.members#65.0-1713788650000-java.trap.gz as it exists
[2024-06-04 17:43:05] [javac-extractor-3061] [WARN] Not rewriting trap file for /Users/burakyetistiren/Desktop/Subject_Prog_CodeQL_Taint/src/main/java/network/Network/trap/java/classes/java/util/function/Supplier.members/Supplier.members#65.0-1713788650000-java.trap.gz as it exists
[2024-06-04 17:43:05] [javac-extractor-3061] [WARN] Not rewriting trap file for /Users/burakyetistiren/Desktop/Subject_Prog_CodeQL_Taint/src/main/java/network/Network/trap/java/classes/java/lang/FunctionalInterface.members/FunctionalInterface.members#65.0-1713788650000-java.trap.gz as it exists
[2024-06-04 17:43:05] [javac-extractor-3061] [WARN] Not rewriting trap file for /Users/burakyetistiren/Desktop/Subject_Prog_CodeQL_Taint/src/main/java/network/Network/trap/java/classes/java/util/function/UnaryOperator.members/UnaryOperator.members#65.0-1713788650000-java.trap.gz as it exists
[2024-06-04 17:43:05] [javac-extractor-3061] [WARN] Not rewriting trap file for /Users/burakyetistiren/Desktop/Subject_Prog_CodeQL_Taint/src/main/java/network/Network/trap/java/classes/java/util/function/Function.members/Function.members#65.0-1713788650000-java.trap.gz as it exists
[2024-06-04 17:43:05] [javac-extractor-3061] [WARN] Not rewriting trap file for /Users/burakyetistiren/Desktop/Subject_Prog_CodeQL_Taint/src/main/java/network/Network/trap/java/classes/java/lang/Cloneable.members/Cloneable.members#65.0-1713788650000-java.trap.gz as it exists
[2024-06-04 17:43:05] [javac-extractor-3061] [WARN] Not rewriting trap file for /Users/burakyetistiren/Desktop/Subject_Prog_CodeQL_Taint/src/main/java/network/Network/trap/java/classes/java/util/stream/Stream$Builder.members/Stream$Builder.members#65.0-1713788650000-java.trap.gz as it exists
[2024-06-04 17:43:05] [javac-extractor-3061] [WARN] Not rewriting trap file for /Users/burakyetistiren/Desktop/Subject_Prog_CodeQL_Taint/src/main/java/network/Network/trap/java/classes/java/util/function/Consumer.members/Consumer.members#65.0-1713788650000-java.trap.gz as it exists
[2024-06-04 17:43:05] [javac-extractor-3061] [WARN] Not rewriting trap file for /Users/burakyetistiren/Desktop/Subject_Prog_CodeQL_Taint/src/main/java/network/Network/trap/java/classes/java/util/function/Predicate.members/Predicate.members#65.0-1713788650000-java.trap.gz as it exists
[2024-06-04 17:43:05] [javac-extractor-3061] [WARN] Not rewriting trap file for /Users/burakyetistiren/Desktop/Subject_Prog_CodeQL_Taint/src/main/java/network/Network/trap/java/classes/java/util/Comparator.members/Comparator.members#65.0-1713788650000-java.trap.gz as it exists
[2024-06-04 17:43:05] [javac-extractor-3061] [WARN] Not rewriting trap file for /Users/burakyetistiren/Desktop/Subject_Prog_CodeQL_Taint/src/main/java/network/Network/trap/java/classes/java/util/function/BiConsumer.members/BiConsumer.members#65.0-1713788650000-java.trap.gz as it exists
[2024-06-04 17:43:05] [javac-extractor-3061] [WARN] Not rewriting trap file for /Users/burakyetistiren/Desktop/Subject_Prog_CodeQL_Taint/src/main/java/network/Network/trap/java/classes/java/util/function/BiFunction.members/BiFunction.members#65.0-1713788650000-java.trap.gz as it exists
[2024-06-04 17:43:05] [javac-extractor-3061] [WARN] Not rewriting trap file for /Users/burakyetistiren/Desktop/Subject_Prog_CodeQL_Taint/src/main/java/network/Network/trap/java/classes/java/util/function/BinaryOperator.members/BinaryOperator.members#65.0-1713788650000-java.trap.gz as it exists
[2024-06-04 17:43:05] [javac-extractor-3061] [WARN] Not rewriting trap file for /Users/burakyetistiren/Desktop/Subject_Prog_CodeQL_Taint/src/main/java/network/Network/trap/java/classes/java/util/function/IntFunction.members/IntFunction.members#65.0-1713788650000-java.trap.gz as it exists
[2024-06-04 17:43:05] [javac-extractor-3061] [WARN] Not rewriting trap file for /Users/burakyetistiren/Desktop/Subject_Prog_CodeQL_Taint/src/main/java/network/Network/trap/java/classes/java/util/stream/DoubleStream.members/DoubleStream.members#65.0-1713788650000-java.trap.gz as it exists
[2024-06-04 17:43:05] [javac-extractor-3061] [WARN] Not rewriting trap file for /Users/burakyetistiren/Desktop/Subject_Prog_CodeQL_Taint/src/main/java/network/Network/trap/java/classes/java/util/stream/LongStream.members/LongStream.members#65.0-1713788650000-java.trap.gz as it exists
[2024-06-04 17:43:05] [javac-extractor-3061] [WARN] Not rewriting trap file for /Users/burakyetistiren/Desktop/Subject_Prog_CodeQL_Taint/src/main/java/network/Network/trap/java/classes/java/util/stream/IntStream.members/IntStream.members#65.0-1713788650000-java.trap.gz as it exists
[2024-06-04 17:43:05] [javac-extractor-3061] [WARN] Not rewriting trap file for /Users/burakyetistiren/Desktop/Subject_Prog_CodeQL_Taint/src/main/java/network/Network/trap/java/classes/java/util/function/ToDoubleFunction.members/ToDoubleFunction.members#65.0-1713788650000-java.trap.gz as it exists
[2024-06-04 17:43:05] [javac-extractor-3061] [WARN] Not rewriting trap file for /Users/burakyetistiren/Desktop/Subject_Prog_CodeQL_Taint/src/main/java/network/Network/trap/java/classes/java/util/function/ToLongFunction.members/ToLongFunction.members#65.0-1713788650000-java.trap.gz as it exists
[2024-06-04 17:43:05] [javac-extractor-3061] [WARN] Not rewriting trap file for /Users/burakyetistiren/Desktop/Subject_Prog_CodeQL_Taint/src/main/java/network/Network/trap/java/classes/java/util/function/ToIntFunction.members/ToIntFunction.members#65.0-1713788650000-java.trap.gz as it exists
[2024-06-04 17:43:05] [javac-extractor-3061] [WARN] Not rewriting trap file for /Users/burakyetistiren/Desktop/Subject_Prog_CodeQL_Taint/src/main/java/network/Network/trap/java/classes/java/util/Set.members/Set.members#65.0-1713788650000-java.trap.gz as it exists
[2024-06-04 17:43:05] [javac-extractor-3061] [WARN] Not rewriting trap file for /Users/burakyetistiren/Desktop/Subject_Prog_CodeQL_Taint/src/main/java/network/Network/trap/java/classes/org/apache/dubbo/maven/plugin/ClassFinder.members/ClassFinder.members#0.0-1717545688775-java.trap.gz as it exists
[2024-06-04 17:43:05] [javac-extractor-3061] [WARN] Not rewriting trap file for /Users/burakyetistiren/Desktop/Subject_Prog_CodeQL_Taint/src/main/java/network/Network/trap/java/classes/java/lang/CharSequence.members/CharSequence.members#65.0-1713788650000-java.trap.gz as it exists
[2024-06-04 17:43:05] [javac-extractor-3061] [WARN] Not rewriting trap file for /Users/burakyetistiren/Desktop/Subject_Prog_CodeQL_Taint/src/main/java/network/Network/trap/java/classes/java/lang/Throwable.members/Throwable.members#65.0-1713788650000-java.trap.gz as it exists
[2024-06-04 17:43:05] [javac-extractor-3061] [WARN] Not rewriting trap file for /Users/burakyetistiren/Desktop/Subject_Prog_CodeQL_Taint/src/main/java/network/Network/trap/java/classes/java/util/AbstractList.members/AbstractList.members#65.0-1713788650000-java.trap.gz as it exists
[2024-06-04 17:43:05] [javac-extractor-3061] [WARN] Not rewriting trap file for /Users/burakyetistiren/Desktop/Subject_Prog_CodeQL_Taint/src/main/java/network/Network/trap/java/classes/java/util/AbstractCollection.members/AbstractCollection.members#65.0-1713788650000-java.trap.gz as it exists
[2024-06-04 17:43:05] [javac-extractor-3061] [WARN] Not rewriting trap file for /Users/burakyetistiren/Desktop/Subject_Prog_CodeQL_Taint/src/main/java/network/Network/trap/java/classes/java/util/RandomAccess.members/RandomAccess.members#65.0-1713788650000-java.trap.gz as it exists
[2024-06-04 17:43:05] [javac-extractor-3061] [WARN] Not rewriting trap file for /Users/burakyetistiren/Desktop/Subject_Prog_CodeQL_Taint/src/main/java/network/Network/trap/java/classes/java/util/ListIterator.members/ListIterator.members#65.0-1713788650000-java.trap.gz as it exists
[2024-06-04 17:43:05] [javac-extractor-3061] [WARN] Not rewriting trap file for /Users/burakyetistiren/Desktop/Subject_Prog_CodeQL_Taint/src/main/java/network/Network/trap/java/classes/java/lang/reflect/AnnotatedType.members/AnnotatedType.members#65.0-1713788650000-java.trap.gz as it exists
[2024-06-04 17:43:05] [javac-extractor-3061] [WARN] Not rewriting trap file for /Users/burakyetistiren/Desktop/Subject_Prog_CodeQL_Taint/src/main/java/network/Network/trap/java/classes/java/security/ProtectionDomain.members/ProtectionDomain.members#65.0-1713788650000-java.trap.gz as it exists
[2024-06-04 17:43:05] [javac-extractor-3061] [WARN] Not rewriting trap file for /Users/burakyetistiren/Desktop/Subject_Prog_CodeQL_Taint/src/main/java/network/Network/trap/java/classes/java/io/InputStream.members/InputStream.members#65.0-1713788650000-java.trap.gz as it exists
[2024-06-04 17:43:05] [javac-extractor-3061] [WARN] Not rewriting trap file for /Users/burakyetistiren/Desktop/Subject_Prog_CodeQL_Taint/src/main/java/network/Network/trap/java/classes/java/lang/reflect/Constructor.members/Constructor.members#65.0-1713788650000-java.trap.gz as it exists
[2024-06-04 17:43:05] [javac-extractor-3061] [WARN] Not rewriting trap file for /Users/burakyetistiren/Desktop/Subject_Prog_CodeQL_Taint/src/main/java/network/Network/trap/java/classes/java/lang/reflect/Executable.members/Executable.members#65.0-1713788650000-java.trap.gz as it exists
[2024-06-04 17:43:05] [javac-extractor-3061] [WARN] Not rewriting trap file for /Users/burakyetistiren/Desktop/Subject_Prog_CodeQL_Taint/src/main/java/network/Network/trap/java/classes/java/lang/NoSuchMethodException.members/NoSuchMethodException.members#65.0-1713788650000-java.trap.gz as it exists
[2024-06-04 17:43:05] [javac-extractor-3061] [WARN] Not rewriting trap file for /Users/burakyetistiren/Desktop/Subject_Prog_CodeQL_Taint/src/main/java/network/Network/trap/java/classes/java/lang/SecurityException.members/SecurityException.members#65.0-1713788650000-java.trap.gz as it exists
[2024-06-04 17:43:05] [javac-extractor-3061] [WARN] Not rewriting trap file for /Users/burakyetistiren/Desktop/Subject_Prog_CodeQL_Taint/src/main/java/network/Network/trap/java/classes/java/lang/reflect/Field.members/Field.members#65.0-1713788650000-java.trap.gz as it exists
[2024-06-04 17:43:05] [javac-extractor-3061] [WARN] Not rewriting trap file for /Users/burakyetistiren/Desktop/Subject_Prog_CodeQL_Taint/src/main/java/network/Network/trap/java/classes/java/lang/NoSuchFieldException.members/NoSuchFieldException.members#65.0-1713788650000-java.trap.gz as it exists
[2024-06-04 17:43:05] [javac-extractor-3061] [WARN] Not rewriting trap file for /Users/burakyetistiren/Desktop/Subject_Prog_CodeQL_Taint/src/main/java/network/Network/trap/java/classes/java/lang/Package.members/Package.members#65.0-1713788650000-java.trap.gz as it exists
[2024-06-04 17:43:05] [javac-extractor-3061] [WARN] Not rewriting trap file for /Users/burakyetistiren/Desktop/Subject_Prog_CodeQL_Taint/src/main/java/network/Network/trap/java/classes/java/lang/reflect/TypeVariable.members/TypeVariable.members#65.0-1713788650000-java.trap.gz as it exists
[2024-06-04 17:43:05] [javac-extractor-3061] [WARN] Not rewriting trap file for /Users/burakyetistiren/Desktop/Subject_Prog_CodeQL_Taint/src/main/java/network/Network/trap/java/classes/java/lang/ClassLoader.members/ClassLoader.members#65.0-1713788650000-java.trap.gz as it exists
[2024-06-04 17:43:05] [javac-extractor-3061] [WARN] Not rewriting trap file for /Users/burakyetistiren/Desktop/Subject_Prog_CodeQL_Taint/src/main/java/network/Network/trap/java/classes/java/lang/InstantiationException.members/InstantiationException.members#65.0-1713788650000-java.trap.gz as it exists
[2024-06-04 17:43:05] [javac-extractor-3061] [WARN] Not rewriting trap file for /Users/burakyetistiren/Desktop/Subject_Prog_CodeQL_Taint/src/main/java/network/Network/trap/java/classes/java/lang/IllegalAccessException.members/IllegalAccessException.members#65.0-1713788650000-java.trap.gz as it exists
[2024-06-04 17:43:05] [javac-extractor-3061] [WARN] Not rewriting trap file for /Users/burakyetistiren/Desktop/Subject_Prog_CodeQL_Taint/src/main/java/network/Network/trap/java/classes/java/lang/ClassNotFoundException.members/ClassNotFoundException.members#65.0-1713788650000-java.trap.gz as it exists
[2024-06-04 17:43:05] [javac-extractor-3061] [WARN] Not rewriting trap file for /Users/burakyetistiren/Desktop/Subject_Prog_CodeQL_Taint/src/main/java/network/Network/trap/java/classes/java/nio/file/Path.members/Path.members#65.0-1713788650000-java.trap.gz as it exists
[2024-06-04 17:43:05] [javac-extractor-3061] [WARN] Not rewriting trap file for /Users/burakyetistiren/Desktop/Subject_Prog_CodeQL_Taint/src/main/java/network/Network/trap/java/classes/java/lang/Thread.members/Thread.members#65.0-1713788650000-java.trap.gz as it exists
[2024-06-04 17:43:05] [javac-extractor-3061] Processing JAR file: /Users/burakyetistiren/.m2/repository/org/apache/maven/maven-plugin-api/3.9.7/maven-plugin-api-3.9.7.jar
[2024-06-04 17:43:09] [javac-extractor-3061] Processing file /Users/burakyetistiren/Desktop/Subject_Prog_CodeQL_Taint/src/main/java/network/dubbo-native-plugin/src/main/java/org/apache/dubbo/maven/plugin/DubboNativeCodeGeneratorMojo.java
[2024-06-04 17:43:10] [javac-extractor-3061] [WARN] Not rewriting trap file for /Users/burakyetistiren/Desktop/Subject_Prog_CodeQL_Taint/src/main/java/network/Network/trap/java/classes/java/io/File.members/File.members#65.0-1713788650000-java.trap.gz as it exists
[2024-06-04 17:43:10] [javac-extractor-3061] [WARN] Not rewriting trap file for /Users/burakyetistiren/Desktop/Subject_Prog_CodeQL_Taint/src/main/java/network/Network/trap/java/classes/java/io/IOException.members/IOException.members#65.0-1713788650000-java.trap.gz as it exists
[2024-06-04 17:43:10] [javac-extractor-3061] [WARN] Not rewriting trap file for /Users/burakyetistiren/Desktop/Subject_Prog_CodeQL_Taint/src/main/java/network/Network/trap/java/classes/java/io/InputStream.members/InputStream.members#65.0-1713788650000-java.trap.gz as it exists
[2024-06-04 17:43:10] [javac-extractor-3061] [WARN] Not rewriting trap file for /Users/burakyetistiren/Desktop/Subject_Prog_CodeQL_Taint/src/main/java/network/Network/trap/java/classes/java/util/Arrays.members/Arrays.members#65.0-1713788650000-java.trap.gz as it exists
[2024-06-04 17:43:10] [javac-extractor-3061] [WARN] Not rewriting trap file for /Users/burakyetistiren/Desktop/Subject_Prog_CodeQL_Taint/src/main/java/network/Network/trap/java/classes/java/util/List.members/List.members#65.0-1713788650000-java.trap.gz as it exists
[2024-06-04 17:43:10] [javac-extractor-3061] [WARN] Not rewriting trap file for /Users/burakyetistiren/Desktop/Subject_Prog_CodeQL_Taint/src/main/java/network/Network/trap/java/classes/org/apache/commons/io/FileUtils.members/FileUtils.members#52.0-1712286616000-java.trap.gz as it exists
[2024-06-04 17:43:10] [javac-extractor-3061] [WARN] Not rewriting trap file for /Users/burakyetistiren/Desktop/Subject_Prog_CodeQL_Taint/src/main/java/network/Network/trap/java/classes/org/apache/maven/plugin/logging/Log.members/Log.members#52.0-1716396476000-java.trap.gz as it exists
[2024-06-04 17:43:10] [javac-extractor-3061] [WARN] Not rewriting trap file for /Users/burakyetistiren/Desktop/Subject_Prog_CodeQL_Taint/src/main/java/network/Network/trap/java/classes/java/lang/String.members/String.members#65.0-1713788650000-java.trap.gz as it exists
[2024-06-04 17:43:10] [javac-extractor-3061] [WARN] Not rewriting trap file for /Users/burakyetistiren/Desktop/Subject_Prog_CodeQL_Taint/src/main/java/network/Network/trap/java/classes/java/lang/Override.members/Override.members#65.0-1713788650000-java.trap.gz as it exists
[2024-06-04 17:43:10] [javac-extractor-3061] [WARN] Not rewriting trap file for /Users/burakyetistiren/Desktop/Subject_Prog_CodeQL_Taint/src/main/java/network/Network/trap/java/classes/java/lang/Object.members/Object.members#65.0-1713788650000-java.trap.gz as it exists
[2024-06-04 17:43:10] [javac-extractor-3061] [WARN] Not rewriting trap file for /Users/burakyetistiren/Desktop/Subject_Prog_CodeQL_Taint/src/main/java/network/Network/trap/java/classes/java/util/Map.members/Map.members#65.0-1713788650000-java.trap.gz as it exists
[2024-06-04 17:43:10] [javac-extractor-3061] [WARN] Not rewriting trap file for /Users/burakyetistiren/Desktop/Subject_Prog_CodeQL_Taint/src/main/java/network/Network/trap/java/classes/java/util/function/BiFunction.members/BiFunction.members#65.0-1713788650000-java.trap.gz as it exists
[2024-06-04 17:43:10] [javac-extractor-3061] [WARN] Not rewriting trap file for /Users/burakyetistiren/Desktop/Subject_Prog_CodeQL_Taint/src/main/java/network/Network/trap/java/classes/java/lang/FunctionalInterface.members/FunctionalInterface.members#65.0-1713788650000-java.trap.gz as it exists
[2024-06-04 17:43:10] [javac-extractor-3061] [WARN] Not rewriting trap file for /Users/burakyetistiren/Desktop/Subject_Prog_CodeQL_Taint/src/main/java/network/Network/trap/java/classes/java/util/function/Function.members/Function.members#65.0-1713788650000-java.trap.gz as it exists
[2024-06-04 17:43:10] [javac-extractor-3061] [WARN] Not rewriting trap file for /Users/burakyetistiren/Desktop/Subject_Prog_CodeQL_Taint/src/main/java/network/Network/trap/java/classes/java/util/function/BiConsumer.members/BiConsumer.members#65.0-1713788650000-java.trap.gz as it exists
[2024-06-04 17:43:10] [javac-extractor-3061] [WARN] Not rewriting trap file for /Users/burakyetistiren/Desktop/Subject_Prog_CodeQL_Taint/src/main/java/network/Network/trap/java/classes/java/util/Set.members/Set.members#65.0-1713788650000-java.trap.gz as it exists
[2024-06-04 17:43:10] [javac-extractor-3061] [WARN] Not rewriting trap file for /Users/burakyetistiren/Desktop/Subject_Prog_CodeQL_Taint/src/main/java/network/Network/trap/java/classes/java/util/Collection.members/Collection.members#65.0-1713788650000-java.trap.gz as it exists
[2024-06-04 17:43:10] [javac-extractor-3061] [WARN] Not rewriting trap file for /Users/burakyetistiren/Desktop/Subject_Prog_CodeQL_Taint/src/main/java/network/Network/trap/java/classes/java/lang/Iterable.members/Iterable.members#65.0-1713788650000-java.trap.gz as it exists
[2024-06-04 17:43:10] [javac-extractor-3061] [WARN] Not rewriting trap file for /Users/burakyetistiren/Desktop/Subject_Prog_CodeQL_Taint/src/main/java/network/Network/trap/java/classes/java/util/Map$Entry.members/Map$Entry.members#65.0-1713788650000-java.trap.gz as it exists
[2024-06-04 17:43:10] [javac-extractor-3061] [WARN] Not rewriting trap file for /Users/burakyetistiren/Desktop/Subject_Prog_CodeQL_Taint/src/main/java/network/Network/trap/java/classes/java/lang/CharSequence.members/CharSequence.members#65.0-1713788650000-java.trap.gz as it exists
[2024-06-04 17:43:10] [javac-extractor-3061] [WARN] Not rewriting trap file for /Users/burakyetistiren/Desktop/Subject_Prog_CodeQL_Taint/src/main/java/network/Network/trap/java/classes/java/lang/Exception.members/Exception.members#65.0-1713788650000-java.trap.gz as it exists
[2024-06-04 17:43:10] [javac-extractor-3061] [WARN] Not rewriting trap file for /Users/burakyetistiren/Desktop/Subject_Prog_CodeQL_Taint/src/main/java/network/Network/trap/java/classes/org/apache/dubbo/maven/plugin/CodeGenerator.members/CodeGenerator.members#0.0-1717545688776-java.trap.gz as it exists
[2024-06-04 17:43:10] [javac-extractor-3061] [WARN] Not rewriting trap file for /Users/burakyetistiren/Desktop/Subject_Prog_CodeQL_Taint/src/main/java/network/Network/trap/java/classes/java/lang/Cloneable.members/Cloneable.members#65.0-1713788650000-java.trap.gz as it exists
[2024-06-04 17:43:10] [javac-extractor-3061] [WARN] Not rewriting trap file for /Users/burakyetistiren/Desktop/Subject_Prog_CodeQL_Taint/src/main/java/network/Network/trap/java/classes/java/io/Serializable.members/Serializable.members#65.0-1713788650000-java.trap.gz as it exists
[2024-06-04 17:43:10] [javac-extractor-3061] [WARN] Not rewriting trap file for /Users/burakyetistiren/Desktop/Subject_Prog_CodeQL_Taint/src/main/java/network/Network/trap/java/classes/java/util/stream/Stream.members/Stream.members#65.0-1713788650000-java.trap.gz as it exists
[2024-06-04 17:43:10] [javac-extractor-3061] [WARN] Not rewriting trap file for /Users/burakyetistiren/Desktop/Subject_Prog_CodeQL_Taint/src/main/java/network/Network/trap/java/classes/java/util/stream/BaseStream.members/BaseStream.members#65.0-1713788650000-java.trap.gz as it exists
[2024-06-04 17:43:10] [javac-extractor-3061] [WARN] Not rewriting trap file for /Users/burakyetistiren/Desktop/Subject_Prog_CodeQL_Taint/src/main/java/network/Network/trap/java/classes/java/lang/AutoCloseable.members/AutoCloseable.members#65.0-1713788650000-java.trap.gz as it exists
[2024-06-04 17:43:10] [javac-extractor-3061] [WARN] Not rewriting trap file for /Users/burakyetistiren/Desktop/Subject_Prog_CodeQL_Taint/src/main/java/network/Network/trap/java/classes/java/util/function/Consumer.members/Consumer.members#65.0-1713788650000-java.trap.gz as it exists
[2024-06-04 17:43:10] [javac-extractor-3061] [WARN] Not rewriting trap file for /Users/burakyetistiren/Desktop/Subject_Prog_CodeQL_Taint/src/main/java/network/Network/trap/java/classes/java/lang/Runnable.members/Runnable.members#65.0-1713788650000-java.trap.gz as it exists
[2024-06-04 17:43:10] [javac-extractor-3061] [WARN] Not rewriting trap file for /Users/burakyetistiren/Desktop/Subject_Prog_CodeQL_Taint/src/main/java/network/Network/trap/java/classes/java/util/Spliterator.members/Spliterator.members#65.0-1713788650000-java.trap.gz as it exists
[2024-06-04 17:43:10] [javac-extractor-3061] [WARN] Not rewriting trap file for /Users/burakyetistiren/Desktop/Subject_Prog_CodeQL_Taint/src/main/java/network/Network/trap/java/classes/java/util/Iterator.members/Iterator.members#65.0-1713788650000-java.trap.gz as it exists
[2024-06-04 17:43:10] [javac-extractor-3061] [WARN] Not rewriting trap file for /Users/burakyetistiren/Desktop/Subject_Prog_CodeQL_Taint/src/main/java/network/Network/trap/java/classes/java/util/function/Supplier.members/Supplier.members#65.0-1713788650000-java.trap.gz as it exists
[2024-06-04 17:43:10] [javac-extractor-3061] [WARN] Not rewriting trap file for /Users/burakyetistiren/Desktop/Subject_Prog_CodeQL_Taint/src/main/java/network/Network/trap/java/classes/java/util/function/UnaryOperator.members/UnaryOperator.members#65.0-1713788650000-java.trap.gz as it exists
[2024-06-04 17:43:10] [javac-extractor-3061] [WARN] Not rewriting trap file for /Users/burakyetistiren/Desktop/Subject_Prog_CodeQL_Taint/src/main/java/network/Network/trap/java/classes/java/util/stream/Stream$Builder.members/Stream$Builder.members#65.0-1713788650000-java.trap.gz as it exists
[2024-06-04 17:43:10] [javac-extractor-3061] [WARN] Not rewriting trap file for /Users/burakyetistiren/Desktop/Subject_Prog_CodeQL_Taint/src/main/java/network/Network/trap/java/classes/java/util/Optional.members/Optional.members#65.0-1713788650000-java.trap.gz as it exists
[2024-06-04 17:43:10] [javac-extractor-3061] [WARN] Not rewriting trap file for /Users/burakyetistiren/Desktop/Subject_Prog_CodeQL_Taint/src/main/java/network/Network/trap/java/classes/java/util/function/Predicate.members/Predicate.members#65.0-1713788650000-java.trap.gz as it exists
[2024-06-04 17:43:10] [javac-extractor-3061] [WARN] Not rewriting trap file for /Users/burakyetistiren/Desktop/Subject_Prog_CodeQL_Taint/src/main/java/network/Network/trap/java/classes/java/util/Comparator.members/Comparator.members#65.0-1713788650000-java.trap.gz as it exists
[2024-06-04 17:43:10] [javac-extractor-3061] [WARN] Not rewriting trap file for /Users/burakyetistiren/Desktop/Subject_Prog_CodeQL_Taint/src/main/java/network/Network/trap/java/classes/java/util/stream/Collector.members/Collector.members#65.0-1713788650000-java.trap.gz as it exists
[2024-06-04 17:43:10] [javac-extractor-3061] [WARN] Not rewriting trap file for /Users/burakyetistiren/Desktop/Subject_Prog_CodeQL_Taint/src/main/java/network/Network/trap/java/classes/java/util/function/BinaryOperator.members/BinaryOperator.members#65.0-1713788650000-java.trap.gz as it exists
[2024-06-04 17:43:10] [javac-extractor-3061] [WARN] Not rewriting trap file for /Users/burakyetistiren/Desktop/Subject_Prog_CodeQL_Taint/src/main/java/network/Network/trap/java/classes/java/util/function/IntFunction.members/IntFunction.members#65.0-1713788650000-java.trap.gz as it exists
[2024-06-04 17:43:10] [javac-extractor-3061] [WARN] Not rewriting trap file for /Users/burakyetistiren/Desktop/Subject_Prog_CodeQL_Taint/src/main/java/network/Network/trap/java/classes/java/util/stream/DoubleStream.members/DoubleStream.members#65.0-1713788650000-java.trap.gz as it exists
[2024-06-04 17:43:10] [javac-extractor-3061] [WARN] Not rewriting trap file for /Users/burakyetistiren/Desktop/Subject_Prog_CodeQL_Taint/src/main/java/network/Network/trap/java/classes/java/util/stream/LongStream.members/LongStream.members#65.0-1713788650000-java.trap.gz as it exists
[2024-06-04 17:43:10] [javac-extractor-3061] [WARN] Not rewriting trap file for /Users/burakyetistiren/Desktop/Subject_Prog_CodeQL_Taint/src/main/java/network/Network/trap/java/classes/java/util/stream/IntStream.members/IntStream.members#65.0-1713788650000-java.trap.gz as it exists
[2024-06-04 17:43:10] [javac-extractor-3061] [WARN] Not rewriting trap file for /Users/burakyetistiren/Desktop/Subject_Prog_CodeQL_Taint/src/main/java/network/Network/trap/java/classes/java/util/function/ToDoubleFunction.members/ToDoubleFunction.members#65.0-1713788650000-java.trap.gz as it exists
[2024-06-04 17:43:10] [javac-extractor-3061] [WARN] Not rewriting trap file for /Users/burakyetistiren/Desktop/Subject_Prog_CodeQL_Taint/src/main/java/network/Network/trap/java/classes/java/util/function/ToLongFunction.members/ToLongFunction.members#65.0-1713788650000-java.trap.gz as it exists
[2024-06-04 17:43:10] [javac-extractor-3061] [WARN] Not rewriting trap file for /Users/burakyetistiren/Desktop/Subject_Prog_CodeQL_Taint/src/main/java/network/Network/trap/java/classes/java/util/function/ToIntFunction.members/ToIntFunction.members#65.0-1713788650000-java.trap.gz as it exists
[2024-06-04 17:43:10] [javac-extractor-3061] [WARN] Not rewriting trap file for /Users/burakyetistiren/Desktop/Subject_Prog_CodeQL_Taint/src/main/java/network/Network/trap/java/classes/java/lang/ClassLoader.members/ClassLoader.members#65.0-1713788650000-java.trap.gz as it exists
[2024-06-04 17:43:10] [javac-extractor-3061] [WARN] Not rewriting trap file for /Users/burakyetistiren/Desktop/Subject_Prog_CodeQL_Taint/src/main/java/network/Network/trap/java/classes/java/lang/Class.members/Class.members#65.0-1713788650000-java.trap.gz as it exists
[2024-06-04 17:43:10] [javac-extractor-3061] [WARN] Not rewriting trap file for /Users/burakyetistiren/Desktop/Subject_Prog_CodeQL_Taint/src/main/java/network/Network/trap/java/classes/java/lang/reflect/GenericDeclaration.members/GenericDeclaration.members#65.0-1713788650000-java.trap.gz as it exists
[2024-06-04 17:43:10] [javac-extractor-3061] [WARN] Not rewriting trap file for /Users/burakyetistiren/Desktop/Subject_Prog_CodeQL_Taint/src/main/java/network/Network/trap/java/classes/java/lang/reflect/Type.members/Type.members#65.0-1713788650000-java.trap.gz as it exists
[2024-06-04 17:43:10] [javac-extractor-3061] [WARN] Not rewriting trap file for /Users/burakyetistiren/Desktop/Subject_Prog_CodeQL_Taint/src/main/java/network/Network/trap/java/classes/java/lang/reflect/AnnotatedElement.members/AnnotatedElement.members#65.0-1713788650000-java.trap.gz as it exists
[2024-06-04 17:43:10] [javac-extractor-3061] [WARN] Not rewriting trap file for /Users/burakyetistiren/Desktop/Subject_Prog_CodeQL_Taint/src/main/java/network/Network/trap/java/classes/java/lang/reflect/AnnotatedType.members/AnnotatedType.members#65.0-1713788650000-java.trap.gz as it exists
[2024-06-04 17:43:10] [javac-extractor-3061] [WARN] Not rewriting trap file for /Users/burakyetistiren/Desktop/Subject_Prog_CodeQL_Taint/src/main/java/network/Network/trap/java/classes/java/lang/annotation/Annotation.members/Annotation.members#65.0-1713788650000-java.trap.gz as it exists
[2024-06-04 17:43:10] [javac-extractor-3061] [WARN] Not rewriting trap file for /Users/burakyetistiren/Desktop/Subject_Prog_CodeQL_Taint/src/main/java/network/Network/trap/java/classes/java/security/ProtectionDomain.members/ProtectionDomain.members#65.0-1713788650000-java.trap.gz as it exists
[2024-06-04 17:43:10] [javac-extractor-3061] [WARN] Not rewriting trap file for /Users/burakyetistiren/Desktop/Subject_Prog_CodeQL_Taint/src/main/java/network/Network/trap/java/classes/java/net/URL.members/URL.members#65.0-1713788650000-java.trap.gz as it exists
[2024-06-04 17:43:10] [javac-extractor-3061] [WARN] Not rewriting trap file for /Users/burakyetistiren/Desktop/Subject_Prog_CodeQL_Taint/src/main/java/network/Network/trap/java/classes/java/lang/reflect/Constructor.members/Constructor.members#65.0-1713788650000-java.trap.gz as it exists
[2024-06-04 17:43:10] [javac-extractor-3061] [WARN] Not rewriting trap file for /Users/burakyetistiren/Desktop/Subject_Prog_CodeQL_Taint/src/main/java/network/Network/trap/java/classes/java/lang/reflect/Executable.members/Executable.members#65.0-1713788650000-java.trap.gz as it exists
[2024-06-04 17:43:10] [javac-extractor-3061] [WARN] Not rewriting trap file for /Users/burakyetistiren/Desktop/Subject_Prog_CodeQL_Taint/src/main/java/network/Network/trap/java/classes/java/lang/NoSuchMethodException.members/NoSuchMethodException.members#65.0-1713788650000-java.trap.gz as it exists
[2024-06-04 17:43:10] [javac-extractor-3061] [WARN] Not rewriting trap file for /Users/burakyetistiren/Desktop/Subject_Prog_CodeQL_Taint/src/main/java/network/Network/trap/java/classes/java/lang/SecurityException.members/SecurityException.members#65.0-1713788650000-java.trap.gz as it exists
[2024-06-04 17:43:10] [javac-extractor-3061] [WARN] Not rewriting trap file for /Users/burakyetistiren/Desktop/Subject_Prog_CodeQL_Taint/src/main/java/network/Network/trap/java/classes/java/lang/reflect/Method.members/Method.members#65.0-1713788650000-java.trap.gz as it exists
[2024-06-04 17:43:10] [javac-extractor-3061] [WARN] Not rewriting trap file for /Users/burakyetistiren/Desktop/Subject_Prog_CodeQL_Taint/src/main/java/network/Network/trap/java/classes/java/lang/reflect/Field.members/Field.members#65.0-1713788650000-java.trap.gz as it exists
[2024-06-04 17:43:10] [javac-extractor-3061] [WARN] Not rewriting trap file for /Users/burakyetistiren/Desktop/Subject_Prog_CodeQL_Taint/src/main/java/network/Network/trap/java/classes/java/lang/NoSuchFieldException.members/NoSuchFieldException.members#65.0-1713788650000-java.trap.gz as it exists
[2024-06-04 17:43:10] [javac-extractor-3061] [WARN] Not rewriting trap file for /Users/burakyetistiren/Desktop/Subject_Prog_CodeQL_Taint/src/main/java/network/Network/trap/java/classes/java/lang/Package.members/Package.members#65.0-1713788650000-java.trap.gz as it exists
[2024-06-04 17:43:10] [javac-extractor-3061] [WARN] Not rewriting trap file for /Users/burakyetistiren/Desktop/Subject_Prog_CodeQL_Taint/src/main/java/network/Network/trap/java/classes/java/lang/reflect/TypeVariable.members/TypeVariable.members#65.0-1713788650000-java.trap.gz as it exists
[2024-06-04 17:43:10] [javac-extractor-3061] [WARN] Not rewriting trap file for /Users/burakyetistiren/Desktop/Subject_Prog_CodeQL_Taint/src/main/java/network/Network/trap/java/classes/java/lang/InstantiationException.members/InstantiationException.members#65.0-1713788650000-java.trap.gz as it exists
[2024-06-04 17:43:10] [javac-extractor-3061] [WARN] Not rewriting trap file for /Users/burakyetistiren/Desktop/Subject_Prog_CodeQL_Taint/src/main/java/network/Network/trap/java/classes/java/lang/IllegalAccessException.members/IllegalAccessException.members#65.0-1713788650000-java.trap.gz as it exists
[2024-06-04 17:43:10] [javac-extractor-3061] [WARN] Not rewriting trap file for /Users/burakyetistiren/Desktop/Subject_Prog_CodeQL_Taint/src/main/java/network/Network/trap/java/classes/java/lang/ClassNotFoundException.members/ClassNotFoundException.members#65.0-1713788650000-java.trap.gz as it exists
[2024-06-04 17:43:10] [javac-extractor-3061] [WARN] Not rewriting trap file for /Users/burakyetistiren/Desktop/Subject_Prog_CodeQL_Taint/src/main/java/network/Network/trap/java/classes/java/lang/Throwable.members/Throwable.members#65.0-1713788650000-java.trap.gz as it exists
[2024-06-04 17:43:10] [javac-extractor-3061] [WARN] Not rewriting trap file for /Users/burakyetistiren/Desktop/Subject_Prog_CodeQL_Taint/src/main/java/network/Network/trap/java/classes/java/lang/annotation/Documented.members/Documented.members#65.0-1713788650000-java.trap.gz as it exists
[2024-06-04 17:43:10] [javac-extractor-3061] [WARN] Not rewriting trap file for /Users/burakyetistiren/Desktop/Subject_Prog_CodeQL_Taint/src/main/java/network/Network/trap/java/classes/java/lang/annotation/Inherited.members/Inherited.members#65.0-1713788650000-java.trap.gz as it exists
[2024-06-04 17:43:10] [javac-extractor-3061] [WARN] Not rewriting trap file for /Users/burakyetistiren/Desktop/Subject_Prog_CodeQL_Taint/src/main/java/network/Network/trap/java/classes/java/lang/annotation/Retention.members/Retention.members#65.0-1713788650000-java.trap.gz as it exists
[2024-06-04 17:43:10] [javac-extractor-3061] [WARN] Not rewriting trap file for /Users/burakyetistiren/Desktop/Subject_Prog_CodeQL_Taint/src/main/java/network/Network/trap/java/classes/java/lang/annotation/RetentionPolicy.members/RetentionPolicy.members#65.0-1713788650000-java.trap.gz as it exists
[2024-06-04 17:43:10] [javac-extractor-3061] [WARN] Not rewriting trap file for /Users/burakyetistiren/Desktop/Subject_Prog_CodeQL_Taint/src/main/java/network/Network/trap/java/classes/java/lang/annotation/Target.members/Target.members#65.0-1713788650000-java.trap.gz as it exists
[2024-06-04 17:43:10] [javac-extractor-3061] [WARN] Not rewriting trap file for /Users/burakyetistiren/Desktop/Subject_Prog_CodeQL_Taint/src/main/java/network/Network/trap/java/classes/java/lang/annotation/ElementType.members/ElementType.members#65.0-1713788650000-java.trap.gz as it exists
[2024-06-04 17:43:10] [javac-extractor-3061] [WARN] Not rewriting trap file for /Users/burakyetistiren/Desktop/Subject_Prog_CodeQL_Taint/src/main/java/network/Network/trap/java/classes/java/lang/Deprecated.members/Deprecated.members#65.0-1713788650000-java.trap.gz as it exists
[2024-06-04 17:43:10] [javac-extractor-3061] [WARN] Not rewriting trap file for /Users/burakyetistiren/Desktop/Subject_Prog_CodeQL_Taint/src/main/java/network/Network/trap/java/classes/java/io/Writer.members/Writer.members#65.0-1713788650000-java.trap.gz as it exists
[2024-06-04 17:43:11] [javac-extractor-3061] [WARN] Not rewriting trap file for /Users/burakyetistiren/Desktop/Subject_Prog_CodeQL_Taint/src/main/java/network/Network/trap/java/classes/java/util/Properties.members/Properties.members#65.0-1713788650000-java.trap.gz as it exists
[2024-06-04 17:43:11] [javac-extractor-3061] [WARN] Not rewriting trap file for /Users/burakyetistiren/Desktop/Subject_Prog_CodeQL_Taint/src/main/java/network/Network/trap/java/classes/java/lang/Enum.members/Enum.members#65.0-1713788650000-java.trap.gz as it exists
[2024-06-04 17:43:11] [javac-extractor-3061] [WARN] Not rewriting trap file for /Users/burakyetistiren/Desktop/Subject_Prog_CodeQL_Taint/src/main/java/network/Network/trap/java/classes/java/lang/Comparable.members/Comparable.members#65.0-1713788650000-java.trap.gz as it exists
[2024-06-04 17:43:11] [javac-extractor-3061] [WARN] Not rewriting trap file for /Users/burakyetistiren/Desktop/Subject_Prog_CodeQL_Taint/src/main/java/network/Network/trap/java/classes/java/lang/CloneNotSupportedException.members/CloneNotSupportedException.members#65.0-1713788650000-java.trap.gz as it exists
[2024-06-04 17:43:11] [javac-extractor-3061] [WARN] Not rewriting trap file for /Users/burakyetistiren/Desktop/Subject_Prog_CodeQL_Taint/src/main/java/network/Network/trap/java/classes/java/util/Date.members/Date.members#65.0-1713788650000-java.trap.gz as it exists
[2024-06-04 17:43:11] [javac-extractor-3061] [WARN] Not rewriting trap file for /Users/burakyetistiren/Desktop/Subject_Prog_CodeQL_Taint/src/main/java/network/Network/trap/java/classes/java/util/regex/Pattern.members/Pattern.members#65.0-1713788650000-java.trap.gz as it exists
[2024-06-04 17:43:11] [javac-extractor-3061] [WARN] Not rewriting trap file for /Users/burakyetistiren/Desktop/Subject_Prog_CodeQL_Taint/src/main/java/network/Network/trap/java/classes/java/lang/Boolean.members/Boolean.members#65.0-1713788650000-java.trap.gz as it exists
[2024-06-04 17:43:11] [javac-extractor-3061] [WARN] Not rewriting trap file for /Users/burakyetistiren/Desktop/Subject_Prog_CodeQL_Taint/src/main/java/network/Network/trap/java/classes/java/net/URLClassLoader.members/URLClassLoader.members#65.0-1713788650000-java.trap.gz as it exists
[2024-06-04 17:43:11] [javac-extractor-3061] [WARN] Not rewriting trap file for /Users/burakyetistiren/Desktop/Subject_Prog_CodeQL_Taint/src/main/java/network/Network/trap/java/classes/java/util/Enumeration.members/Enumeration.members#65.0-1713788650000-java.trap.gz as it exists
[2024-06-04 17:43:11] [javac-extractor-3061] [WARN] Not rewriting trap file for /Users/burakyetistiren/Desktop/Subject_Prog_CodeQL_Taint/src/main/java/network/Network/trap/java/classes/java/io/PrintStream.members/PrintStream.members#65.0-1713788650000-java.trap.gz as it exists
[2024-06-04 17:43:11] [javac-extractor-3061] [WARN] Not rewriting trap file for /Users/burakyetistiren/Desktop/Subject_Prog_CodeQL_Taint/src/main/java/network/Network/trap/java/classes/java/lang/RuntimeException.members/RuntimeException.members#65.0-1713788650000-java.trap.gz as it exists
[2024-06-04 17:43:11] [javac-extractor-3061] [WARN] Not rewriting trap file for /Users/burakyetistiren/Desktop/Subject_Prog_CodeQL_Taint/src/main/java/network/Network/trap/java/classes/java/lang/IllegalArgumentException.members/IllegalArgumentException.members#65.0-1713788650000-java.trap.gz as it exists
[2024-06-04 17:43:11] [javac-extractor-3061] [WARN] Not rewriting trap file for /Users/burakyetistiren/Desktop/Subject_Prog_CodeQL_Taint/src/main/java/network/Network/trap/java/classes/java/lang/IllegalStateException.members/IllegalStateException.members#65.0-1713788650000-java.trap.gz as it exists
[2024-06-04 17:43:11] [javac-extractor-3061] [WARN] Not rewriting trap file for /Users/burakyetistiren/Desktop/Subject_Prog_CodeQL_Taint/src/main/java/network/Network/trap/java/classes/java/io/OutputStream.members/OutputStream.members#65.0-1713788650000-java.trap.gz as it exists
[2024-06-04 17:43:11] [javac-extractor-3061] [WARN] Not rewriting trap file for /Users/burakyetistiren/Desktop/Subject_Prog_CodeQL_Taint/src/main/java/network/Network/trap/java/classes/java/lang/Integer.members/Integer.members#65.0-1713788650000-java.trap.gz as it exists
[2024-06-04 17:43:11] [javac-extractor-3061] [WARN] Not rewriting trap file for /Users/burakyetistiren/Desktop/Subject_Prog_CodeQL_Taint/src/main/java/network/Network/trap/java/classes/java/io/Closeable.members/Closeable.members#65.0-1713788650000-java.trap.gz as it exists
[2024-06-04 17:43:12] [javac-extractor-3061] [WARN] Not rewriting trap file for /Users/burakyetistiren/Desktop/Subject_Prog_CodeQL_Taint/src/main/java/network/Network/trap/java/classes/java/nio/ByteBuffer.members/ByteBuffer.members#65.0-1713788650000-java.trap.gz as it exists
[2024-06-04 17:43:12] [javac-extractor-3061] Processing JAR file: /Users/burakyetistiren/.m2/repository/org/apache/maven/plugin-tools/maven-plugin-annotations/3.13.1/maven-plugin-annotations-3.13.1.jar
[2024-06-04 17:43:12] [javac-extractor-3061] Processing JAR file: /Users/burakyetistiren/.m2/repository/org/apache/maven/maven-core/3.9.7/maven-core-3.9.7.jar
[2024-06-04 17:43:12] [javac-extractor-3061] Processing JAR file: /Users/burakyetistiren/.m2/repository/org/apache/maven/maven-model/3.9.7/maven-model-3.9.7.jar
[2024-06-04 17:43:12] [javac-extractor-3061] Processing JAR file: /Users/burakyetistiren/.m2/repository/org/apache/maven/maven-artifact/3.9.7/maven-artifact-3.9.7.jar
[2024-06-04 17:43:12] [javac-extractor-3061] Processing JAR file: /Users/burakyetistiren/.m2/repository/org/codehaus/plexus/plexus-utils/3.5.1/plexus-utils-3.5.1.jar
[2024-06-04 17:43:12] [javac-extractor-3061] Processing JAR file: /Users/burakyetistiren/.m2/repository/org/apache/maven/resolver/maven-resolver-api/1.9.20/maven-resolver-api-1.9.20.jar
[2024-06-04 17:43:12] [javac-extractor-3061] Processing JAR file: /Users/burakyetistiren/.m2/repository/org/codehaus/plexus/plexus-classworlds/2.8.0/plexus-classworlds-2.8.0.jar
[2024-06-04 17:43:12] [javac-extractor-3061] Processing JAR file: /Users/burakyetistiren/.m2/repository/org/apache/maven/maven-model-builder/3.9.7/maven-model-builder-3.9.7.jar
[2024-06-04 17:43:12] [javac-extractor-3061] Processing file /Users/burakyetistiren/Desktop/Subject_Prog_CodeQL_Taint/src/main/java/network/dubbo-native-plugin/src/main/java/org/apache/dubbo/maven/plugin/Test.java
[2024-06-04 17:43:12] [javac-extractor-3061] [WARN] Not rewriting trap file for /Users/burakyetistiren/Desktop/Subject_Prog_CodeQL_Taint/src/main/java/network/Network/trap/java/classes/java/util/Set.members/Set.members#65.0-1713788650000-java.trap.gz as it exists
[2024-06-04 17:43:12] [javac-extractor-3061] [WARN] Not rewriting trap file for /Users/burakyetistiren/Desktop/Subject_Prog_CodeQL_Taint/src/main/java/network/Network/trap/java/classes/java/lang/Object.members/Object.members#65.0-1713788650000-java.trap.gz as it exists
[2024-06-04 17:43:12] [javac-extractor-3061] [WARN] Not rewriting trap file for /Users/burakyetistiren/Desktop/Subject_Prog_CodeQL_Taint/src/main/java/network/Network/trap/java/classes/java/lang/String.members/String.members#65.0-1713788650000-java.trap.gz as it exists
[2024-06-04 17:43:12] [javac-extractor-3061] [WARN] Not rewriting trap file for /Users/burakyetistiren/Desktop/Subject_Prog_CodeQL_Taint/src/main/java/network/Network/trap/java/classes/java/lang/Cloneable.members/Cloneable.members#65.0-1713788650000-java.trap.gz as it exists
[2024-06-04 17:43:12] [javac-extractor-3061] [WARN] Not rewriting trap file for /Users/burakyetistiren/Desktop/Subject_Prog_CodeQL_Taint/src/main/java/network/Network/trap/java/classes/java/io/Serializable.members/Serializable.members#65.0-1713788650000-java.trap.gz as it exists
[2024-06-04 17:43:12] [javac-extractor-3061] [WARN] Not rewriting trap file for /Users/burakyetistiren/Desktop/Subject_Prog_CodeQL_Taint/src/main/java/network/Network/trap/java/classes/org/apache/dubbo/maven/plugin/ClassFinder.members/ClassFinder.members#0.0-1717545688775-java.trap.gz as it exists
[2024-06-04 17:43:12] [javac-extractor-3061] [WARN] Not rewriting trap file for /Users/burakyetistiren/Desktop/Subject_Prog_CodeQL_Taint/src/main/java/network/Network/trap/java/classes/java/util/Collection.members/Collection.members#65.0-1713788650000-java.trap.gz as it exists
[2024-06-04 17:43:12] [javac-extractor-3061] [WARN] Not rewriting trap file for /Users/burakyetistiren/Desktop/Subject_Prog_CodeQL_Taint/src/main/java/network/Network/trap/java/classes/java/lang/Iterable.members/Iterable.members#65.0-1713788650000-java.trap.gz as it exists
[2024-06-04 17:43:12] [javac-extractor-3061] [WARN] Not rewriting trap file for /Users/burakyetistiren/Desktop/Subject_Prog_CodeQL_Taint/src/main/java/network/Network/trap/java/classes/java/util/function/Consumer.members/Consumer.members#65.0-1713788650000-java.trap.gz as it exists
[2024-06-04 17:43:12] [javac-extractor-3061] [WARN] Not rewriting trap file for /Users/burakyetistiren/Desktop/Subject_Prog_CodeQL_Taint/src/main/java/network/Network/trap/java/classes/java/lang/FunctionalInterface.members/FunctionalInterface.members#65.0-1713788650000-java.trap.gz as it exists
[2024-06-04 17:43:12] [javac-extractor-3061] [WARN] Not rewriting trap file for /Users/burakyetistiren/Desktop/Subject_Prog_CodeQL_Taint/src/main/java/network/Network/trap/java/classes/java/io/PrintStream.members/PrintStream.members#65.0-1713788650000-java.trap.gz as it exists
[2024-06-04 17:43:12] [javac-extractor-3061] [WARN] Not rewriting trap file for /Users/burakyetistiren/Desktop/Subject_Prog_CodeQL_Taint/src/main/java/network/Network/trap/java/classes/java/lang/System.members/System.members#65.0-1713788650000-java.trap.gz as it exists
[2024-06-04 17:43:12] [javac-extractor-3061] [WARN] Not rewriting trap file for /Users/burakyetistiren/Desktop/Subject_Prog_CodeQL_Taint/src/main/java/network/Network/trap/java/classes/java/util/Spliterator.members/Spliterator.members#65.0-1713788650000-java.trap.gz as it exists
[2024-06-04 17:43:12] [javac-extractor-3061] [WARN] Not rewriting trap file for /Users/burakyetistiren/Desktop/Subject_Prog_CodeQL_Taint/src/main/java/network/Network/trap/java/classes/java/util/Iterator.members/Iterator.members#65.0-1713788650000-java.trap.gz as it exists
[2024-06-04 17:43:12] [javac-extractor-3061] [WARN] Not rewriting trap file for /Users/burakyetistiren/Desktop/Subject_Prog_CodeQL_Taint/src/main/java/network/Network/trap/java/classes/java/util/stream/Stream.members/Stream.members#65.0-1713788650000-java.trap.gz as it exists
[2024-06-04 17:43:12] [javac-extractor-3061] [WARN] Not rewriting trap file for /Users/burakyetistiren/Desktop/Subject_Prog_CodeQL_Taint/src/main/java/network/Network/trap/java/classes/java/util/stream/BaseStream.members/BaseStream.members#65.0-1713788650000-java.trap.gz as it exists
[2024-06-04 17:43:12] [javac-extractor-3061] [WARN] Not rewriting trap file for /Users/burakyetistiren/Desktop/Subject_Prog_CodeQL_Taint/src/main/java/network/Network/trap/java/classes/java/lang/AutoCloseable.members/AutoCloseable.members#65.0-1713788650000-java.trap.gz as it exists
[2024-06-04 17:43:12] [javac-extractor-3061] [WARN] Not rewriting trap file for /Users/burakyetistiren/Desktop/Subject_Prog_CodeQL_Taint/src/main/java/network/Network/trap/java/classes/java/util/function/Predicate.members/Predicate.members#65.0-1713788650000-java.trap.gz as it exists
[2024-06-04 17:43:12] [javac-extractor-3061] Javac init time: 5.9s
[2024-06-04 17:43:12] [javac-extractor-3061] Javac attr time: 5.0s
[2024-06-04 17:43:12] [javac-extractor-3061] Extractor time: 5.8s
[2024-06-04 17:43:12] [javac-extractor-3061] Other time: 1.8s
[2024-06-04 17:43:12] [javac-extractor-3061] Total time: 18.6s
