[2024-06-04 17:25:31] [javac-extractor-75186] Starting extraction for:
                                              sun.java.command=com.semmle.extractor.java.JavaExtractor --jdk-version 21 --javac-args @@@/Users/burakyetistiren/Desktop/Subject_Prog_CodeQL_Taint/src/main/java/network/Network/log/ext/javac-22.args
                                              user.dir=/Users/burakyetistiren/Desktop/Subject_Prog_CodeQL_Taint/src/main/java/network/dubbo-test/dubbo-test-common
[2024-06-04 17:25:31] [javac-extractor-75186] Compilation name /Users/burakyetistiren/Desktop/Subject_Prog_CodeQL_Taint/src/main/java/network/Network/trap/java/diagnostics/diagnostic-22.trap.gz
[2024-06-04 17:25:31] [javac-extractor-75186] [WARN] Appending source destination directory /Users/burakyetistiren/Desktop/Subject_Prog_CodeQL_Taint/src/main/java/network/dubbo-test/dubbo-test-common/target/generated-sources/annotations to sourcepath
[2024-06-04 17:25:34] [javac-extractor-75186] Processing file /Users/burakyetistiren/Desktop/Subject_Prog_CodeQL_Taint/src/main/java/network/dubbo-test/dubbo-test-common/src/main/java/org/apache/dubbo/test/common/ErrorHandler.java
[2024-06-04 17:25:34] [javac-extractor-75186] [WARN] Not rewriting trap file for /Users/burakyetistiren/Desktop/Subject_Prog_CodeQL_Taint/src/main/java/network/Network/trap/java/classes/java/lang/FunctionalInterface.members/FunctionalInterface.members#65.0-1713788650000-java.trap.gz as it exists
[2024-06-04 17:25:34] [javac-extractor-75186] [WARN] Not rewriting trap file for /Users/burakyetistiren/Desktop/Subject_Prog_CodeQL_Taint/src/main/java/network/Network/trap/java/classes/java/lang/Throwable.members/Throwable.members#65.0-1713788650000-java.trap.gz as it exists
[2024-06-04 17:25:34] [javac-extractor-75186] [WARN] Not rewriting trap file for /Users/burakyetistiren/Desktop/Subject_Prog_CodeQL_Taint/src/main/java/network/Network/trap/java/classes/java/lang/Object.members/Object.members#65.0-1713788650000-java.trap.gz as it exists
[2024-06-04 17:25:34] [javac-extractor-75186] Processing file /Users/burakyetistiren/Desktop/Subject_Prog_CodeQL_Taint/src/main/java/network/dubbo-test/dubbo-test-common/src/main/java/org/apache/dubbo/test/common/SysProps.java
[2024-06-04 17:25:34] [javac-extractor-75186] [WARN] Not rewriting trap file for /Users/burakyetistiren/Desktop/Subject_Prog_CodeQL_Taint/src/main/java/network/Network/trap/java/classes/java/util/LinkedHashMap.members/LinkedHashMap.members#65.0-1713788650000-java.trap.gz as it exists
[2024-06-04 17:25:34] [javac-extractor-75186] [WARN] Not rewriting trap file for /Users/burakyetistiren/Desktop/Subject_Prog_CodeQL_Taint/src/main/java/network/Network/trap/java/classes/java/util/Map.members/Map.members#65.0-1713788650000-java.trap.gz as it exists
[2024-06-04 17:25:34] [javac-extractor-75186] [WARN] Not rewriting trap file for /Users/burakyetistiren/Desktop/Subject_Prog_CodeQL_Taint/src/main/java/network/Network/trap/java/classes/java/lang/String.members/String.members#65.0-1713788650000-java.trap.gz as it exists
[2024-06-04 17:25:34] [javac-extractor-75186] [WARN] Not rewriting trap file for /Users/burakyetistiren/Desktop/Subject_Prog_CodeQL_Taint/src/main/java/network/Network/trap/java/classes/java/lang/Object.members/Object.members#65.0-1713788650000-java.trap.gz as it exists
[2024-06-04 17:25:34] [javac-extractor-75186] [WARN] Not rewriting trap file for /Users/burakyetistiren/Desktop/Subject_Prog_CodeQL_Taint/src/main/java/network/Network/trap/java/classes/java/util/HashMap.members/HashMap.members#65.0-1713788650000-java.trap.gz as it exists
[2024-06-04 17:25:34] [javac-extractor-75186] [WARN] Not rewriting trap file for /Users/burakyetistiren/Desktop/Subject_Prog_CodeQL_Taint/src/main/java/network/Network/trap/java/classes/java/util/AbstractMap.members/AbstractMap.members#65.0-1713788650000-java.trap.gz as it exists
[2024-06-04 17:25:34] [javac-extractor-75186] [WARN] Not rewriting trap file for /Users/burakyetistiren/Desktop/Subject_Prog_CodeQL_Taint/src/main/java/network/Network/trap/java/classes/java/lang/Cloneable.members/Cloneable.members#65.0-1713788650000-java.trap.gz as it exists
[2024-06-04 17:25:34] [javac-extractor-75186] [WARN] Not rewriting trap file for /Users/burakyetistiren/Desktop/Subject_Prog_CodeQL_Taint/src/main/java/network/Network/trap/java/classes/java/io/Serializable.members/Serializable.members#65.0-1713788650000-java.trap.gz as it exists
[2024-06-04 17:25:34] [javac-extractor-75186] [WARN] Not rewriting trap file for /Users/burakyetistiren/Desktop/Subject_Prog_CodeQL_Taint/src/main/java/network/Network/trap/java/classes/java/util/function/BiFunction.members/BiFunction.members#65.0-1713788650000-java.trap.gz as it exists
[2024-06-04 17:25:34] [javac-extractor-75186] [WARN] Not rewriting trap file for /Users/burakyetistiren/Desktop/Subject_Prog_CodeQL_Taint/src/main/java/network/Network/trap/java/classes/java/lang/FunctionalInterface.members/FunctionalInterface.members#65.0-1713788650000-java.trap.gz as it exists
[2024-06-04 17:25:34] [javac-extractor-75186] [WARN] Not rewriting trap file for /Users/burakyetistiren/Desktop/Subject_Prog_CodeQL_Taint/src/main/java/network/Network/trap/java/classes/java/util/function/Function.members/Function.members#65.0-1713788650000-java.trap.gz as it exists
[2024-06-04 17:25:34] [javac-extractor-75186] [WARN] Not rewriting trap file for /Users/burakyetistiren/Desktop/Subject_Prog_CodeQL_Taint/src/main/java/network/Network/trap/java/classes/java/util/function/BiConsumer.members/BiConsumer.members#65.0-1713788650000-java.trap.gz as it exists
[2024-06-04 17:25:34] [javac-extractor-75186] [WARN] Not rewriting trap file for /Users/burakyetistiren/Desktop/Subject_Prog_CodeQL_Taint/src/main/java/network/Network/trap/java/classes/java/util/Set.members/Set.members#65.0-1713788650000-java.trap.gz as it exists
[2024-06-04 17:25:34] [javac-extractor-75186] [WARN] Not rewriting trap file for /Users/burakyetistiren/Desktop/Subject_Prog_CodeQL_Taint/src/main/java/network/Network/trap/java/classes/java/util/Collection.members/Collection.members#65.0-1713788650000-java.trap.gz as it exists
[2024-06-04 17:25:34] [javac-extractor-75186] [WARN] Not rewriting trap file for /Users/burakyetistiren/Desktop/Subject_Prog_CodeQL_Taint/src/main/java/network/Network/trap/java/classes/java/lang/Iterable.members/Iterable.members#65.0-1713788650000-java.trap.gz as it exists
[2024-06-04 17:25:34] [javac-extractor-75186] [WARN] Not rewriting trap file for /Users/burakyetistiren/Desktop/Subject_Prog_CodeQL_Taint/src/main/java/network/Network/trap/java/classes/java/util/Map$Entry.members/Map$Entry.members#65.0-1713788650000-java.trap.gz as it exists
[2024-06-04 17:25:34] [javac-extractor-75186] [WARN] Not rewriting trap file for /Users/burakyetistiren/Desktop/Subject_Prog_CodeQL_Taint/src/main/java/network/Network/trap/java/classes/java/lang/CloneNotSupportedException.members/CloneNotSupportedException.members#65.0-1713788650000-java.trap.gz as it exists
[2024-06-04 17:25:34] [javac-extractor-75186] [WARN] Not rewriting trap file for /Users/burakyetistiren/Desktop/Subject_Prog_CodeQL_Taint/src/main/java/network/Network/trap/java/classes/java/lang/System.members/System.members#65.0-1713788650000-java.trap.gz as it exists
[2024-06-04 17:25:34] [javac-extractor-75186] Processing file /Users/burakyetistiren/Desktop/Subject_Prog_CodeQL_Taint/src/main/java/network/dubbo-test/dubbo-test-common/src/main/java/org/apache/dubbo/test/common/api/DemoService.java
[2024-06-04 17:25:34] [javac-extractor-75186] [WARN] Not rewriting trap file for /Users/burakyetistiren/Desktop/Subject_Prog_CodeQL_Taint/src/main/java/network/Network/trap/java/classes/java/util/concurrent/CompletableFuture.members/CompletableFuture.members#65.0-1713788650000-java.trap.gz as it exists
[2024-06-04 17:25:34] [javac-extractor-75186] [WARN] Not rewriting trap file for /Users/burakyetistiren/Desktop/Subject_Prog_CodeQL_Taint/src/main/java/network/Network/trap/java/classes/java/lang/String.members/String.members#65.0-1713788650000-java.trap.gz as it exists
[2024-06-04 17:25:34] [javac-extractor-75186] [WARN] Not rewriting trap file for /Users/burakyetistiren/Desktop/Subject_Prog_CodeQL_Taint/src/main/java/network/Network/trap/java/classes/java/lang/Object.members/Object.members#65.0-1713788650000-java.trap.gz as it exists
[2024-06-04 17:25:34] [javac-extractor-75186] [WARN] Not rewriting trap file for /Users/burakyetistiren/Desktop/Subject_Prog_CodeQL_Taint/src/main/java/network/Network/trap/java/classes/java/util/concurrent/Future.members/Future.members#65.0-1713788650000-java.trap.gz as it exists
[2024-06-04 17:25:34] [javac-extractor-75186] [WARN] Not rewriting trap file for /Users/burakyetistiren/Desktop/Subject_Prog_CodeQL_Taint/src/main/java/network/Network/trap/java/classes/java/util/concurrent/CompletionStage.members/CompletionStage.members#65.0-1713788650000-java.trap.gz as it exists
[2024-06-04 17:25:34] [javac-extractor-75186] Processing file /Users/burakyetistiren/Desktop/Subject_Prog_CodeQL_Taint/src/main/java/network/dubbo-test/dubbo-test-common/src/main/java/org/apache/dubbo/test/common/api/GreetingService.java
[2024-06-04 17:25:34] [javac-extractor-75186] [WARN] Not rewriting trap file for /Users/burakyetistiren/Desktop/Subject_Prog_CodeQL_Taint/src/main/java/network/Network/trap/java/classes/java/lang/String.members/String.members#65.0-1713788650000-java.trap.gz as it exists
[2024-06-04 17:25:34] [javac-extractor-75186] [WARN] Not rewriting trap file for /Users/burakyetistiren/Desktop/Subject_Prog_CodeQL_Taint/src/main/java/network/Network/trap/java/classes/java/lang/Object.members/Object.members#65.0-1713788650000-java.trap.gz as it exists
[2024-06-04 17:25:34] [javac-extractor-75186] Processing file /Users/burakyetistiren/Desktop/Subject_Prog_CodeQL_Taint/src/main/java/network/dubbo-test/dubbo-test-common/src/main/java/org/apache/dubbo/test/common/api/RestDemoService.java
[2024-06-04 17:25:35] [javac-extractor-75186] [WARN] Not rewriting trap file for /Users/burakyetistiren/Desktop/Subject_Prog_CodeQL_Taint/src/main/java/network/Network/trap/java/classes/javax/ws/rs/Consumes.members/Consumes.members#52.0-1570767786000-java.trap.gz as it exists
[2024-06-04 17:25:35] [javac-extractor-75186] [WARN] Not rewriting trap file for /Users/burakyetistiren/Desktop/Subject_Prog_CodeQL_Taint/src/main/java/network/Network/trap/java/classes/javax/ws/rs/GET.members/GET.members#52.0-1570767786000-java.trap.gz as it exists
[2024-06-04 17:25:35] [javac-extractor-75186] [WARN] Not rewriting trap file for /Users/burakyetistiren/Desktop/Subject_Prog_CodeQL_Taint/src/main/java/network/Network/trap/java/classes/javax/ws/rs/Path.members/Path.members#52.0-1570767786000-java.trap.gz as it exists
[2024-06-04 17:25:35] [javac-extractor-75186] [WARN] Not rewriting trap file for /Users/burakyetistiren/Desktop/Subject_Prog_CodeQL_Taint/src/main/java/network/Network/trap/java/classes/javax/ws/rs/core/MediaType.members/MediaType.members#52.0-1570767786000-java.trap.gz as it exists
[2024-06-04 17:25:35] [javac-extractor-75186] [WARN] Not rewriting trap file for /Users/burakyetistiren/Desktop/Subject_Prog_CodeQL_Taint/src/main/java/network/Network/trap/java/classes/java/lang/String.members/String.members#65.0-1713788650000-java.trap.gz as it exists
[2024-06-04 17:25:35] [javac-extractor-75186] [WARN] Not rewriting trap file for /Users/burakyetistiren/Desktop/Subject_Prog_CodeQL_Taint/src/main/java/network/Network/trap/java/classes/java/lang/Integer.members/Integer.members#65.0-1713788650000-java.trap.gz as it exists
[2024-06-04 17:25:35] [javac-extractor-75186] [WARN] Not rewriting trap file for /Users/burakyetistiren/Desktop/Subject_Prog_CodeQL_Taint/src/main/java/network/Network/trap/java/classes/java/lang/Object.members/Object.members#65.0-1713788650000-java.trap.gz as it exists
[2024-06-04 17:25:35] [javac-extractor-75186] [WARN] Not rewriting trap file for /Users/burakyetistiren/Desktop/Subject_Prog_CodeQL_Taint/src/main/java/network/Network/trap/java/classes/java/lang/Cloneable.members/Cloneable.members#65.0-1713788650000-java.trap.gz as it exists
[2024-06-04 17:25:35] [javac-extractor-75186] [WARN] Not rewriting trap file for /Users/burakyetistiren/Desktop/Subject_Prog_CodeQL_Taint/src/main/java/network/Network/trap/java/classes/java/io/Serializable.members/Serializable.members#65.0-1713788650000-java.trap.gz as it exists
[2024-06-04 17:25:35] [javac-extractor-75186] [WARN] Not rewriting trap file for /Users/burakyetistiren/Desktop/Subject_Prog_CodeQL_Taint/src/main/java/network/Network/trap/java/classes/java/lang/annotation/Annotation.members/Annotation.members#65.0-1713788650000-java.trap.gz as it exists
[2024-06-04 17:25:35] [javac-extractor-75186] [WARN] Not rewriting trap file for /Users/burakyetistiren/Desktop/Subject_Prog_CodeQL_Taint/src/main/java/network/Network/trap/java/classes/java/lang/annotation/Documented.members/Documented.members#65.0-1713788650000-java.trap.gz as it exists
[2024-06-04 17:25:35] [javac-extractor-75186] [WARN] Not rewriting trap file for /Users/burakyetistiren/Desktop/Subject_Prog_CodeQL_Taint/src/main/java/network/Network/trap/java/classes/java/lang/annotation/Retention.members/Retention.members#65.0-1713788650000-java.trap.gz as it exists
[2024-06-04 17:25:35] [javac-extractor-75186] [WARN] Not rewriting trap file for /Users/burakyetistiren/Desktop/Subject_Prog_CodeQL_Taint/src/main/java/network/Network/trap/java/classes/java/lang/annotation/RetentionPolicy.members/RetentionPolicy.members#65.0-1713788650000-java.trap.gz as it exists
[2024-06-04 17:25:35] [javac-extractor-75186] [WARN] Not rewriting trap file for /Users/burakyetistiren/Desktop/Subject_Prog_CodeQL_Taint/src/main/java/network/Network/trap/java/classes/java/lang/annotation/Target.members/Target.members#65.0-1713788650000-java.trap.gz as it exists
[2024-06-04 17:25:35] [javac-extractor-75186] [WARN] Not rewriting trap file for /Users/burakyetistiren/Desktop/Subject_Prog_CodeQL_Taint/src/main/java/network/Network/trap/java/classes/java/lang/annotation/ElementType.members/ElementType.members#65.0-1713788650000-java.trap.gz as it exists
[2024-06-04 17:25:35] [javac-extractor-75186] [WARN] Not rewriting trap file for /Users/burakyetistiren/Desktop/Subject_Prog_CodeQL_Taint/src/main/java/network/Network/trap/java/classes/javax/ws/rs/HttpMethod.members/HttpMethod.members#52.0-1570767786000-java.trap.gz as it exists
[2024-06-04 17:25:35] [javac-extractor-75186] Processing file /Users/burakyetistiren/Desktop/Subject_Prog_CodeQL_Taint/src/main/java/network/dubbo-test/dubbo-test-common/src/main/java/org/apache/dubbo/test/common/impl/DemoServiceImpl.java
[2024-06-04 17:25:35] [javac-extractor-75186] [WARN] Not rewriting trap file for /Users/burakyetistiren/Desktop/Subject_Prog_CodeQL_Taint/src/main/java/network/Network/trap/java/classes/org/apache/dubbo/config/annotation/DubboService.members/DubboService.members#52.0-1717546363480-java.trap.gz as /Users/burakyetistiren/Desktop/Subject_Prog_CodeQL_Taint/src/main/java/network/Network/trap/java/classes/org/apache/dubbo/config/annotation/DubboService.members/DubboService.members#0.0-1717545682627-java.trap.gz exists
[2024-06-04 17:25:35] [javac-extractor-75186] [WARN] Not rewriting trap file for /Users/burakyetistiren/Desktop/Subject_Prog_CodeQL_Taint/src/main/java/network/Network/trap/java/classes/org/apache/dubbo/test/common/api/DemoService.members/DemoService.members#0.0-1717545693165-java.trap.gz as it exists
[2024-06-04 17:25:35] [javac-extractor-75186] [WARN] Not rewriting trap file for /Users/burakyetistiren/Desktop/Subject_Prog_CodeQL_Taint/src/main/java/network/Network/trap/java/classes/java/util/concurrent/CompletableFuture.members/CompletableFuture.members#65.0-1713788650000-java.trap.gz as it exists
[2024-06-04 17:25:35] [javac-extractor-75186] [WARN] Not rewriting trap file for /Users/burakyetistiren/Desktop/Subject_Prog_CodeQL_Taint/src/main/java/network/Network/trap/java/classes/java/lang/Object.members/Object.members#65.0-1713788650000-java.trap.gz as it exists
[2024-06-04 17:25:35] [javac-extractor-75186] [WARN] Not rewriting trap file for /Users/burakyetistiren/Desktop/Subject_Prog_CodeQL_Taint/src/main/java/network/Network/trap/java/classes/java/lang/String.members/String.members#65.0-1713788650000-java.trap.gz as it exists
[2024-06-04 17:25:35] [javac-extractor-75186] [WARN] Not rewriting trap file for /Users/burakyetistiren/Desktop/Subject_Prog_CodeQL_Taint/src/main/java/network/Network/trap/java/classes/java/lang/Override.members/Override.members#65.0-1713788650000-java.trap.gz as it exists
[2024-06-04 17:25:35] [javac-extractor-75186] [WARN] Not rewriting trap file for /Users/burakyetistiren/Desktop/Subject_Prog_CodeQL_Taint/src/main/java/network/Network/trap/java/classes/java/util/concurrent/Future.members/Future.members#65.0-1713788650000-java.trap.gz as it exists
[2024-06-04 17:25:35] [javac-extractor-75186] [WARN] Not rewriting trap file for /Users/burakyetistiren/Desktop/Subject_Prog_CodeQL_Taint/src/main/java/network/Network/trap/java/classes/java/util/concurrent/CompletionStage.members/CompletionStage.members#65.0-1713788650000-java.trap.gz as it exists
[2024-06-04 17:25:35] [javac-extractor-75186] [WARN] Not rewriting trap file for /Users/burakyetistiren/Desktop/Subject_Prog_CodeQL_Taint/src/main/java/network/Network/trap/java/classes/java/util/function/Supplier.members/Supplier.members#65.0-1713788650000-java.trap.gz as it exists
[2024-06-04 17:25:35] [javac-extractor-75186] [WARN] Not rewriting trap file for /Users/burakyetistiren/Desktop/Subject_Prog_CodeQL_Taint/src/main/java/network/Network/trap/java/classes/java/lang/FunctionalInterface.members/FunctionalInterface.members#65.0-1713788650000-java.trap.gz as it exists
[2024-06-04 17:25:35] [javac-extractor-75186] [WARN] Not rewriting trap file for /Users/burakyetistiren/Desktop/Subject_Prog_CodeQL_Taint/src/main/java/network/Network/trap/java/classes/java/lang/Class.members/Class.members#65.0-1713788650000-java.trap.gz as it exists
[2024-06-04 17:25:35] [javac-extractor-75186] [WARN] Not rewriting trap file for /Users/burakyetistiren/Desktop/Subject_Prog_CodeQL_Taint/src/main/java/network/Network/trap/java/classes/java/io/Serializable.members/Serializable.members#65.0-1713788650000-java.trap.gz as it exists
[2024-06-04 17:25:35] [javac-extractor-75186] [WARN] Not rewriting trap file for /Users/burakyetistiren/Desktop/Subject_Prog_CodeQL_Taint/src/main/java/network/Network/trap/java/classes/java/lang/reflect/GenericDeclaration.members/GenericDeclaration.members#65.0-1713788650000-java.trap.gz as it exists
[2024-06-04 17:25:35] [javac-extractor-75186] [WARN] Not rewriting trap file for /Users/burakyetistiren/Desktop/Subject_Prog_CodeQL_Taint/src/main/java/network/Network/trap/java/classes/java/lang/reflect/Type.members/Type.members#65.0-1713788650000-java.trap.gz as it exists
[2024-06-04 17:25:35] [javac-extractor-75186] [WARN] Not rewriting trap file for /Users/burakyetistiren/Desktop/Subject_Prog_CodeQL_Taint/src/main/java/network/Network/trap/java/classes/java/lang/reflect/AnnotatedElement.members/AnnotatedElement.members#65.0-1713788650000-java.trap.gz as it exists
[2024-06-04 17:25:35] [javac-extractor-75186] [WARN] Not rewriting trap file for /Users/burakyetistiren/Desktop/Subject_Prog_CodeQL_Taint/src/main/java/network/Network/trap/java/classes/java/lang/Cloneable.members/Cloneable.members#65.0-1713788650000-java.trap.gz as it exists
[2024-06-04 17:25:35] [javac-extractor-75186] [WARN] Not rewriting trap file for /Users/burakyetistiren/Desktop/Subject_Prog_CodeQL_Taint/src/main/java/network/Network/trap/java/classes/org/apache/dubbo/config/annotation/Method.members/Method.members#52.0-1717546356707-java.trap.gz as /Users/burakyetistiren/Desktop/Subject_Prog_CodeQL_Taint/src/main/java/network/Network/trap/java/classes/org/apache/dubbo/config/annotation/Method.members/Method.members#0.0-1717545682627-java.trap.gz exists
[2024-06-04 17:25:35] [javac-extractor-75186] Processing file /Users/burakyetistiren/Desktop/Subject_Prog_CodeQL_Taint/src/main/java/network/dubbo-test/dubbo-test-common/src/main/java/org/apache/dubbo/test/common/impl/GreetingServiceImpl.java
[2024-06-04 17:25:35] [javac-extractor-75186] [WARN] Not rewriting trap file for /Users/burakyetistiren/Desktop/Subject_Prog_CodeQL_Taint/src/main/java/network/Network/trap/java/classes/org/apache/dubbo/test/common/api/GreetingService.members/GreetingService.members#0.0-1717545693166-java.trap.gz as it exists
[2024-06-04 17:25:35] [javac-extractor-75186] [WARN] Not rewriting trap file for /Users/burakyetistiren/Desktop/Subject_Prog_CodeQL_Taint/src/main/java/network/Network/trap/java/classes/java/lang/Object.members/Object.members#65.0-1713788650000-java.trap.gz as it exists
[2024-06-04 17:25:35] [javac-extractor-75186] [WARN] Not rewriting trap file for /Users/burakyetistiren/Desktop/Subject_Prog_CodeQL_Taint/src/main/java/network/Network/trap/java/classes/java/lang/String.members/String.members#65.0-1713788650000-java.trap.gz as it exists
[2024-06-04 17:25:35] [javac-extractor-75186] [WARN] Not rewriting trap file for /Users/burakyetistiren/Desktop/Subject_Prog_CodeQL_Taint/src/main/java/network/Network/trap/java/classes/java/lang/Override.members/Override.members#65.0-1713788650000-java.trap.gz as it exists
[2024-06-04 17:25:35] [javac-extractor-75186] Processing file /Users/burakyetistiren/Desktop/Subject_Prog_CodeQL_Taint/src/main/java/network/dubbo-test/dubbo-test-common/src/main/java/org/apache/dubbo/test/common/impl/RestDemoServiceImpl.java
[2024-06-04 17:25:35] [javac-extractor-75186] [WARN] Not rewriting trap file for /Users/burakyetistiren/Desktop/Subject_Prog_CodeQL_Taint/src/main/java/network/Network/trap/java/classes/org/apache/dubbo/rpc/RpcContext.members/RpcContext.members#52.0-1717546668821-java.trap.gz as /Users/burakyetistiren/Desktop/Subject_Prog_CodeQL_Taint/src/main/java/network/Network/trap/java/classes/org/apache/dubbo/rpc/RpcContext.members/RpcContext.members#0.0-1717545690833-java.trap.gz exists
[2024-06-04 17:25:35] [javac-extractor-75186] [WARN] Not rewriting trap file for /Users/burakyetistiren/Desktop/Subject_Prog_CodeQL_Taint/src/main/java/network/Network/trap/java/classes/org/apache/dubbo/test/common/api/RestDemoService.members/RestDemoService.members#0.0-1717545693167-java.trap.gz as it exists
[2024-06-04 17:25:35] [javac-extractor-75186] [WARN] Not rewriting trap file for /Users/burakyetistiren/Desktop/Subject_Prog_CodeQL_Taint/src/main/java/network/Network/trap/java/classes/java/util/Map.members/Map.members#65.0-1713788650000-java.trap.gz as it exists
[2024-06-04 17:25:35] [javac-extractor-75186] [WARN] Not rewriting trap file for /Users/burakyetistiren/Desktop/Subject_Prog_CodeQL_Taint/src/main/java/network/Network/trap/java/classes/java/lang/String.members/String.members#65.0-1713788650000-java.trap.gz as it exists
[2024-06-04 17:25:35] [javac-extractor-75186] [WARN] Not rewriting trap file for /Users/burakyetistiren/Desktop/Subject_Prog_CodeQL_Taint/src/main/java/network/Network/trap/java/classes/java/lang/Object.members/Object.members#65.0-1713788650000-java.trap.gz as it exists
[2024-06-04 17:25:35] [javac-extractor-75186] [WARN] Not rewriting trap file for /Users/burakyetistiren/Desktop/Subject_Prog_CodeQL_Taint/src/main/java/network/Network/trap/java/classes/java/lang/Integer.members/Integer.members#65.0-1713788650000-java.trap.gz as it exists
[2024-06-04 17:25:35] [javac-extractor-75186] [WARN] Not rewriting trap file for /Users/burakyetistiren/Desktop/Subject_Prog_CodeQL_Taint/src/main/java/network/Network/trap/java/classes/java/lang/Override.members/Override.members#65.0-1713788650000-java.trap.gz as it exists
[2024-06-04 17:25:35] [javac-extractor-75186] [WARN] Not rewriting trap file for /Users/burakyetistiren/Desktop/Subject_Prog_CodeQL_Taint/src/main/java/network/Network/trap/java/classes/org/apache/dubbo/rpc/RpcContextAttachment.members/RpcContextAttachment.members#52.0-1717546669426-java.trap.gz as /Users/burakyetistiren/Desktop/Subject_Prog_CodeQL_Taint/src/main/java/network/Network/trap/java/classes/org/apache/dubbo/rpc/RpcContextAttachment.members/RpcContextAttachment.members#0.0-1717545690836-java.trap.gz exists
[2024-06-04 17:25:35] [javac-extractor-75186] [WARN] Not rewriting trap file for /Users/burakyetistiren/Desktop/Subject_Prog_CodeQL_Taint/src/main/java/network/Network/trap/java/classes/java/lang/RuntimeException.members/RuntimeException.members#65.0-1713788650000-java.trap.gz as it exists
[2024-06-04 17:25:35] [javac-extractor-75186] [WARN] Not rewriting trap file for /Users/burakyetistiren/Desktop/Subject_Prog_CodeQL_Taint/src/main/java/network/Network/trap/java/classes/org/apache/dubbo/rpc/RpcServiceContext.members/RpcServiceContext.members#52.0-1717546669325-java.trap.gz as /Users/burakyetistiren/Desktop/Subject_Prog_CodeQL_Taint/src/main/java/network/Network/trap/java/classes/org/apache/dubbo/rpc/RpcServiceContext.members/RpcServiceContext.members#0.0-1717545690844-java.trap.gz exists
[2024-06-04 17:25:35] [javac-extractor-75186] Processing file /Users/burakyetistiren/Desktop/Subject_Prog_CodeQL_Taint/src/main/java/network/dubbo-test/dubbo-test-common/src/main/java/org/apache/dubbo/test/common/utils/TestSocketUtils.java
[2024-06-04 17:25:35] [javac-extractor-75186] [WARN] Not rewriting trap file for /Users/burakyetistiren/Desktop/Subject_Prog_CodeQL_Taint/src/main/java/network/Network/trap/java/classes/java/net/InetAddress.members/InetAddress.members#65.0-1713788650000-java.trap.gz as it exists
[2024-06-04 17:25:35] [javac-extractor-75186] [WARN] Not rewriting trap file for /Users/burakyetistiren/Desktop/Subject_Prog_CodeQL_Taint/src/main/java/network/Network/trap/java/classes/java/net/ServerSocket.members/ServerSocket.members#65.0-1713788650000-java.trap.gz as it exists
[2024-06-04 17:25:35] [javac-extractor-75186] [WARN] Not rewriting trap file for /Users/burakyetistiren/Desktop/Subject_Prog_CodeQL_Taint/src/main/java/network/Network/trap/java/classes/java/security/SecureRandom.members/SecureRandom.members#65.0-1713788650000-java.trap.gz as it exists
[2024-06-04 17:25:35] [javac-extractor-75186] [WARN] Not rewriting trap file for /Users/burakyetistiren/Desktop/Subject_Prog_CodeQL_Taint/src/main/java/network/Network/trap/java/classes/javax/net/ServerSocketFactory.members/ServerSocketFactory.members#65.0-1713788650000-java.trap.gz as it exists
[2024-06-04 17:25:35] [javac-extractor-75186] [WARN] Not rewriting trap file for /Users/burakyetistiren/Desktop/Subject_Prog_CodeQL_Taint/src/main/java/network/Network/trap/java/classes/org/apache/dubbo/common/utils/Assert.members/Assert.members#52.0-1717546363024-java.trap.gz as /Users/burakyetistiren/Desktop/Subject_Prog_CodeQL_Taint/src/main/java/network/Network/trap/java/classes/org/apache/dubbo/common/utils/Assert.members/Assert.members#0.0-1717545682430-java.trap.gz exists
[2024-06-04 17:25:35] [javac-extractor-75186] [WARN] Not rewriting trap file for /Users/burakyetistiren/Desktop/Subject_Prog_CodeQL_Taint/src/main/java/network/Network/trap/java/classes/java/lang/Object.members/Object.members#65.0-1713788650000-java.trap.gz as it exists
[2024-06-04 17:25:35] [javac-extractor-75186] [WARN] Not rewriting trap file for /Users/burakyetistiren/Desktop/Subject_Prog_CodeQL_Taint/src/main/java/network/Network/trap/java/classes/java/lang/String.members/String.members#65.0-1713788650000-java.trap.gz as it exists
[2024-06-04 17:25:35] [javac-extractor-75186] [WARN] Not rewriting trap file for /Users/burakyetistiren/Desktop/Subject_Prog_CodeQL_Taint/src/main/java/network/Network/trap/java/classes/java/lang/Cloneable.members/Cloneable.members#65.0-1713788650000-java.trap.gz as it exists
[2024-06-04 17:25:35] [javac-extractor-75186] [WARN] Not rewriting trap file for /Users/burakyetistiren/Desktop/Subject_Prog_CodeQL_Taint/src/main/java/network/Network/trap/java/classes/java/io/Serializable.members/Serializable.members#65.0-1713788650000-java.trap.gz as it exists
[2024-06-04 17:25:35] [javac-extractor-75186] [WARN] Not rewriting trap file for /Users/burakyetistiren/Desktop/Subject_Prog_CodeQL_Taint/src/main/java/network/Network/trap/java/classes/java/util/Random.members/Random.members#65.0-1713788650000-java.trap.gz as it exists
[2024-06-04 17:25:35] [javac-extractor-75186] [WARN] Not rewriting trap file for /Users/burakyetistiren/Desktop/Subject_Prog_CodeQL_Taint/src/main/java/network/Network/trap/java/classes/java/lang/Exception.members/Exception.members#65.0-1713788650000-java.trap.gz as it exists
[2024-06-04 17:25:35] [javac-extractor-75186] Javac init time: 2.2s
[2024-06-04 17:25:35] [javac-extractor-75186] Javac attr time: 0.8s
[2024-06-04 17:25:35] [javac-extractor-75186] Extractor time: 1.1s
[2024-06-04 17:25:35] [javac-extractor-75186] Other time: 0.8s
[2024-06-04 17:25:35] [javac-extractor-75186] Total time: 4.9s
