[2024-06-04 17:35:20] [javac-extractor-90060] Starting extraction for:
                                              sun.java.command=com.semmle.extractor.java.JavaExtractor --jdk-version 21 --javac-args @@@/Users/burakyetistiren/Desktop/Subject_Prog_CodeQL_Taint/src/main/java/network/Network/log/ext/javac-56.args
                                              user.dir=/Users/burakyetistiren/Desktop/Subject_Prog_CodeQL_Taint/src/main/java/network/dubbo-demo/dubbo-demo-annotation/dubbo-demo-annotation-consumer
[2024-06-04 17:35:20] [javac-extractor-90060] Compilation name /Users/burakyetistiren/Desktop/Subject_Prog_CodeQL_Taint/src/main/java/network/Network/trap/java/diagnostics/diagnostic-56.trap.gz
[2024-06-04 17:35:20] [javac-extractor-90060] [WARN] Appending source destination directory /Users/burakyetistiren/Desktop/Subject_Prog_CodeQL_Taint/src/main/java/network/dubbo-demo/dubbo-demo-annotation/dubbo-demo-annotation-consumer/target/generated-sources/annotations to sourcepath
[2024-06-04 17:35:23] [javac-extractor-90060] Processing file /Users/burakyetistiren/Desktop/Subject_Prog_CodeQL_Taint/src/main/java/network/dubbo-demo/dubbo-demo-annotation/dubbo-demo-annotation-consumer/src/main/java/org/apache/dubbo/demo/consumer/Application.java
[2024-06-04 17:35:23] [javac-extractor-90060] [WARN] Not rewriting trap file for /Users/burakyetistiren/Desktop/Subject_Prog_CodeQL_Taint/src/main/java/network/Network/trap/java/classes/org/apache/dubbo/config/spring/context/annotation/EnableDubbo.members/EnableDubbo.members#52.0-1717547560656-java.trap.gz as /Users/burakyetistiren/Desktop/Subject_Prog_CodeQL_Taint/src/main/java/network/Network/trap/java/classes/org/apache/dubbo/config/spring/context/annotation/EnableDubbo.members/EnableDubbo.members#0.0-1717545684700-java.trap.gz exists
[2024-06-04 17:35:23] [javac-extractor-90060] [WARN] Not rewriting trap file for /Users/burakyetistiren/Desktop/Subject_Prog_CodeQL_Taint/src/main/java/network/Network/trap/java/classes/org/apache/dubbo/demo/DemoService.members/DemoService.members#52.0-1717547590819-java.trap.gz as /Users/burakyetistiren/Desktop/Subject_Prog_CodeQL_Taint/src/main/java/network/Network/trap/java/classes/org/apache/dubbo/demo/DemoService.members/DemoService.members#0.0-1717545686223-java.trap.gz exists
[2024-06-04 17:35:23] [javac-extractor-90060] [WARN] Not rewriting trap file for /Users/burakyetistiren/Desktop/Subject_Prog_CodeQL_Taint/src/main/java/network/Network/trap/java/classes/org/springframework/context/annotation/AnnotationConfigApplicationContext.members/AnnotationConfigApplicationContext.members#52.0-1716416282000-java.trap.gz as it exists
[2024-06-04 17:35:23] [javac-extractor-90060] [WARN] Not rewriting trap file for /Users/burakyetistiren/Desktop/Subject_Prog_CodeQL_Taint/src/main/java/network/Network/trap/java/classes/org/springframework/context/annotation/Configuration.members/Configuration.members#52.0-1716416282000-java.trap.gz as it exists
[2024-06-04 17:35:23] [javac-extractor-90060] [WARN] Not rewriting trap file for /Users/burakyetistiren/Desktop/Subject_Prog_CodeQL_Taint/src/main/java/network/Network/trap/java/classes/org/springframework/context/annotation/PropertySource.members/PropertySource.members#52.0-1716416282000-java.trap.gz as it exists
[2024-06-04 17:35:23] [javac-extractor-90060] [WARN] Not rewriting trap file for /Users/burakyetistiren/Desktop/Subject_Prog_CodeQL_Taint/src/main/java/network/Network/trap/java/classes/org/apache/dubbo/demo/consumer/Application.members/Application.members#0.0-1717545686111-java.trap.gz as /Users/burakyetistiren/Desktop/Subject_Prog_CodeQL_Taint/src/main/java/network/Network/trap/java/classes/org/apache/dubbo/demo/consumer/Application.members/Application.members#0.0-1717545686429-java.trap.gz exists
[2024-06-04 17:35:23] [javac-extractor-90060] [WARN] Not rewriting trap file for /Users/burakyetistiren/Desktop/Subject_Prog_CodeQL_Taint/src/main/java/network/Network/trap/java/classes/java/lang/Object.members/Object.members#65.0-1713788650000-java.trap.gz as it exists
[2024-06-04 17:35:23] [javac-extractor-90060] [WARN] Not rewriting trap file for /Users/burakyetistiren/Desktop/Subject_Prog_CodeQL_Taint/src/main/java/network/Network/trap/java/classes/java/lang/String.members/String.members#65.0-1713788650000-java.trap.gz as it exists
[2024-06-04 17:35:23] [javac-extractor-90060] [WARN] Not rewriting trap file for /Users/burakyetistiren/Desktop/Subject_Prog_CodeQL_Taint/src/main/java/network/Network/trap/java/classes/java/lang/Cloneable.members/Cloneable.members#65.0-1713788650000-java.trap.gz as it exists
[2024-06-04 17:35:23] [javac-extractor-90060] [WARN] Not rewriting trap file for /Users/burakyetistiren/Desktop/Subject_Prog_CodeQL_Taint/src/main/java/network/Network/trap/java/classes/java/io/Serializable.members/Serializable.members#65.0-1713788650000-java.trap.gz as it exists
[2024-06-04 17:35:23] [javac-extractor-90060] [WARN] Not rewriting trap file for /Users/burakyetistiren/Desktop/Subject_Prog_CodeQL_Taint/src/main/java/network/Network/trap/java/classes/java/lang/Class.members/Class.members#65.0-1713788650000-java.trap.gz as it exists
[2024-06-04 17:35:23] [javac-extractor-90060] [WARN] Not rewriting trap file for /Users/burakyetistiren/Desktop/Subject_Prog_CodeQL_Taint/src/main/java/network/Network/trap/java/classes/java/lang/reflect/GenericDeclaration.members/GenericDeclaration.members#65.0-1713788650000-java.trap.gz as it exists
[2024-06-04 17:35:23] [javac-extractor-90060] [WARN] Not rewriting trap file for /Users/burakyetistiren/Desktop/Subject_Prog_CodeQL_Taint/src/main/java/network/Network/trap/java/classes/java/lang/reflect/Type.members/Type.members#65.0-1713788650000-java.trap.gz as it exists
[2024-06-04 17:35:23] [javac-extractor-90060] [WARN] Not rewriting trap file for /Users/burakyetistiren/Desktop/Subject_Prog_CodeQL_Taint/src/main/java/network/Network/trap/java/classes/java/lang/reflect/AnnotatedElement.members/AnnotatedElement.members#65.0-1713788650000-java.trap.gz as it exists
[2024-06-04 17:35:23] [javac-extractor-90060] [WARN] Not rewriting trap file for /Users/burakyetistiren/Desktop/Subject_Prog_CodeQL_Taint/src/main/java/network/Network/trap/java/classes/org/springframework/context/support/AbstractApplicationContext.members/AbstractApplicationContext.members#52.0-1716416282000-java.trap.gz as it exists
[2024-06-04 17:35:23] [javac-extractor-90060] [WARN] Not rewriting trap file for /Users/burakyetistiren/Desktop/Subject_Prog_CodeQL_Taint/src/main/java/network/Network/trap/java/classes/java/io/PrintStream.members/PrintStream.members#65.0-1713788650000-java.trap.gz as it exists
[2024-06-04 17:35:23] [javac-extractor-90060] [WARN] Not rewriting trap file for /Users/burakyetistiren/Desktop/Subject_Prog_CodeQL_Taint/src/main/java/network/Network/trap/java/classes/java/lang/System.members/System.members#65.0-1713788650000-java.trap.gz as it exists
[2024-06-04 17:35:23] [javac-extractor-90060] [WARN] Not rewriting trap file for /Users/burakyetistiren/Desktop/Subject_Prog_CodeQL_Taint/src/main/java/network/Network/trap/java/classes/org/springframework/stereotype/Component.members/Component.members#52.0-1716416282000-java.trap.gz as it exists
[2024-06-04 17:35:23] [javac-extractor-90060] [WARN] Not rewriting trap file for /Users/burakyetistiren/Desktop/Subject_Prog_CodeQL_Taint/src/main/java/network/Network/trap/java/classes/java/util/concurrent/CompletableFuture.members/CompletableFuture.members#65.0-1713788650000-java.trap.gz as it exists
[2024-06-04 17:35:23] [javac-extractor-90060] [WARN] Not rewriting trap file for /Users/burakyetistiren/Desktop/Subject_Prog_CodeQL_Taint/src/main/java/network/Network/trap/java/classes/java/util/concurrent/Future.members/Future.members#65.0-1713788650000-java.trap.gz as it exists
[2024-06-04 17:35:23] [javac-extractor-90060] [WARN] Not rewriting trap file for /Users/burakyetistiren/Desktop/Subject_Prog_CodeQL_Taint/src/main/java/network/Network/trap/java/classes/java/util/concurrent/CompletionStage.members/CompletionStage.members#65.0-1713788650000-java.trap.gz as it exists
[2024-06-04 17:35:23] [javac-extractor-90060] [WARN] Not rewriting trap file for /Users/burakyetistiren/Desktop/Subject_Prog_CodeQL_Taint/src/main/java/network/Network/trap/java/classes/java/lang/Override.members/Override.members#65.0-1713788650000-java.trap.gz as it exists
[2024-06-04 17:35:23] [javac-extractor-90060] [WARN] Not rewriting trap file for /Users/burakyetistiren/Desktop/Subject_Prog_CodeQL_Taint/src/main/java/network/Network/trap/java/classes/java/lang/annotation/Annotation.members/Annotation.members#65.0-1713788650000-java.trap.gz as it exists
[2024-06-04 17:35:23] [javac-extractor-90060] [WARN] Not rewriting trap file for /Users/burakyetistiren/Desktop/Subject_Prog_CodeQL_Taint/src/main/java/network/Network/trap/java/classes/java/lang/annotation/Documented.members/Documented.members#65.0-1713788650000-java.trap.gz as it exists
[2024-06-04 17:35:23] [javac-extractor-90060] [WARN] Not rewriting trap file for /Users/burakyetistiren/Desktop/Subject_Prog_CodeQL_Taint/src/main/java/network/Network/trap/java/classes/java/lang/annotation/Repeatable.members/Repeatable.members#65.0-1713788650000-java.trap.gz as it exists
[2024-06-04 17:35:23] [javac-extractor-90060] [WARN] Not rewriting trap file for /Users/burakyetistiren/Desktop/Subject_Prog_CodeQL_Taint/src/main/java/network/Network/trap/java/classes/java/lang/annotation/Retention.members/Retention.members#65.0-1713788650000-java.trap.gz as it exists
[2024-06-04 17:35:23] [javac-extractor-90060] [WARN] Not rewriting trap file for /Users/burakyetistiren/Desktop/Subject_Prog_CodeQL_Taint/src/main/java/network/Network/trap/java/classes/java/lang/annotation/RetentionPolicy.members/RetentionPolicy.members#65.0-1713788650000-java.trap.gz as it exists
[2024-06-04 17:35:23] [javac-extractor-90060] [WARN] Not rewriting trap file for /Users/burakyetistiren/Desktop/Subject_Prog_CodeQL_Taint/src/main/java/network/Network/trap/java/classes/java/lang/annotation/Target.members/Target.members#65.0-1713788650000-java.trap.gz as it exists
[2024-06-04 17:35:23] [javac-extractor-90060] [WARN] Not rewriting trap file for /Users/burakyetistiren/Desktop/Subject_Prog_CodeQL_Taint/src/main/java/network/Network/trap/java/classes/java/lang/annotation/ElementType.members/ElementType.members#65.0-1713788650000-java.trap.gz as it exists
[2024-06-04 17:35:23] [javac-extractor-90060] [WARN] Not rewriting trap file for /Users/burakyetistiren/Desktop/Subject_Prog_CodeQL_Taint/src/main/java/network/Network/trap/java/classes/org/springframework/context/annotation/ScopedProxyMode.members/ScopedProxyMode.members#52.0-1716416282000-java.trap.gz as it exists
[2024-06-04 17:35:23] [javac-extractor-90060] [WARN] Not rewriting trap file for /Users/burakyetistiren/Desktop/Subject_Prog_CodeQL_Taint/src/main/java/network/Network/trap/java/classes/org/springframework/context/annotation/ScopeMetadataResolver.members/ScopeMetadataResolver.members#52.0-1716416282000-java.trap.gz as it exists
[2024-06-04 17:35:23] [javac-extractor-90060] [WARN] Not rewriting trap file for /Users/burakyetistiren/Desktop/Subject_Prog_CodeQL_Taint/src/main/java/network/Network/trap/java/classes/org/springframework/beans/factory/support/BeanNameGenerator.members/BeanNameGenerator.members#52.0-1716416252000-java.trap.gz as it exists
[2024-06-04 17:35:23] [javac-extractor-90060] [WARN] Not rewriting trap file for /Users/burakyetistiren/Desktop/Subject_Prog_CodeQL_Taint/src/main/java/network/Network/trap/java/classes/org/springframework/core/annotation/AliasFor.members/AliasFor.members#52.0-318240000000-java.trap.gz as it exists
[2024-06-04 17:35:23] [javac-extractor-90060] [WARN] Not rewriting trap file for /Users/burakyetistiren/Desktop/Subject_Prog_CodeQL_Taint/src/main/java/network/Network/trap/java/classes/org/springframework/core/io/support/PropertySourceFactory.members/PropertySourceFactory.members#52.0-318240000000-java.trap.gz as it exists
[2024-06-04 17:35:23] [javac-extractor-90060] [WARN] Not rewriting trap file for /Users/burakyetistiren/Desktop/Subject_Prog_CodeQL_Taint/src/main/java/network/Network/trap/java/classes/org/springframework/beans/factory/config/BeanDefinition.members/BeanDefinition.members#52.0-1716416252000-java.trap.gz as it exists
[2024-06-04 17:35:23] [javac-extractor-90060] [WARN] Not rewriting trap file for /Users/burakyetistiren/Desktop/Subject_Prog_CodeQL_Taint/src/main/java/network/Network/trap/java/classes/org/springframework/context/annotation/ScopeMetadata.members/ScopeMetadata.members#52.0-1716416282000-java.trap.gz as it exists
[2024-06-04 17:35:23] [javac-extractor-90060] [WARN] Not rewriting trap file for /Users/burakyetistiren/Desktop/Subject_Prog_CodeQL_Taint/src/main/java/network/Network/trap/java/classes/java/lang/Enum.members/Enum.members#65.0-1713788650000-java.trap.gz as it exists
[2024-06-04 17:35:23] [javac-extractor-90060] [WARN] Not rewriting trap file for /Users/burakyetistiren/Desktop/Subject_Prog_CodeQL_Taint/src/main/java/network/Network/trap/java/classes/java/lang/Comparable.members/Comparable.members#65.0-1713788650000-java.trap.gz as it exists
[2024-06-04 17:35:23] [javac-extractor-90060] [WARN] Not rewriting trap file for /Users/burakyetistiren/Desktop/Subject_Prog_CodeQL_Taint/src/main/java/network/Network/trap/java/classes/java/lang/CloneNotSupportedException.members/CloneNotSupportedException.members#65.0-1713788650000-java.trap.gz as it exists
[2024-06-04 17:35:23] [javac-extractor-90060] Processing file /Users/burakyetistiren/Desktop/Subject_Prog_CodeQL_Taint/src/main/java/network/dubbo-demo/dubbo-demo-annotation/dubbo-demo-annotation-consumer/src/main/java/org/apache/dubbo/demo/consumer/comp/DemoServiceComponent.java
[2024-06-04 17:35:24] [javac-extractor-90060] [WARN] Not rewriting trap file for /Users/burakyetistiren/Desktop/Subject_Prog_CodeQL_Taint/src/main/java/network/Network/trap/java/classes/org/apache/dubbo/config/annotation/DubboReference.members/DubboReference.members#52.0-1717546363479-java.trap.gz as /Users/burakyetistiren/Desktop/Subject_Prog_CodeQL_Taint/src/main/java/network/Network/trap/java/classes/org/apache/dubbo/config/annotation/DubboReference.members/DubboReference.members#0.0-1717545682626-java.trap.gz exists
[2024-06-04 17:35:24] [javac-extractor-90060] [WARN] Not rewriting trap file for /Users/burakyetistiren/Desktop/Subject_Prog_CodeQL_Taint/src/main/java/network/Network/trap/java/classes/org/apache/dubbo/demo/DemoService.members/DemoService.members#52.0-1717547590819-java.trap.gz as /Users/burakyetistiren/Desktop/Subject_Prog_CodeQL_Taint/src/main/java/network/Network/trap/java/classes/org/apache/dubbo/demo/DemoService.members/DemoService.members#0.0-1717545686223-java.trap.gz exists
[2024-06-04 17:35:24] [javac-extractor-90060] [WARN] Not rewriting trap file for /Users/burakyetistiren/Desktop/Subject_Prog_CodeQL_Taint/src/main/java/network/Network/trap/java/classes/java/util/concurrent/CompletableFuture.members/CompletableFuture.members#65.0-1713788650000-java.trap.gz as it exists
[2024-06-04 17:35:24] [javac-extractor-90060] [WARN] Not rewriting trap file for /Users/burakyetistiren/Desktop/Subject_Prog_CodeQL_Taint/src/main/java/network/Network/trap/java/classes/org/springframework/stereotype/Component.members/Component.members#52.0-1716416282000-java.trap.gz as it exists
[2024-06-04 17:35:24] [javac-extractor-90060] [WARN] Not rewriting trap file for /Users/burakyetistiren/Desktop/Subject_Prog_CodeQL_Taint/src/main/java/network/Network/trap/java/classes/org/apache/dubbo/demo/consumer/comp/DemoServiceComponent.members/DemoServiceComponent.members#0.0-1717545686116-java.trap.gz as it exists
[2024-06-04 17:35:24] [javac-extractor-90060] [WARN] Not rewriting trap file for /Users/burakyetistiren/Desktop/Subject_Prog_CodeQL_Taint/src/main/java/network/Network/trap/java/classes/java/lang/Class.members/Class.members#65.0-1713788650000-java.trap.gz as it exists
[2024-06-04 17:35:24] [javac-extractor-90060] [WARN] Not rewriting trap file for /Users/burakyetistiren/Desktop/Subject_Prog_CodeQL_Taint/src/main/java/network/Network/trap/java/classes/java/lang/Object.members/Object.members#65.0-1713788650000-java.trap.gz as it exists
[2024-06-04 17:35:24] [javac-extractor-90060] [WARN] Not rewriting trap file for /Users/burakyetistiren/Desktop/Subject_Prog_CodeQL_Taint/src/main/java/network/Network/trap/java/classes/java/io/Serializable.members/Serializable.members#65.0-1713788650000-java.trap.gz as it exists
[2024-06-04 17:35:24] [javac-extractor-90060] [WARN] Not rewriting trap file for /Users/burakyetistiren/Desktop/Subject_Prog_CodeQL_Taint/src/main/java/network/Network/trap/java/classes/java/lang/reflect/GenericDeclaration.members/GenericDeclaration.members#65.0-1713788650000-java.trap.gz as it exists
[2024-06-04 17:35:24] [javac-extractor-90060] [WARN] Not rewriting trap file for /Users/burakyetistiren/Desktop/Subject_Prog_CodeQL_Taint/src/main/java/network/Network/trap/java/classes/java/lang/reflect/Type.members/Type.members#65.0-1713788650000-java.trap.gz as it exists
[2024-06-04 17:35:24] [javac-extractor-90060] [WARN] Not rewriting trap file for /Users/burakyetistiren/Desktop/Subject_Prog_CodeQL_Taint/src/main/java/network/Network/trap/java/classes/java/lang/reflect/AnnotatedElement.members/AnnotatedElement.members#65.0-1713788650000-java.trap.gz as it exists
[2024-06-04 17:35:24] [javac-extractor-90060] [WARN] Not rewriting trap file for /Users/burakyetistiren/Desktop/Subject_Prog_CodeQL_Taint/src/main/java/network/Network/trap/java/classes/java/lang/String.members/String.members#65.0-1713788650000-java.trap.gz as it exists
[2024-06-04 17:35:24] [javac-extractor-90060] [WARN] Not rewriting trap file for /Users/burakyetistiren/Desktop/Subject_Prog_CodeQL_Taint/src/main/java/network/Network/trap/java/classes/java/lang/Cloneable.members/Cloneable.members#65.0-1713788650000-java.trap.gz as it exists
[2024-06-04 17:35:24] [javac-extractor-90060] [WARN] Not rewriting trap file for /Users/burakyetistiren/Desktop/Subject_Prog_CodeQL_Taint/src/main/java/network/Network/trap/java/classes/org/apache/dubbo/config/annotation/Method.members/Method.members#52.0-1717546356707-java.trap.gz as /Users/burakyetistiren/Desktop/Subject_Prog_CodeQL_Taint/src/main/java/network/Network/trap/java/classes/org/apache/dubbo/config/annotation/Method.members/Method.members#0.0-1717545682627-java.trap.gz exists
[2024-06-04 17:35:24] [javac-extractor-90060] [WARN] Not rewriting trap file for /Users/burakyetistiren/Desktop/Subject_Prog_CodeQL_Taint/src/main/java/network/Network/trap/java/classes/java/lang/Override.members/Override.members#65.0-1713788650000-java.trap.gz as it exists
[2024-06-04 17:35:24] [javac-extractor-90060] [WARN] Not rewriting trap file for /Users/burakyetistiren/Desktop/Subject_Prog_CodeQL_Taint/src/main/java/network/Network/trap/java/classes/java/util/concurrent/Future.members/Future.members#65.0-1713788650000-java.trap.gz as it exists
[2024-06-04 17:35:24] [javac-extractor-90060] [WARN] Not rewriting trap file for /Users/burakyetistiren/Desktop/Subject_Prog_CodeQL_Taint/src/main/java/network/Network/trap/java/classes/java/util/concurrent/CompletionStage.members/CompletionStage.members#65.0-1713788650000-java.trap.gz as it exists
[2024-06-04 17:35:24] [javac-extractor-90060] Javac init time: 2.1s
[2024-06-04 17:35:24] [javac-extractor-90060] Javac attr time: 0.4s
[2024-06-04 17:35:24] [javac-extractor-90060] Extractor time: 0.5s
[2024-06-04 17:35:24] [javac-extractor-90060] Other time: 0.7s
[2024-06-04 17:35:24] [javac-extractor-90060] Total time: 3.7s
