[2024-06-04 17:14:15] [javac-extractor-56252] Starting extraction for:
                                              sun.java.command=com.semmle.extractor.java.JavaExtractor --jdk-version 21 --javac-args @@@/Users/burakyetistiren/Desktop/Subject_Prog_CodeQL_Taint/src/main/java/network/Network/log/ext/javac-4.args
                                              user.dir=/Users/burakyetistiren/Desktop/Subject_Prog_CodeQL_Taint/src/main/java/network/dubbo-compiler
[2024-06-04 17:14:15] [javac-extractor-56252] Compilation name /Users/burakyetistiren/Desktop/Subject_Prog_CodeQL_Taint/src/main/java/network/Network/trap/java/diagnostics/diagnostic-4.trap.gz
[2024-06-04 17:14:15] [javac-extractor-56252] [WARN] Appending source destination directory /Users/burakyetistiren/Desktop/Subject_Prog_CodeQL_Taint/src/main/java/network/dubbo-compiler/target/generated-sources/annotations to sourcepath
[2024-06-04 17:14:17] [javac-extractor-56252] Processing file /Users/burakyetistiren/Desktop/Subject_Prog_CodeQL_Taint/src/main/java/network/dubbo-compiler/src/main/java/org/apache/dubbo/gen/AbstractGenerator.java
[2024-06-04 17:14:18] [javac-extractor-56252] [WARN] Not rewriting trap file for /Users/burakyetistiren/Desktop/Subject_Prog_CodeQL_Taint/src/main/java/network/Network/trap/java/classes/java/util/ArrayList.members/ArrayList.members#65.0-1713788650000-java.trap.gz as it exists
[2024-06-04 17:14:18] [javac-extractor-56252] [WARN] Not rewriting trap file for /Users/burakyetistiren/Desktop/Subject_Prog_CodeQL_Taint/src/main/java/network/Network/trap/java/classes/java/util/Arrays.members/Arrays.members#65.0-1713788650000-java.trap.gz as it exists
[2024-06-04 17:14:18] [javac-extractor-56252] [WARN] Not rewriting trap file for /Users/burakyetistiren/Desktop/Subject_Prog_CodeQL_Taint/src/main/java/network/Network/trap/java/classes/java/util/Collections.members/Collections.members#65.0-1713788650000-java.trap.gz as it exists
[2024-06-04 17:14:18] [javac-extractor-56252] [WARN] Not rewriting trap file for /Users/burakyetistiren/Desktop/Subject_Prog_CodeQL_Taint/src/main/java/network/Network/trap/java/classes/java/util/HashSet.members/HashSet.members#65.0-1713788650000-java.trap.gz as it exists
[2024-06-04 17:14:18] [javac-extractor-56252] [WARN] Not rewriting trap file for /Users/burakyetistiren/Desktop/Subject_Prog_CodeQL_Taint/src/main/java/network/Network/trap/java/classes/java/util/List.members/List.members#65.0-1713788650000-java.trap.gz as it exists
[2024-06-04 17:14:18] [javac-extractor-56252] [WARN] Not rewriting trap file for /Users/burakyetistiren/Desktop/Subject_Prog_CodeQL_Taint/src/main/java/network/Network/trap/java/classes/java/util/Set.members/Set.members#65.0-1713788650000-java.trap.gz as it exists
[2024-06-04 17:14:18] [javac-extractor-56252] [WARN] Not rewriting trap file for /Users/burakyetistiren/Desktop/Subject_Prog_CodeQL_Taint/src/main/java/network/Network/trap/java/classes/java/util/stream/Collectors.members/Collectors.members#65.0-1713788650000-java.trap.gz as it exists
[2024-06-04 17:14:19] [javac-extractor-56252] [WARN] Not rewriting trap file for /Users/burakyetistiren/Desktop/Subject_Prog_CodeQL_Taint/src/main/java/network/Network/trap/java/classes/java/lang/String.members/String.members#65.0-1713788650000-java.trap.gz as it exists
[2024-06-04 17:14:19] [javac-extractor-56252] [WARN] Not rewriting trap file for /Users/burakyetistiren/Desktop/Subject_Prog_CodeQL_Taint/src/main/java/network/Network/trap/java/classes/java/util/Collection.members/Collection.members#65.0-1713788650000-java.trap.gz as it exists
[2024-06-04 17:14:19] [javac-extractor-56252] [WARN] Not rewriting trap file for /Users/burakyetistiren/Desktop/Subject_Prog_CodeQL_Taint/src/main/java/network/Network/trap/java/classes/java/lang/Iterable.members/Iterable.members#65.0-1713788650000-java.trap.gz as it exists
[2024-06-04 17:14:19] [javac-extractor-56252] [WARN] Not rewriting trap file for /Users/burakyetistiren/Desktop/Subject_Prog_CodeQL_Taint/src/main/java/network/Network/trap/java/classes/java/lang/Object.members/Object.members#65.0-1713788650000-java.trap.gz as it exists
[2024-06-04 17:14:19] [javac-extractor-56252] [WARN] Not rewriting trap file for /Users/burakyetistiren/Desktop/Subject_Prog_CodeQL_Taint/src/main/java/network/Network/trap/java/classes/java/lang/Override.members/Override.members#65.0-1713788650000-java.trap.gz as it exists
[2024-06-04 17:14:19] [javac-extractor-56252] [WARN] Not rewriting trap file for /Users/burakyetistiren/Desktop/Subject_Prog_CodeQL_Taint/src/main/java/network/Network/trap/java/classes/java/util/stream/Stream.members/Stream.members#65.0-1713788650000-java.trap.gz as it exists
[2024-06-04 17:14:19] [javac-extractor-56252] [WARN] Not rewriting trap file for /Users/burakyetistiren/Desktop/Subject_Prog_CodeQL_Taint/src/main/java/network/Network/trap/java/classes/java/util/stream/BaseStream.members/BaseStream.members#65.0-1713788650000-java.trap.gz as it exists
[2024-06-04 17:14:19] [javac-extractor-56252] [WARN] Not rewriting trap file for /Users/burakyetistiren/Desktop/Subject_Prog_CodeQL_Taint/src/main/java/network/Network/trap/java/classes/java/lang/AutoCloseable.members/AutoCloseable.members#65.0-1713788650000-java.trap.gz as it exists
[2024-06-04 17:14:19] [javac-extractor-56252] [WARN] Not rewriting trap file for /Users/burakyetistiren/Desktop/Subject_Prog_CodeQL_Taint/src/main/java/network/Network/trap/java/classes/java/util/stream/Collector.members/Collector.members#65.0-1713788650000-java.trap.gz as it exists
[2024-06-04 17:14:19] [javac-extractor-56252] [WARN] Not rewriting trap file for /Users/burakyetistiren/Desktop/Subject_Prog_CodeQL_Taint/src/main/java/network/Network/trap/java/classes/java/lang/Runnable.members/Runnable.members#65.0-1713788650000-java.trap.gz as it exists
[2024-06-04 17:14:19] [javac-extractor-56252] [WARN] Not rewriting trap file for /Users/burakyetistiren/Desktop/Subject_Prog_CodeQL_Taint/src/main/java/network/Network/trap/java/classes/java/util/Spliterator.members/Spliterator.members#65.0-1713788650000-java.trap.gz as it exists
[2024-06-04 17:14:19] [javac-extractor-56252] [WARN] Not rewriting trap file for /Users/burakyetistiren/Desktop/Subject_Prog_CodeQL_Taint/src/main/java/network/Network/trap/java/classes/java/util/Iterator.members/Iterator.members#65.0-1713788650000-java.trap.gz as it exists
[2024-06-04 17:14:19] [javac-extractor-56252] [WARN] Not rewriting trap file for /Users/burakyetistiren/Desktop/Subject_Prog_CodeQL_Taint/src/main/java/network/Network/trap/java/classes/java/util/function/Supplier.members/Supplier.members#65.0-1713788650000-java.trap.gz as it exists
[2024-06-04 17:14:19] [javac-extractor-56252] [WARN] Not rewriting trap file for /Users/burakyetistiren/Desktop/Subject_Prog_CodeQL_Taint/src/main/java/network/Network/trap/java/classes/java/lang/FunctionalInterface.members/FunctionalInterface.members#65.0-1713788650000-java.trap.gz as it exists
[2024-06-04 17:14:19] [javac-extractor-56252] [WARN] Not rewriting trap file for /Users/burakyetistiren/Desktop/Subject_Prog_CodeQL_Taint/src/main/java/network/Network/trap/java/classes/java/util/function/UnaryOperator.members/UnaryOperator.members#65.0-1713788650000-java.trap.gz as it exists
[2024-06-04 17:14:19] [javac-extractor-56252] [WARN] Not rewriting trap file for /Users/burakyetistiren/Desktop/Subject_Prog_CodeQL_Taint/src/main/java/network/Network/trap/java/classes/java/util/function/Function.members/Function.members#65.0-1713788650000-java.trap.gz as it exists
[2024-06-04 17:14:19] [javac-extractor-56252] [WARN] Not rewriting trap file for /Users/burakyetistiren/Desktop/Subject_Prog_CodeQL_Taint/src/main/java/network/Network/trap/java/classes/java/lang/Cloneable.members/Cloneable.members#65.0-1713788650000-java.trap.gz as it exists
[2024-06-04 17:14:19] [javac-extractor-56252] [WARN] Not rewriting trap file for /Users/burakyetistiren/Desktop/Subject_Prog_CodeQL_Taint/src/main/java/network/Network/trap/java/classes/java/io/Serializable.members/Serializable.members#65.0-1713788650000-java.trap.gz as it exists
[2024-06-04 17:14:19] [javac-extractor-56252] [WARN] Not rewriting trap file for /Users/burakyetistiren/Desktop/Subject_Prog_CodeQL_Taint/src/main/java/network/Network/trap/java/classes/java/util/stream/Stream$Builder.members/Stream$Builder.members#65.0-1713788650000-java.trap.gz as it exists
[2024-06-04 17:14:19] [javac-extractor-56252] [WARN] Not rewriting trap file for /Users/burakyetistiren/Desktop/Subject_Prog_CodeQL_Taint/src/main/java/network/Network/trap/java/classes/java/util/function/Consumer.members/Consumer.members#65.0-1713788650000-java.trap.gz as it exists
[2024-06-04 17:14:19] [javac-extractor-56252] [WARN] Not rewriting trap file for /Users/burakyetistiren/Desktop/Subject_Prog_CodeQL_Taint/src/main/java/network/Network/trap/java/classes/java/util/Optional.members/Optional.members#65.0-1713788650000-java.trap.gz as it exists
[2024-06-04 17:14:19] [javac-extractor-56252] [WARN] Not rewriting trap file for /Users/burakyetistiren/Desktop/Subject_Prog_CodeQL_Taint/src/main/java/network/Network/trap/java/classes/java/util/function/Predicate.members/Predicate.members#65.0-1713788650000-java.trap.gz as it exists
[2024-06-04 17:14:19] [javac-extractor-56252] [WARN] Not rewriting trap file for /Users/burakyetistiren/Desktop/Subject_Prog_CodeQL_Taint/src/main/java/network/Network/trap/java/classes/java/util/Comparator.members/Comparator.members#65.0-1713788650000-java.trap.gz as it exists
[2024-06-04 17:14:19] [javac-extractor-56252] [WARN] Not rewriting trap file for /Users/burakyetistiren/Desktop/Subject_Prog_CodeQL_Taint/src/main/java/network/Network/trap/java/classes/java/util/function/BiConsumer.members/BiConsumer.members#65.0-1713788650000-java.trap.gz as it exists
[2024-06-04 17:14:19] [javac-extractor-56252] [WARN] Not rewriting trap file for /Users/burakyetistiren/Desktop/Subject_Prog_CodeQL_Taint/src/main/java/network/Network/trap/java/classes/java/util/function/BiFunction.members/BiFunction.members#65.0-1713788650000-java.trap.gz as it exists
[2024-06-04 17:14:19] [javac-extractor-56252] [WARN] Not rewriting trap file for /Users/burakyetistiren/Desktop/Subject_Prog_CodeQL_Taint/src/main/java/network/Network/trap/java/classes/java/util/function/BinaryOperator.members/BinaryOperator.members#65.0-1713788650000-java.trap.gz as it exists
[2024-06-04 17:14:19] [javac-extractor-56252] [WARN] Not rewriting trap file for /Users/burakyetistiren/Desktop/Subject_Prog_CodeQL_Taint/src/main/java/network/Network/trap/java/classes/java/util/function/IntFunction.members/IntFunction.members#65.0-1713788650000-java.trap.gz as it exists
[2024-06-04 17:14:19] [javac-extractor-56252] [WARN] Not rewriting trap file for /Users/burakyetistiren/Desktop/Subject_Prog_CodeQL_Taint/src/main/java/network/Network/trap/java/classes/java/util/stream/DoubleStream.members/DoubleStream.members#65.0-1713788650000-java.trap.gz as it exists
[2024-06-04 17:14:19] [javac-extractor-56252] [WARN] Not rewriting trap file for /Users/burakyetistiren/Desktop/Subject_Prog_CodeQL_Taint/src/main/java/network/Network/trap/java/classes/java/util/stream/LongStream.members/LongStream.members#65.0-1713788650000-java.trap.gz as it exists
[2024-06-04 17:14:19] [javac-extractor-56252] [WARN] Not rewriting trap file for /Users/burakyetistiren/Desktop/Subject_Prog_CodeQL_Taint/src/main/java/network/Network/trap/java/classes/java/util/stream/IntStream.members/IntStream.members#65.0-1713788650000-java.trap.gz as it exists
[2024-06-04 17:14:19] [javac-extractor-56252] [WARN] Not rewriting trap file for /Users/burakyetistiren/Desktop/Subject_Prog_CodeQL_Taint/src/main/java/network/Network/trap/java/classes/java/util/function/ToDoubleFunction.members/ToDoubleFunction.members#65.0-1713788650000-java.trap.gz as it exists
[2024-06-04 17:14:19] [javac-extractor-56252] [WARN] Not rewriting trap file for /Users/burakyetistiren/Desktop/Subject_Prog_CodeQL_Taint/src/main/java/network/Network/trap/java/classes/java/util/function/ToLongFunction.members/ToLongFunction.members#65.0-1713788650000-java.trap.gz as it exists
[2024-06-04 17:14:19] [javac-extractor-56252] [WARN] Not rewriting trap file for /Users/burakyetistiren/Desktop/Subject_Prog_CodeQL_Taint/src/main/java/network/Network/trap/java/classes/java/util/function/ToIntFunction.members/ToIntFunction.members#65.0-1713788650000-java.trap.gz as it exists
[2024-06-04 17:14:19] [javac-extractor-56252] [WARN] Not rewriting trap file for /Users/burakyetistiren/Desktop/Subject_Prog_CodeQL_Taint/src/main/java/network/Network/trap/java/classes/java/util/ListIterator.members/ListIterator.members#65.0-1713788650000-java.trap.gz as it exists
[2024-06-04 17:14:19] [javac-extractor-56252] [WARN] Not rewriting trap file for /Users/burakyetistiren/Desktop/Subject_Prog_CodeQL_Taint/src/main/java/network/Network/trap/java/classes/java/util/AbstractList.members/AbstractList.members#65.0-1713788650000-java.trap.gz as it exists
[2024-06-04 17:14:19] [javac-extractor-56252] [WARN] Not rewriting trap file for /Users/burakyetistiren/Desktop/Subject_Prog_CodeQL_Taint/src/main/java/network/Network/trap/java/classes/java/util/AbstractCollection.members/AbstractCollection.members#65.0-1713788650000-java.trap.gz as it exists
[2024-06-04 17:14:19] [javac-extractor-56252] [WARN] Not rewriting trap file for /Users/burakyetistiren/Desktop/Subject_Prog_CodeQL_Taint/src/main/java/network/Network/trap/java/classes/java/util/RandomAccess.members/RandomAccess.members#65.0-1713788650000-java.trap.gz as it exists
[2024-06-04 17:14:19] [javac-extractor-56252] [WARN] Not rewriting trap file for /Users/burakyetistiren/Desktop/Subject_Prog_CodeQL_Taint/src/main/java/network/Network/trap/java/classes/java/lang/Throwable.members/Throwable.members#65.0-1713788650000-java.trap.gz as it exists
[2024-06-04 17:14:19] [javac-extractor-56252] [WARN] Not rewriting trap file for /Users/burakyetistiren/Desktop/Subject_Prog_CodeQL_Taint/src/main/java/network/Network/trap/java/classes/java/lang/Character.members/Character.members#65.0-1713788650000-java.trap.gz as it exists
[2024-06-04 17:14:19] [javac-extractor-56252] [WARN] Not rewriting trap file for /Users/burakyetistiren/Desktop/Subject_Prog_CodeQL_Taint/src/main/java/network/Network/trap/java/classes/java/lang/StringBuilder.members/StringBuilder.members#65.0-1713788650000-java.trap.gz as it exists
[2024-06-04 17:14:19] [javac-extractor-56252] [WARN] Not rewriting trap file for /Users/burakyetistiren/Desktop/Subject_Prog_CodeQL_Taint/src/main/java/network/Network/trap/java/classes/java/lang/CharSequence.members/CharSequence.members#65.0-1713788650000-java.trap.gz as it exists
[2024-06-04 17:14:19] [javac-extractor-56252] [WARN] Not rewriting trap file for /Users/burakyetistiren/Desktop/Subject_Prog_CodeQL_Taint/src/main/java/network/Network/trap/java/classes/java/util/AbstractSet.members/AbstractSet.members#65.0-1713788650000-java.trap.gz as it exists
[2024-06-04 17:14:19] [javac-extractor-56252] [WARN] Not rewriting trap file for /Users/burakyetistiren/Desktop/Subject_Prog_CodeQL_Taint/src/main/java/network/Network/trap/java/classes/com/google/errorprone/annotations/InlineMe.members/InlineMe.members#51.0-1643137510000-java.trap.gz as /Users/burakyetistiren/Desktop/Subject_Prog_CodeQL_Taint/src/main/java/network/Network/trap/java/classes/com/google/errorprone/annotations/InlineMe.members/InlineMe.members#52.0-1714171926000-java.trap.gz exists
[2024-06-04 17:14:19] [javac-extractor-56252] [WARN] Not rewriting trap file for /Users/burakyetistiren/Desktop/Subject_Prog_CodeQL_Taint/src/main/java/network/Network/trap/java/classes/java/io/IOException.members/IOException.members#65.0-1713788650000-java.trap.gz as it exists
[2024-06-04 17:14:19] [javac-extractor-56252] [WARN] Not rewriting trap file for /Users/burakyetistiren/Desktop/Subject_Prog_CodeQL_Taint/src/main/java/network/Network/trap/java/classes/java/io/InputStream.members/InputStream.members#65.0-1713788650000-java.trap.gz as it exists
[2024-06-04 17:14:19] [javac-extractor-56252] [WARN] Not rewriting trap file for /Users/burakyetistiren/Desktop/Subject_Prog_CodeQL_Taint/src/main/java/network/Network/trap/java/classes/java/nio/ByteBuffer.members/ByteBuffer.members#65.0-1713788650000-java.trap.gz as it exists
[2024-06-04 17:14:19] [javac-extractor-56252] [WARN] Not rewriting trap file for /Users/burakyetistiren/Desktop/Subject_Prog_CodeQL_Taint/src/main/java/network/Network/trap/java/classes/java/lang/Integer.members/Integer.members#65.0-1713788650000-java.trap.gz as it exists
[2024-06-04 17:14:19] [javac-extractor-56252] [WARN] Not rewriting trap file for /Users/burakyetistiren/Desktop/Subject_Prog_CodeQL_Taint/src/main/java/network/Network/trap/java/classes/java/lang/Deprecated.members/Deprecated.members#65.0-1713788650000-java.trap.gz as it exists
[2024-06-04 17:14:19] [javac-extractor-56252] [WARN] Not rewriting trap file for /Users/burakyetistiren/Desktop/Subject_Prog_CodeQL_Taint/src/main/java/network/Network/trap/java/classes/java/util/Map.members/Map.members#65.0-1713788650000-java.trap.gz as it exists
[2024-06-04 17:14:20] [javac-extractor-56252] [WARN] Not rewriting trap file for /Users/burakyetistiren/Desktop/Subject_Prog_CodeQL_Taint/src/main/java/network/Network/trap/java/classes/java/lang/Enum.members/Enum.members#65.0-1713788650000-java.trap.gz as it exists
[2024-06-04 17:14:20] [javac-extractor-56252] [WARN] Not rewriting trap file for /Users/burakyetistiren/Desktop/Subject_Prog_CodeQL_Taint/src/main/java/network/Network/trap/java/classes/java/lang/Comparable.members/Comparable.members#65.0-1713788650000-java.trap.gz as it exists
[2024-06-04 17:14:20] [javac-extractor-56252] [WARN] Not rewriting trap file for /Users/burakyetistiren/Desktop/Subject_Prog_CodeQL_Taint/src/main/java/network/Network/trap/java/classes/java/lang/Class.members/Class.members#65.0-1713788650000-java.trap.gz as it exists
[2024-06-04 17:14:20] [javac-extractor-56252] [WARN] Not rewriting trap file for /Users/burakyetistiren/Desktop/Subject_Prog_CodeQL_Taint/src/main/java/network/Network/trap/java/classes/java/lang/reflect/GenericDeclaration.members/GenericDeclaration.members#65.0-1713788650000-java.trap.gz as it exists
[2024-06-04 17:14:20] [javac-extractor-56252] [WARN] Not rewriting trap file for /Users/burakyetistiren/Desktop/Subject_Prog_CodeQL_Taint/src/main/java/network/Network/trap/java/classes/java/lang/reflect/Type.members/Type.members#65.0-1713788650000-java.trap.gz as it exists
[2024-06-04 17:14:20] [javac-extractor-56252] [WARN] Not rewriting trap file for /Users/burakyetistiren/Desktop/Subject_Prog_CodeQL_Taint/src/main/java/network/Network/trap/java/classes/java/lang/reflect/AnnotatedElement.members/AnnotatedElement.members#65.0-1713788650000-java.trap.gz as it exists
[2024-06-04 17:14:20] [javac-extractor-56252] [WARN] Not rewriting trap file for /Users/burakyetistiren/Desktop/Subject_Prog_CodeQL_Taint/src/main/java/network/Network/trap/java/classes/java/lang/CloneNotSupportedException.members/CloneNotSupportedException.members#65.0-1713788650000-java.trap.gz as it exists
[2024-06-04 17:14:20] [javac-extractor-56252] [WARN] Not rewriting trap file for /Users/burakyetistiren/Desktop/Subject_Prog_CodeQL_Taint/src/main/java/network/Network/trap/java/classes/java/lang/RuntimeException.members/RuntimeException.members#65.0-1713788650000-java.trap.gz as it exists
[2024-06-04 17:14:21] [javac-extractor-56252] [WARN] Not rewriting trap file for /Users/burakyetistiren/Desktop/Subject_Prog_CodeQL_Taint/src/main/java/network/Network/trap/java/classes/java/lang/annotation/Annotation.members/Annotation.members#65.0-1713788650000-java.trap.gz as it exists
[2024-06-04 17:14:21] [javac-extractor-56252] [WARN] Not rewriting trap file for /Users/burakyetistiren/Desktop/Subject_Prog_CodeQL_Taint/src/main/java/network/Network/trap/java/classes/java/lang/annotation/Documented.members/Documented.members#65.0-1713788650000-java.trap.gz as it exists
[2024-06-04 17:14:21] [javac-extractor-56252] [WARN] Not rewriting trap file for /Users/burakyetistiren/Desktop/Subject_Prog_CodeQL_Taint/src/main/java/network/Network/trap/java/classes/java/lang/annotation/Retention.members/Retention.members#65.0-1713788650000-java.trap.gz as it exists
[2024-06-04 17:14:21] [javac-extractor-56252] [WARN] Not rewriting trap file for /Users/burakyetistiren/Desktop/Subject_Prog_CodeQL_Taint/src/main/java/network/Network/trap/java/classes/java/lang/annotation/RetentionPolicy.members/RetentionPolicy.members#65.0-1713788650000-java.trap.gz as it exists
[2024-06-04 17:14:21] [javac-extractor-56252] [WARN] Not rewriting trap file for /Users/burakyetistiren/Desktop/Subject_Prog_CodeQL_Taint/src/main/java/network/Network/trap/java/classes/java/lang/annotation/Target.members/Target.members#65.0-1713788650000-java.trap.gz as it exists
[2024-06-04 17:14:21] [javac-extractor-56252] [WARN] Not rewriting trap file for /Users/burakyetistiren/Desktop/Subject_Prog_CodeQL_Taint/src/main/java/network/Network/trap/java/classes/java/lang/annotation/ElementType.members/ElementType.members#65.0-1713788650000-java.trap.gz as it exists
[2024-06-04 17:14:21] [javac-extractor-56252] [WARN] Not rewriting trap file for /Users/burakyetistiren/Desktop/Subject_Prog_CodeQL_Taint/src/main/java/network/Network/trap/java/classes/java/lang/Boolean.members/Boolean.members#65.0-1713788650000-java.trap.gz as it exists
[2024-06-04 17:14:21] [javac-extractor-56252] [WARN] Not rewriting trap file for /Users/burakyetistiren/Desktop/Subject_Prog_CodeQL_Taint/src/main/java/network/Network/trap/java/classes/java/lang/Long.members/Long.members#65.0-1713788650000-java.trap.gz as it exists
[2024-06-04 17:14:21] [javac-extractor-56252] [WARN] Not rewriting trap file for /Users/burakyetistiren/Desktop/Subject_Prog_CodeQL_Taint/src/main/java/network/Network/trap/java/classes/java/io/ObjectStreamException.members/ObjectStreamException.members#65.0-1713788650000-java.trap.gz as it exists
[2024-06-04 17:14:21] [javac-extractor-56252] [WARN] Not rewriting trap file for /Users/burakyetistiren/Desktop/Subject_Prog_CodeQL_Taint/src/main/java/network/Network/trap/java/classes/java/lang/Exception.members/Exception.members#65.0-1713788650000-java.trap.gz as it exists
[2024-06-04 17:14:21] [javac-extractor-56252] [WARN] Not rewriting trap file for /Users/burakyetistiren/Desktop/Subject_Prog_CodeQL_Taint/src/main/java/network/Network/trap/java/classes/java/lang/Byte.members/Byte.members#65.0-1713788650000-java.trap.gz as it exists
[2024-06-04 17:14:21] [javac-extractor-56252] [WARN] Not rewriting trap file for /Users/burakyetistiren/Desktop/Subject_Prog_CodeQL_Taint/src/main/java/network/Network/trap/java/classes/java/nio/charset/Charset.members/Charset.members#65.0-1713788650000-java.trap.gz as it exists
[2024-06-04 17:14:21] [javac-extractor-56252] [WARN] Not rewriting trap file for /Users/burakyetistiren/Desktop/Subject_Prog_CodeQL_Taint/src/main/java/network/Network/trap/java/classes/java/io/UnsupportedEncodingException.members/UnsupportedEncodingException.members#65.0-1713788650000-java.trap.gz as it exists
[2024-06-04 17:14:21] [javac-extractor-56252] [WARN] Not rewriting trap file for /Users/burakyetistiren/Desktop/Subject_Prog_CodeQL_Taint/src/main/java/network/Network/trap/java/classes/java/io/OutputStream.members/OutputStream.members#65.0-1713788650000-java.trap.gz as it exists
[2024-06-04 17:14:22] [javac-extractor-56252] [WARN] Not rewriting trap file for /Users/burakyetistiren/Desktop/Subject_Prog_CodeQL_Taint/src/main/java/network/Network/trap/java/classes/java/lang/IllegalArgumentException.members/IllegalArgumentException.members#65.0-1713788650000-java.trap.gz as it exists
[2024-06-04 17:14:23] [javac-extractor-56252] [WARN] Not rewriting trap file for /Users/burakyetistiren/Desktop/Subject_Prog_CodeQL_Taint/src/main/java/network/Network/trap/java/classes/java/lang/annotation/Inherited.members/Inherited.members#65.0-1713788650000-java.trap.gz as it exists
[2024-06-04 17:14:23] [javac-extractor-56252] [WARN] Not rewriting trap file for /Users/burakyetistiren/Desktop/Subject_Prog_CodeQL_Taint/src/main/java/network/Network/trap/java/classes/com/google/errorprone/annotations/CanIgnoreReturnValue.members/CanIgnoreReturnValue.members#51.0-1643137510000-java.trap.gz as /Users/burakyetistiren/Desktop/Subject_Prog_CodeQL_Taint/src/main/java/network/Network/trap/java/classes/com/google/errorprone/annotations/CanIgnoreReturnValue.members/CanIgnoreReturnValue.members#52.0-1714171926000-java.trap.gz exists
[2024-06-04 17:14:23] [javac-extractor-56252] [WARN] Not rewriting trap file for /Users/burakyetistiren/Desktop/Subject_Prog_CodeQL_Taint/src/main/java/network/Network/trap/java/classes/java/lang/Double.members/Double.members#65.0-1713788650000-java.trap.gz as it exists
[2024-06-04 17:14:23] [javac-extractor-56252] [WARN] Not rewriting trap file for /Users/burakyetistiren/Desktop/Subject_Prog_CodeQL_Taint/src/main/java/network/Network/trap/java/classes/java/lang/Float.members/Float.members#65.0-1713788650000-java.trap.gz as it exists
[2024-06-04 17:14:23] [javac-extractor-56252] [WARN] Not rewriting trap file for /Users/burakyetistiren/Desktop/Subject_Prog_CodeQL_Taint/src/main/java/network/Network/trap/java/classes/java/lang/reflect/Method.members/Method.members#65.0-1713788650000-java.trap.gz as it exists
[2024-06-04 17:14:23] [javac-extractor-56252] [WARN] Not rewriting trap file for /Users/burakyetistiren/Desktop/Subject_Prog_CodeQL_Taint/src/main/java/network/Network/trap/java/classes/java/util/Map$Entry.members/Map$Entry.members#65.0-1713788650000-java.trap.gz as it exists
[2024-06-04 17:14:24] [javac-extractor-56252] [WARN] Not rewriting trap file for /Users/burakyetistiren/Desktop/Subject_Prog_CodeQL_Taint/src/main/java/network/Network/trap/java/classes/java/util/LinkedHashMap.members/LinkedHashMap.members#65.0-1713788650000-java.trap.gz as it exists
[2024-06-04 17:14:24] [javac-extractor-56252] [WARN] Not rewriting trap file for /Users/burakyetistiren/Desktop/Subject_Prog_CodeQL_Taint/src/main/java/network/Network/trap/java/classes/java/util/HashMap.members/HashMap.members#65.0-1713788650000-java.trap.gz as it exists
[2024-06-04 17:14:24] [javac-extractor-56252] [WARN] Not rewriting trap file for /Users/burakyetistiren/Desktop/Subject_Prog_CodeQL_Taint/src/main/java/network/Network/trap/java/classes/java/util/AbstractMap.members/AbstractMap.members#65.0-1713788650000-java.trap.gz as it exists
[2024-06-04 17:14:24] [javac-extractor-56252] Processing JAR file: /Users/burakyetistiren/.m2/repository/com/salesforce/servicelibs/jprotoc/1.2.2/jprotoc-1.2.2.jar
[2024-06-04 17:14:24] [javac-extractor-56252] Processing file /Users/burakyetistiren/Desktop/Subject_Prog_CodeQL_Taint/src/main/java/network/dubbo-compiler/src/main/java/org/apache/dubbo/gen/dubbo/Dubbo3Generator.java
[2024-06-04 17:14:24] [javac-extractor-56252] [WARN] Not rewriting trap file for /Users/burakyetistiren/Desktop/Subject_Prog_CodeQL_Taint/src/main/java/network/Network/trap/java/classes/org/apache/dubbo/gen/AbstractGenerator.members/AbstractGenerator.members#0.0-1717545684290-java.trap.gz as it exists
[2024-06-04 17:14:24] [javac-extractor-56252] [WARN] Not rewriting trap file for /Users/burakyetistiren/Desktop/Subject_Prog_CodeQL_Taint/src/main/java/network/Network/trap/java/classes/java/lang/String.members/String.members#65.0-1713788650000-java.trap.gz as it exists
[2024-06-04 17:14:24] [javac-extractor-56252] [WARN] Not rewriting trap file for /Users/burakyetistiren/Desktop/Subject_Prog_CodeQL_Taint/src/main/java/network/Network/trap/java/classes/java/lang/Object.members/Object.members#65.0-1713788650000-java.trap.gz as it exists
[2024-06-04 17:14:24] [javac-extractor-56252] [WARN] Not rewriting trap file for /Users/burakyetistiren/Desktop/Subject_Prog_CodeQL_Taint/src/main/java/network/Network/trap/java/classes/java/lang/Cloneable.members/Cloneable.members#65.0-1713788650000-java.trap.gz as it exists
[2024-06-04 17:14:24] [javac-extractor-56252] [WARN] Not rewriting trap file for /Users/burakyetistiren/Desktop/Subject_Prog_CodeQL_Taint/src/main/java/network/Network/trap/java/classes/java/io/Serializable.members/Serializable.members#65.0-1713788650000-java.trap.gz as it exists
[2024-06-04 17:14:24] [javac-extractor-56252] [WARN] Not rewriting trap file for /Users/burakyetistiren/Desktop/Subject_Prog_CodeQL_Taint/src/main/java/network/Network/trap/java/classes/com/salesforce/jprotoc/Generator.members/Generator.members#52.0-1681243974000-java.trap.gz as it exists
[2024-06-04 17:14:24] [javac-extractor-56252] [WARN] Not rewriting trap file for /Users/burakyetistiren/Desktop/Subject_Prog_CodeQL_Taint/src/main/java/network/Network/trap/java/classes/java/lang/Override.members/Override.members#65.0-1713788650000-java.trap.gz as it exists
[2024-06-04 17:14:24] [javac-extractor-56252] [WARN] Not rewriting trap file for /Users/burakyetistiren/Desktop/Subject_Prog_CodeQL_Taint/src/main/java/network/Network/trap/java/classes/java/util/List.members/List.members#65.0-1713788650000-java.trap.gz as it exists
[2024-06-04 17:14:24] [javac-extractor-56252] [WARN] Not rewriting trap file for /Users/burakyetistiren/Desktop/Subject_Prog_CodeQL_Taint/src/main/java/network/Network/trap/java/classes/java/util/Collection.members/Collection.members#65.0-1713788650000-java.trap.gz as it exists
[2024-06-04 17:14:24] [javac-extractor-56252] [WARN] Not rewriting trap file for /Users/burakyetistiren/Desktop/Subject_Prog_CodeQL_Taint/src/main/java/network/Network/trap/java/classes/java/lang/Iterable.members/Iterable.members#65.0-1713788650000-java.trap.gz as it exists
[2024-06-04 17:14:24] [javac-extractor-56252] [WARN] Not rewriting trap file for /Users/burakyetistiren/Desktop/Subject_Prog_CodeQL_Taint/src/main/java/network/Network/trap/java/classes/com/google/protobuf/compiler/PluginProtos$CodeGeneratorRequest.members/PluginProtos$CodeGeneratorRequest.members#52.0-476092802000-java.trap.gz as it exists
[2024-06-04 17:14:24] [javac-extractor-56252] [WARN] Not rewriting trap file for /Users/burakyetistiren/Desktop/Subject_Prog_CodeQL_Taint/src/main/java/network/Network/trap/java/classes/com/google/protobuf/compiler/PluginProtos$CodeGeneratorResponse.members/PluginProtos$CodeGeneratorResponse.members#52.0-476092802000-java.trap.gz as it exists
[2024-06-04 17:14:24] [javac-extractor-56252] [WARN] Not rewriting trap file for /Users/burakyetistiren/Desktop/Subject_Prog_CodeQL_Taint/src/main/java/network/Network/trap/java/classes/javax/annotation/Nonnull.members/Nonnull.members#49.0-1490982930000-java.trap.gz as it exists
[2024-06-04 17:14:24] [javac-extractor-56252] [WARN] Not rewriting trap file for /Users/burakyetistiren/Desktop/Subject_Prog_CodeQL_Taint/src/main/java/network/Network/trap/java/classes/javax/annotation/meta/When.members/When.members#49.0-1490982930000-java.trap.gz as it exists
[2024-06-04 17:14:24] [javac-extractor-56252] [WARN] Not rewriting trap file for /Users/burakyetistiren/Desktop/Subject_Prog_CodeQL_Taint/src/main/java/network/Network/trap/java/classes/com/google/protobuf/GeneratedMessage$GeneratedExtension.members/GeneratedMessage$GeneratedExtension.members#52.0-476092802000-java.trap.gz as it exists
[2024-06-04 17:14:24] [javac-extractor-56252] [WARN] Not rewriting trap file for /Users/burakyetistiren/Desktop/Subject_Prog_CodeQL_Taint/src/main/java/network/Network/trap/java/classes/com/google/protobuf/Extension.members/Extension.members#52.0-476092802000-java.trap.gz as it exists
[2024-06-04 17:14:24] [javac-extractor-56252] [WARN] Not rewriting trap file for /Users/burakyetistiren/Desktop/Subject_Prog_CodeQL_Taint/src/main/java/network/Network/trap/java/classes/com/google/protobuf/ExtensionLite.members/ExtensionLite.members#52.0-476092802000-java.trap.gz as it exists
[2024-06-04 17:14:24] [javac-extractor-56252] [WARN] Not rewriting trap file for /Users/burakyetistiren/Desktop/Subject_Prog_CodeQL_Taint/src/main/java/network/Network/trap/java/classes/com/google/protobuf/GeneratedMessage.members/GeneratedMessage.members#52.0-476092802000-java.trap.gz as it exists
[2024-06-04 17:14:24] [javac-extractor-56252] Processing file /Users/burakyetistiren/Desktop/Subject_Prog_CodeQL_Taint/src/main/java/network/dubbo-compiler/src/main/java/org/apache/dubbo/gen/dubbo/DubboGenerator.java
[2024-06-04 17:14:24] [javac-extractor-56252] [WARN] Not rewriting trap file for /Users/burakyetistiren/Desktop/Subject_Prog_CodeQL_Taint/src/main/java/network/Network/trap/java/classes/org/apache/dubbo/gen/AbstractGenerator.members/AbstractGenerator.members#0.0-1717545684290-java.trap.gz as it exists
[2024-06-04 17:14:24] [javac-extractor-56252] [WARN] Not rewriting trap file for /Users/burakyetistiren/Desktop/Subject_Prog_CodeQL_Taint/src/main/java/network/Network/trap/java/classes/com/salesforce/jprotoc/ProtocPlugin.members/ProtocPlugin.members#52.0-1681243974000-java.trap.gz as it exists
[2024-06-04 17:14:24] [javac-extractor-56252] [WARN] Not rewriting trap file for /Users/burakyetistiren/Desktop/Subject_Prog_CodeQL_Taint/src/main/java/network/Network/trap/java/classes/java/lang/String.members/String.members#65.0-1713788650000-java.trap.gz as it exists
[2024-06-04 17:14:24] [javac-extractor-56252] [WARN] Not rewriting trap file for /Users/burakyetistiren/Desktop/Subject_Prog_CodeQL_Taint/src/main/java/network/Network/trap/java/classes/java/lang/Object.members/Object.members#65.0-1713788650000-java.trap.gz as it exists
[2024-06-04 17:14:24] [javac-extractor-56252] [WARN] Not rewriting trap file for /Users/burakyetistiren/Desktop/Subject_Prog_CodeQL_Taint/src/main/java/network/Network/trap/java/classes/java/lang/Cloneable.members/Cloneable.members#65.0-1713788650000-java.trap.gz as it exists
[2024-06-04 17:14:24] [javac-extractor-56252] [WARN] Not rewriting trap file for /Users/burakyetistiren/Desktop/Subject_Prog_CodeQL_Taint/src/main/java/network/Network/trap/java/classes/java/io/Serializable.members/Serializable.members#65.0-1713788650000-java.trap.gz as it exists
[2024-06-04 17:14:24] [javac-extractor-56252] [WARN] Not rewriting trap file for /Users/burakyetistiren/Desktop/Subject_Prog_CodeQL_Taint/src/main/java/network/Network/trap/java/classes/com/salesforce/jprotoc/Generator.members/Generator.members#52.0-1681243974000-java.trap.gz as it exists
[2024-06-04 17:14:24] [javac-extractor-56252] [WARN] Not rewriting trap file for /Users/burakyetistiren/Desktop/Subject_Prog_CodeQL_Taint/src/main/java/network/Network/trap/java/classes/java/lang/Override.members/Override.members#65.0-1713788650000-java.trap.gz as it exists
[2024-06-04 17:14:24] [javac-extractor-56252] Processing file /Users/burakyetistiren/Desktop/Subject_Prog_CodeQL_Taint/src/main/java/network/dubbo-compiler/src/main/java/org/apache/dubbo/gen/grpc/DubboGrpcGenerator.java
[2024-06-04 17:14:24] [javac-extractor-56252] [WARN] Not rewriting trap file for /Users/burakyetistiren/Desktop/Subject_Prog_CodeQL_Taint/src/main/java/network/Network/trap/java/classes/org/apache/dubbo/gen/AbstractGenerator.members/AbstractGenerator.members#0.0-1717545684290-java.trap.gz as it exists
[2024-06-04 17:14:24] [javac-extractor-56252] [WARN] Not rewriting trap file for /Users/burakyetistiren/Desktop/Subject_Prog_CodeQL_Taint/src/main/java/network/Network/trap/java/classes/com/salesforce/jprotoc/ProtocPlugin.members/ProtocPlugin.members#52.0-1681243974000-java.trap.gz as it exists
[2024-06-04 17:14:24] [javac-extractor-56252] [WARN] Not rewriting trap file for /Users/burakyetistiren/Desktop/Subject_Prog_CodeQL_Taint/src/main/java/network/Network/trap/java/classes/java/lang/String.members/String.members#65.0-1713788650000-java.trap.gz as it exists
[2024-06-04 17:14:24] [javac-extractor-56252] [WARN] Not rewriting trap file for /Users/burakyetistiren/Desktop/Subject_Prog_CodeQL_Taint/src/main/java/network/Network/trap/java/classes/java/lang/Object.members/Object.members#65.0-1713788650000-java.trap.gz as it exists
[2024-06-04 17:14:24] [javac-extractor-56252] [WARN] Not rewriting trap file for /Users/burakyetistiren/Desktop/Subject_Prog_CodeQL_Taint/src/main/java/network/Network/trap/java/classes/java/lang/Cloneable.members/Cloneable.members#65.0-1713788650000-java.trap.gz as it exists
[2024-06-04 17:14:24] [javac-extractor-56252] [WARN] Not rewriting trap file for /Users/burakyetistiren/Desktop/Subject_Prog_CodeQL_Taint/src/main/java/network/Network/trap/java/classes/java/io/Serializable.members/Serializable.members#65.0-1713788650000-java.trap.gz as it exists
[2024-06-04 17:14:24] [javac-extractor-56252] [WARN] Not rewriting trap file for /Users/burakyetistiren/Desktop/Subject_Prog_CodeQL_Taint/src/main/java/network/Network/trap/java/classes/com/salesforce/jprotoc/Generator.members/Generator.members#52.0-1681243974000-java.trap.gz as it exists
[2024-06-04 17:14:24] [javac-extractor-56252] [WARN] Not rewriting trap file for /Users/burakyetistiren/Desktop/Subject_Prog_CodeQL_Taint/src/main/java/network/Network/trap/java/classes/java/lang/Override.members/Override.members#65.0-1713788650000-java.trap.gz as it exists
[2024-06-04 17:14:25] [javac-extractor-56252] Processing file /Users/burakyetistiren/Desktop/Subject_Prog_CodeQL_Taint/src/main/java/network/dubbo-compiler/src/main/java/org/apache/dubbo/gen/grpc/reactive/ReactorDubboGrpcGenerator.java
[2024-06-04 17:14:25] [javac-extractor-56252] [WARN] Not rewriting trap file for /Users/burakyetistiren/Desktop/Subject_Prog_CodeQL_Taint/src/main/java/network/Network/trap/java/classes/org/apache/dubbo/gen/AbstractGenerator.members/AbstractGenerator.members#0.0-1717545684290-java.trap.gz as it exists
[2024-06-04 17:14:25] [javac-extractor-56252] [WARN] Not rewriting trap file for /Users/burakyetistiren/Desktop/Subject_Prog_CodeQL_Taint/src/main/java/network/Network/trap/java/classes/com/salesforce/jprotoc/ProtocPlugin.members/ProtocPlugin.members#52.0-1681243974000-java.trap.gz as it exists
[2024-06-04 17:14:25] [javac-extractor-56252] [WARN] Not rewriting trap file for /Users/burakyetistiren/Desktop/Subject_Prog_CodeQL_Taint/src/main/java/network/Network/trap/java/classes/java/lang/String.members/String.members#65.0-1713788650000-java.trap.gz as it exists
[2024-06-04 17:14:25] [javac-extractor-56252] [WARN] Not rewriting trap file for /Users/burakyetistiren/Desktop/Subject_Prog_CodeQL_Taint/src/main/java/network/Network/trap/java/classes/java/lang/Override.members/Override.members#65.0-1713788650000-java.trap.gz as it exists
[2024-06-04 17:14:25] [javac-extractor-56252] [WARN] Not rewriting trap file for /Users/burakyetistiren/Desktop/Subject_Prog_CodeQL_Taint/src/main/java/network/Network/trap/java/classes/java/lang/Object.members/Object.members#65.0-1713788650000-java.trap.gz as it exists
[2024-06-04 17:14:25] [javac-extractor-56252] [WARN] Not rewriting trap file for /Users/burakyetistiren/Desktop/Subject_Prog_CodeQL_Taint/src/main/java/network/Network/trap/java/classes/java/lang/Cloneable.members/Cloneable.members#65.0-1713788650000-java.trap.gz as it exists
[2024-06-04 17:14:25] [javac-extractor-56252] [WARN] Not rewriting trap file for /Users/burakyetistiren/Desktop/Subject_Prog_CodeQL_Taint/src/main/java/network/Network/trap/java/classes/java/io/Serializable.members/Serializable.members#65.0-1713788650000-java.trap.gz as it exists
[2024-06-04 17:14:25] [javac-extractor-56252] [WARN] Not rewriting trap file for /Users/burakyetistiren/Desktop/Subject_Prog_CodeQL_Taint/src/main/java/network/Network/trap/java/classes/com/salesforce/jprotoc/Generator.members/Generator.members#52.0-1681243974000-java.trap.gz as it exists
[2024-06-04 17:14:25] [javac-extractor-56252] Processing file /Users/burakyetistiren/Desktop/Subject_Prog_CodeQL_Taint/src/main/java/network/dubbo-compiler/src/main/java/org/apache/dubbo/gen/grpc/reactive/RxDubboGrpcGenerator.java
[2024-06-04 17:14:25] [javac-extractor-56252] [WARN] Not rewriting trap file for /Users/burakyetistiren/Desktop/Subject_Prog_CodeQL_Taint/src/main/java/network/Network/trap/java/classes/org/apache/dubbo/gen/AbstractGenerator.members/AbstractGenerator.members#0.0-1717545684290-java.trap.gz as it exists
[2024-06-04 17:14:25] [javac-extractor-56252] [WARN] Not rewriting trap file for /Users/burakyetistiren/Desktop/Subject_Prog_CodeQL_Taint/src/main/java/network/Network/trap/java/classes/com/salesforce/jprotoc/ProtocPlugin.members/ProtocPlugin.members#52.0-1681243974000-java.trap.gz as it exists
[2024-06-04 17:14:25] [javac-extractor-56252] [WARN] Not rewriting trap file for /Users/burakyetistiren/Desktop/Subject_Prog_CodeQL_Taint/src/main/java/network/Network/trap/java/classes/java/lang/String.members/String.members#65.0-1713788650000-java.trap.gz as it exists
[2024-06-04 17:14:25] [javac-extractor-56252] [WARN] Not rewriting trap file for /Users/burakyetistiren/Desktop/Subject_Prog_CodeQL_Taint/src/main/java/network/Network/trap/java/classes/java/lang/Override.members/Override.members#65.0-1713788650000-java.trap.gz as it exists
[2024-06-04 17:14:25] [javac-extractor-56252] [WARN] Not rewriting trap file for /Users/burakyetistiren/Desktop/Subject_Prog_CodeQL_Taint/src/main/java/network/Network/trap/java/classes/java/lang/Object.members/Object.members#65.0-1713788650000-java.trap.gz as it exists
[2024-06-04 17:14:25] [javac-extractor-56252] [WARN] Not rewriting trap file for /Users/burakyetistiren/Desktop/Subject_Prog_CodeQL_Taint/src/main/java/network/Network/trap/java/classes/java/lang/Cloneable.members/Cloneable.members#65.0-1713788650000-java.trap.gz as it exists
[2024-06-04 17:14:25] [javac-extractor-56252] [WARN] Not rewriting trap file for /Users/burakyetistiren/Desktop/Subject_Prog_CodeQL_Taint/src/main/java/network/Network/trap/java/classes/java/io/Serializable.members/Serializable.members#65.0-1713788650000-java.trap.gz as it exists
[2024-06-04 17:14:25] [javac-extractor-56252] [WARN] Not rewriting trap file for /Users/burakyetistiren/Desktop/Subject_Prog_CodeQL_Taint/src/main/java/network/Network/trap/java/classes/com/salesforce/jprotoc/Generator.members/Generator.members#52.0-1681243974000-java.trap.gz as it exists
[2024-06-04 17:14:25] [javac-extractor-56252] Processing file /Users/burakyetistiren/Desktop/Subject_Prog_CodeQL_Taint/src/main/java/network/dubbo-compiler/src/main/java/org/apache/dubbo/gen/tri/Dubbo3TripleGenerator.java
[2024-06-04 17:14:25] [javac-extractor-56252] [WARN] Not rewriting trap file for /Users/burakyetistiren/Desktop/Subject_Prog_CodeQL_Taint/src/main/java/network/Network/trap/java/classes/org/apache/dubbo/gen/AbstractGenerator.members/AbstractGenerator.members#0.0-1717545684290-java.trap.gz as it exists
[2024-06-04 17:14:25] [javac-extractor-56252] [WARN] Not rewriting trap file for /Users/burakyetistiren/Desktop/Subject_Prog_CodeQL_Taint/src/main/java/network/Network/trap/java/classes/com/salesforce/jprotoc/ProtocPlugin.members/ProtocPlugin.members#52.0-1681243974000-java.trap.gz as it exists
[2024-06-04 17:14:25] [javac-extractor-56252] [WARN] Not rewriting trap file for /Users/burakyetistiren/Desktop/Subject_Prog_CodeQL_Taint/src/main/java/network/Network/trap/java/classes/java/lang/String.members/String.members#65.0-1713788650000-java.trap.gz as it exists
[2024-06-04 17:14:25] [javac-extractor-56252] [WARN] Not rewriting trap file for /Users/burakyetistiren/Desktop/Subject_Prog_CodeQL_Taint/src/main/java/network/Network/trap/java/classes/java/lang/Object.members/Object.members#65.0-1713788650000-java.trap.gz as it exists
[2024-06-04 17:14:25] [javac-extractor-56252] [WARN] Not rewriting trap file for /Users/burakyetistiren/Desktop/Subject_Prog_CodeQL_Taint/src/main/java/network/Network/trap/java/classes/java/lang/Cloneable.members/Cloneable.members#65.0-1713788650000-java.trap.gz as it exists
[2024-06-04 17:14:25] [javac-extractor-56252] [WARN] Not rewriting trap file for /Users/burakyetistiren/Desktop/Subject_Prog_CodeQL_Taint/src/main/java/network/Network/trap/java/classes/java/io/Serializable.members/Serializable.members#65.0-1713788650000-java.trap.gz as it exists
[2024-06-04 17:14:25] [javac-extractor-56252] [WARN] Not rewriting trap file for /Users/burakyetistiren/Desktop/Subject_Prog_CodeQL_Taint/src/main/java/network/Network/trap/java/classes/com/salesforce/jprotoc/Generator.members/Generator.members#52.0-1681243974000-java.trap.gz as it exists
[2024-06-04 17:14:25] [javac-extractor-56252] [WARN] Not rewriting trap file for /Users/burakyetistiren/Desktop/Subject_Prog_CodeQL_Taint/src/main/java/network/Network/trap/java/classes/java/lang/Override.members/Override.members#65.0-1713788650000-java.trap.gz as it exists
[2024-06-04 17:14:25] [javac-extractor-56252] [WARN] Not rewriting trap file for /Users/burakyetistiren/Desktop/Subject_Prog_CodeQL_Taint/src/main/java/network/Network/trap/java/classes/java/lang/IllegalStateException.members/IllegalStateException.members#65.0-1713788650000-java.trap.gz as it exists
[2024-06-04 17:14:25] [javac-extractor-56252] Processing file /Users/burakyetistiren/Desktop/Subject_Prog_CodeQL_Taint/src/main/java/network/dubbo-compiler/src/main/java/org/apache/dubbo/gen/tri/reactive/ReactorDubbo3TripleGenerator.java
[2024-06-04 17:14:25] [javac-extractor-56252] [WARN] Not rewriting trap file for /Users/burakyetistiren/Desktop/Subject_Prog_CodeQL_Taint/src/main/java/network/Network/trap/java/classes/org/apache/dubbo/gen/AbstractGenerator.members/AbstractGenerator.members#0.0-1717545684290-java.trap.gz as it exists
[2024-06-04 17:14:25] [javac-extractor-56252] [WARN] Not rewriting trap file for /Users/burakyetistiren/Desktop/Subject_Prog_CodeQL_Taint/src/main/java/network/Network/trap/java/classes/com/salesforce/jprotoc/ProtocPlugin.members/ProtocPlugin.members#52.0-1681243974000-java.trap.gz as it exists
[2024-06-04 17:14:25] [javac-extractor-56252] [WARN] Not rewriting trap file for /Users/burakyetistiren/Desktop/Subject_Prog_CodeQL_Taint/src/main/java/network/Network/trap/java/classes/java/lang/String.members/String.members#65.0-1713788650000-java.trap.gz as it exists
[2024-06-04 17:14:25] [javac-extractor-56252] [WARN] Not rewriting trap file for /Users/burakyetistiren/Desktop/Subject_Prog_CodeQL_Taint/src/main/java/network/Network/trap/java/classes/java/lang/Object.members/Object.members#65.0-1713788650000-java.trap.gz as it exists
[2024-06-04 17:14:25] [javac-extractor-56252] [WARN] Not rewriting trap file for /Users/burakyetistiren/Desktop/Subject_Prog_CodeQL_Taint/src/main/java/network/Network/trap/java/classes/java/lang/Cloneable.members/Cloneable.members#65.0-1713788650000-java.trap.gz as it exists
[2024-06-04 17:14:25] [javac-extractor-56252] [WARN] Not rewriting trap file for /Users/burakyetistiren/Desktop/Subject_Prog_CodeQL_Taint/src/main/java/network/Network/trap/java/classes/java/io/Serializable.members/Serializable.members#65.0-1713788650000-java.trap.gz as it exists
[2024-06-04 17:14:25] [javac-extractor-56252] [WARN] Not rewriting trap file for /Users/burakyetistiren/Desktop/Subject_Prog_CodeQL_Taint/src/main/java/network/Network/trap/java/classes/com/salesforce/jprotoc/Generator.members/Generator.members#52.0-1681243974000-java.trap.gz as it exists
[2024-06-04 17:14:25] [javac-extractor-56252] [WARN] Not rewriting trap file for /Users/burakyetistiren/Desktop/Subject_Prog_CodeQL_Taint/src/main/java/network/Network/trap/java/classes/java/lang/Override.members/Override.members#65.0-1713788650000-java.trap.gz as it exists
[2024-06-04 17:14:25] [javac-extractor-56252] [WARN] Not rewriting trap file for /Users/burakyetistiren/Desktop/Subject_Prog_CodeQL_Taint/src/main/java/network/Network/trap/java/classes/java/lang/IllegalStateException.members/IllegalStateException.members#65.0-1713788650000-java.trap.gz as it exists
[2024-06-04 17:14:25] [javac-extractor-56252] Javac init time: 1.4s
[2024-06-04 17:14:25] [javac-extractor-56252] Javac attr time: 1.0s
[2024-06-04 17:14:25] [javac-extractor-56252] Extractor time: 7.1s
[2024-06-04 17:14:25] [javac-extractor-56252] Other time: 0.6s
[2024-06-04 17:14:25] [javac-extractor-56252] Total time: 10.1s
