[2024-06-04 17:35:11] [javac-extractor-89845] Starting extraction for:
                                              sun.java.command=com.semmle.extractor.java.JavaExtractor --jdk-version 21 --javac-args @@@/Users/burakyetistiren/Desktop/Subject_Prog_CodeQL_Taint/src/main/java/network/Network/log/ext/javac-55.args
                                              user.dir=/Users/burakyetistiren/Desktop/Subject_Prog_CodeQL_Taint/src/main/java/network/dubbo-demo/dubbo-demo-annotation/dubbo-demo-annotation-provider
[2024-06-04 17:35:11] [javac-extractor-89845] Compilation name /Users/burakyetistiren/Desktop/Subject_Prog_CodeQL_Taint/src/main/java/network/Network/trap/java/diagnostics/diagnostic-55.trap.gz
[2024-06-04 17:35:11] [javac-extractor-89845] [WARN] Appending source destination directory /Users/burakyetistiren/Desktop/Subject_Prog_CodeQL_Taint/src/main/java/network/dubbo-demo/dubbo-demo-annotation/dubbo-demo-annotation-provider/target/generated-sources/annotations to sourcepath
[2024-06-04 17:35:13] [javac-extractor-89845] Processing file /Users/burakyetistiren/Desktop/Subject_Prog_CodeQL_Taint/src/main/java/network/dubbo-demo/dubbo-demo-annotation/dubbo-demo-annotation-provider/src/main/java/org/apache/dubbo/demo/provider/Application.java
[2024-06-04 17:35:14] [javac-extractor-89845] [WARN] Not rewriting trap file for /Users/burakyetistiren/Desktop/Subject_Prog_CodeQL_Taint/src/main/java/network/Network/trap/java/classes/org/apache/dubbo/config/RegistryConfig.members/RegistryConfig.members#52.0-1717546356531-java.trap.gz as /Users/burakyetistiren/Desktop/Subject_Prog_CodeQL_Taint/src/main/java/network/Network/trap/java/classes/org/apache/dubbo/config/RegistryConfig.members/RegistryConfig.members#0.0-1717545682621-java.trap.gz exists
[2024-06-04 17:35:14] [javac-extractor-89845] [WARN] Not rewriting trap file for /Users/burakyetistiren/Desktop/Subject_Prog_CodeQL_Taint/src/main/java/network/Network/trap/java/classes/org/apache/dubbo/config/spring/context/annotation/EnableDubbo.members/EnableDubbo.members#52.0-1717547560656-java.trap.gz as /Users/burakyetistiren/Desktop/Subject_Prog_CodeQL_Taint/src/main/java/network/Network/trap/java/classes/org/apache/dubbo/config/spring/context/annotation/EnableDubbo.members/EnableDubbo.members#0.0-1717545684700-java.trap.gz exists
[2024-06-04 17:35:14] [javac-extractor-89845] [WARN] Not rewriting trap file for /Users/burakyetistiren/Desktop/Subject_Prog_CodeQL_Taint/src/main/java/network/Network/trap/java/classes/org/springframework/context/annotation/Bean.members/Bean.members#52.0-1716416282000-java.trap.gz as it exists
[2024-06-04 17:35:14] [javac-extractor-89845] [WARN] Not rewriting trap file for /Users/burakyetistiren/Desktop/Subject_Prog_CodeQL_Taint/src/main/java/network/Network/trap/java/classes/org/springframework/context/annotation/Configuration.members/Configuration.members#52.0-1716416282000-java.trap.gz as it exists
[2024-06-04 17:35:14] [javac-extractor-89845] [WARN] Not rewriting trap file for /Users/burakyetistiren/Desktop/Subject_Prog_CodeQL_Taint/src/main/java/network/Network/trap/java/classes/org/apache/dubbo/demo/provider/Application.members/Application.members#0.0-1717545686127-java.trap.gz as /Users/burakyetistiren/Desktop/Subject_Prog_CodeQL_Taint/src/main/java/network/Network/trap/java/classes/org/apache/dubbo/demo/provider/Application.members/Application.members#0.0-1717545686438-java.trap.gz exists
[2024-06-04 17:35:14] [javac-extractor-89845] [WARN] Not rewriting trap file for /Users/burakyetistiren/Desktop/Subject_Prog_CodeQL_Taint/src/main/java/network/Network/trap/java/classes/java/lang/Object.members/Object.members#65.0-1713788650000-java.trap.gz as it exists
[2024-06-04 17:35:14] [javac-extractor-89845] [WARN] Not rewriting trap file for /Users/burakyetistiren/Desktop/Subject_Prog_CodeQL_Taint/src/main/java/network/Network/trap/java/classes/java/lang/String.members/String.members#65.0-1713788650000-java.trap.gz as it exists
[2024-06-04 17:35:14] [javac-extractor-89845] [WARN] Not rewriting trap file for /Users/burakyetistiren/Desktop/Subject_Prog_CodeQL_Taint/src/main/java/network/Network/trap/java/classes/java/lang/Cloneable.members/Cloneable.members#65.0-1713788650000-java.trap.gz as it exists
[2024-06-04 17:35:14] [javac-extractor-89845] [WARN] Not rewriting trap file for /Users/burakyetistiren/Desktop/Subject_Prog_CodeQL_Taint/src/main/java/network/Network/trap/java/classes/java/io/Serializable.members/Serializable.members#65.0-1713788650000-java.trap.gz as it exists
[2024-06-04 17:35:14] [javac-extractor-89845] [WARN] Not rewriting trap file for /Users/burakyetistiren/Desktop/Subject_Prog_CodeQL_Taint/src/main/java/network/Network/trap/java/classes/java/lang/Exception.members/Exception.members#65.0-1713788650000-java.trap.gz as it exists
[2024-06-04 17:35:14] [javac-extractor-89845] [WARN] Not rewriting trap file for /Users/burakyetistiren/Desktop/Subject_Prog_CodeQL_Taint/src/main/java/network/Network/trap/java/classes/java/lang/Class.members/Class.members#65.0-1713788650000-java.trap.gz as it exists
[2024-06-04 17:35:14] [javac-extractor-89845] [WARN] Not rewriting trap file for /Users/burakyetistiren/Desktop/Subject_Prog_CodeQL_Taint/src/main/java/network/Network/trap/java/classes/java/lang/reflect/GenericDeclaration.members/GenericDeclaration.members#65.0-1713788650000-java.trap.gz as it exists
[2024-06-04 17:35:14] [javac-extractor-89845] [WARN] Not rewriting trap file for /Users/burakyetistiren/Desktop/Subject_Prog_CodeQL_Taint/src/main/java/network/Network/trap/java/classes/java/lang/reflect/Type.members/Type.members#65.0-1713788650000-java.trap.gz as it exists
[2024-06-04 17:35:14] [javac-extractor-89845] [WARN] Not rewriting trap file for /Users/burakyetistiren/Desktop/Subject_Prog_CodeQL_Taint/src/main/java/network/Network/trap/java/classes/java/lang/reflect/AnnotatedElement.members/AnnotatedElement.members#65.0-1713788650000-java.trap.gz as it exists
[2024-06-04 17:35:14] [javac-extractor-89845] [WARN] Not rewriting trap file for /Users/burakyetistiren/Desktop/Subject_Prog_CodeQL_Taint/src/main/java/network/Network/trap/java/classes/org/springframework/context/support/AbstractApplicationContext.members/AbstractApplicationContext.members#52.0-1716416282000-java.trap.gz as it exists
[2024-06-04 17:35:14] [javac-extractor-89845] [WARN] Not rewriting trap file for /Users/burakyetistiren/Desktop/Subject_Prog_CodeQL_Taint/src/main/java/network/Network/trap/java/classes/java/io/InputStream.members/InputStream.members#65.0-1713788650000-java.trap.gz as it exists
[2024-06-04 17:35:14] [javac-extractor-89845] [WARN] Not rewriting trap file for /Users/burakyetistiren/Desktop/Subject_Prog_CodeQL_Taint/src/main/java/network/Network/trap/java/classes/java/lang/System.members/System.members#65.0-1713788650000-java.trap.gz as it exists
[2024-06-04 17:35:14] [javac-extractor-89845] [WARN] Not rewriting trap file for /Users/burakyetistiren/Desktop/Subject_Prog_CodeQL_Taint/src/main/java/network/Network/trap/java/classes/org/springframework/context/support/GenericApplicationContext.members/GenericApplicationContext.members#52.0-1716416282000-java.trap.gz as it exists
[2024-06-04 17:35:14] [javac-extractor-89845] [WARN] Not rewriting trap file for /Users/burakyetistiren/Desktop/Subject_Prog_CodeQL_Taint/src/main/java/network/Network/trap/java/classes/java/util/function/Supplier.members/Supplier.members#65.0-1713788650000-java.trap.gz as it exists
[2024-06-04 17:35:14] [javac-extractor-89845] [WARN] Not rewriting trap file for /Users/burakyetistiren/Desktop/Subject_Prog_CodeQL_Taint/src/main/java/network/Network/trap/java/classes/java/lang/FunctionalInterface.members/FunctionalInterface.members#65.0-1713788650000-java.trap.gz as it exists
[2024-06-04 17:35:14] [javac-extractor-89845] [WARN] Not rewriting trap file for /Users/burakyetistiren/Desktop/Subject_Prog_CodeQL_Taint/src/main/java/network/Network/trap/java/classes/org/springframework/beans/factory/config/BeanDefinitionCustomizer.members/BeanDefinitionCustomizer.members#52.0-1716416252000-java.trap.gz as it exists
[2024-06-04 17:35:14] [javac-extractor-89845] [WARN] Not rewriting trap file for /Users/burakyetistiren/Desktop/Subject_Prog_CodeQL_Taint/src/main/java/network/Network/trap/java/classes/org/springframework/lang/Nullable.members/Nullable.members#52.0-318240000000-java.trap.gz as it exists
[2024-06-04 17:35:14] [javac-extractor-89845] [WARN] Not rewriting trap file for /Users/burakyetistiren/Desktop/Subject_Prog_CodeQL_Taint/src/main/java/network/Network/trap/java/classes/org/springframework/context/annotation/ScopeMetadataResolver.members/ScopeMetadataResolver.members#52.0-1716416282000-java.trap.gz as it exists
[2024-06-04 17:35:14] [javac-extractor-89845] [WARN] Not rewriting trap file for /Users/burakyetistiren/Desktop/Subject_Prog_CodeQL_Taint/src/main/java/network/Network/trap/java/classes/org/springframework/beans/factory/support/BeanNameGenerator.members/BeanNameGenerator.members#52.0-1716416252000-java.trap.gz as it exists
[2024-06-04 17:35:14] [javac-extractor-89845] [WARN] Not rewriting trap file for /Users/burakyetistiren/Desktop/Subject_Prog_CodeQL_Taint/src/main/java/network/Network/trap/java/classes/org/springframework/core/env/ConfigurableEnvironment.members/ConfigurableEnvironment.members#52.0-318240000000-java.trap.gz as it exists
[2024-06-04 17:35:14] [javac-extractor-89845] [WARN] Not rewriting trap file for /Users/burakyetistiren/Desktop/Subject_Prog_CodeQL_Taint/src/main/java/network/Network/trap/java/classes/org/springframework/beans/factory/support/DefaultListableBeanFactory.members/DefaultListableBeanFactory.members#52.0-1716416254000-java.trap.gz as it exists
[2024-06-04 17:35:14] [javac-extractor-89845] [WARN] Not rewriting trap file for /Users/burakyetistiren/Desktop/Subject_Prog_CodeQL_Taint/src/main/java/network/Network/trap/java/classes/java/lang/annotation/Annotation.members/Annotation.members#65.0-1713788650000-java.trap.gz as it exists
[2024-06-04 17:35:14] [javac-extractor-89845] [WARN] Not rewriting trap file for /Users/burakyetistiren/Desktop/Subject_Prog_CodeQL_Taint/src/main/java/network/Network/trap/java/classes/java/lang/annotation/Documented.members/Documented.members#65.0-1713788650000-java.trap.gz as it exists
[2024-06-04 17:35:14] [javac-extractor-89845] [WARN] Not rewriting trap file for /Users/burakyetistiren/Desktop/Subject_Prog_CodeQL_Taint/src/main/java/network/Network/trap/java/classes/java/lang/annotation/Repeatable.members/Repeatable.members#65.0-1713788650000-java.trap.gz as it exists
[2024-06-04 17:35:14] [javac-extractor-89845] [WARN] Not rewriting trap file for /Users/burakyetistiren/Desktop/Subject_Prog_CodeQL_Taint/src/main/java/network/Network/trap/java/classes/java/lang/annotation/Retention.members/Retention.members#65.0-1713788650000-java.trap.gz as it exists
[2024-06-04 17:35:14] [javac-extractor-89845] [WARN] Not rewriting trap file for /Users/burakyetistiren/Desktop/Subject_Prog_CodeQL_Taint/src/main/java/network/Network/trap/java/classes/java/lang/annotation/RetentionPolicy.members/RetentionPolicy.members#65.0-1713788650000-java.trap.gz as it exists
[2024-06-04 17:35:14] [javac-extractor-89845] [WARN] Not rewriting trap file for /Users/burakyetistiren/Desktop/Subject_Prog_CodeQL_Taint/src/main/java/network/Network/trap/java/classes/java/lang/annotation/Target.members/Target.members#65.0-1713788650000-java.trap.gz as it exists
[2024-06-04 17:35:14] [javac-extractor-89845] [WARN] Not rewriting trap file for /Users/burakyetistiren/Desktop/Subject_Prog_CodeQL_Taint/src/main/java/network/Network/trap/java/classes/java/lang/annotation/ElementType.members/ElementType.members#65.0-1713788650000-java.trap.gz as it exists
[2024-06-04 17:35:14] [javac-extractor-89845] [WARN] Not rewriting trap file for /Users/burakyetistiren/Desktop/Subject_Prog_CodeQL_Taint/src/main/java/network/Network/trap/java/classes/org/springframework/beans/factory/annotation/Autowire.members/Autowire.members#52.0-1716416254000-java.trap.gz as it exists
[2024-06-04 17:35:14] [javac-extractor-89845] [WARN] Not rewriting trap file for /Users/burakyetistiren/Desktop/Subject_Prog_CodeQL_Taint/src/main/java/network/Network/trap/java/classes/org/springframework/core/io/support/EncodedResource.members/EncodedResource.members#52.0-318240000000-java.trap.gz as it exists
[2024-06-04 17:35:14] [javac-extractor-89845] [WARN] Not rewriting trap file for /Users/burakyetistiren/Desktop/Subject_Prog_CodeQL_Taint/src/main/java/network/Network/trap/java/classes/org/springframework/core/env/PropertySource.members/PropertySource.members#52.0-318240000000-java.trap.gz as it exists
[2024-06-04 17:35:14] [javac-extractor-89845] [WARN] Not rewriting trap file for /Users/burakyetistiren/Desktop/Subject_Prog_CodeQL_Taint/src/main/java/network/Network/trap/java/classes/java/io/IOException.members/IOException.members#65.0-1713788650000-java.trap.gz as it exists
[2024-06-04 17:35:14] [javac-extractor-89845] Processing file /Users/burakyetistiren/Desktop/Subject_Prog_CodeQL_Taint/src/main/java/network/dubbo-demo/dubbo-demo-annotation/dubbo-demo-annotation-provider/src/main/java/org/apache/dubbo/demo/provider/DemoServiceImpl.java
[2024-06-04 17:35:14] [javac-extractor-89845] [WARN] Not rewriting trap file for /Users/burakyetistiren/Desktop/Subject_Prog_CodeQL_Taint/src/main/java/network/Network/trap/java/classes/org/apache/dubbo/config/annotation/DubboService.members/DubboService.members#52.0-1717546363480-java.trap.gz as /Users/burakyetistiren/Desktop/Subject_Prog_CodeQL_Taint/src/main/java/network/Network/trap/java/classes/org/apache/dubbo/config/annotation/DubboService.members/DubboService.members#0.0-1717545682627-java.trap.gz exists
[2024-06-04 17:35:14] [javac-extractor-89845] [WARN] Not rewriting trap file for /Users/burakyetistiren/Desktop/Subject_Prog_CodeQL_Taint/src/main/java/network/Network/trap/java/classes/org/apache/dubbo/demo/DemoService.members/DemoService.members#52.0-1717547590819-java.trap.gz as /Users/burakyetistiren/Desktop/Subject_Prog_CodeQL_Taint/src/main/java/network/Network/trap/java/classes/org/apache/dubbo/demo/DemoService.members/DemoService.members#0.0-1717545686223-java.trap.gz exists
[2024-06-04 17:35:14] [javac-extractor-89845] [WARN] Not rewriting trap file for /Users/burakyetistiren/Desktop/Subject_Prog_CodeQL_Taint/src/main/java/network/Network/trap/java/classes/org/apache/dubbo/rpc/RpcContext.members/RpcContext.members#52.0-1717546668821-java.trap.gz as /Users/burakyetistiren/Desktop/Subject_Prog_CodeQL_Taint/src/main/java/network/Network/trap/java/classes/org/apache/dubbo/rpc/RpcContext.members/RpcContext.members#0.0-1717545690833-java.trap.gz exists
[2024-06-04 17:35:14] [javac-extractor-89845] [WARN] Not rewriting trap file for /Users/burakyetistiren/Desktop/Subject_Prog_CodeQL_Taint/src/main/java/network/Network/trap/java/classes/java/util/concurrent/CompletableFuture.members/CompletableFuture.members#65.0-1713788650000-java.trap.gz as it exists
[2024-06-04 17:35:14] [javac-extractor-89845] [WARN] Not rewriting trap file for /Users/burakyetistiren/Desktop/Subject_Prog_CodeQL_Taint/src/main/java/network/Network/trap/java/classes/org/slf4j/Logger.members/Logger.members#49.0-1644355860000-java.trap.gz as it exists
[2024-06-04 17:35:14] [javac-extractor-89845] [WARN] Not rewriting trap file for /Users/burakyetistiren/Desktop/Subject_Prog_CodeQL_Taint/src/main/java/network/Network/trap/java/classes/org/slf4j/LoggerFactory.members/LoggerFactory.members#49.0-1644355860000-java.trap.gz as it exists
[2024-06-04 17:35:14] [javac-extractor-89845] [WARN] Not rewriting trap file for /Users/burakyetistiren/Desktop/Subject_Prog_CodeQL_Taint/src/main/java/network/Network/trap/java/classes/org/apache/dubbo/demo/provider/DemoServiceImpl.members/DemoServiceImpl.members#0.0-1717545686130-java.trap.gz as /Users/burakyetistiren/Desktop/Subject_Prog_CodeQL_Taint/src/main/java/network/Network/trap/java/classes/org/apache/dubbo/demo/provider/DemoServiceImpl.members/DemoServiceImpl.members#0.0-1717545686439-java.trap.gz exists
[2024-06-04 17:35:14] [javac-extractor-89845] [WARN] Not rewriting trap file for /Users/burakyetistiren/Desktop/Subject_Prog_CodeQL_Taint/src/main/java/network/Network/trap/java/classes/java/lang/Object.members/Object.members#65.0-1713788650000-java.trap.gz as it exists
[2024-06-04 17:35:14] [javac-extractor-89845] [WARN] Not rewriting trap file for /Users/burakyetistiren/Desktop/Subject_Prog_CodeQL_Taint/src/main/java/network/Network/trap/java/classes/java/lang/Class.members/Class.members#65.0-1713788650000-java.trap.gz as it exists
[2024-06-04 17:35:14] [javac-extractor-89845] [WARN] Not rewriting trap file for /Users/burakyetistiren/Desktop/Subject_Prog_CodeQL_Taint/src/main/java/network/Network/trap/java/classes/java/io/Serializable.members/Serializable.members#65.0-1713788650000-java.trap.gz as it exists
[2024-06-04 17:35:14] [javac-extractor-89845] [WARN] Not rewriting trap file for /Users/burakyetistiren/Desktop/Subject_Prog_CodeQL_Taint/src/main/java/network/Network/trap/java/classes/java/lang/reflect/GenericDeclaration.members/GenericDeclaration.members#65.0-1713788650000-java.trap.gz as it exists
[2024-06-04 17:35:14] [javac-extractor-89845] [WARN] Not rewriting trap file for /Users/burakyetistiren/Desktop/Subject_Prog_CodeQL_Taint/src/main/java/network/Network/trap/java/classes/java/lang/reflect/Type.members/Type.members#65.0-1713788650000-java.trap.gz as it exists
[2024-06-04 17:35:14] [javac-extractor-89845] [WARN] Not rewriting trap file for /Users/burakyetistiren/Desktop/Subject_Prog_CodeQL_Taint/src/main/java/network/Network/trap/java/classes/java/lang/reflect/AnnotatedElement.members/AnnotatedElement.members#65.0-1713788650000-java.trap.gz as it exists
[2024-06-04 17:35:14] [javac-extractor-89845] [WARN] Not rewriting trap file for /Users/burakyetistiren/Desktop/Subject_Prog_CodeQL_Taint/src/main/java/network/Network/trap/java/classes/java/lang/String.members/String.members#65.0-1713788650000-java.trap.gz as it exists
[2024-06-04 17:35:14] [javac-extractor-89845] [WARN] Not rewriting trap file for /Users/burakyetistiren/Desktop/Subject_Prog_CodeQL_Taint/src/main/java/network/Network/trap/java/classes/java/lang/Override.members/Override.members#65.0-1713788650000-java.trap.gz as it exists
[2024-06-04 17:35:14] [javac-extractor-89845] [WARN] Not rewriting trap file for /Users/burakyetistiren/Desktop/Subject_Prog_CodeQL_Taint/src/main/java/network/Network/trap/java/classes/java/net/InetSocketAddress.members/InetSocketAddress.members#65.0-1713788650000-java.trap.gz as it exists
[2024-06-04 17:35:14] [javac-extractor-89845] [WARN] Not rewriting trap file for /Users/burakyetistiren/Desktop/Subject_Prog_CodeQL_Taint/src/main/java/network/Network/trap/java/classes/org/apache/dubbo/rpc/RpcServiceContext.members/RpcServiceContext.members#52.0-1717546669325-java.trap.gz as /Users/burakyetistiren/Desktop/Subject_Prog_CodeQL_Taint/src/main/java/network/Network/trap/java/classes/org/apache/dubbo/rpc/RpcServiceContext.members/RpcServiceContext.members#0.0-1717545690844-java.trap.gz exists
[2024-06-04 17:35:14] [javac-extractor-89845] [WARN] Not rewriting trap file for /Users/burakyetistiren/Desktop/Subject_Prog_CodeQL_Taint/src/main/java/network/Network/trap/java/classes/java/util/concurrent/Future.members/Future.members#65.0-1713788650000-java.trap.gz as it exists
[2024-06-04 17:35:14] [javac-extractor-89845] [WARN] Not rewriting trap file for /Users/burakyetistiren/Desktop/Subject_Prog_CodeQL_Taint/src/main/java/network/Network/trap/java/classes/java/util/concurrent/CompletionStage.members/CompletionStage.members#65.0-1713788650000-java.trap.gz as it exists
[2024-06-04 17:35:14] [javac-extractor-89845] Javac init time: 1.9s
[2024-06-04 17:35:14] [javac-extractor-89845] Javac attr time: 0.3s
[2024-06-04 17:35:14] [javac-extractor-89845] Extractor time: 0.7s
[2024-06-04 17:35:14] [javac-extractor-89845] Other time: 0.8s
[2024-06-04 17:35:14] [javac-extractor-89845] Total time: 3.7s
