[2024-06-04 17:13:57] [javac-extractor-55338] Starting extraction for:
                                              sun.java.command=com.semmle.extractor.java.JavaExtractor --jdk-version 21 --javac-args @@@/Users/burakyetistiren/Desktop/Subject_Prog_CodeQL_Taint/src/main/java/network/Network/log/ext/javac-2.args
                                              user.dir=/Users/burakyetistiren/Desktop/Subject_Prog_CodeQL_Taint/src/main/java/network/dubbo-container/dubbo-container-api
[2024-06-04 17:13:57] [javac-extractor-55338] Compilation name /Users/burakyetistiren/Desktop/Subject_Prog_CodeQL_Taint/src/main/java/network/Network/trap/java/diagnostics/diagnostic-2.trap.gz
[2024-06-04 17:13:57] [javac-extractor-55338] [WARN] Appending source destination directory /Users/burakyetistiren/Desktop/Subject_Prog_CodeQL_Taint/src/main/java/network/dubbo-container/dubbo-container-api/target/generated-sources/annotations to sourcepath
[2024-06-04 17:13:59] [javac-extractor-55338] Processing file /Users/burakyetistiren/Desktop/Subject_Prog_CodeQL_Taint/src/main/java/network/dubbo-container/dubbo-container-api/src/main/java/org/apache/dubbo/container/Container.java
[2024-06-04 17:13:59] [javac-extractor-55338] [WARN] Not rewriting trap file for /Users/burakyetistiren/Desktop/Subject_Prog_CodeQL_Taint/src/main/java/network/Network/trap/java/classes/org/apache/dubbo/common/extension/SPI.members/SPI.members#52.0-1717546354432-java.trap.gz as /Users/burakyetistiren/Desktop/Subject_Prog_CodeQL_Taint/src/main/java/network/Network/trap/java/classes/org/apache/dubbo/common/extension/SPI.members/SPI.members#0.0-1717545682309-java.trap.gz exists
[2024-06-04 17:13:59] [javac-extractor-55338] [WARN] Not rewriting trap file for /Users/burakyetistiren/Desktop/Subject_Prog_CodeQL_Taint/src/main/java/network/Network/trap/java/classes/java/lang/String.members/String.members#65.0-1713788650000-java.trap.gz as it exists
[2024-06-04 17:13:59] [javac-extractor-55338] [WARN] Not rewriting trap file for /Users/burakyetistiren/Desktop/Subject_Prog_CodeQL_Taint/src/main/java/network/Network/trap/java/classes/java/lang/Object.members/Object.members#65.0-1713788650000-java.trap.gz as it exists
[2024-06-04 17:13:59] [javac-extractor-55338] [WARN] Not rewriting trap file for /Users/burakyetistiren/Desktop/Subject_Prog_CodeQL_Taint/src/main/java/network/Network/trap/java/classes/org/apache/dubbo/common/extension/ExtensionScope.members/ExtensionScope.members#52.0-1717546356701-java.trap.gz as /Users/burakyetistiren/Desktop/Subject_Prog_CodeQL_Taint/src/main/java/network/Network/trap/java/classes/org/apache/dubbo/common/extension/ExtensionScope.members/ExtensionScope.members#0.0-1717545682309-java.trap.gz exists
[2024-06-04 17:13:59] [javac-extractor-55338] Processing file /Users/burakyetistiren/Desktop/Subject_Prog_CodeQL_Taint/src/main/java/network/dubbo-container/dubbo-container-api/src/main/java/org/apache/dubbo/container/Main.java
[2024-06-04 17:14:00] [javac-extractor-55338] [WARN] Not rewriting trap file for /Users/burakyetistiren/Desktop/Subject_Prog_CodeQL_Taint/src/main/java/network/Network/trap/java/classes/org/apache/dubbo/common/extension/ExtensionLoader.members/ExtensionLoader.members#52.0-1717546357186-java.trap.gz as /Users/burakyetistiren/Desktop/Subject_Prog_CodeQL_Taint/src/main/java/network/Network/trap/java/classes/org/apache/dubbo/common/extension/ExtensionLoader.members/ExtensionLoader.members#0.0-1717545682308-java.trap.gz exists
[2024-06-04 17:14:00] [javac-extractor-55338] [WARN] Not rewriting trap file for /Users/burakyetistiren/Desktop/Subject_Prog_CodeQL_Taint/src/main/java/network/Network/trap/java/classes/org/apache/dubbo/common/logger/ErrorTypeAwareLogger.members/ErrorTypeAwareLogger.members#52.0-1717546356237-java.trap.gz as /Users/burakyetistiren/Desktop/Subject_Prog_CodeQL_Taint/src/main/java/network/Network/trap/java/classes/org/apache/dubbo/common/logger/ErrorTypeAwareLogger.members/ErrorTypeAwareLogger.members#0.0-1717545682342-java.trap.gz exists
[2024-06-04 17:14:00] [javac-extractor-55338] [WARN] Not rewriting trap file for /Users/burakyetistiren/Desktop/Subject_Prog_CodeQL_Taint/src/main/java/network/Network/trap/java/classes/org/apache/dubbo/common/logger/LoggerFactory.members/LoggerFactory.members#52.0-1717546361638-java.trap.gz as /Users/burakyetistiren/Desktop/Subject_Prog_CodeQL_Taint/src/main/java/network/Network/trap/java/classes/org/apache/dubbo/common/logger/LoggerFactory.members/LoggerFactory.members#0.0-1717545682344-java.trap.gz exists
[2024-06-04 17:14:00] [javac-extractor-55338] [WARN] Not rewriting trap file for /Users/burakyetistiren/Desktop/Subject_Prog_CodeQL_Taint/src/main/java/network/Network/trap/java/classes/org/apache/dubbo/common/utils/ArrayUtils.members/ArrayUtils.members#52.0-1717546352818-java.trap.gz as /Users/burakyetistiren/Desktop/Subject_Prog_CodeQL_Taint/src/main/java/network/Network/trap/java/classes/org/apache/dubbo/common/utils/ArrayUtils.members/ArrayUtils.members#0.0-1717545682429-java.trap.gz exists
[2024-06-04 17:14:00] [javac-extractor-55338] [WARN] Not rewriting trap file for /Users/burakyetistiren/Desktop/Subject_Prog_CodeQL_Taint/src/main/java/network/Network/trap/java/classes/java/text/SimpleDateFormat.members/SimpleDateFormat.members#65.0-1713788650000-java.trap.gz as it exists
[2024-06-04 17:14:00] [javac-extractor-55338] [WARN] Not rewriting trap file for /Users/burakyetistiren/Desktop/Subject_Prog_CodeQL_Taint/src/main/java/network/Network/trap/java/classes/java/util/ArrayList.members/ArrayList.members#65.0-1713788650000-java.trap.gz as it exists
[2024-06-04 17:14:00] [javac-extractor-55338] [WARN] Not rewriting trap file for /Users/burakyetistiren/Desktop/Subject_Prog_CodeQL_Taint/src/main/java/network/Network/trap/java/classes/java/util/Arrays.members/Arrays.members#65.0-1713788650000-java.trap.gz as it exists
[2024-06-04 17:14:00] [javac-extractor-55338] [WARN] Not rewriting trap file for /Users/burakyetistiren/Desktop/Subject_Prog_CodeQL_Taint/src/main/java/network/Network/trap/java/classes/java/util/Date.members/Date.members#65.0-1713788650000-java.trap.gz as it exists
[2024-06-04 17:14:00] [javac-extractor-55338] [WARN] Not rewriting trap file for /Users/burakyetistiren/Desktop/Subject_Prog_CodeQL_Taint/src/main/java/network/Network/trap/java/classes/java/util/List.members/List.members#65.0-1713788650000-java.trap.gz as it exists
[2024-06-04 17:14:00] [javac-extractor-55338] [WARN] Not rewriting trap file for /Users/burakyetistiren/Desktop/Subject_Prog_CodeQL_Taint/src/main/java/network/Network/trap/java/classes/java/util/concurrent/locks/Condition.members/Condition.members#65.0-1713788650000-java.trap.gz as it exists
[2024-06-04 17:14:00] [javac-extractor-55338] [WARN] Not rewriting trap file for /Users/burakyetistiren/Desktop/Subject_Prog_CodeQL_Taint/src/main/java/network/Network/trap/java/classes/java/util/concurrent/locks/ReentrantLock.members/ReentrantLock.members#65.0-1713788650000-java.trap.gz as it exists
[2024-06-04 17:14:00] [javac-extractor-55338] [WARN] Not rewriting trap file for /Users/burakyetistiren/Desktop/Subject_Prog_CodeQL_Taint/src/main/java/network/Network/trap/java/classes/org/apache/dubbo/common/constants/CommonConstants.members/CommonConstants.members#52.0-1717546350336-java.trap.gz as /Users/burakyetistiren/Desktop/Subject_Prog_CodeQL_Taint/src/main/java/network/Network/trap/java/classes/org/apache/dubbo/common/constants/CommonConstants.members/CommonConstants.members#0.0-1717545682282-java.trap.gz exists
[2024-06-04 17:14:00] [javac-extractor-55338] [WARN] Not rewriting trap file for /Users/burakyetistiren/Desktop/Subject_Prog_CodeQL_Taint/src/main/java/network/Network/trap/java/classes/org/apache/dubbo/common/constants/LoggerCodeConstants.members/LoggerCodeConstants.members#52.0-1717546351070-java.trap.gz as /Users/burakyetistiren/Desktop/Subject_Prog_CodeQL_Taint/src/main/java/network/Network/trap/java/classes/org/apache/dubbo/common/constants/LoggerCodeConstants.members/LoggerCodeConstants.members#0.0-1717545682288-java.trap.gz exists
[2024-06-04 17:14:00] [javac-extractor-55338] [WARN] Not rewriting trap file for /Users/burakyetistiren/Desktop/Subject_Prog_CodeQL_Taint/src/main/java/network/Network/trap/java/classes/org/apache/dubbo/container/Container.members/Container.members#0.0-1717545685934-java.trap.gz as it exists
[2024-06-04 17:14:00] [javac-extractor-55338] [WARN] Not rewriting trap file for /Users/burakyetistiren/Desktop/Subject_Prog_CodeQL_Taint/src/main/java/network/Network/trap/java/classes/java/lang/Object.members/Object.members#65.0-1713788650000-java.trap.gz as it exists
[2024-06-04 17:14:00] [javac-extractor-55338] [WARN] Not rewriting trap file for /Users/burakyetistiren/Desktop/Subject_Prog_CodeQL_Taint/src/main/java/network/Network/trap/java/classes/java/lang/String.members/String.members#65.0-1713788650000-java.trap.gz as it exists
[2024-06-04 17:14:00] [javac-extractor-55338] [WARN] Not rewriting trap file for /Users/burakyetistiren/Desktop/Subject_Prog_CodeQL_Taint/src/main/java/network/Network/trap/java/classes/java/lang/Class.members/Class.members#65.0-1713788650000-java.trap.gz as it exists
[2024-06-04 17:14:00] [javac-extractor-55338] [WARN] Not rewriting trap file for /Users/burakyetistiren/Desktop/Subject_Prog_CodeQL_Taint/src/main/java/network/Network/trap/java/classes/java/io/Serializable.members/Serializable.members#65.0-1713788650000-java.trap.gz as it exists
[2024-06-04 17:14:00] [javac-extractor-55338] [WARN] Not rewriting trap file for /Users/burakyetistiren/Desktop/Subject_Prog_CodeQL_Taint/src/main/java/network/Network/trap/java/classes/java/lang/reflect/GenericDeclaration.members/GenericDeclaration.members#65.0-1713788650000-java.trap.gz as it exists
[2024-06-04 17:14:00] [javac-extractor-55338] [WARN] Not rewriting trap file for /Users/burakyetistiren/Desktop/Subject_Prog_CodeQL_Taint/src/main/java/network/Network/trap/java/classes/java/lang/reflect/Type.members/Type.members#65.0-1713788650000-java.trap.gz as it exists
[2024-06-04 17:14:00] [javac-extractor-55338] [WARN] Not rewriting trap file for /Users/burakyetistiren/Desktop/Subject_Prog_CodeQL_Taint/src/main/java/network/Network/trap/java/classes/java/lang/reflect/AnnotatedElement.members/AnnotatedElement.members#65.0-1713788650000-java.trap.gz as it exists
[2024-06-04 17:14:00] [javac-extractor-55338] [WARN] Not rewriting trap file for /Users/burakyetistiren/Desktop/Subject_Prog_CodeQL_Taint/src/main/java/network/Network/trap/java/classes/java/lang/Cloneable.members/Cloneable.members#65.0-1713788650000-java.trap.gz as it exists
[2024-06-04 17:14:00] [javac-extractor-55338] [WARN] Not rewriting trap file for /Users/burakyetistiren/Desktop/Subject_Prog_CodeQL_Taint/src/main/java/network/Network/trap/java/classes/java/util/Collection.members/Collection.members#65.0-1713788650000-java.trap.gz as it exists
[2024-06-04 17:14:00] [javac-extractor-55338] [WARN] Not rewriting trap file for /Users/burakyetistiren/Desktop/Subject_Prog_CodeQL_Taint/src/main/java/network/Network/trap/java/classes/java/lang/Iterable.members/Iterable.members#65.0-1713788650000-java.trap.gz as it exists
[2024-06-04 17:14:00] [javac-extractor-55338] [WARN] Not rewriting trap file for /Users/burakyetistiren/Desktop/Subject_Prog_CodeQL_Taint/src/main/java/network/Network/trap/java/classes/java/util/AbstractList.members/AbstractList.members#65.0-1713788650000-java.trap.gz as it exists
[2024-06-04 17:14:00] [javac-extractor-55338] [WARN] Not rewriting trap file for /Users/burakyetistiren/Desktop/Subject_Prog_CodeQL_Taint/src/main/java/network/Network/trap/java/classes/java/util/AbstractCollection.members/AbstractCollection.members#65.0-1713788650000-java.trap.gz as it exists
[2024-06-04 17:14:00] [javac-extractor-55338] [WARN] Not rewriting trap file for /Users/burakyetistiren/Desktop/Subject_Prog_CodeQL_Taint/src/main/java/network/Network/trap/java/classes/java/util/RandomAccess.members/RandomAccess.members#65.0-1713788650000-java.trap.gz as it exists
[2024-06-04 17:14:00] [javac-extractor-55338] [WARN] Not rewriting trap file for /Users/burakyetistiren/Desktop/Subject_Prog_CodeQL_Taint/src/main/java/network/Network/trap/java/classes/java/util/Spliterator.members/Spliterator.members#65.0-1713788650000-java.trap.gz as it exists
[2024-06-04 17:14:00] [javac-extractor-55338] [WARN] Not rewriting trap file for /Users/burakyetistiren/Desktop/Subject_Prog_CodeQL_Taint/src/main/java/network/Network/trap/java/classes/java/util/function/Consumer.members/Consumer.members#65.0-1713788650000-java.trap.gz as it exists
[2024-06-04 17:14:00] [javac-extractor-55338] [WARN] Not rewriting trap file for /Users/burakyetistiren/Desktop/Subject_Prog_CodeQL_Taint/src/main/java/network/Network/trap/java/classes/java/lang/FunctionalInterface.members/FunctionalInterface.members#65.0-1713788650000-java.trap.gz as it exists
[2024-06-04 17:14:00] [javac-extractor-55338] [WARN] Not rewriting trap file for /Users/burakyetistiren/Desktop/Subject_Prog_CodeQL_Taint/src/main/java/network/Network/trap/java/classes/java/util/Iterator.members/Iterator.members#65.0-1713788650000-java.trap.gz as it exists
[2024-06-04 17:14:00] [javac-extractor-55338] [WARN] Not rewriting trap file for /Users/burakyetistiren/Desktop/Subject_Prog_CodeQL_Taint/src/main/java/network/Network/trap/java/classes/java/util/stream/Stream.members/Stream.members#65.0-1713788650000-java.trap.gz as it exists
[2024-06-04 17:14:00] [javac-extractor-55338] [WARN] Not rewriting trap file for /Users/burakyetistiren/Desktop/Subject_Prog_CodeQL_Taint/src/main/java/network/Network/trap/java/classes/java/util/stream/BaseStream.members/BaseStream.members#65.0-1713788650000-java.trap.gz as it exists
[2024-06-04 17:14:00] [javac-extractor-55338] [WARN] Not rewriting trap file for /Users/burakyetistiren/Desktop/Subject_Prog_CodeQL_Taint/src/main/java/network/Network/trap/java/classes/java/lang/AutoCloseable.members/AutoCloseable.members#65.0-1713788650000-java.trap.gz as it exists
[2024-06-04 17:14:00] [javac-extractor-55338] [WARN] Not rewriting trap file for /Users/burakyetistiren/Desktop/Subject_Prog_CodeQL_Taint/src/main/java/network/Network/trap/java/classes/java/util/function/Predicate.members/Predicate.members#65.0-1713788650000-java.trap.gz as it exists
[2024-06-04 17:14:00] [javac-extractor-55338] [WARN] Not rewriting trap file for /Users/burakyetistiren/Desktop/Subject_Prog_CodeQL_Taint/src/main/java/network/Network/trap/java/classes/java/util/ListIterator.members/ListIterator.members#65.0-1713788650000-java.trap.gz as it exists
[2024-06-04 17:14:00] [javac-extractor-55338] [WARN] Not rewriting trap file for /Users/burakyetistiren/Desktop/Subject_Prog_CodeQL_Taint/src/main/java/network/Network/trap/java/classes/java/util/Comparator.members/Comparator.members#65.0-1713788650000-java.trap.gz as it exists
[2024-06-04 17:14:00] [javac-extractor-55338] [WARN] Not rewriting trap file for /Users/burakyetistiren/Desktop/Subject_Prog_CodeQL_Taint/src/main/java/network/Network/trap/java/classes/java/util/function/UnaryOperator.members/UnaryOperator.members#65.0-1713788650000-java.trap.gz as it exists
[2024-06-04 17:14:00] [javac-extractor-55338] [WARN] Not rewriting trap file for /Users/burakyetistiren/Desktop/Subject_Prog_CodeQL_Taint/src/main/java/network/Network/trap/java/classes/java/util/function/Function.members/Function.members#65.0-1713788650000-java.trap.gz as it exists
[2024-06-04 17:14:00] [javac-extractor-55338] [WARN] Not rewriting trap file for /Users/burakyetistiren/Desktop/Subject_Prog_CodeQL_Taint/src/main/java/network/Network/trap/java/classes/java/lang/System.members/System.members#65.0-1713788650000-java.trap.gz as it exists
[2024-06-04 17:14:00] [javac-extractor-55338] [WARN] Not rewriting trap file for /Users/burakyetistiren/Desktop/Subject_Prog_CodeQL_Taint/src/main/java/network/Network/trap/java/classes/java/util/Set.members/Set.members#65.0-1713788650000-java.trap.gz as it exists
[2024-06-04 17:14:00] [javac-extractor-55338] [WARN] Not rewriting trap file for /Users/burakyetistiren/Desktop/Subject_Prog_CodeQL_Taint/src/main/java/network/Network/trap/java/classes/org/apache/dubbo/common/URL.members/URL.members#52.0-1717546355764-java.trap.gz as /Users/burakyetistiren/Desktop/Subject_Prog_CodeQL_Taint/src/main/java/network/Network/trap/java/classes/org/apache/dubbo/common/URL.members/URL.members#0.0-1717545682173-java.trap.gz exists
[2024-06-04 17:14:00] [javac-extractor-55338] [WARN] Not rewriting trap file for /Users/burakyetistiren/Desktop/Subject_Prog_CodeQL_Taint/src/main/java/network/Network/trap/java/classes/org/apache/dubbo/common/extension/ExtensionDirector.members/ExtensionDirector.members#52.0-1717546357237-java.trap.gz as /Users/burakyetistiren/Desktop/Subject_Prog_CodeQL_Taint/src/main/java/network/Network/trap/java/classes/org/apache/dubbo/common/extension/ExtensionDirector.members/ExtensionDirector.members#0.0-1717545682307-java.trap.gz exists
[2024-06-04 17:14:00] [javac-extractor-55338] [WARN] Not rewriting trap file for /Users/burakyetistiren/Desktop/Subject_Prog_CodeQL_Taint/src/main/java/network/Network/trap/java/classes/org/apache/dubbo/rpc/model/ScopeModel.members/ScopeModel.members#52.0-1717546351121-java.trap.gz as /Users/burakyetistiren/Desktop/Subject_Prog_CodeQL_Taint/src/main/java/network/Network/trap/java/classes/org/apache/dubbo/rpc/model/ScopeModel.members/ScopeModel.members#0.0-1717545682677-java.trap.gz exists
[2024-06-04 17:14:00] [javac-extractor-55338] [WARN] Not rewriting trap file for /Users/burakyetistiren/Desktop/Subject_Prog_CodeQL_Taint/src/main/java/network/Network/trap/java/classes/org/apache/dubbo/common/extension/LoadingStrategy.members/LoadingStrategy.members#52.0-1717546357197-java.trap.gz as /Users/burakyetistiren/Desktop/Subject_Prog_CodeQL_Taint/src/main/java/network/Network/trap/java/classes/org/apache/dubbo/common/extension/LoadingStrategy.members/LoadingStrategy.members#0.0-1717545682309-java.trap.gz exists
[2024-06-04 17:14:00] [javac-extractor-55338] [WARN] Not rewriting trap file for /Users/burakyetistiren/Desktop/Subject_Prog_CodeQL_Taint/src/main/java/network/Network/trap/java/classes/java/util/regex/Pattern.members/Pattern.members#65.0-1713788650000-java.trap.gz as it exists
[2024-06-04 17:14:00] [javac-extractor-55338] [WARN] Not rewriting trap file for /Users/burakyetistiren/Desktop/Subject_Prog_CodeQL_Taint/src/main/java/network/Network/trap/java/classes/java/lang/CharSequence.members/CharSequence.members#65.0-1713788650000-java.trap.gz as it exists
[2024-06-04 17:14:00] [javac-extractor-55338] [WARN] Not rewriting trap file for /Users/burakyetistiren/Desktop/Subject_Prog_CodeQL_Taint/src/main/java/network/Network/trap/java/classes/org/apache/dubbo/common/logger/Logger.members/Logger.members#52.0-1717546354410-java.trap.gz as /Users/burakyetistiren/Desktop/Subject_Prog_CodeQL_Taint/src/main/java/network/Network/trap/java/classes/org/apache/dubbo/common/logger/Logger.members/Logger.members#0.0-1717545682343-java.trap.gz exists
[2024-06-04 17:14:00] [javac-extractor-55338] [WARN] Not rewriting trap file for /Users/burakyetistiren/Desktop/Subject_Prog_CodeQL_Taint/src/main/java/network/Network/trap/java/classes/java/lang/Runtime.members/Runtime.members#65.0-1713788650000-java.trap.gz as it exists
[2024-06-04 17:14:00] [javac-extractor-55338] [WARN] Not rewriting trap file for /Users/burakyetistiren/Desktop/Subject_Prog_CodeQL_Taint/src/main/java/network/Network/trap/java/classes/java/lang/Thread.members/Thread.members#65.0-1713788650000-java.trap.gz as it exists
[2024-06-04 17:14:00] [javac-extractor-55338] [WARN] Not rewriting trap file for /Users/burakyetistiren/Desktop/Subject_Prog_CodeQL_Taint/src/main/java/network/Network/trap/java/classes/java/lang/Override.members/Override.members#65.0-1713788650000-java.trap.gz as it exists
[2024-06-04 17:14:00] [javac-extractor-55338] [WARN] Not rewriting trap file for /Users/burakyetistiren/Desktop/Subject_Prog_CodeQL_Taint/src/main/java/network/Network/trap/java/classes/java/lang/reflect/AnnotatedType.members/AnnotatedType.members#65.0-1713788650000-java.trap.gz as it exists
[2024-06-04 17:14:00] [javac-extractor-55338] [WARN] Not rewriting trap file for /Users/burakyetistiren/Desktop/Subject_Prog_CodeQL_Taint/src/main/java/network/Network/trap/java/classes/java/lang/annotation/Annotation.members/Annotation.members#65.0-1713788650000-java.trap.gz as it exists
[2024-06-04 17:14:00] [javac-extractor-55338] [WARN] Not rewriting trap file for /Users/burakyetistiren/Desktop/Subject_Prog_CodeQL_Taint/src/main/java/network/Network/trap/java/classes/java/security/ProtectionDomain.members/ProtectionDomain.members#65.0-1713788650000-java.trap.gz as it exists
[2024-06-04 17:14:00] [javac-extractor-55338] [WARN] Not rewriting trap file for /Users/burakyetistiren/Desktop/Subject_Prog_CodeQL_Taint/src/main/java/network/Network/trap/java/classes/java/net/URL.members/URL.members#65.0-1713788650000-java.trap.gz as it exists
[2024-06-04 17:14:00] [javac-extractor-55338] [WARN] Not rewriting trap file for /Users/burakyetistiren/Desktop/Subject_Prog_CodeQL_Taint/src/main/java/network/Network/trap/java/classes/java/io/InputStream.members/InputStream.members#65.0-1713788650000-java.trap.gz as it exists
[2024-06-04 17:14:00] [javac-extractor-55338] [WARN] Not rewriting trap file for /Users/burakyetistiren/Desktop/Subject_Prog_CodeQL_Taint/src/main/java/network/Network/trap/java/classes/java/lang/reflect/Constructor.members/Constructor.members#65.0-1713788650000-java.trap.gz as it exists
[2024-06-04 17:14:00] [javac-extractor-55338] [WARN] Not rewriting trap file for /Users/burakyetistiren/Desktop/Subject_Prog_CodeQL_Taint/src/main/java/network/Network/trap/java/classes/java/lang/reflect/Executable.members/Executable.members#65.0-1713788650000-java.trap.gz as it exists
[2024-06-04 17:14:00] [javac-extractor-55338] [WARN] Not rewriting trap file for /Users/burakyetistiren/Desktop/Subject_Prog_CodeQL_Taint/src/main/java/network/Network/trap/java/classes/java/lang/NoSuchMethodException.members/NoSuchMethodException.members#65.0-1713788650000-java.trap.gz as it exists
[2024-06-04 17:14:00] [javac-extractor-55338] [WARN] Not rewriting trap file for /Users/burakyetistiren/Desktop/Subject_Prog_CodeQL_Taint/src/main/java/network/Network/trap/java/classes/java/lang/SecurityException.members/SecurityException.members#65.0-1713788650000-java.trap.gz as it exists
[2024-06-04 17:14:00] [javac-extractor-55338] [WARN] Not rewriting trap file for /Users/burakyetistiren/Desktop/Subject_Prog_CodeQL_Taint/src/main/java/network/Network/trap/java/classes/java/lang/reflect/Method.members/Method.members#65.0-1713788650000-java.trap.gz as it exists
[2024-06-04 17:14:00] [javac-extractor-55338] [WARN] Not rewriting trap file for /Users/burakyetistiren/Desktop/Subject_Prog_CodeQL_Taint/src/main/java/network/Network/trap/java/classes/java/lang/reflect/Field.members/Field.members#65.0-1713788650000-java.trap.gz as it exists
[2024-06-04 17:14:00] [javac-extractor-55338] [WARN] Not rewriting trap file for /Users/burakyetistiren/Desktop/Subject_Prog_CodeQL_Taint/src/main/java/network/Network/trap/java/classes/java/lang/NoSuchFieldException.members/NoSuchFieldException.members#65.0-1713788650000-java.trap.gz as it exists
[2024-06-04 17:14:00] [javac-extractor-55338] [WARN] Not rewriting trap file for /Users/burakyetistiren/Desktop/Subject_Prog_CodeQL_Taint/src/main/java/network/Network/trap/java/classes/java/lang/Package.members/Package.members#65.0-1713788650000-java.trap.gz as it exists
[2024-06-04 17:14:00] [javac-extractor-55338] [WARN] Not rewriting trap file for /Users/burakyetistiren/Desktop/Subject_Prog_CodeQL_Taint/src/main/java/network/Network/trap/java/classes/java/lang/reflect/TypeVariable.members/TypeVariable.members#65.0-1713788650000-java.trap.gz as it exists
[2024-06-04 17:14:00] [javac-extractor-55338] [WARN] Not rewriting trap file for /Users/burakyetistiren/Desktop/Subject_Prog_CodeQL_Taint/src/main/java/network/Network/trap/java/classes/java/lang/ClassLoader.members/ClassLoader.members#65.0-1713788650000-java.trap.gz as it exists
[2024-06-04 17:14:00] [javac-extractor-55338] [WARN] Not rewriting trap file for /Users/burakyetistiren/Desktop/Subject_Prog_CodeQL_Taint/src/main/java/network/Network/trap/java/classes/java/lang/InstantiationException.members/InstantiationException.members#65.0-1713788650000-java.trap.gz as it exists
[2024-06-04 17:14:00] [javac-extractor-55338] [WARN] Not rewriting trap file for /Users/burakyetistiren/Desktop/Subject_Prog_CodeQL_Taint/src/main/java/network/Network/trap/java/classes/java/lang/IllegalAccessException.members/IllegalAccessException.members#65.0-1713788650000-java.trap.gz as it exists
[2024-06-04 17:14:00] [javac-extractor-55338] [WARN] Not rewriting trap file for /Users/burakyetistiren/Desktop/Subject_Prog_CodeQL_Taint/src/main/java/network/Network/trap/java/classes/java/lang/ClassNotFoundException.members/ClassNotFoundException.members#65.0-1713788650000-java.trap.gz as it exists
[2024-06-04 17:14:00] [javac-extractor-55338] [WARN] Not rewriting trap file for /Users/burakyetistiren/Desktop/Subject_Prog_CodeQL_Taint/src/main/java/network/Network/trap/java/classes/java/lang/Throwable.members/Throwable.members#65.0-1713788650000-java.trap.gz as it exists
[2024-06-04 17:14:00] [javac-extractor-55338] [WARN] Not rewriting trap file for /Users/burakyetistiren/Desktop/Subject_Prog_CodeQL_Taint/src/main/java/network/Network/trap/java/classes/java/io/PrintStream.members/PrintStream.members#65.0-1713788650000-java.trap.gz as it exists
[2024-06-04 17:14:00] [javac-extractor-55338] [WARN] Not rewriting trap file for /Users/burakyetistiren/Desktop/Subject_Prog_CodeQL_Taint/src/main/java/network/Network/trap/java/classes/java/text/DateFormat.members/DateFormat.members#65.0-1713788650000-java.trap.gz as it exists
[2024-06-04 17:14:00] [javac-extractor-55338] [WARN] Not rewriting trap file for /Users/burakyetistiren/Desktop/Subject_Prog_CodeQL_Taint/src/main/java/network/Network/trap/java/classes/java/lang/RuntimeException.members/RuntimeException.members#65.0-1713788650000-java.trap.gz as it exists
[2024-06-04 17:14:00] [javac-extractor-55338] [WARN] Not rewriting trap file for /Users/burakyetistiren/Desktop/Subject_Prog_CodeQL_Taint/src/main/java/network/Network/trap/java/classes/java/lang/InterruptedException.members/InterruptedException.members#65.0-1713788650000-java.trap.gz as it exists
[2024-06-04 17:14:00] [javac-extractor-55338] Javac init time: 1.2s
[2024-06-04 17:14:00] [javac-extractor-55338] Javac attr time: 0.4s
[2024-06-04 17:14:00] [javac-extractor-55338] Extractor time: 0.7s
[2024-06-04 17:14:00] [javac-extractor-55338] Other time: 0.7s
[2024-06-04 17:14:00] [javac-extractor-55338] Total time: 3.0s
