[2024-06-04 17:38:14] [javac-extractor-94284] Starting extraction for:
                                              sun.java.command=com.semmle.extractor.java.JavaExtractor --jdk-version 21 --javac-args @@@/Users/burakyetistiren/Desktop/Subject_Prog_CodeQL_Taint/src/main/java/network/Network/log/ext/javac-69.args
                                              user.dir=/Users/burakyetistiren/Desktop/Subject_Prog_CodeQL_Taint/src/main/java/network/dubbo-metadata/dubbo-metadata-definition-protobuf
[2024-06-04 17:38:14] [javac-extractor-94284] Compilation name /Users/burakyetistiren/Desktop/Subject_Prog_CodeQL_Taint/src/main/java/network/Network/trap/java/diagnostics/diagnostic-69.trap.gz
[2024-06-04 17:38:14] [javac-extractor-94284] [WARN] Appending source destination directory /Users/burakyetistiren/Desktop/Subject_Prog_CodeQL_Taint/src/main/java/network/dubbo-metadata/dubbo-metadata-definition-protobuf/target/generated-sources/annotations to sourcepath
[2024-06-04 17:38:16] [javac-extractor-94284] Processing file /Users/burakyetistiren/Desktop/Subject_Prog_CodeQL_Taint/src/main/java/network/dubbo-metadata/dubbo-metadata-definition-protobuf/src/main/java/org/apache/dubbo/metadata/definition/protobuf/ProtobufTypeBuilder.java
[2024-06-04 17:38:17] [javac-extractor-94284] [WARN] Not rewriting trap file for /Users/burakyetistiren/Desktop/Subject_Prog_CodeQL_Taint/src/main/java/network/Network/trap/java/classes/org/apache/dubbo/common/extension/Activate.members/Activate.members#52.0-1717546360955-java.trap.gz as /Users/burakyetistiren/Desktop/Subject_Prog_CodeQL_Taint/src/main/java/network/Network/trap/java/classes/org/apache/dubbo/common/extension/Activate.members/Activate.members#0.0-1717545682305-java.trap.gz exists
[2024-06-04 17:38:17] [javac-extractor-94284] [WARN] Not rewriting trap file for /Users/burakyetistiren/Desktop/Subject_Prog_CodeQL_Taint/src/main/java/network/Network/trap/java/classes/org/apache/dubbo/common/lang/Prioritized.members/Prioritized.members#52.0-1717546357218-java.trap.gz as /Users/burakyetistiren/Desktop/Subject_Prog_CodeQL_Taint/src/main/java/network/Network/trap/java/classes/org/apache/dubbo/common/lang/Prioritized.members/Prioritized.members#0.0-1717545682338-java.trap.gz exists
[2024-06-04 17:38:17] [javac-extractor-94284] [WARN] Not rewriting trap file for /Users/burakyetistiren/Desktop/Subject_Prog_CodeQL_Taint/src/main/java/network/Network/trap/java/classes/org/apache/dubbo/common/logger/Logger.members/Logger.members#52.0-1717546354410-java.trap.gz as /Users/burakyetistiren/Desktop/Subject_Prog_CodeQL_Taint/src/main/java/network/Network/trap/java/classes/org/apache/dubbo/common/logger/Logger.members/Logger.members#0.0-1717545682343-java.trap.gz exists
[2024-06-04 17:38:17] [javac-extractor-94284] [WARN] Not rewriting trap file for /Users/burakyetistiren/Desktop/Subject_Prog_CodeQL_Taint/src/main/java/network/Network/trap/java/classes/org/apache/dubbo/common/logger/LoggerFactory.members/LoggerFactory.members#52.0-1717546361638-java.trap.gz as /Users/burakyetistiren/Desktop/Subject_Prog_CodeQL_Taint/src/main/java/network/Network/trap/java/classes/org/apache/dubbo/common/logger/LoggerFactory.members/LoggerFactory.members#0.0-1717545682344-java.trap.gz exists
[2024-06-04 17:38:17] [javac-extractor-94284] [WARN] Not rewriting trap file for /Users/burakyetistiren/Desktop/Subject_Prog_CodeQL_Taint/src/main/java/network/Network/trap/java/classes/org/apache/dubbo/metadata/definition/TypeDefinitionBuilder.members/TypeDefinitionBuilder.members#52.0-1717546364017-java.trap.gz as /Users/burakyetistiren/Desktop/Subject_Prog_CodeQL_Taint/src/main/java/network/Network/trap/java/classes/org/apache/dubbo/metadata/definition/TypeDefinitionBuilder.members/TypeDefinitionBuilder.members#0.0-1717545682641-java.trap.gz exists
[2024-06-04 17:38:17] [javac-extractor-94284] [WARN] Not rewriting trap file for /Users/burakyetistiren/Desktop/Subject_Prog_CodeQL_Taint/src/main/java/network/Network/trap/java/classes/org/apache/dubbo/metadata/definition/builder/TypeBuilder.members/TypeBuilder.members#52.0-1717546364023-java.trap.gz as /Users/burakyetistiren/Desktop/Subject_Prog_CodeQL_Taint/src/main/java/network/Network/trap/java/classes/org/apache/dubbo/metadata/definition/builder/TypeBuilder.members/TypeBuilder.members#0.0-1717545682645-java.trap.gz exists
[2024-06-04 17:38:17] [javac-extractor-94284] [WARN] Not rewriting trap file for /Users/burakyetistiren/Desktop/Subject_Prog_CodeQL_Taint/src/main/java/network/Network/trap/java/classes/org/apache/dubbo/metadata/definition/model/TypeDefinition.members/TypeDefinition.members#52.0-1717546357343-java.trap.gz as /Users/burakyetistiren/Desktop/Subject_Prog_CodeQL_Taint/src/main/java/network/Network/trap/java/classes/org/apache/dubbo/metadata/definition/model/TypeDefinition.members/TypeDefinition.members#0.0-1717545682648-java.trap.gz exists
[2024-06-04 17:38:17] [javac-extractor-94284] [WARN] Not rewriting trap file for /Users/burakyetistiren/Desktop/Subject_Prog_CodeQL_Taint/src/main/java/network/Network/trap/java/classes/java/lang/reflect/Method.members/Method.members#65.0-1713788650000-java.trap.gz as it exists
[2024-06-04 17:38:17] [javac-extractor-94284] [WARN] Not rewriting trap file for /Users/burakyetistiren/Desktop/Subject_Prog_CodeQL_Taint/src/main/java/network/Network/trap/java/classes/java/lang/reflect/Type.members/Type.members#65.0-1713788650000-java.trap.gz as it exists
[2024-06-04 17:38:17] [javac-extractor-94284] [WARN] Not rewriting trap file for /Users/burakyetistiren/Desktop/Subject_Prog_CodeQL_Taint/src/main/java/network/Network/trap/java/classes/java/util/HashMap.members/HashMap.members#65.0-1713788650000-java.trap.gz as it exists
[2024-06-04 17:38:17] [javac-extractor-94284] [WARN] Not rewriting trap file for /Users/burakyetistiren/Desktop/Subject_Prog_CodeQL_Taint/src/main/java/network/Network/trap/java/classes/java/util/List.members/List.members#65.0-1713788650000-java.trap.gz as it exists
[2024-06-04 17:38:17] [javac-extractor-94284] [WARN] Not rewriting trap file for /Users/burakyetistiren/Desktop/Subject_Prog_CodeQL_Taint/src/main/java/network/Network/trap/java/classes/java/util/Map.members/Map.members#65.0-1713788650000-java.trap.gz as it exists
[2024-06-04 17:38:17] [javac-extractor-94284] [WARN] Not rewriting trap file for /Users/burakyetistiren/Desktop/Subject_Prog_CodeQL_Taint/src/main/java/network/Network/trap/java/classes/java/util/regex/Matcher.members/Matcher.members#65.0-1713788650000-java.trap.gz as it exists
[2024-06-04 17:38:17] [javac-extractor-94284] [WARN] Not rewriting trap file for /Users/burakyetistiren/Desktop/Subject_Prog_CodeQL_Taint/src/main/java/network/Network/trap/java/classes/java/util/regex/Pattern.members/Pattern.members#65.0-1713788650000-java.trap.gz as it exists
[2024-06-04 17:38:17] [javac-extractor-94284] [WARN] Not rewriting trap file for /Users/burakyetistiren/Desktop/Subject_Prog_CodeQL_Taint/src/main/java/network/Network/trap/java/classes/com/google/protobuf/ByteString.members/ByteString.members#52.0-476092802000-java.trap.gz as it exists
[2024-06-04 17:38:17] [javac-extractor-94284] [WARN] Not rewriting trap file for /Users/burakyetistiren/Desktop/Subject_Prog_CodeQL_Taint/src/main/java/network/Network/trap/java/classes/com/google/protobuf/Descriptors.members/Descriptors.members#52.0-476092802000-java.trap.gz as it exists
[2024-06-04 17:38:17] [javac-extractor-94284] [WARN] Not rewriting trap file for /Users/burakyetistiren/Desktop/Subject_Prog_CodeQL_Taint/src/main/java/network/Network/trap/java/classes/com/google/protobuf/GeneratedMessageV3.members/GeneratedMessageV3.members#52.0-476092802000-java.trap.gz as it exists
[2024-06-04 17:38:17] [javac-extractor-94284] [WARN] Not rewriting trap file for /Users/burakyetistiren/Desktop/Subject_Prog_CodeQL_Taint/src/main/java/network/Network/trap/java/classes/com/google/protobuf/ProtocolStringList.members/ProtocolStringList.members#52.0-476092802000-java.trap.gz as it exists
[2024-06-04 17:38:17] [javac-extractor-94284] [WARN] Not rewriting trap file for /Users/burakyetistiren/Desktop/Subject_Prog_CodeQL_Taint/src/main/java/network/Network/trap/java/classes/com/google/protobuf/UnknownFieldSet.members/UnknownFieldSet.members#52.0-476092802000-java.trap.gz as it exists
[2024-06-04 17:38:17] [javac-extractor-94284] [WARN] Not rewriting trap file for /Users/burakyetistiren/Desktop/Subject_Prog_CodeQL_Taint/src/main/java/network/Network/trap/java/classes/java/lang/String.members/String.members#65.0-1713788650000-java.trap.gz as it exists
[2024-06-04 17:38:17] [javac-extractor-94284] [WARN] Not rewriting trap file for /Users/burakyetistiren/Desktop/Subject_Prog_CodeQL_Taint/src/main/java/network/Network/trap/java/classes/java/lang/Object.members/Object.members#65.0-1713788650000-java.trap.gz as it exists
[2024-06-04 17:38:17] [javac-extractor-94284] [WARN] Not rewriting trap file for /Users/burakyetistiren/Desktop/Subject_Prog_CodeQL_Taint/src/main/java/network/Network/trap/java/classes/java/lang/Class.members/Class.members#65.0-1713788650000-java.trap.gz as it exists
[2024-06-04 17:38:17] [javac-extractor-94284] [WARN] Not rewriting trap file for /Users/burakyetistiren/Desktop/Subject_Prog_CodeQL_Taint/src/main/java/network/Network/trap/java/classes/java/io/Serializable.members/Serializable.members#65.0-1713788650000-java.trap.gz as it exists
[2024-06-04 17:38:17] [javac-extractor-94284] [WARN] Not rewriting trap file for /Users/burakyetistiren/Desktop/Subject_Prog_CodeQL_Taint/src/main/java/network/Network/trap/java/classes/java/lang/reflect/GenericDeclaration.members/GenericDeclaration.members#65.0-1713788650000-java.trap.gz as it exists
[2024-06-04 17:38:17] [javac-extractor-94284] [WARN] Not rewriting trap file for /Users/burakyetistiren/Desktop/Subject_Prog_CodeQL_Taint/src/main/java/network/Network/trap/java/classes/java/lang/reflect/AnnotatedElement.members/AnnotatedElement.members#65.0-1713788650000-java.trap.gz as it exists
[2024-06-04 17:38:17] [javac-extractor-94284] [WARN] Not rewriting trap file for /Users/burakyetistiren/Desktop/Subject_Prog_CodeQL_Taint/src/main/java/network/Network/trap/java/classes/com/google/protobuf/GeneratedMessageV3$Builder.members/GeneratedMessageV3$Builder.members#52.0-476092802000-java.trap.gz as it exists
[2024-06-04 17:38:17] [javac-extractor-94284] [WARN] Not rewriting trap file for /Users/burakyetistiren/Desktop/Subject_Prog_CodeQL_Taint/src/main/java/network/Network/trap/java/classes/com/google/protobuf/AbstractMessage$Builder.members/AbstractMessage$Builder.members#52.0-476092802000-java.trap.gz as it exists
[2024-06-04 17:38:17] [javac-extractor-94284] [WARN] Not rewriting trap file for /Users/burakyetistiren/Desktop/Subject_Prog_CodeQL_Taint/src/main/java/network/Network/trap/java/classes/com/google/protobuf/AbstractMessageLite$Builder.members/AbstractMessageLite$Builder.members#52.0-476092802000-java.trap.gz as it exists
[2024-06-04 17:38:17] [javac-extractor-94284] [WARN] Not rewriting trap file for /Users/burakyetistiren/Desktop/Subject_Prog_CodeQL_Taint/src/main/java/network/Network/trap/java/classes/com/google/protobuf/MessageLite$Builder.members/MessageLite$Builder.members#52.0-476092802000-java.trap.gz as it exists
[2024-06-04 17:38:17] [javac-extractor-94284] [WARN] Not rewriting trap file for /Users/burakyetistiren/Desktop/Subject_Prog_CodeQL_Taint/src/main/java/network/Network/trap/java/classes/com/google/protobuf/AbstractMessageLite.members/AbstractMessageLite.members#52.0-476092802000-java.trap.gz as it exists
[2024-06-04 17:38:17] [javac-extractor-94284] [WARN] Not rewriting trap file for /Users/burakyetistiren/Desktop/Subject_Prog_CodeQL_Taint/src/main/java/network/Network/trap/java/classes/com/google/protobuf/Message$Builder.members/Message$Builder.members#52.0-476092802000-java.trap.gz as it exists
[2024-06-04 17:38:17] [javac-extractor-94284] [WARN] Not rewriting trap file for /Users/burakyetistiren/Desktop/Subject_Prog_CodeQL_Taint/src/main/java/network/Network/trap/java/classes/com/google/protobuf/AbstractMessage.members/AbstractMessage.members#52.0-476092802000-java.trap.gz as it exists
[2024-06-04 17:38:17] [javac-extractor-94284] [WARN] Not rewriting trap file for /Users/burakyetistiren/Desktop/Subject_Prog_CodeQL_Taint/src/main/java/network/Network/trap/java/classes/java/lang/Exception.members/Exception.members#65.0-1713788650000-java.trap.gz as it exists
[2024-06-04 17:38:17] [javac-extractor-94284] [WARN] Not rewriting trap file for /Users/burakyetistiren/Desktop/Subject_Prog_CodeQL_Taint/src/main/java/network/Network/trap/java/classes/java/util/Collection.members/Collection.members#65.0-1713788650000-java.trap.gz as it exists
[2024-06-04 17:38:17] [javac-extractor-94284] [WARN] Not rewriting trap file for /Users/burakyetistiren/Desktop/Subject_Prog_CodeQL_Taint/src/main/java/network/Network/trap/java/classes/java/lang/Iterable.members/Iterable.members#65.0-1713788650000-java.trap.gz as it exists
[2024-06-04 17:38:17] [javac-extractor-94284] [WARN] Not rewriting trap file for /Users/burakyetistiren/Desktop/Subject_Prog_CodeQL_Taint/src/main/java/network/Network/trap/java/classes/java/lang/Comparable.members/Comparable.members#65.0-1713788650000-java.trap.gz as it exists
[2024-06-04 17:38:17] [javac-extractor-94284] [WARN] Not rewriting trap file for /Users/burakyetistiren/Desktop/Subject_Prog_CodeQL_Taint/src/main/java/network/Network/trap/java/classes/java/lang/Cloneable.members/Cloneable.members#65.0-1713788650000-java.trap.gz as it exists
[2024-06-04 17:38:17] [javac-extractor-94284] [WARN] Not rewriting trap file for /Users/burakyetistiren/Desktop/Subject_Prog_CodeQL_Taint/src/main/java/network/Network/trap/java/classes/java/lang/reflect/Field.members/Field.members#65.0-1713788650000-java.trap.gz as it exists
[2024-06-04 17:38:17] [javac-extractor-94284] [WARN] Not rewriting trap file for /Users/burakyetistiren/Desktop/Subject_Prog_CodeQL_Taint/src/main/java/network/Network/trap/java/classes/java/lang/NoSuchFieldException.members/NoSuchFieldException.members#65.0-1713788650000-java.trap.gz as it exists
[2024-06-04 17:38:17] [javac-extractor-94284] [WARN] Not rewriting trap file for /Users/burakyetistiren/Desktop/Subject_Prog_CodeQL_Taint/src/main/java/network/Network/trap/java/classes/java/lang/SecurityException.members/SecurityException.members#65.0-1713788650000-java.trap.gz as it exists
[2024-06-04 17:38:17] [javac-extractor-94284] [WARN] Not rewriting trap file for /Users/burakyetistiren/Desktop/Subject_Prog_CodeQL_Taint/src/main/java/network/Network/trap/java/classes/java/lang/reflect/AnnotatedType.members/AnnotatedType.members#65.0-1713788650000-java.trap.gz as it exists
[2024-06-04 17:38:17] [javac-extractor-94284] [WARN] Not rewriting trap file for /Users/burakyetistiren/Desktop/Subject_Prog_CodeQL_Taint/src/main/java/network/Network/trap/java/classes/java/lang/annotation/Annotation.members/Annotation.members#65.0-1713788650000-java.trap.gz as it exists
[2024-06-04 17:38:17] [javac-extractor-94284] [WARN] Not rewriting trap file for /Users/burakyetistiren/Desktop/Subject_Prog_CodeQL_Taint/src/main/java/network/Network/trap/java/classes/java/security/ProtectionDomain.members/ProtectionDomain.members#65.0-1713788650000-java.trap.gz as it exists
[2024-06-04 17:38:17] [javac-extractor-94284] [WARN] Not rewriting trap file for /Users/burakyetistiren/Desktop/Subject_Prog_CodeQL_Taint/src/main/java/network/Network/trap/java/classes/java/net/URL.members/URL.members#65.0-1713788650000-java.trap.gz as it exists
[2024-06-04 17:38:17] [javac-extractor-94284] [WARN] Not rewriting trap file for /Users/burakyetistiren/Desktop/Subject_Prog_CodeQL_Taint/src/main/java/network/Network/trap/java/classes/java/io/InputStream.members/InputStream.members#65.0-1713788650000-java.trap.gz as it exists
[2024-06-04 17:38:17] [javac-extractor-94284] [WARN] Not rewriting trap file for /Users/burakyetistiren/Desktop/Subject_Prog_CodeQL_Taint/src/main/java/network/Network/trap/java/classes/java/lang/reflect/Constructor.members/Constructor.members#65.0-1713788650000-java.trap.gz as it exists
[2024-06-04 17:38:17] [javac-extractor-94284] [WARN] Not rewriting trap file for /Users/burakyetistiren/Desktop/Subject_Prog_CodeQL_Taint/src/main/java/network/Network/trap/java/classes/java/lang/reflect/Executable.members/Executable.members#65.0-1713788650000-java.trap.gz as it exists
[2024-06-04 17:38:17] [javac-extractor-94284] [WARN] Not rewriting trap file for /Users/burakyetistiren/Desktop/Subject_Prog_CodeQL_Taint/src/main/java/network/Network/trap/java/classes/java/lang/NoSuchMethodException.members/NoSuchMethodException.members#65.0-1713788650000-java.trap.gz as it exists
[2024-06-04 17:38:17] [javac-extractor-94284] [WARN] Not rewriting trap file for /Users/burakyetistiren/Desktop/Subject_Prog_CodeQL_Taint/src/main/java/network/Network/trap/java/classes/java/lang/Package.members/Package.members#65.0-1713788650000-java.trap.gz as it exists
[2024-06-04 17:38:17] [javac-extractor-94284] [WARN] Not rewriting trap file for /Users/burakyetistiren/Desktop/Subject_Prog_CodeQL_Taint/src/main/java/network/Network/trap/java/classes/java/lang/reflect/TypeVariable.members/TypeVariable.members#65.0-1713788650000-java.trap.gz as it exists
[2024-06-04 17:38:17] [javac-extractor-94284] [WARN] Not rewriting trap file for /Users/burakyetistiren/Desktop/Subject_Prog_CodeQL_Taint/src/main/java/network/Network/trap/java/classes/java/lang/ClassLoader.members/ClassLoader.members#65.0-1713788650000-java.trap.gz as it exists
[2024-06-04 17:38:17] [javac-extractor-94284] [WARN] Not rewriting trap file for /Users/burakyetistiren/Desktop/Subject_Prog_CodeQL_Taint/src/main/java/network/Network/trap/java/classes/java/lang/InstantiationException.members/InstantiationException.members#65.0-1713788650000-java.trap.gz as it exists
[2024-06-04 17:38:17] [javac-extractor-94284] [WARN] Not rewriting trap file for /Users/burakyetistiren/Desktop/Subject_Prog_CodeQL_Taint/src/main/java/network/Network/trap/java/classes/java/lang/IllegalAccessException.members/IllegalAccessException.members#65.0-1713788650000-java.trap.gz as it exists
[2024-06-04 17:38:17] [javac-extractor-94284] [WARN] Not rewriting trap file for /Users/burakyetistiren/Desktop/Subject_Prog_CodeQL_Taint/src/main/java/network/Network/trap/java/classes/java/lang/ClassNotFoundException.members/ClassNotFoundException.members#65.0-1713788650000-java.trap.gz as it exists
[2024-06-04 17:38:17] [javac-extractor-94284] [WARN] Not rewriting trap file for /Users/burakyetistiren/Desktop/Subject_Prog_CodeQL_Taint/src/main/java/network/Network/trap/java/classes/java/lang/Override.members/Override.members#65.0-1713788650000-java.trap.gz as it exists
[2024-06-04 17:38:17] [javac-extractor-94284] [WARN] Not rewriting trap file for /Users/burakyetistiren/Desktop/Subject_Prog_CodeQL_Taint/src/main/java/network/Network/trap/java/classes/java/util/function/BiFunction.members/BiFunction.members#65.0-1713788650000-java.trap.gz as it exists
[2024-06-04 17:38:17] [javac-extractor-94284] [WARN] Not rewriting trap file for /Users/burakyetistiren/Desktop/Subject_Prog_CodeQL_Taint/src/main/java/network/Network/trap/java/classes/java/lang/FunctionalInterface.members/FunctionalInterface.members#65.0-1713788650000-java.trap.gz as it exists
[2024-06-04 17:38:17] [javac-extractor-94284] [WARN] Not rewriting trap file for /Users/burakyetistiren/Desktop/Subject_Prog_CodeQL_Taint/src/main/java/network/Network/trap/java/classes/java/util/function/Function.members/Function.members#65.0-1713788650000-java.trap.gz as it exists
[2024-06-04 17:38:17] [javac-extractor-94284] [WARN] Not rewriting trap file for /Users/burakyetistiren/Desktop/Subject_Prog_CodeQL_Taint/src/main/java/network/Network/trap/java/classes/java/util/function/BiConsumer.members/BiConsumer.members#65.0-1713788650000-java.trap.gz as it exists
[2024-06-04 17:38:17] [javac-extractor-94284] [WARN] Not rewriting trap file for /Users/burakyetistiren/Desktop/Subject_Prog_CodeQL_Taint/src/main/java/network/Network/trap/java/classes/java/util/Set.members/Set.members#65.0-1713788650000-java.trap.gz as it exists
[2024-06-04 17:38:17] [javac-extractor-94284] [WARN] Not rewriting trap file for /Users/burakyetistiren/Desktop/Subject_Prog_CodeQL_Taint/src/main/java/network/Network/trap/java/classes/java/util/Map$Entry.members/Map$Entry.members#65.0-1713788650000-java.trap.gz as it exists
[2024-06-04 17:38:17] [javac-extractor-94284] [WARN] Not rewriting trap file for /Users/burakyetistiren/Desktop/Subject_Prog_CodeQL_Taint/src/main/java/network/Network/trap/java/classes/java/lang/Throwable.members/Throwable.members#65.0-1713788650000-java.trap.gz as it exists
[2024-06-04 17:38:17] [javac-extractor-94284] [WARN] Not rewriting trap file for /Users/burakyetistiren/Desktop/Subject_Prog_CodeQL_Taint/src/main/java/network/Network/trap/java/classes/java/util/AbstractMap.members/AbstractMap.members#65.0-1713788650000-java.trap.gz as it exists
[2024-06-04 17:38:17] [javac-extractor-94284] [WARN] Not rewriting trap file for /Users/burakyetistiren/Desktop/Subject_Prog_CodeQL_Taint/src/main/java/network/Network/trap/java/classes/java/lang/CloneNotSupportedException.members/CloneNotSupportedException.members#65.0-1713788650000-java.trap.gz as it exists
[2024-06-04 17:38:17] [javac-extractor-94284] [WARN] Not rewriting trap file for /Users/burakyetistiren/Desktop/Subject_Prog_CodeQL_Taint/src/main/java/network/Network/trap/java/classes/java/lang/CharSequence.members/CharSequence.members#65.0-1713788650000-java.trap.gz as it exists
[2024-06-04 17:38:17] [javac-extractor-94284] [WARN] Not rewriting trap file for /Users/burakyetistiren/Desktop/Subject_Prog_CodeQL_Taint/src/main/java/network/Network/trap/java/classes/java/lang/IllegalArgumentException.members/IllegalArgumentException.members#65.0-1713788650000-java.trap.gz as it exists
[2024-06-04 17:38:17] [javac-extractor-94284] [WARN] Not rewriting trap file for /Users/burakyetistiren/Desktop/Subject_Prog_CodeQL_Taint/src/main/java/network/Network/trap/java/classes/java/lang/Character.members/Character.members#65.0-1713788650000-java.trap.gz as it exists
[2024-06-04 17:38:17] [javac-extractor-94284] [WARN] Not rewriting trap file for /Users/burakyetistiren/Desktop/Subject_Prog_CodeQL_Taint/src/main/java/network/Network/trap/java/classes/com/google/protobuf/Descriptors$FieldDescriptor.members/Descriptors$FieldDescriptor.members#52.0-476092802000-java.trap.gz as it exists
[2024-06-04 17:38:17] [javac-extractor-94284] [WARN] Not rewriting trap file for /Users/burakyetistiren/Desktop/Subject_Prog_CodeQL_Taint/src/main/java/network/Network/trap/java/classes/java/lang/Integer.members/Integer.members#65.0-1713788650000-java.trap.gz as it exists
[2024-06-04 17:38:17] [javac-extractor-94284] Javac init time: 1.7s
[2024-06-04 17:38:17] [javac-extractor-94284] Javac attr time: 0.7s
[2024-06-04 17:38:17] [javac-extractor-94284] Extractor time: 1.1s
[2024-06-04 17:38:17] [javac-extractor-94284] Other time: 0.5s
[2024-06-04 17:38:17] [javac-extractor-94284] Total time: 4.0s
