[2024-06-04 17:34:09] [javac-extractor-88424] Starting extraction for:
                                              sun.java.command=com.semmle.extractor.java.JavaExtractor --jdk-version 21 --javac-args @@@/Users/burakyetistiren/Desktop/Subject_Prog_CodeQL_Taint/src/main/java/network/Network/log/ext/javac-49.args
                                              user.dir=/Users/burakyetistiren/Desktop/Subject_Prog_CodeQL_Taint/src/main/java/network/dubbo-demo/dubbo-demo-xml/dubbo-demo-xml-provider
[2024-06-04 17:34:09] [javac-extractor-88424] Compilation name /Users/burakyetistiren/Desktop/Subject_Prog_CodeQL_Taint/src/main/java/network/Network/trap/java/diagnostics/diagnostic-49.trap.gz
[2024-06-04 17:34:09] [javac-extractor-88424] [WARN] Appending source destination directory /Users/burakyetistiren/Desktop/Subject_Prog_CodeQL_Taint/src/main/java/network/dubbo-demo/dubbo-demo-xml/dubbo-demo-xml-provider/target/generated-sources/annotations to sourcepath
[2024-06-04 17:34:12] [javac-extractor-88424] Processing file /Users/burakyetistiren/Desktop/Subject_Prog_CodeQL_Taint/src/main/java/network/dubbo-demo/dubbo-demo-xml/dubbo-demo-xml-provider/src/main/java/org/apache/dubbo/demo/provider/Application.java
[2024-06-04 17:34:12] [javac-extractor-88424] [WARN] Not rewriting trap file for /Users/burakyetistiren/Desktop/Subject_Prog_CodeQL_Taint/src/main/java/network/Network/trap/java/classes/org/springframework/context/support/ClassPathXmlApplicationContext.members/ClassPathXmlApplicationContext.members#52.0-1716416282000-java.trap.gz as it exists
[2024-06-04 17:34:12] [javac-extractor-88424] [WARN] Not rewriting trap file for /Users/burakyetistiren/Desktop/Subject_Prog_CodeQL_Taint/src/main/java/network/Network/trap/java/classes/java/lang/Object.members/Object.members#65.0-1713788650000-java.trap.gz as it exists
[2024-06-04 17:34:12] [javac-extractor-88424] [WARN] Not rewriting trap file for /Users/burakyetistiren/Desktop/Subject_Prog_CodeQL_Taint/src/main/java/network/Network/trap/java/classes/java/lang/String.members/String.members#65.0-1713788650000-java.trap.gz as it exists
[2024-06-04 17:34:12] [javac-extractor-88424] [WARN] Not rewriting trap file for /Users/burakyetistiren/Desktop/Subject_Prog_CodeQL_Taint/src/main/java/network/Network/trap/java/classes/java/lang/Cloneable.members/Cloneable.members#65.0-1713788650000-java.trap.gz as it exists
[2024-06-04 17:34:12] [javac-extractor-88424] [WARN] Not rewriting trap file for /Users/burakyetistiren/Desktop/Subject_Prog_CodeQL_Taint/src/main/java/network/Network/trap/java/classes/java/io/Serializable.members/Serializable.members#65.0-1713788650000-java.trap.gz as it exists
[2024-06-04 17:34:12] [javac-extractor-88424] [WARN] Not rewriting trap file for /Users/burakyetistiren/Desktop/Subject_Prog_CodeQL_Taint/src/main/java/network/Network/trap/java/classes/java/lang/Exception.members/Exception.members#65.0-1713788650000-java.trap.gz as it exists
[2024-06-04 17:34:12] [javac-extractor-88424] [WARN] Not rewriting trap file for /Users/burakyetistiren/Desktop/Subject_Prog_CodeQL_Taint/src/main/java/network/Network/trap/java/classes/org/springframework/context/support/AbstractApplicationContext.members/AbstractApplicationContext.members#52.0-1716416282000-java.trap.gz as it exists
[2024-06-04 17:34:12] [javac-extractor-88424] [WARN] Not rewriting trap file for /Users/burakyetistiren/Desktop/Subject_Prog_CodeQL_Taint/src/main/java/network/Network/trap/java/classes/java/io/InputStream.members/InputStream.members#65.0-1713788650000-java.trap.gz as it exists
[2024-06-04 17:34:12] [javac-extractor-88424] [WARN] Not rewriting trap file for /Users/burakyetistiren/Desktop/Subject_Prog_CodeQL_Taint/src/main/java/network/Network/trap/java/classes/java/lang/System.members/System.members#65.0-1713788650000-java.trap.gz as it exists
[2024-06-04 17:34:12] [javac-extractor-88424] Processing file /Users/burakyetistiren/Desktop/Subject_Prog_CodeQL_Taint/src/main/java/network/dubbo-demo/dubbo-demo-xml/dubbo-demo-xml-provider/src/main/java/org/apache/dubbo/demo/provider/DemoServiceImpl.java
[2024-06-04 17:34:12] [javac-extractor-88424] [WARN] Not rewriting trap file for /Users/burakyetistiren/Desktop/Subject_Prog_CodeQL_Taint/src/main/java/network/Network/trap/java/classes/org/apache/dubbo/demo/DemoService.members/DemoService.members#52.0-1717547590819-java.trap.gz as /Users/burakyetistiren/Desktop/Subject_Prog_CodeQL_Taint/src/main/java/network/Network/trap/java/classes/org/apache/dubbo/demo/DemoService.members/DemoService.members#0.0-1717545686223-java.trap.gz exists
[2024-06-04 17:34:12] [javac-extractor-88424] [WARN] Not rewriting trap file for /Users/burakyetistiren/Desktop/Subject_Prog_CodeQL_Taint/src/main/java/network/Network/trap/java/classes/org/apache/dubbo/rpc/RpcContext.members/RpcContext.members#52.0-1717546668821-java.trap.gz as /Users/burakyetistiren/Desktop/Subject_Prog_CodeQL_Taint/src/main/java/network/Network/trap/java/classes/org/apache/dubbo/rpc/RpcContext.members/RpcContext.members#0.0-1717545690833-java.trap.gz exists
[2024-06-04 17:34:12] [javac-extractor-88424] [WARN] Not rewriting trap file for /Users/burakyetistiren/Desktop/Subject_Prog_CodeQL_Taint/src/main/java/network/Network/trap/java/classes/java/util/concurrent/CompletableFuture.members/CompletableFuture.members#65.0-1713788650000-java.trap.gz as it exists
[2024-06-04 17:34:12] [javac-extractor-88424] [WARN] Not rewriting trap file for /Users/burakyetistiren/Desktop/Subject_Prog_CodeQL_Taint/src/main/java/network/Network/trap/java/classes/org/slf4j/Logger.members/Logger.members#49.0-1644355860000-java.trap.gz as it exists
[2024-06-04 17:34:12] [javac-extractor-88424] [WARN] Not rewriting trap file for /Users/burakyetistiren/Desktop/Subject_Prog_CodeQL_Taint/src/main/java/network/Network/trap/java/classes/org/slf4j/LoggerFactory.members/LoggerFactory.members#49.0-1644355860000-java.trap.gz as it exists
[2024-06-04 17:34:12] [javac-extractor-88424] [WARN] Not rewriting trap file for /Users/burakyetistiren/Desktop/Subject_Prog_CodeQL_Taint/src/main/java/network/Network/trap/java/classes/java/lang/Object.members/Object.members#65.0-1713788650000-java.trap.gz as it exists
[2024-06-04 17:34:12] [javac-extractor-88424] [WARN] Not rewriting trap file for /Users/burakyetistiren/Desktop/Subject_Prog_CodeQL_Taint/src/main/java/network/Network/trap/java/classes/java/lang/Class.members/Class.members#65.0-1713788650000-java.trap.gz as it exists
[2024-06-04 17:34:12] [javac-extractor-88424] [WARN] Not rewriting trap file for /Users/burakyetistiren/Desktop/Subject_Prog_CodeQL_Taint/src/main/java/network/Network/trap/java/classes/java/io/Serializable.members/Serializable.members#65.0-1713788650000-java.trap.gz as it exists
[2024-06-04 17:34:12] [javac-extractor-88424] [WARN] Not rewriting trap file for /Users/burakyetistiren/Desktop/Subject_Prog_CodeQL_Taint/src/main/java/network/Network/trap/java/classes/java/lang/reflect/GenericDeclaration.members/GenericDeclaration.members#65.0-1713788650000-java.trap.gz as it exists
[2024-06-04 17:34:12] [javac-extractor-88424] [WARN] Not rewriting trap file for /Users/burakyetistiren/Desktop/Subject_Prog_CodeQL_Taint/src/main/java/network/Network/trap/java/classes/java/lang/reflect/Type.members/Type.members#65.0-1713788650000-java.trap.gz as it exists
[2024-06-04 17:34:12] [javac-extractor-88424] [WARN] Not rewriting trap file for /Users/burakyetistiren/Desktop/Subject_Prog_CodeQL_Taint/src/main/java/network/Network/trap/java/classes/java/lang/reflect/AnnotatedElement.members/AnnotatedElement.members#65.0-1713788650000-java.trap.gz as it exists
[2024-06-04 17:34:12] [javac-extractor-88424] [WARN] Not rewriting trap file for /Users/burakyetistiren/Desktop/Subject_Prog_CodeQL_Taint/src/main/java/network/Network/trap/java/classes/java/lang/String.members/String.members#65.0-1713788650000-java.trap.gz as it exists
[2024-06-04 17:34:12] [javac-extractor-88424] [WARN] Not rewriting trap file for /Users/burakyetistiren/Desktop/Subject_Prog_CodeQL_Taint/src/main/java/network/Network/trap/java/classes/java/lang/Override.members/Override.members#65.0-1713788650000-java.trap.gz as it exists
[2024-06-04 17:34:12] [javac-extractor-88424] [WARN] Not rewriting trap file for /Users/burakyetistiren/Desktop/Subject_Prog_CodeQL_Taint/src/main/java/network/Network/trap/java/classes/java/net/InetSocketAddress.members/InetSocketAddress.members#65.0-1713788650000-java.trap.gz as it exists
[2024-06-04 17:34:12] [javac-extractor-88424] [WARN] Not rewriting trap file for /Users/burakyetistiren/Desktop/Subject_Prog_CodeQL_Taint/src/main/java/network/Network/trap/java/classes/org/apache/dubbo/rpc/RpcServiceContext.members/RpcServiceContext.members#52.0-1717546669325-java.trap.gz as /Users/burakyetistiren/Desktop/Subject_Prog_CodeQL_Taint/src/main/java/network/Network/trap/java/classes/org/apache/dubbo/rpc/RpcServiceContext.members/RpcServiceContext.members#0.0-1717545690844-java.trap.gz exists
[2024-06-04 17:34:12] [javac-extractor-88424] [WARN] Not rewriting trap file for /Users/burakyetistiren/Desktop/Subject_Prog_CodeQL_Taint/src/main/java/network/Network/trap/java/classes/java/lang/Thread.members/Thread.members#65.0-1713788650000-java.trap.gz as it exists
[2024-06-04 17:34:12] [javac-extractor-88424] [WARN] Not rewriting trap file for /Users/burakyetistiren/Desktop/Subject_Prog_CodeQL_Taint/src/main/java/network/Network/trap/java/classes/java/lang/InterruptedException.members/InterruptedException.members#65.0-1713788650000-java.trap.gz as it exists
[2024-06-04 17:34:12] [javac-extractor-88424] [WARN] Not rewriting trap file for /Users/burakyetistiren/Desktop/Subject_Prog_CodeQL_Taint/src/main/java/network/Network/trap/java/classes/java/lang/Throwable.members/Throwable.members#65.0-1713788650000-java.trap.gz as it exists
[2024-06-04 17:34:12] [javac-extractor-88424] [WARN] Not rewriting trap file for /Users/burakyetistiren/Desktop/Subject_Prog_CodeQL_Taint/src/main/java/network/Network/trap/java/classes/java/util/concurrent/Future.members/Future.members#65.0-1713788650000-java.trap.gz as it exists
[2024-06-04 17:34:12] [javac-extractor-88424] [WARN] Not rewriting trap file for /Users/burakyetistiren/Desktop/Subject_Prog_CodeQL_Taint/src/main/java/network/Network/trap/java/classes/java/util/concurrent/CompletionStage.members/CompletionStage.members#65.0-1713788650000-java.trap.gz as it exists
[2024-06-04 17:34:12] [javac-extractor-88424] [WARN] Not rewriting trap file for /Users/burakyetistiren/Desktop/Subject_Prog_CodeQL_Taint/src/main/java/network/Network/trap/java/classes/java/util/function/Supplier.members/Supplier.members#65.0-1713788650000-java.trap.gz as it exists
[2024-06-04 17:34:12] [javac-extractor-88424] [WARN] Not rewriting trap file for /Users/burakyetistiren/Desktop/Subject_Prog_CodeQL_Taint/src/main/java/network/Network/trap/java/classes/java/lang/FunctionalInterface.members/FunctionalInterface.members#65.0-1713788650000-java.trap.gz as it exists
[2024-06-04 17:34:12] [javac-extractor-88424] Processing file /Users/burakyetistiren/Desktop/Subject_Prog_CodeQL_Taint/src/main/java/network/dubbo-demo/dubbo-demo-xml/dubbo-demo-xml-provider/src/main/java/org/apache/dubbo/demo/provider/GreetingServiceImpl.java
[2024-06-04 17:34:12] [javac-extractor-88424] [WARN] Not rewriting trap file for /Users/burakyetistiren/Desktop/Subject_Prog_CodeQL_Taint/src/main/java/network/Network/trap/java/classes/org/apache/dubbo/demo/GreetingService.members/GreetingService.members#52.0-1717547590823-java.trap.gz as /Users/burakyetistiren/Desktop/Subject_Prog_CodeQL_Taint/src/main/java/network/Network/trap/java/classes/org/apache/dubbo/demo/GreetingService.members/GreetingService.members#0.0-1717545686224-java.trap.gz exists
[2024-06-04 17:34:12] [javac-extractor-88424] [WARN] Not rewriting trap file for /Users/burakyetistiren/Desktop/Subject_Prog_CodeQL_Taint/src/main/java/network/Network/trap/java/classes/java/lang/Object.members/Object.members#65.0-1713788650000-java.trap.gz as it exists
[2024-06-04 17:34:12] [javac-extractor-88424] [WARN] Not rewriting trap file for /Users/burakyetistiren/Desktop/Subject_Prog_CodeQL_Taint/src/main/java/network/Network/trap/java/classes/java/lang/String.members/String.members#65.0-1713788650000-java.trap.gz as it exists
[2024-06-04 17:34:12] [javac-extractor-88424] [WARN] Not rewriting trap file for /Users/burakyetistiren/Desktop/Subject_Prog_CodeQL_Taint/src/main/java/network/Network/trap/java/classes/java/lang/Override.members/Override.members#65.0-1713788650000-java.trap.gz as it exists
[2024-06-04 17:34:12] [javac-extractor-88424] Processing file /Users/burakyetistiren/Desktop/Subject_Prog_CodeQL_Taint/src/main/java/network/dubbo-demo/dubbo-demo-xml/dubbo-demo-xml-provider/src/main/java/org/apache/dubbo/demo/provider/RestDemoServiceImpl.java
[2024-06-04 17:34:12] [javac-extractor-88424] [WARN] Not rewriting trap file for /Users/burakyetistiren/Desktop/Subject_Prog_CodeQL_Taint/src/main/java/network/Network/trap/java/classes/org/apache/dubbo/demo/RestDemoService.members/RestDemoService.members#52.0-1717547590831-java.trap.gz as /Users/burakyetistiren/Desktop/Subject_Prog_CodeQL_Taint/src/main/java/network/Network/trap/java/classes/org/apache/dubbo/demo/RestDemoService.members/RestDemoService.members#0.0-1717545686226-java.trap.gz exists
[2024-06-04 17:34:12] [javac-extractor-88424] [WARN] Not rewriting trap file for /Users/burakyetistiren/Desktop/Subject_Prog_CodeQL_Taint/src/main/java/network/Network/trap/java/classes/org/apache/dubbo/rpc/RpcContext.members/RpcContext.members#52.0-1717546668821-java.trap.gz as /Users/burakyetistiren/Desktop/Subject_Prog_CodeQL_Taint/src/main/java/network/Network/trap/java/classes/org/apache/dubbo/rpc/RpcContext.members/RpcContext.members#0.0-1717545690833-java.trap.gz exists
[2024-06-04 17:34:12] [javac-extractor-88424] [WARN] Not rewriting trap file for /Users/burakyetistiren/Desktop/Subject_Prog_CodeQL_Taint/src/main/java/network/Network/trap/java/classes/javax/ws/rs/core/MultivaluedMap.members/MultivaluedMap.members#52.0-1570767786000-java.trap.gz as it exists
[2024-06-04 17:34:12] [javac-extractor-88424] [WARN] Not rewriting trap file for /Users/burakyetistiren/Desktop/Subject_Prog_CodeQL_Taint/src/main/java/network/Network/trap/java/classes/java/util/Map.members/Map.members#65.0-1713788650000-java.trap.gz as it exists
[2024-06-04 17:34:12] [javac-extractor-88424] [WARN] Not rewriting trap file for /Users/burakyetistiren/Desktop/Subject_Prog_CodeQL_Taint/src/main/java/network/Network/trap/java/classes/po/TestPO.members/TestPO.members#52.0-1717547590937-java.trap.gz as /Users/burakyetistiren/Desktop/Subject_Prog_CodeQL_Taint/src/main/java/network/Network/trap/java/classes/po/TestPO.members/TestPO.members#0.0-1717545686233-java.trap.gz exists
[2024-06-04 17:34:12] [javac-extractor-88424] [WARN] Not rewriting trap file for /Users/burakyetistiren/Desktop/Subject_Prog_CodeQL_Taint/src/main/java/network/Network/trap/java/classes/java/lang/String.members/String.members#65.0-1713788650000-java.trap.gz as it exists
[2024-06-04 17:34:12] [javac-extractor-88424] [WARN] Not rewriting trap file for /Users/burakyetistiren/Desktop/Subject_Prog_CodeQL_Taint/src/main/java/network/Network/trap/java/classes/java/lang/Object.members/Object.members#65.0-1713788650000-java.trap.gz as it exists
[2024-06-04 17:34:12] [javac-extractor-88424] [WARN] Not rewriting trap file for /Users/burakyetistiren/Desktop/Subject_Prog_CodeQL_Taint/src/main/java/network/Network/trap/java/classes/java/lang/Integer.members/Integer.members#65.0-1713788650000-java.trap.gz as it exists
[2024-06-04 17:34:12] [javac-extractor-88424] [WARN] Not rewriting trap file for /Users/burakyetistiren/Desktop/Subject_Prog_CodeQL_Taint/src/main/java/network/Network/trap/java/classes/java/lang/Override.members/Override.members#65.0-1713788650000-java.trap.gz as it exists
[2024-06-04 17:34:12] [javac-extractor-88424] [WARN] Not rewriting trap file for /Users/burakyetistiren/Desktop/Subject_Prog_CodeQL_Taint/src/main/java/network/Network/trap/java/classes/org/apache/dubbo/rpc/RpcContextAttachment.members/RpcContextAttachment.members#52.0-1717546669426-java.trap.gz as /Users/burakyetistiren/Desktop/Subject_Prog_CodeQL_Taint/src/main/java/network/Network/trap/java/classes/org/apache/dubbo/rpc/RpcContextAttachment.members/RpcContextAttachment.members#0.0-1717545690836-java.trap.gz exists
[2024-06-04 17:34:12] [javac-extractor-88424] [WARN] Not rewriting trap file for /Users/burakyetistiren/Desktop/Subject_Prog_CodeQL_Taint/src/main/java/network/Network/trap/java/classes/java/lang/RuntimeException.members/RuntimeException.members#65.0-1713788650000-java.trap.gz as it exists
[2024-06-04 17:34:12] [javac-extractor-88424] [WARN] Not rewriting trap file for /Users/burakyetistiren/Desktop/Subject_Prog_CodeQL_Taint/src/main/java/network/Network/trap/java/classes/org/apache/dubbo/rpc/RpcServiceContext.members/RpcServiceContext.members#52.0-1717546669325-java.trap.gz as /Users/burakyetistiren/Desktop/Subject_Prog_CodeQL_Taint/src/main/java/network/Network/trap/java/classes/org/apache/dubbo/rpc/RpcServiceContext.members/RpcServiceContext.members#0.0-1717545690844-java.trap.gz exists
[2024-06-04 17:34:12] [javac-extractor-88424] [WARN] Not rewriting trap file for /Users/burakyetistiren/Desktop/Subject_Prog_CodeQL_Taint/src/main/java/network/Network/trap/java/classes/java/lang/Boolean.members/Boolean.members#65.0-1713788650000-java.trap.gz as it exists
[2024-06-04 17:34:12] [javac-extractor-88424] Processing file /Users/burakyetistiren/Desktop/Subject_Prog_CodeQL_Taint/src/main/java/network/dubbo-demo/dubbo-demo-xml/dubbo-demo-xml-provider/src/main/java/org/apache/dubbo/demo/provider/TripleServiceImpl.java
[2024-06-04 17:34:13] [javac-extractor-88424] [WARN] Not rewriting trap file for /Users/burakyetistiren/Desktop/Subject_Prog_CodeQL_Taint/src/main/java/network/Network/trap/java/classes/org/apache/dubbo/demo/TripleService.members/TripleService.members#52.0-1717547590952-java.trap.gz as /Users/burakyetistiren/Desktop/Subject_Prog_CodeQL_Taint/src/main/java/network/Network/trap/java/classes/org/apache/dubbo/demo/TripleService.members/TripleService.members#0.0-1717545686227-java.trap.gz exists
[2024-06-04 17:34:13] [javac-extractor-88424] [WARN] Not rewriting trap file for /Users/burakyetistiren/Desktop/Subject_Prog_CodeQL_Taint/src/main/java/network/Network/trap/java/classes/java/lang/Object.members/Object.members#65.0-1713788650000-java.trap.gz as it exists
[2024-06-04 17:34:13] [javac-extractor-88424] [WARN] Not rewriting trap file for /Users/burakyetistiren/Desktop/Subject_Prog_CodeQL_Taint/src/main/java/network/Network/trap/java/classes/java/lang/String.members/String.members#65.0-1713788650000-java.trap.gz as it exists
[2024-06-04 17:34:13] [javac-extractor-88424] [WARN] Not rewriting trap file for /Users/burakyetistiren/Desktop/Subject_Prog_CodeQL_Taint/src/main/java/network/Network/trap/java/classes/java/lang/Override.members/Override.members#65.0-1713788650000-java.trap.gz as it exists
[2024-06-04 17:34:13] [javac-extractor-88424] Javac init time: 2.0s
[2024-06-04 17:34:13] [javac-extractor-88424] Javac attr time: 0.5s
[2024-06-04 17:34:13] [javac-extractor-88424] Extractor time: 0.6s
[2024-06-04 17:34:13] [javac-extractor-88424] Other time: 0.8s
[2024-06-04 17:34:13] [javac-extractor-88424] Total time: 3.9s
