[2024-06-04 17:35:00] [javac-extractor-89582] Starting extraction for:
                                              sun.java.command=com.semmle.extractor.java.JavaExtractor --jdk-version 21 --javac-args @@@/Users/burakyetistiren/Desktop/Subject_Prog_CodeQL_Taint/src/main/java/network/Network/log/ext/javac-54.args
                                              user.dir=/Users/burakyetistiren/Desktop/Subject_Prog_CodeQL_Taint/src/main/java/network/dubbo-demo/dubbo-demo-xml/dubbo-demo-spring-mvc-rest-provider
[2024-06-04 17:35:00] [javac-extractor-89582] Compilation name /Users/burakyetistiren/Desktop/Subject_Prog_CodeQL_Taint/src/main/java/network/Network/trap/java/diagnostics/diagnostic-54.trap.gz
[2024-06-04 17:35:00] [javac-extractor-89582] [WARN] Appending source destination directory /Users/burakyetistiren/Desktop/Subject_Prog_CodeQL_Taint/src/main/java/network/dubbo-demo/dubbo-demo-xml/dubbo-demo-spring-mvc-rest-provider/target/generated-sources/annotations to sourcepath
[2024-06-04 17:35:04] [javac-extractor-89582] Processing file /Users/burakyetistiren/Desktop/Subject_Prog_CodeQL_Taint/src/main/java/network/dubbo-demo/dubbo-demo-xml/dubbo-demo-spring-mvc-rest-provider/src/main/java/org/apache/dubbo/demo/rest/api/SpringMvcRestProvider.java
[2024-06-04 17:35:04] [javac-extractor-89582] [WARN] Not rewriting trap file for /Users/burakyetistiren/Desktop/Subject_Prog_CodeQL_Taint/src/main/java/network/Network/trap/java/classes/org/springframework/context/support/ClassPathXmlApplicationContext.members/ClassPathXmlApplicationContext.members#52.0-1716416282000-java.trap.gz as it exists
[2024-06-04 17:35:04] [javac-extractor-89582] [WARN] Not rewriting trap file for /Users/burakyetistiren/Desktop/Subject_Prog_CodeQL_Taint/src/main/java/network/Network/trap/java/classes/java/lang/Object.members/Object.members#65.0-1713788650000-java.trap.gz as it exists
[2024-06-04 17:35:04] [javac-extractor-89582] [WARN] Not rewriting trap file for /Users/burakyetistiren/Desktop/Subject_Prog_CodeQL_Taint/src/main/java/network/Network/trap/java/classes/java/lang/String.members/String.members#65.0-1713788650000-java.trap.gz as it exists
[2024-06-04 17:35:04] [javac-extractor-89582] [WARN] Not rewriting trap file for /Users/burakyetistiren/Desktop/Subject_Prog_CodeQL_Taint/src/main/java/network/Network/trap/java/classes/java/lang/Cloneable.members/Cloneable.members#65.0-1713788650000-java.trap.gz as it exists
[2024-06-04 17:35:04] [javac-extractor-89582] [WARN] Not rewriting trap file for /Users/burakyetistiren/Desktop/Subject_Prog_CodeQL_Taint/src/main/java/network/Network/trap/java/classes/java/io/Serializable.members/Serializable.members#65.0-1713788650000-java.trap.gz as it exists
[2024-06-04 17:35:04] [javac-extractor-89582] [WARN] Not rewriting trap file for /Users/burakyetistiren/Desktop/Subject_Prog_CodeQL_Taint/src/main/java/network/Network/trap/java/classes/java/lang/Exception.members/Exception.members#65.0-1713788650000-java.trap.gz as it exists
[2024-06-04 17:35:04] [javac-extractor-89582] [WARN] Not rewriting trap file for /Users/burakyetistiren/Desktop/Subject_Prog_CodeQL_Taint/src/main/java/network/Network/trap/java/classes/org/springframework/context/support/AbstractApplicationContext.members/AbstractApplicationContext.members#52.0-1716416282000-java.trap.gz as it exists
[2024-06-04 17:35:04] [javac-extractor-89582] [WARN] Not rewriting trap file for /Users/burakyetistiren/Desktop/Subject_Prog_CodeQL_Taint/src/main/java/network/Network/trap/java/classes/java/io/PrintStream.members/PrintStream.members#65.0-1713788650000-java.trap.gz as it exists
[2024-06-04 17:35:04] [javac-extractor-89582] [WARN] Not rewriting trap file for /Users/burakyetistiren/Desktop/Subject_Prog_CodeQL_Taint/src/main/java/network/Network/trap/java/classes/java/lang/System.members/System.members#65.0-1713788650000-java.trap.gz as it exists
[2024-06-04 17:35:04] [javac-extractor-89582] [WARN] Not rewriting trap file for /Users/burakyetistiren/Desktop/Subject_Prog_CodeQL_Taint/src/main/java/network/Network/trap/java/classes/java/io/InputStream.members/InputStream.members#65.0-1713788650000-java.trap.gz as it exists
[2024-06-04 17:35:04] [javac-extractor-89582] Processing file /Users/burakyetistiren/Desktop/Subject_Prog_CodeQL_Taint/src/main/java/network/dubbo-demo/dubbo-demo-xml/dubbo-demo-spring-mvc-rest-provider/src/main/java/org/apache/dubbo/demo/rest/api/config/DubboConfig.java
[2024-06-04 17:35:04] [javac-extractor-89582] [WARN] Not rewriting trap file for /Users/burakyetistiren/Desktop/Subject_Prog_CodeQL_Taint/src/main/java/network/Network/trap/java/classes/org/apache/dubbo/config/spring/context/annotation/DubboComponentScan.members/DubboComponentScan.members#52.0-1717547560565-java.trap.gz as /Users/burakyetistiren/Desktop/Subject_Prog_CodeQL_Taint/src/main/java/network/Network/trap/java/classes/org/apache/dubbo/config/spring/context/annotation/DubboComponentScan.members/DubboComponentScan.members#0.0-1717545684699-java.trap.gz exists
[2024-06-04 17:35:04] [javac-extractor-89582] [WARN] Not rewriting trap file for /Users/burakyetistiren/Desktop/Subject_Prog_CodeQL_Taint/src/main/java/network/Network/trap/java/classes/java/lang/String.members/String.members#65.0-1713788650000-java.trap.gz as it exists
[2024-06-04 17:35:04] [javac-extractor-89582] [WARN] Not rewriting trap file for /Users/burakyetistiren/Desktop/Subject_Prog_CodeQL_Taint/src/main/java/network/Network/trap/java/classes/java/lang/Object.members/Object.members#65.0-1713788650000-java.trap.gz as it exists
[2024-06-04 17:35:04] [javac-extractor-89582] [WARN] Not rewriting trap file for /Users/burakyetistiren/Desktop/Subject_Prog_CodeQL_Taint/src/main/java/network/Network/trap/java/classes/java/lang/Cloneable.members/Cloneable.members#65.0-1713788650000-java.trap.gz as it exists
[2024-06-04 17:35:04] [javac-extractor-89582] [WARN] Not rewriting trap file for /Users/burakyetistiren/Desktop/Subject_Prog_CodeQL_Taint/src/main/java/network/Network/trap/java/classes/java/io/Serializable.members/Serializable.members#65.0-1713788650000-java.trap.gz as it exists
[2024-06-04 17:35:04] [javac-extractor-89582] [WARN] Not rewriting trap file for /Users/burakyetistiren/Desktop/Subject_Prog_CodeQL_Taint/src/main/java/network/Network/trap/java/classes/java/lang/Class.members/Class.members#65.0-1713788650000-java.trap.gz as it exists
[2024-06-04 17:35:04] [javac-extractor-89582] [WARN] Not rewriting trap file for /Users/burakyetistiren/Desktop/Subject_Prog_CodeQL_Taint/src/main/java/network/Network/trap/java/classes/java/lang/reflect/GenericDeclaration.members/GenericDeclaration.members#65.0-1713788650000-java.trap.gz as it exists
[2024-06-04 17:35:04] [javac-extractor-89582] [WARN] Not rewriting trap file for /Users/burakyetistiren/Desktop/Subject_Prog_CodeQL_Taint/src/main/java/network/Network/trap/java/classes/java/lang/reflect/Type.members/Type.members#65.0-1713788650000-java.trap.gz as it exists
[2024-06-04 17:35:04] [javac-extractor-89582] [WARN] Not rewriting trap file for /Users/burakyetistiren/Desktop/Subject_Prog_CodeQL_Taint/src/main/java/network/Network/trap/java/classes/java/lang/reflect/AnnotatedElement.members/AnnotatedElement.members#65.0-1713788650000-java.trap.gz as it exists
[2024-06-04 17:35:04] [javac-extractor-89582] Processing file /Users/burakyetistiren/Desktop/Subject_Prog_CodeQL_Taint/src/main/java/network/dubbo-demo/dubbo-demo-xml/dubbo-demo-spring-mvc-rest-provider/src/main/java/org/apache/dubbo/demo/rest/api/impl/SpringRestDemoServiceImpl.java
[2024-06-04 17:35:04] [javac-extractor-89582] [WARN] Not rewriting trap file for /Users/burakyetistiren/Desktop/Subject_Prog_CodeQL_Taint/src/main/java/network/Network/trap/java/classes/org/apache/dubbo/config/annotation/DubboService.members/DubboService.members#52.0-1717546363480-java.trap.gz as /Users/burakyetistiren/Desktop/Subject_Prog_CodeQL_Taint/src/main/java/network/Network/trap/java/classes/org/apache/dubbo/config/annotation/DubboService.members/DubboService.members#0.0-1717545682627-java.trap.gz exists
[2024-06-04 17:35:04] [javac-extractor-89582] [WARN] Not rewriting trap file for /Users/burakyetistiren/Desktop/Subject_Prog_CodeQL_Taint/src/main/java/network/Network/trap/java/classes/org/apache/dubbo/demo/rest/api/SpringRestDemoService.members/SpringRestDemoService.members#52.0-1717547591131-java.trap.gz as /Users/burakyetistiren/Desktop/Subject_Prog_CodeQL_Taint/src/main/java/network/Network/trap/java/classes/org/apache/dubbo/demo/rest/api/SpringRestDemoService.members/SpringRestDemoService.members#0.0-1717545686232-java.trap.gz exists
[2024-06-04 17:35:04] [javac-extractor-89582] [WARN] Not rewriting trap file for /Users/burakyetistiren/Desktop/Subject_Prog_CodeQL_Taint/src/main/java/network/Network/trap/java/classes/java/util/List.members/List.members#65.0-1713788650000-java.trap.gz as it exists
[2024-06-04 17:35:04] [javac-extractor-89582] [WARN] Not rewriting trap file for /Users/burakyetistiren/Desktop/Subject_Prog_CodeQL_Taint/src/main/java/network/Network/trap/java/classes/java/util/Map.members/Map.members#65.0-1713788650000-java.trap.gz as it exists
[2024-06-04 17:35:04] [javac-extractor-89582] [WARN] Not rewriting trap file for /Users/burakyetistiren/Desktop/Subject_Prog_CodeQL_Taint/src/main/java/network/Network/trap/java/classes/org/springframework/util/MultiValueMap.members/MultiValueMap.members#52.0-318240000000-java.trap.gz as it exists
[2024-06-04 17:35:04] [javac-extractor-89582] [WARN] Not rewriting trap file for /Users/burakyetistiren/Desktop/Subject_Prog_CodeQL_Taint/src/main/java/network/Network/trap/java/classes/po/User.members/User.members#52.0-1717547591101-java.trap.gz as /Users/burakyetistiren/Desktop/Subject_Prog_CodeQL_Taint/src/main/java/network/Network/trap/java/classes/po/User.members/User.members#0.0-1717545686234-java.trap.gz exists
[2024-06-04 17:35:04] [javac-extractor-89582] [WARN] Not rewriting trap file for /Users/burakyetistiren/Desktop/Subject_Prog_CodeQL_Taint/src/main/java/network/Network/trap/java/classes/java/lang/Class.members/Class.members#65.0-1713788650000-java.trap.gz as it exists
[2024-06-04 17:35:04] [javac-extractor-89582] [WARN] Not rewriting trap file for /Users/burakyetistiren/Desktop/Subject_Prog_CodeQL_Taint/src/main/java/network/Network/trap/java/classes/java/lang/Object.members/Object.members#65.0-1713788650000-java.trap.gz as it exists
[2024-06-04 17:35:04] [javac-extractor-89582] [WARN] Not rewriting trap file for /Users/burakyetistiren/Desktop/Subject_Prog_CodeQL_Taint/src/main/java/network/Network/trap/java/classes/java/io/Serializable.members/Serializable.members#65.0-1713788650000-java.trap.gz as it exists
[2024-06-04 17:35:04] [javac-extractor-89582] [WARN] Not rewriting trap file for /Users/burakyetistiren/Desktop/Subject_Prog_CodeQL_Taint/src/main/java/network/Network/trap/java/classes/java/lang/reflect/GenericDeclaration.members/GenericDeclaration.members#65.0-1713788650000-java.trap.gz as it exists
[2024-06-04 17:35:04] [javac-extractor-89582] [WARN] Not rewriting trap file for /Users/burakyetistiren/Desktop/Subject_Prog_CodeQL_Taint/src/main/java/network/Network/trap/java/classes/java/lang/reflect/Type.members/Type.members#65.0-1713788650000-java.trap.gz as it exists
[2024-06-04 17:35:04] [javac-extractor-89582] [WARN] Not rewriting trap file for /Users/burakyetistiren/Desktop/Subject_Prog_CodeQL_Taint/src/main/java/network/Network/trap/java/classes/java/lang/reflect/AnnotatedElement.members/AnnotatedElement.members#65.0-1713788650000-java.trap.gz as it exists
[2024-06-04 17:35:04] [javac-extractor-89582] [WARN] Not rewriting trap file for /Users/burakyetistiren/Desktop/Subject_Prog_CodeQL_Taint/src/main/java/network/Network/trap/java/classes/java/lang/String.members/String.members#65.0-1713788650000-java.trap.gz as it exists
[2024-06-04 17:35:04] [javac-extractor-89582] [WARN] Not rewriting trap file for /Users/burakyetistiren/Desktop/Subject_Prog_CodeQL_Taint/src/main/java/network/Network/trap/java/classes/java/lang/Cloneable.members/Cloneable.members#65.0-1713788650000-java.trap.gz as it exists
[2024-06-04 17:35:04] [javac-extractor-89582] [WARN] Not rewriting trap file for /Users/burakyetistiren/Desktop/Subject_Prog_CodeQL_Taint/src/main/java/network/Network/trap/java/classes/java/lang/Override.members/Override.members#65.0-1713788650000-java.trap.gz as it exists
[2024-06-04 17:35:04] [javac-extractor-89582] [WARN] Not rewriting trap file for /Users/burakyetistiren/Desktop/Subject_Prog_CodeQL_Taint/src/main/java/network/Network/trap/java/classes/java/lang/Long.members/Long.members#65.0-1713788650000-java.trap.gz as it exists
[2024-06-04 17:35:04] [javac-extractor-89582] [WARN] Not rewriting trap file for /Users/burakyetistiren/Desktop/Subject_Prog_CodeQL_Taint/src/main/java/network/Network/trap/java/classes/java/util/function/BiFunction.members/BiFunction.members#65.0-1713788650000-java.trap.gz as it exists
[2024-06-04 17:35:04] [javac-extractor-89582] [WARN] Not rewriting trap file for /Users/burakyetistiren/Desktop/Subject_Prog_CodeQL_Taint/src/main/java/network/Network/trap/java/classes/java/lang/FunctionalInterface.members/FunctionalInterface.members#65.0-1713788650000-java.trap.gz as it exists
[2024-06-04 17:35:04] [javac-extractor-89582] [WARN] Not rewriting trap file for /Users/burakyetistiren/Desktop/Subject_Prog_CodeQL_Taint/src/main/java/network/Network/trap/java/classes/java/util/function/Function.members/Function.members#65.0-1713788650000-java.trap.gz as it exists
[2024-06-04 17:35:04] [javac-extractor-89582] [WARN] Not rewriting trap file for /Users/burakyetistiren/Desktop/Subject_Prog_CodeQL_Taint/src/main/java/network/Network/trap/java/classes/java/util/function/BiConsumer.members/BiConsumer.members#65.0-1713788650000-java.trap.gz as it exists
[2024-06-04 17:35:04] [javac-extractor-89582] [WARN] Not rewriting trap file for /Users/burakyetistiren/Desktop/Subject_Prog_CodeQL_Taint/src/main/java/network/Network/trap/java/classes/java/util/Set.members/Set.members#65.0-1713788650000-java.trap.gz as it exists
[2024-06-04 17:35:04] [javac-extractor-89582] [WARN] Not rewriting trap file for /Users/burakyetistiren/Desktop/Subject_Prog_CodeQL_Taint/src/main/java/network/Network/trap/java/classes/java/util/Collection.members/Collection.members#65.0-1713788650000-java.trap.gz as it exists
[2024-06-04 17:35:04] [javac-extractor-89582] [WARN] Not rewriting trap file for /Users/burakyetistiren/Desktop/Subject_Prog_CodeQL_Taint/src/main/java/network/Network/trap/java/classes/java/lang/Iterable.members/Iterable.members#65.0-1713788650000-java.trap.gz as it exists
[2024-06-04 17:35:04] [javac-extractor-89582] [WARN] Not rewriting trap file for /Users/burakyetistiren/Desktop/Subject_Prog_CodeQL_Taint/src/main/java/network/Network/trap/java/classes/java/util/Map$Entry.members/Map$Entry.members#65.0-1713788650000-java.trap.gz as it exists
[2024-06-04 17:35:04] [javac-extractor-89582] [WARN] Not rewriting trap file for /Users/burakyetistiren/Desktop/Subject_Prog_CodeQL_Taint/src/main/java/network/Network/trap/java/classes/java/lang/Integer.members/Integer.members#65.0-1713788650000-java.trap.gz as it exists
[2024-06-04 17:35:04] [javac-extractor-89582] [WARN] Not rewriting trap file for /Users/burakyetistiren/Desktop/Subject_Prog_CodeQL_Taint/src/main/java/network/Network/trap/java/classes/java/lang/RuntimeException.members/RuntimeException.members#65.0-1713788650000-java.trap.gz as it exists
[2024-06-04 17:35:04] [javac-extractor-89582] [WARN] Not rewriting trap file for /Users/burakyetistiren/Desktop/Subject_Prog_CodeQL_Taint/src/main/java/network/Network/trap/java/classes/org/apache/dubbo/config/annotation/Method.members/Method.members#52.0-1717546356707-java.trap.gz as /Users/burakyetistiren/Desktop/Subject_Prog_CodeQL_Taint/src/main/java/network/Network/trap/java/classes/org/apache/dubbo/config/annotation/Method.members/Method.members#0.0-1717545682627-java.trap.gz exists
[2024-06-04 17:35:04] [javac-extractor-89582] Javac init time: 2.8s
[2024-06-04 17:35:04] [javac-extractor-89582] Javac attr time: 0.4s
[2024-06-04 17:35:04] [javac-extractor-89582] Extractor time: 0.6s
[2024-06-04 17:35:04] [javac-extractor-89582] Other time: 1.1s
[2024-06-04 17:35:04] [javac-extractor-89582] Total time: 4.8s
