[2024-06-04 17:41:16] [javac-extractor-965] Starting extraction for:
                                            sun.java.command=com.semmle.extractor.java.JavaExtractor --jdk-version 21 --javac-args @@@/Users/burakyetistiren/Desktop/Subject_Prog_CodeQL_Taint/src/main/java/network/Network/log/ext/javac-79.args
                                            user.dir=/Users/burakyetistiren/Desktop/Subject_Prog_CodeQL_Taint/src/main/java/network/dubbo-demo/dubbo-demo-spring-boot/dubbo-demo-spring-boot-provider
[2024-06-04 17:41:16] [javac-extractor-965] Compilation name /Users/burakyetistiren/Desktop/Subject_Prog_CodeQL_Taint/src/main/java/network/Network/trap/java/diagnostics/diagnostic-79.trap.gz
[2024-06-04 17:41:16] [javac-extractor-965] [WARN] Appending source destination directory /Users/burakyetistiren/Desktop/Subject_Prog_CodeQL_Taint/src/main/java/network/dubbo-demo/dubbo-demo-spring-boot/dubbo-demo-spring-boot-provider/target/generated-sources/annotations to sourcepath
[2024-06-04 17:41:20] [javac-extractor-965] Processing file /Users/burakyetistiren/Desktop/Subject_Prog_CodeQL_Taint/src/main/java/network/dubbo-demo/dubbo-demo-spring-boot/dubbo-demo-spring-boot-provider/src/main/java/org/apache/dubbo/springboot/demo/provider/DemoServiceImpl.java
[2024-06-04 17:41:20] [javac-extractor-965] [WARN] Not rewriting trap file for /Users/burakyetistiren/Desktop/Subject_Prog_CodeQL_Taint/src/main/java/network/Network/trap/java/classes/org/apache/dubbo/config/annotation/DubboService.members/DubboService.members#52.0-1717546363480-java.trap.gz as /Users/burakyetistiren/Desktop/Subject_Prog_CodeQL_Taint/src/main/java/network/Network/trap/java/classes/org/apache/dubbo/config/annotation/DubboService.members/DubboService.members#0.0-1717545682627-java.trap.gz exists
[2024-06-04 17:41:20] [javac-extractor-965] [WARN] Not rewriting trap file for /Users/burakyetistiren/Desktop/Subject_Prog_CodeQL_Taint/src/main/java/network/Network/trap/java/classes/org/apache/dubbo/rpc/RpcContext.members/RpcContext.members#52.0-1717546668821-java.trap.gz as /Users/burakyetistiren/Desktop/Subject_Prog_CodeQL_Taint/src/main/java/network/Network/trap/java/classes/org/apache/dubbo/rpc/RpcContext.members/RpcContext.members#0.0-1717545690833-java.trap.gz exists
[2024-06-04 17:41:20] [javac-extractor-965] [WARN] Not rewriting trap file for /Users/burakyetistiren/Desktop/Subject_Prog_CodeQL_Taint/src/main/java/network/Network/trap/java/classes/org/apache/dubbo/springboot/demo/DemoService.members/DemoService.members#52.0-1717547811360-java.trap.gz as /Users/burakyetistiren/Desktop/Subject_Prog_CodeQL_Taint/src/main/java/network/Network/trap/java/classes/org/apache/dubbo/springboot/demo/DemoService.members/DemoService.members#0.0-1717545686282-java.trap.gz exists
[2024-06-04 17:41:20] [javac-extractor-965] [WARN] Not rewriting trap file for /Users/burakyetistiren/Desktop/Subject_Prog_CodeQL_Taint/src/main/java/network/Network/trap/java/classes/org/slf4j/Logger.members/Logger.members#49.0-1644355860000-java.trap.gz as it exists
[2024-06-04 17:41:20] [javac-extractor-965] [WARN] Not rewriting trap file for /Users/burakyetistiren/Desktop/Subject_Prog_CodeQL_Taint/src/main/java/network/Network/trap/java/classes/org/slf4j/LoggerFactory.members/LoggerFactory.members#49.0-1644355860000-java.trap.gz as it exists
[2024-06-04 17:41:20] [javac-extractor-965] [WARN] Not rewriting trap file for /Users/burakyetistiren/Desktop/Subject_Prog_CodeQL_Taint/src/main/java/network/Network/trap/java/classes/java/lang/Object.members/Object.members#65.0-1713788650000-java.trap.gz as it exists
[2024-06-04 17:41:20] [javac-extractor-965] [WARN] Not rewriting trap file for /Users/burakyetistiren/Desktop/Subject_Prog_CodeQL_Taint/src/main/java/network/Network/trap/java/classes/java/lang/Class.members/Class.members#65.0-1713788650000-java.trap.gz as it exists
[2024-06-04 17:41:20] [javac-extractor-965] [WARN] Not rewriting trap file for /Users/burakyetistiren/Desktop/Subject_Prog_CodeQL_Taint/src/main/java/network/Network/trap/java/classes/java/io/Serializable.members/Serializable.members#65.0-1713788650000-java.trap.gz as it exists
[2024-06-04 17:41:20] [javac-extractor-965] [WARN] Not rewriting trap file for /Users/burakyetistiren/Desktop/Subject_Prog_CodeQL_Taint/src/main/java/network/Network/trap/java/classes/java/lang/reflect/GenericDeclaration.members/GenericDeclaration.members#65.0-1713788650000-java.trap.gz as it exists
[2024-06-04 17:41:20] [javac-extractor-965] [WARN] Not rewriting trap file for /Users/burakyetistiren/Desktop/Subject_Prog_CodeQL_Taint/src/main/java/network/Network/trap/java/classes/java/lang/reflect/Type.members/Type.members#65.0-1713788650000-java.trap.gz as it exists
[2024-06-04 17:41:20] [javac-extractor-965] [WARN] Not rewriting trap file for /Users/burakyetistiren/Desktop/Subject_Prog_CodeQL_Taint/src/main/java/network/Network/trap/java/classes/java/lang/reflect/AnnotatedElement.members/AnnotatedElement.members#65.0-1713788650000-java.trap.gz as it exists
[2024-06-04 17:41:20] [javac-extractor-965] [WARN] Not rewriting trap file for /Users/burakyetistiren/Desktop/Subject_Prog_CodeQL_Taint/src/main/java/network/Network/trap/java/classes/java/lang/String.members/String.members#65.0-1713788650000-java.trap.gz as it exists
[2024-06-04 17:41:20] [javac-extractor-965] [WARN] Not rewriting trap file for /Users/burakyetistiren/Desktop/Subject_Prog_CodeQL_Taint/src/main/java/network/Network/trap/java/classes/java/lang/Override.members/Override.members#65.0-1713788650000-java.trap.gz as it exists
[2024-06-04 17:41:20] [javac-extractor-965] [WARN] Not rewriting trap file for /Users/burakyetistiren/Desktop/Subject_Prog_CodeQL_Taint/src/main/java/network/Network/trap/java/classes/java/net/InetSocketAddress.members/InetSocketAddress.members#65.0-1713788650000-java.trap.gz as it exists
[2024-06-04 17:41:20] [javac-extractor-965] [WARN] Not rewriting trap file for /Users/burakyetistiren/Desktop/Subject_Prog_CodeQL_Taint/src/main/java/network/Network/trap/java/classes/java/lang/Cloneable.members/Cloneable.members#65.0-1713788650000-java.trap.gz as it exists
[2024-06-04 17:41:20] [javac-extractor-965] [WARN] Not rewriting trap file for /Users/burakyetistiren/Desktop/Subject_Prog_CodeQL_Taint/src/main/java/network/Network/trap/java/classes/org/apache/dubbo/config/annotation/Method.members/Method.members#52.0-1717546356707-java.trap.gz as /Users/burakyetistiren/Desktop/Subject_Prog_CodeQL_Taint/src/main/java/network/Network/trap/java/classes/org/apache/dubbo/config/annotation/Method.members/Method.members#0.0-1717545682627-java.trap.gz exists
[2024-06-04 17:41:20] [javac-extractor-965] Processing file /Users/burakyetistiren/Desktop/Subject_Prog_CodeQL_Taint/src/main/java/network/dubbo-demo/dubbo-demo-spring-boot/dubbo-demo-spring-boot-provider/src/main/java/org/apache/dubbo/springboot/demo/provider/ProviderApplication.java
[2024-06-04 17:41:20] [javac-extractor-965] [WARN] Not rewriting trap file for /Users/burakyetistiren/Desktop/Subject_Prog_CodeQL_Taint/src/main/java/network/Network/trap/java/classes/org/apache/dubbo/config/spring/context/annotation/EnableDubbo.members/EnableDubbo.members#52.0-1717547560656-java.trap.gz as /Users/burakyetistiren/Desktop/Subject_Prog_CodeQL_Taint/src/main/java/network/Network/trap/java/classes/org/apache/dubbo/config/spring/context/annotation/EnableDubbo.members/EnableDubbo.members#0.0-1717545684700-java.trap.gz exists
[2024-06-04 17:41:20] [javac-extractor-965] [WARN] Not rewriting trap file for /Users/burakyetistiren/Desktop/Subject_Prog_CodeQL_Taint/src/main/java/network/Network/trap/java/classes/java/util/concurrent/CountDownLatch.members/CountDownLatch.members#65.0-1713788650000-java.trap.gz as it exists
[2024-06-04 17:41:20] [javac-extractor-965] [WARN] Not rewriting trap file for /Users/burakyetistiren/Desktop/Subject_Prog_CodeQL_Taint/src/main/java/network/Network/trap/java/classes/org/springframework/boot/SpringApplication.members/SpringApplication.members#52.0-1700752626000-java.trap.gz as it exists
[2024-06-04 17:41:20] [javac-extractor-965] [WARN] Not rewriting trap file for /Users/burakyetistiren/Desktop/Subject_Prog_CodeQL_Taint/src/main/java/network/Network/trap/java/classes/org/springframework/boot/autoconfigure/SpringBootApplication.members/SpringBootApplication.members#52.0-1700752666000-java.trap.gz as it exists
[2024-06-04 17:41:20] [javac-extractor-965] [WARN] Not rewriting trap file for /Users/burakyetistiren/Desktop/Subject_Prog_CodeQL_Taint/src/main/java/network/Network/trap/java/classes/java/lang/String.members/String.members#65.0-1713788650000-java.trap.gz as it exists
[2024-06-04 17:41:20] [javac-extractor-965] [WARN] Not rewriting trap file for /Users/burakyetistiren/Desktop/Subject_Prog_CodeQL_Taint/src/main/java/network/Network/trap/java/classes/java/lang/Object.members/Object.members#65.0-1713788650000-java.trap.gz as it exists
[2024-06-04 17:41:20] [javac-extractor-965] [WARN] Not rewriting trap file for /Users/burakyetistiren/Desktop/Subject_Prog_CodeQL_Taint/src/main/java/network/Network/trap/java/classes/java/lang/Cloneable.members/Cloneable.members#65.0-1713788650000-java.trap.gz as it exists
[2024-06-04 17:41:20] [javac-extractor-965] [WARN] Not rewriting trap file for /Users/burakyetistiren/Desktop/Subject_Prog_CodeQL_Taint/src/main/java/network/Network/trap/java/classes/java/io/Serializable.members/Serializable.members#65.0-1713788650000-java.trap.gz as it exists
[2024-06-04 17:41:20] [javac-extractor-965] [WARN] Not rewriting trap file for /Users/burakyetistiren/Desktop/Subject_Prog_CodeQL_Taint/src/main/java/network/Network/trap/java/classes/java/lang/Exception.members/Exception.members#65.0-1713788650000-java.trap.gz as it exists
[2024-06-04 17:41:20] [javac-extractor-965] [WARN] Not rewriting trap file for /Users/burakyetistiren/Desktop/Subject_Prog_CodeQL_Taint/src/main/java/network/Network/trap/java/classes/org/springframework/context/ConfigurableApplicationContext.members/ConfigurableApplicationContext.members#52.0-1700150556000-java.trap.gz as /Users/burakyetistiren/Desktop/Subject_Prog_CodeQL_Taint/src/main/java/network/Network/trap/java/classes/org/springframework/context/ConfigurableApplicationContext.members/ConfigurableApplicationContext.members#52.0-1716416282000-java.trap.gz exists
[2024-06-04 17:41:20] [javac-extractor-965] [WARN] Not rewriting trap file for /Users/burakyetistiren/Desktop/Subject_Prog_CodeQL_Taint/src/main/java/network/Network/trap/java/classes/java/lang/Class.members/Class.members#65.0-1713788650000-java.trap.gz as it exists
[2024-06-04 17:41:20] [javac-extractor-965] [WARN] Not rewriting trap file for /Users/burakyetistiren/Desktop/Subject_Prog_CodeQL_Taint/src/main/java/network/Network/trap/java/classes/java/lang/reflect/GenericDeclaration.members/GenericDeclaration.members#65.0-1713788650000-java.trap.gz as it exists
[2024-06-04 17:41:20] [javac-extractor-965] [WARN] Not rewriting trap file for /Users/burakyetistiren/Desktop/Subject_Prog_CodeQL_Taint/src/main/java/network/Network/trap/java/classes/java/lang/reflect/Type.members/Type.members#65.0-1713788650000-java.trap.gz as it exists
[2024-06-04 17:41:20] [javac-extractor-965] [WARN] Not rewriting trap file for /Users/burakyetistiren/Desktop/Subject_Prog_CodeQL_Taint/src/main/java/network/Network/trap/java/classes/java/lang/reflect/AnnotatedElement.members/AnnotatedElement.members#65.0-1713788650000-java.trap.gz as it exists
[2024-06-04 17:41:20] [javac-extractor-965] [WARN] Not rewriting trap file for /Users/burakyetistiren/Desktop/Subject_Prog_CodeQL_Taint/src/main/java/network/Network/trap/java/classes/java/io/PrintStream.members/PrintStream.members#65.0-1713788650000-java.trap.gz as it exists
[2024-06-04 17:41:20] [javac-extractor-965] [WARN] Not rewriting trap file for /Users/burakyetistiren/Desktop/Subject_Prog_CodeQL_Taint/src/main/java/network/Network/trap/java/classes/java/lang/System.members/System.members#65.0-1713788650000-java.trap.gz as it exists
[2024-06-04 17:41:20] [javac-extractor-965] [WARN] Not rewriting trap file for /Users/burakyetistiren/Desktop/Subject_Prog_CodeQL_Taint/src/main/java/network/Network/trap/java/classes/org/springframework/beans/factory/support/BeanNameGenerator.members/BeanNameGenerator.members#52.0-1700150528000-java.trap.gz as /Users/burakyetistiren/Desktop/Subject_Prog_CodeQL_Taint/src/main/java/network/Network/trap/java/classes/org/springframework/beans/factory/support/BeanNameGenerator.members/BeanNameGenerator.members#52.0-1716416252000-java.trap.gz exists
[2024-06-04 17:41:20] [javac-extractor-965] Javac init time: 3.1s
[2024-06-04 17:41:20] [javac-extractor-965] Javac attr time: 0.2s
[2024-06-04 17:41:20] [javac-extractor-965] Extractor time: 0.5s
[2024-06-04 17:41:20] [javac-extractor-965] Other time: 0.9s
[2024-06-04 17:41:20] [javac-extractor-965] Total time: 4.8s
