[2024-06-05 00:41:50] [javac-extractor-60304] Starting extraction for:
                                              sun.java.command=com.semmle.extractor.java.JavaExtractor --jdk-version 21 --javac-args @@@/Users/burakyetistiren/Desktop/Subject_Prog_CodeQL_Taint/src/main/java/logging/Logger/log/ext/javac-9.args
                                              user.dir=/Users/burakyetistiren/Desktop/Subject_Prog_CodeQL_Taint/src/main/java/logging
[2024-06-05 00:41:50] [javac-extractor-60304] Compilation name /Users/burakyetistiren/Desktop/Subject_Prog_CodeQL_Taint/src/main/java/logging/Logger/trap/java/diagnostics/diagnostic-9.trap.gz
[2024-06-05 00:41:50] [javac-extractor-60304] [WARN] Appending source destination directory /Users/burakyetistiren/Desktop/Subject_Prog_CodeQL_Taint/src/main/java/logging/flume-ng-sinks/flume-http-sink/target/generated-sources/annotations to sourcepath
[2024-06-05 00:41:53] [javac-extractor-60304] Annotation processor class 'lombok.launch.AnnotationProcessorHider$AnnotationProcessor' initialized.
[2024-06-05 00:41:53] [javac-extractor-60304] Annotation processor class 'lombok.launch.AnnotationProcessorHider$ClaimingProcessor' initialized.
[2024-06-05 00:41:54] [javac-extractor-60304] Processing file /Users/burakyetistiren/Desktop/Subject_Prog_CodeQL_Taint/src/main/java/logging/flume-ng-sinks/flume-http-sink/src/main/java/org/apache/flume/sink/http/HttpSink.java
[2024-06-05 00:41:55] [javac-extractor-60304] [WARN] Not rewriting trap file for /Users/burakyetistiren/Desktop/Subject_Prog_CodeQL_Taint/src/main/java/logging/Logger/trap/java/classes/org/apache/flume/Channel.members/Channel.members#52.0-1717573162711-java.trap.gz as /Users/burakyetistiren/Desktop/Subject_Prog_CodeQL_Taint/src/main/java/logging/Logger/trap/java/classes/org/apache/flume/Channel.members/Channel.members#0.0-1717568753096-java.trap.gz exists
[2024-06-05 00:41:55] [javac-extractor-60304] [WARN] Not rewriting trap file for /Users/burakyetistiren/Desktop/Subject_Prog_CodeQL_Taint/src/main/java/logging/Logger/trap/java/classes/org/apache/flume/Context.members/Context.members#52.0-1717573095293-java.trap.gz as /Users/burakyetistiren/Desktop/Subject_Prog_CodeQL_Taint/src/main/java/logging/Logger/trap/java/classes/org/apache/flume/Context.members/Context.members#0.0-1717568753063-java.trap.gz exists
[2024-06-05 00:41:55] [javac-extractor-60304] [WARN] Not rewriting trap file for /Users/burakyetistiren/Desktop/Subject_Prog_CodeQL_Taint/src/main/java/logging/Logger/trap/java/classes/org/apache/flume/Event.members/Event.members#52.0-1717573041648-java.trap.gz as /Users/burakyetistiren/Desktop/Subject_Prog_CodeQL_Taint/src/main/java/logging/Logger/trap/java/classes/org/apache/flume/Event.members/Event.members#0.0-1717568753249-java.trap.gz exists
[2024-06-05 00:41:55] [javac-extractor-60304] [WARN] Not rewriting trap file for /Users/burakyetistiren/Desktop/Subject_Prog_CodeQL_Taint/src/main/java/logging/Logger/trap/java/classes/org/apache/flume/EventDeliveryException.members/EventDeliveryException.members#52.0-1717573041654-java.trap.gz as /Users/burakyetistiren/Desktop/Subject_Prog_CodeQL_Taint/src/main/java/logging/Logger/trap/java/classes/org/apache/flume/EventDeliveryException.members/EventDeliveryException.members#0.0-1717568753249-java.trap.gz exists
[2024-06-05 00:41:55] [javac-extractor-60304] [WARN] Not rewriting trap file for /Users/burakyetistiren/Desktop/Subject_Prog_CodeQL_Taint/src/main/java/logging/Logger/trap/java/classes/org/apache/flume/Transaction.members/Transaction.members#52.0-1717573162786-java.trap.gz as /Users/burakyetistiren/Desktop/Subject_Prog_CodeQL_Taint/src/main/java/logging/Logger/trap/java/classes/org/apache/flume/Transaction.members/Transaction.members#0.0-1717568753099-java.trap.gz exists
[2024-06-05 00:41:55] [javac-extractor-60304] [WARN] Not rewriting trap file for /Users/burakyetistiren/Desktop/Subject_Prog_CodeQL_Taint/src/main/java/logging/Logger/trap/java/classes/org/apache/flume/conf/Configurable.members/Configurable.members#52.0-1717573162599-java.trap.gz as /Users/burakyetistiren/Desktop/Subject_Prog_CodeQL_Taint/src/main/java/logging/Logger/trap/java/classes/org/apache/flume/conf/Configurable.members/Configurable.members#0.0-1717568753108-java.trap.gz exists
[2024-06-05 00:41:55] [javac-extractor-60304] [WARN] Not rewriting trap file for /Users/burakyetistiren/Desktop/Subject_Prog_CodeQL_Taint/src/main/java/logging/Logger/trap/java/classes/org/apache/flume/instrumentation/SinkCounter.members/SinkCounter.members#52.0-1717573163077-java.trap.gz as /Users/burakyetistiren/Desktop/Subject_Prog_CodeQL_Taint/src/main/java/logging/Logger/trap/java/classes/org/apache/flume/instrumentation/SinkCounter.members/SinkCounter.members#0.0-1717568753114-java.trap.gz exists
[2024-06-05 00:41:55] [javac-extractor-60304] [WARN] Not rewriting trap file for /Users/burakyetistiren/Desktop/Subject_Prog_CodeQL_Taint/src/main/java/logging/Logger/trap/java/classes/org/apache/flume/sink/AbstractSink.members/AbstractSink.members#52.0-1717573162964-java.trap.gz as /Users/burakyetistiren/Desktop/Subject_Prog_CodeQL_Taint/src/main/java/logging/Logger/trap/java/classes/org/apache/flume/sink/AbstractSink.members/AbstractSink.members#0.0-1717568753132-java.trap.gz exists
[2024-06-05 00:41:55] [javac-extractor-60304] [WARN] Not rewriting trap file for /Users/burakyetistiren/Desktop/Subject_Prog_CodeQL_Taint/src/main/java/logging/Logger/trap/java/classes/org/slf4j/Logger.members/Logger.members#49.0-1626814580000-java.trap.gz as it exists
[2024-06-05 00:41:55] [javac-extractor-60304] [WARN] Not rewriting trap file for /Users/burakyetistiren/Desktop/Subject_Prog_CodeQL_Taint/src/main/java/logging/Logger/trap/java/classes/org/slf4j/LoggerFactory.members/LoggerFactory.members#49.0-1626814580000-java.trap.gz as it exists
[2024-06-05 00:41:55] [javac-extractor-60304] [WARN] Not rewriting trap file for /Users/burakyetistiren/Desktop/Subject_Prog_CodeQL_Taint/src/main/java/logging/Logger/trap/java/classes/java/io/IOException.members/IOException.members#65.0-1713779056000-java.trap.gz as it exists
[2024-06-05 00:41:55] [javac-extractor-60304] [WARN] Not rewriting trap file for /Users/burakyetistiren/Desktop/Subject_Prog_CodeQL_Taint/src/main/java/logging/Logger/trap/java/classes/java/io/OutputStream.members/OutputStream.members#65.0-1713779056000-java.trap.gz as it exists
[2024-06-05 00:41:55] [javac-extractor-60304] [WARN] Not rewriting trap file for /Users/burakyetistiren/Desktop/Subject_Prog_CodeQL_Taint/src/main/java/logging/Logger/trap/java/classes/java/net/MalformedURLException.members/MalformedURLException.members#65.0-1713779056000-java.trap.gz as it exists
[2024-06-05 00:41:55] [javac-extractor-60304] [WARN] Not rewriting trap file for /Users/burakyetistiren/Desktop/Subject_Prog_CodeQL_Taint/src/main/java/logging/Logger/trap/java/classes/java/net/URL.members/URL.members#65.0-1713779056000-java.trap.gz as it exists
[2024-06-05 00:41:55] [javac-extractor-60304] [WARN] Not rewriting trap file for /Users/burakyetistiren/Desktop/Subject_Prog_CodeQL_Taint/src/main/java/logging/Logger/trap/java/classes/java/util/HashMap.members/HashMap.members#65.0-1713779056000-java.trap.gz as it exists
[2024-06-05 00:41:55] [javac-extractor-60304] [WARN] Not rewriting trap file for /Users/burakyetistiren/Desktop/Subject_Prog_CodeQL_Taint/src/main/java/logging/Logger/trap/java/classes/java/util/Map.members/Map.members#65.0-1713779056000-java.trap.gz as it exists
[2024-06-05 00:41:55] [javac-extractor-60304] [WARN] Not rewriting trap file for /Users/burakyetistiren/Desktop/Subject_Prog_CodeQL_Taint/src/main/java/logging/Logger/trap/java/classes/java/lang/String.members/String.members#65.0-1713779056000-java.trap.gz as it exists
[2024-06-05 00:41:55] [javac-extractor-60304] [WARN] Not rewriting trap file for /Users/burakyetistiren/Desktop/Subject_Prog_CodeQL_Taint/src/main/java/logging/Logger/trap/java/classes/java/lang/Boolean.members/Boolean.members#65.0-1713779056000-java.trap.gz as it exists
[2024-06-05 00:41:55] [javac-extractor-60304] [WARN] Not rewriting trap file for /Users/burakyetistiren/Desktop/Subject_Prog_CodeQL_Taint/src/main/java/logging/Logger/trap/java/classes/java/util/AbstractMap.members/AbstractMap.members#65.0-1713779056000-java.trap.gz as it exists
[2024-06-05 00:41:55] [javac-extractor-60304] [WARN] Not rewriting trap file for /Users/burakyetistiren/Desktop/Subject_Prog_CodeQL_Taint/src/main/java/logging/Logger/trap/java/classes/java/lang/Object.members/Object.members#65.0-1713779056000-java.trap.gz as it exists
[2024-06-05 00:41:55] [javac-extractor-60304] [WARN] Not rewriting trap file for /Users/burakyetistiren/Desktop/Subject_Prog_CodeQL_Taint/src/main/java/logging/Logger/trap/java/classes/java/lang/Cloneable.members/Cloneable.members#65.0-1713779056000-java.trap.gz as it exists
[2024-06-05 00:41:55] [javac-extractor-60304] [WARN] Not rewriting trap file for /Users/burakyetistiren/Desktop/Subject_Prog_CodeQL_Taint/src/main/java/logging/Logger/trap/java/classes/java/io/Serializable.members/Serializable.members#65.0-1713779056000-java.trap.gz as it exists
[2024-06-05 00:41:55] [javac-extractor-60304] [WARN] Not rewriting trap file for /Users/burakyetistiren/Desktop/Subject_Prog_CodeQL_Taint/src/main/java/logging/Logger/trap/java/classes/java/util/Map$Entry.members/Map$Entry.members#65.0-1713779056000-java.trap.gz as it exists
[2024-06-05 00:41:55] [javac-extractor-60304] [WARN] Not rewriting trap file for /Users/burakyetistiren/Desktop/Subject_Prog_CodeQL_Taint/src/main/java/logging/Logger/trap/java/classes/java/util/function/BiFunction.members/BiFunction.members#65.0-1713779056000-java.trap.gz as it exists
[2024-06-05 00:41:55] [javac-extractor-60304] [WARN] Not rewriting trap file for /Users/burakyetistiren/Desktop/Subject_Prog_CodeQL_Taint/src/main/java/logging/Logger/trap/java/classes/java/lang/FunctionalInterface.members/FunctionalInterface.members#65.0-1713779056000-java.trap.gz as it exists
[2024-06-05 00:41:55] [javac-extractor-60304] [WARN] Not rewriting trap file for /Users/burakyetistiren/Desktop/Subject_Prog_CodeQL_Taint/src/main/java/logging/Logger/trap/java/classes/java/util/function/Function.members/Function.members#65.0-1713779056000-java.trap.gz as it exists
[2024-06-05 00:41:55] [javac-extractor-60304] [WARN] Not rewriting trap file for /Users/burakyetistiren/Desktop/Subject_Prog_CodeQL_Taint/src/main/java/logging/Logger/trap/java/classes/java/util/function/BiConsumer.members/BiConsumer.members#65.0-1713779056000-java.trap.gz as it exists
[2024-06-05 00:41:55] [javac-extractor-60304] [WARN] Not rewriting trap file for /Users/burakyetistiren/Desktop/Subject_Prog_CodeQL_Taint/src/main/java/logging/Logger/trap/java/classes/java/util/Set.members/Set.members#65.0-1713779056000-java.trap.gz as it exists
[2024-06-05 00:41:55] [javac-extractor-60304] [WARN] Not rewriting trap file for /Users/burakyetistiren/Desktop/Subject_Prog_CodeQL_Taint/src/main/java/logging/Logger/trap/java/classes/java/util/Collection.members/Collection.members#65.0-1713779056000-java.trap.gz as it exists
[2024-06-05 00:41:55] [javac-extractor-60304] [WARN] Not rewriting trap file for /Users/burakyetistiren/Desktop/Subject_Prog_CodeQL_Taint/src/main/java/logging/Logger/trap/java/classes/java/lang/Iterable.members/Iterable.members#65.0-1713779056000-java.trap.gz as it exists
[2024-06-05 00:41:55] [javac-extractor-60304] [WARN] Not rewriting trap file for /Users/burakyetistiren/Desktop/Subject_Prog_CodeQL_Taint/src/main/java/logging/Logger/trap/java/classes/java/lang/CloneNotSupportedException.members/CloneNotSupportedException.members#65.0-1713779056000-java.trap.gz as it exists
[2024-06-05 00:41:55] [javac-extractor-60304] [WARN] Not rewriting trap file for /Users/burakyetistiren/Desktop/Subject_Prog_CodeQL_Taint/src/main/java/logging/Logger/trap/java/classes/java/io/ObjectOutputStream.members/ObjectOutputStream.members#65.0-1713779056000-java.trap.gz as it exists
[2024-06-05 00:41:55] [javac-extractor-60304] [WARN] Not rewriting trap file for /Users/burakyetistiren/Desktop/Subject_Prog_CodeQL_Taint/src/main/java/logging/Logger/trap/java/classes/java/util/HashMap$Node.members/HashMap$Node.members#65.0-1713779056000-java.trap.gz as it exists
[2024-06-05 00:41:55] [javac-extractor-60304] [WARN] Not rewriting trap file for /Users/burakyetistiren/Desktop/Subject_Prog_CodeQL_Taint/src/main/java/logging/Logger/trap/java/classes/java/util/HashMap$TreeNode.members/HashMap$TreeNode.members#65.0-1713779056000-java.trap.gz as it exists
[2024-06-05 00:41:55] [javac-extractor-60304] [WARN] Not rewriting trap file for /Users/burakyetistiren/Desktop/Subject_Prog_CodeQL_Taint/src/main/java/logging/Logger/trap/java/classes/java/util/LinkedHashMap$Entry.members/LinkedHashMap$Entry.members#65.0-1713779056000-java.trap.gz as it exists
[2024-06-05 00:41:55] [javac-extractor-60304] [WARN] Not rewriting trap file for /Users/burakyetistiren/Desktop/Subject_Prog_CodeQL_Taint/src/main/java/logging/Logger/trap/java/classes/java/util/LinkedHashMap.members/LinkedHashMap.members#65.0-1713779056000-java.trap.gz as it exists
[2024-06-05 00:41:55] [javac-extractor-60304] [WARN] Not rewriting trap file for /Users/burakyetistiren/Desktop/Subject_Prog_CodeQL_Taint/src/main/java/logging/Logger/trap/java/classes/java/lang/Class.members/Class.members#65.0-1713779056000-java.trap.gz as it exists
[2024-06-05 00:41:55] [javac-extractor-60304] [WARN] Not rewriting trap file for /Users/burakyetistiren/Desktop/Subject_Prog_CodeQL_Taint/src/main/java/logging/Logger/trap/java/classes/java/lang/reflect/GenericDeclaration.members/GenericDeclaration.members#65.0-1713779056000-java.trap.gz as it exists
[2024-06-05 00:41:55] [javac-extractor-60304] [WARN] Not rewriting trap file for /Users/burakyetistiren/Desktop/Subject_Prog_CodeQL_Taint/src/main/java/logging/Logger/trap/java/classes/java/lang/reflect/Type.members/Type.members#65.0-1713779056000-java.trap.gz as it exists
[2024-06-05 00:41:55] [javac-extractor-60304] [WARN] Not rewriting trap file for /Users/burakyetistiren/Desktop/Subject_Prog_CodeQL_Taint/src/main/java/logging/Logger/trap/java/classes/java/lang/reflect/AnnotatedElement.members/AnnotatedElement.members#65.0-1713779056000-java.trap.gz as it exists
[2024-06-05 00:41:55] [javac-extractor-60304] [WARN] Not rewriting trap file for /Users/burakyetistiren/Desktop/Subject_Prog_CodeQL_Taint/src/main/java/logging/Logger/trap/java/classes/java/lang/invoke/TypeDescriptor$OfField.members/TypeDescriptor$OfField.members#65.0-1713779056000-java.trap.gz as it exists
[2024-06-05 00:41:55] [javac-extractor-60304] [WARN] Not rewriting trap file for /Users/burakyetistiren/Desktop/Subject_Prog_CodeQL_Taint/src/main/java/logging/Logger/trap/java/classes/java/lang/invoke/TypeDescriptor.members/TypeDescriptor.members#65.0-1713779056000-java.trap.gz as it exists
[2024-06-05 00:41:55] [javac-extractor-60304] [WARN] Not rewriting trap file for /Users/burakyetistiren/Desktop/Subject_Prog_CodeQL_Taint/src/main/java/logging/Logger/trap/java/classes/java/lang/constant/Constable.members/Constable.members#65.0-1713779056000-java.trap.gz as it exists
[2024-06-05 00:41:55] [javac-extractor-60304] [WARN] Not rewriting trap file for /Users/burakyetistiren/Desktop/Subject_Prog_CodeQL_Taint/src/main/java/logging/Logger/trap/java/classes/java/lang/Override.members/Override.members#65.0-1713779056000-java.trap.gz as it exists
[2024-06-05 00:41:55] [javac-extractor-60304] [WARN] Not rewriting trap file for /Users/burakyetistiren/Desktop/Subject_Prog_CodeQL_Taint/src/main/java/logging/Logger/trap/java/classes/java/lang/IllegalArgumentException.members/IllegalArgumentException.members#65.0-1713779056000-java.trap.gz as it exists
[2024-06-05 00:41:55] [javac-extractor-60304] [WARN] Not rewriting trap file for /Users/burakyetistiren/Desktop/Subject_Prog_CodeQL_Taint/src/main/java/logging/Logger/trap/java/classes/java/lang/Throwable.members/Throwable.members#65.0-1713779056000-java.trap.gz as it exists
[2024-06-05 00:41:55] [javac-extractor-60304] [WARN] Not rewriting trap file for /Users/burakyetistiren/Desktop/Subject_Prog_CodeQL_Taint/src/main/java/logging/Logger/trap/java/classes/java/lang/Integer.members/Integer.members#65.0-1713779056000-java.trap.gz as it exists
[2024-06-05 00:41:55] [javac-extractor-60304] [WARN] Not rewriting trap file for /Users/burakyetistiren/Desktop/Subject_Prog_CodeQL_Taint/src/main/java/logging/Logger/trap/java/classes/org/apache/flume/instrumentation/MonitoredCounterGroup.members/MonitoredCounterGroup.members#52.0-1717573163091-java.trap.gz as /Users/burakyetistiren/Desktop/Subject_Prog_CodeQL_Taint/src/main/java/logging/Logger/trap/java/classes/org/apache/flume/instrumentation/MonitoredCounterGroup.members/MonitoredCounterGroup.members#0.0-1717568753113-java.trap.gz exists
[2024-06-05 00:41:55] [javac-extractor-60304] [WARN] Not rewriting trap file for /Users/burakyetistiren/Desktop/Subject_Prog_CodeQL_Taint/src/main/java/logging/Logger/trap/java/classes/org/apache/flume/Sink$Status.members/Sink$Status.members#52.0-1717573162983-java.trap.gz as /Users/burakyetistiren/Desktop/Subject_Prog_CodeQL_Taint/src/main/java/logging/Logger/trap/java/classes/org/apache/flume/Sink$Status.members/Sink$Status.members#0.0-1717568753098-java.trap.gz exists
[2024-06-05 00:41:55] [javac-extractor-60304] [WARN] Not rewriting trap file for /Users/burakyetistiren/Desktop/Subject_Prog_CodeQL_Taint/src/main/java/logging/Logger/trap/java/classes/java/lang/Error.members/Error.members#65.0-1713779056000-java.trap.gz as it exists
[2024-06-05 00:41:55] [javac-extractor-60304] [WARN] Not rewriting trap file for /Users/burakyetistiren/Desktop/Subject_Prog_CodeQL_Taint/src/main/java/logging/Logger/trap/java/classes/java/net/URLConnection.members/URLConnection.members#65.0-1713779056000-java.trap.gz as it exists
[2024-06-05 00:41:55] [javac-extractor-60304] [WARN] Not rewriting trap file for /Users/burakyetistiren/Desktop/Subject_Prog_CodeQL_Taint/src/main/java/logging/Logger/trap/java/classes/java/io/InputStream.members/InputStream.members#65.0-1713779056000-java.trap.gz as it exists
[2024-06-05 00:41:55] [javac-extractor-60304] [WARN] Not rewriting trap file for /Users/burakyetistiren/Desktop/Subject_Prog_CodeQL_Taint/src/main/java/logging/Logger/trap/java/classes/java/util/Comparator.members/Comparator.members#65.0-1713779056000-java.trap.gz as it exists
[2024-06-05 00:41:55] [javac-extractor-60304] [WARN] Not rewriting trap file for /Users/burakyetistiren/Desktop/Subject_Prog_CodeQL_Taint/src/main/java/logging/Logger/trap/java/classes/java/lang/Comparable.members/Comparable.members#65.0-1713779056000-java.trap.gz as it exists
[2024-06-05 00:41:55] [javac-extractor-60304] [WARN] Not rewriting trap file for /Users/burakyetistiren/Desktop/Subject_Prog_CodeQL_Taint/src/main/java/logging/Logger/trap/java/classes/java/security/Permission.members/Permission.members#65.0-1713779056000-java.trap.gz as it exists
[2024-06-05 00:41:55] [javac-extractor-60304] [WARN] Not rewriting trap file for /Users/burakyetistiren/Desktop/Subject_Prog_CodeQL_Taint/src/main/java/logging/Logger/trap/java/classes/java/lang/Deprecated.members/Deprecated.members#65.0-1713779056000-java.trap.gz as it exists
[2024-06-05 00:41:55] [javac-extractor-60304] [WARN] Not rewriting trap file for /Users/burakyetistiren/Desktop/Subject_Prog_CodeQL_Taint/src/main/java/logging/Logger/trap/java/classes/java/net/InetAddress.members/InetAddress.members#65.0-1713779056000-java.trap.gz as it exists
[2024-06-05 00:41:55] [javac-extractor-60304] [WARN] Not rewriting trap file for /Users/burakyetistiren/Desktop/Subject_Prog_CodeQL_Taint/src/main/java/logging/Logger/trap/java/classes/java/lang/Enum.members/Enum.members#65.0-1713779056000-java.trap.gz as it exists
[2024-06-05 00:41:55] [javac-extractor-60304] [WARN] Not rewriting trap file for /Users/burakyetistiren/Desktop/Subject_Prog_CodeQL_Taint/src/main/java/logging/Logger/trap/java/classes/java/util/Optional.members/Optional.members#65.0-1713779056000-java.trap.gz as it exists
[2024-06-05 00:41:55] [javac-extractor-60304] [WARN] Not rewriting trap file for /Users/burakyetistiren/Desktop/Subject_Prog_CodeQL_Taint/src/main/java/logging/Logger/trap/java/classes/jdk/internal/ValueBased.members/ValueBased.members#65.0-1713779056000-java.trap.gz as it exists
[2024-06-05 00:41:55] [javac-extractor-60304] [WARN] Not rewriting trap file for /Users/burakyetistiren/Desktop/Subject_Prog_CodeQL_Taint/src/main/java/logging/Logger/trap/java/classes/java/lang/Enum$EnumDesc.members/Enum$EnumDesc.members#65.0-1713779056000-java.trap.gz as it exists
[2024-06-05 00:41:55] [javac-extractor-60304] [WARN] Not rewriting trap file for /Users/burakyetistiren/Desktop/Subject_Prog_CodeQL_Taint/src/main/java/logging/Logger/trap/java/classes/java/lang/constant/DynamicConstantDesc.members/DynamicConstantDesc.members#65.0-1713779056000-java.trap.gz as it exists
[2024-06-05 00:41:55] [javac-extractor-60304] [WARN] Not rewriting trap file for /Users/burakyetistiren/Desktop/Subject_Prog_CodeQL_Taint/src/main/java/logging/Logger/trap/java/classes/java/lang/constant/ConstantDesc.members/ConstantDesc.members#65.0-1713779056000-java.trap.gz as it exists
[2024-06-05 00:41:55] [javac-extractor-60304] Javac init time: 2.6s
[2024-06-05 00:41:55] [javac-extractor-60304] Javac attr time: 0.9s
[2024-06-05 00:41:55] [javac-extractor-60304] Extractor time: 0.9s
[2024-06-05 00:41:55] [javac-extractor-60304] Other time: 0.6s
[2024-06-05 00:41:55] [javac-extractor-60304] Total time: 5.1s
