[2024-06-05 00:43:15] [javac-extractor-63162] Starting extraction for:
                                              sun.java.command=com.semmle.extractor.java.JavaExtractor --jdk-version 21 --javac-args @@@/Users/burakyetistiren/Desktop/Subject_Prog_CodeQL_Taint/src/main/java/logging/Logger/log/ext/javac-17.args
                                              user.dir=/Users/burakyetistiren/Desktop/Subject_Prog_CodeQL_Taint/src/main/java/logging
[2024-06-05 00:43:15] [javac-extractor-63162] Compilation name /Users/burakyetistiren/Desktop/Subject_Prog_CodeQL_Taint/src/main/java/logging/Logger/trap/java/diagnostics/diagnostic-17.trap.gz
[2024-06-05 00:43:15] [javac-extractor-63162] [WARN] Appending source destination directory /Users/burakyetistiren/Desktop/Subject_Prog_CodeQL_Taint/src/main/java/logging/flume-ng-clients/flume-ng-log4jappender/target/generated-sources/annotations to sourcepath
[2024-06-05 00:43:18] [javac-extractor-63162] Annotation processor class 'lombok.launch.AnnotationProcessorHider$AnnotationProcessor' initialized.
[2024-06-05 00:43:18] [javac-extractor-63162] Annotation processor class 'lombok.launch.AnnotationProcessorHider$ClaimingProcessor' initialized.
[2024-06-05 00:43:18] [javac-extractor-63162] Processing file /Users/burakyetistiren/Desktop/Subject_Prog_CodeQL_Taint/src/main/java/logging/flume-ng-clients/flume-ng-log4jappender/src/main/java/org/apache/flume/clients/log4jappender/Log4jAvroHeaders.java
[2024-06-05 00:43:19] [javac-extractor-63162] [WARN] Not rewriting trap file for /Users/burakyetistiren/Desktop/Subject_Prog_CodeQL_Taint/src/main/java/logging/Logger/trap/java/classes/java/util/Locale.members/Locale.members#65.0-1713779056000-java.trap.gz as it exists
[2024-06-05 00:43:19] [javac-extractor-63162] [WARN] Not rewriting trap file for /Users/burakyetistiren/Desktop/Subject_Prog_CodeQL_Taint/src/main/java/logging/Logger/trap/java/classes/java/lang/String.members/String.members#65.0-1713779056000-java.trap.gz as it exists
[2024-06-05 00:43:19] [javac-extractor-63162] [WARN] Not rewriting trap file for /Users/burakyetistiren/Desktop/Subject_Prog_CodeQL_Taint/src/main/java/logging/Logger/trap/java/classes/java/lang/Enum.members/Enum.members#65.0-1713779056000-java.trap.gz as it exists
[2024-06-05 00:43:19] [javac-extractor-63162] [WARN] Not rewriting trap file for /Users/burakyetistiren/Desktop/Subject_Prog_CodeQL_Taint/src/main/java/logging/Logger/trap/java/classes/java/lang/IllegalArgumentException.members/IllegalArgumentException.members#65.0-1713779056000-java.trap.gz as it exists
[2024-06-05 00:43:19] [javac-extractor-63162] [WARN] Not rewriting trap file for /Users/burakyetistiren/Desktop/Subject_Prog_CodeQL_Taint/src/main/java/logging/Logger/trap/java/classes/java/lang/Object.members/Object.members#65.0-1713779056000-java.trap.gz as it exists
[2024-06-05 00:43:19] [javac-extractor-63162] [WARN] Not rewriting trap file for /Users/burakyetistiren/Desktop/Subject_Prog_CodeQL_Taint/src/main/java/logging/Logger/trap/java/classes/java/lang/constant/Constable.members/Constable.members#65.0-1713779056000-java.trap.gz as it exists
[2024-06-05 00:43:19] [javac-extractor-63162] [WARN] Not rewriting trap file for /Users/burakyetistiren/Desktop/Subject_Prog_CodeQL_Taint/src/main/java/logging/Logger/trap/java/classes/java/lang/Comparable.members/Comparable.members#65.0-1713779056000-java.trap.gz as it exists
[2024-06-05 00:43:19] [javac-extractor-63162] [WARN] Not rewriting trap file for /Users/burakyetistiren/Desktop/Subject_Prog_CodeQL_Taint/src/main/java/logging/Logger/trap/java/classes/java/io/Serializable.members/Serializable.members#65.0-1713779056000-java.trap.gz as it exists
[2024-06-05 00:43:19] [javac-extractor-63162] [WARN] Not rewriting trap file for /Users/burakyetistiren/Desktop/Subject_Prog_CodeQL_Taint/src/main/java/logging/Logger/trap/java/classes/java/lang/Class.members/Class.members#65.0-1713779056000-java.trap.gz as it exists
[2024-06-05 00:43:19] [javac-extractor-63162] [WARN] Not rewriting trap file for /Users/burakyetistiren/Desktop/Subject_Prog_CodeQL_Taint/src/main/java/logging/Logger/trap/java/classes/java/lang/reflect/GenericDeclaration.members/GenericDeclaration.members#65.0-1713779056000-java.trap.gz as it exists
[2024-06-05 00:43:19] [javac-extractor-63162] [WARN] Not rewriting trap file for /Users/burakyetistiren/Desktop/Subject_Prog_CodeQL_Taint/src/main/java/logging/Logger/trap/java/classes/java/lang/reflect/Type.members/Type.members#65.0-1713779056000-java.trap.gz as it exists
[2024-06-05 00:43:19] [javac-extractor-63162] [WARN] Not rewriting trap file for /Users/burakyetistiren/Desktop/Subject_Prog_CodeQL_Taint/src/main/java/logging/Logger/trap/java/classes/java/lang/reflect/AnnotatedElement.members/AnnotatedElement.members#65.0-1713779056000-java.trap.gz as it exists
[2024-06-05 00:43:19] [javac-extractor-63162] [WARN] Not rewriting trap file for /Users/burakyetistiren/Desktop/Subject_Prog_CodeQL_Taint/src/main/java/logging/Logger/trap/java/classes/java/lang/invoke/TypeDescriptor$OfField.members/TypeDescriptor$OfField.members#65.0-1713779056000-java.trap.gz as it exists
[2024-06-05 00:43:19] [javac-extractor-63162] [WARN] Not rewriting trap file for /Users/burakyetistiren/Desktop/Subject_Prog_CodeQL_Taint/src/main/java/logging/Logger/trap/java/classes/java/lang/invoke/TypeDescriptor.members/TypeDescriptor.members#65.0-1713779056000-java.trap.gz as it exists
[2024-06-05 00:43:19] [javac-extractor-63162] [WARN] Not rewriting trap file for /Users/burakyetistiren/Desktop/Subject_Prog_CodeQL_Taint/src/main/java/logging/Logger/trap/java/classes/java/util/Optional.members/Optional.members#65.0-1713779056000-java.trap.gz as it exists
[2024-06-05 00:43:19] [javac-extractor-63162] [WARN] Not rewriting trap file for /Users/burakyetistiren/Desktop/Subject_Prog_CodeQL_Taint/src/main/java/logging/Logger/trap/java/classes/jdk/internal/ValueBased.members/ValueBased.members#65.0-1713779056000-java.trap.gz as it exists
[2024-06-05 00:43:19] [javac-extractor-63162] [WARN] Not rewriting trap file for /Users/burakyetistiren/Desktop/Subject_Prog_CodeQL_Taint/src/main/java/logging/Logger/trap/java/classes/java/lang/Enum$EnumDesc.members/Enum$EnumDesc.members#65.0-1713779056000-java.trap.gz as it exists
[2024-06-05 00:43:19] [javac-extractor-63162] [WARN] Not rewriting trap file for /Users/burakyetistiren/Desktop/Subject_Prog_CodeQL_Taint/src/main/java/logging/Logger/trap/java/classes/java/lang/constant/DynamicConstantDesc.members/DynamicConstantDesc.members#65.0-1713779056000-java.trap.gz as it exists
[2024-06-05 00:43:19] [javac-extractor-63162] [WARN] Not rewriting trap file for /Users/burakyetistiren/Desktop/Subject_Prog_CodeQL_Taint/src/main/java/logging/Logger/trap/java/classes/java/lang/constant/ConstantDesc.members/ConstantDesc.members#65.0-1713779056000-java.trap.gz as it exists
[2024-06-05 00:43:19] [javac-extractor-63162] [WARN] Not rewriting trap file for /Users/burakyetistiren/Desktop/Subject_Prog_CodeQL_Taint/src/main/java/logging/Logger/trap/java/classes/java/lang/CloneNotSupportedException.members/CloneNotSupportedException.members#65.0-1713779056000-java.trap.gz as it exists
[2024-06-05 00:43:19] [javac-extractor-63162] [WARN] Not rewriting trap file for /Users/burakyetistiren/Desktop/Subject_Prog_CodeQL_Taint/src/main/java/logging/Logger/trap/java/classes/java/lang/Cloneable.members/Cloneable.members#65.0-1713779056000-java.trap.gz as it exists
[2024-06-05 00:43:19] [javac-extractor-63162] Processing file /Users/burakyetistiren/Desktop/Subject_Prog_CodeQL_Taint/src/main/java/logging/flume-ng-clients/flume-ng-log4jappender/src/main/java/org/apache/flume/clients/log4jappender/Log4jAppender.java
[2024-06-05 00:43:20] [javac-extractor-63162] [WARN] Not rewriting trap file for /Users/burakyetistiren/Desktop/Subject_Prog_CodeQL_Taint/src/main/java/logging/Logger/trap/java/classes/java/io/ByteArrayOutputStream.members/ByteArrayOutputStream.members#65.0-1713779056000-java.trap.gz as it exists
[2024-06-05 00:43:20] [javac-extractor-63162] [WARN] Not rewriting trap file for /Users/burakyetistiren/Desktop/Subject_Prog_CodeQL_Taint/src/main/java/logging/Logger/trap/java/classes/java/io/IOException.members/IOException.members#65.0-1713779056000-java.trap.gz as it exists
[2024-06-05 00:43:20] [javac-extractor-63162] [WARN] Not rewriting trap file for /Users/burakyetistiren/Desktop/Subject_Prog_CodeQL_Taint/src/main/java/logging/Logger/trap/java/classes/java/net/InetAddress.members/InetAddress.members#65.0-1713779056000-java.trap.gz as it exists
[2024-06-05 00:43:20] [javac-extractor-63162] [WARN] Not rewriting trap file for /Users/burakyetistiren/Desktop/Subject_Prog_CodeQL_Taint/src/main/java/logging/Logger/trap/java/classes/java/net/UnknownHostException.members/UnknownHostException.members#65.0-1713779056000-java.trap.gz as it exists
[2024-06-05 00:43:20] [javac-extractor-63162] [WARN] Not rewriting trap file for /Users/burakyetistiren/Desktop/Subject_Prog_CodeQL_Taint/src/main/java/logging/Logger/trap/java/classes/java/nio/charset/Charset.members/Charset.members#65.0-1713779056000-java.trap.gz as it exists
[2024-06-05 00:43:20] [javac-extractor-63162] [WARN] Not rewriting trap file for /Users/burakyetistiren/Desktop/Subject_Prog_CodeQL_Taint/src/main/java/logging/Logger/trap/java/classes/java/util/Collection.members/Collection.members#65.0-1713779056000-java.trap.gz as it exists
[2024-06-05 00:43:20] [javac-extractor-63162] [WARN] Not rewriting trap file for /Users/burakyetistiren/Desktop/Subject_Prog_CodeQL_Taint/src/main/java/logging/Logger/trap/java/classes/java/util/Collections.members/Collections.members#65.0-1713779056000-java.trap.gz as it exists
[2024-06-05 00:43:20] [javac-extractor-63162] [WARN] Not rewriting trap file for /Users/burakyetistiren/Desktop/Subject_Prog_CodeQL_Taint/src/main/java/logging/Logger/trap/java/classes/java/util/HashMap.members/HashMap.members#65.0-1713779056000-java.trap.gz as it exists
[2024-06-05 00:43:20] [javac-extractor-63162] [WARN] Not rewriting trap file for /Users/burakyetistiren/Desktop/Subject_Prog_CodeQL_Taint/src/main/java/logging/Logger/trap/java/classes/java/util/LinkedList.members/LinkedList.members#65.0-1713779056000-java.trap.gz as it exists
[2024-06-05 00:43:20] [javac-extractor-63162] [WARN] Not rewriting trap file for /Users/burakyetistiren/Desktop/Subject_Prog_CodeQL_Taint/src/main/java/logging/Logger/trap/java/classes/java/util/List.members/List.members#65.0-1713779056000-java.trap.gz as it exists
[2024-06-05 00:43:20] [javac-extractor-63162] [WARN] Not rewriting trap file for /Users/burakyetistiren/Desktop/Subject_Prog_CodeQL_Taint/src/main/java/logging/Logger/trap/java/classes/java/util/Map.members/Map.members#65.0-1713779056000-java.trap.gz as it exists
[2024-06-05 00:43:20] [javac-extractor-63162] [WARN] Not rewriting trap file for /Users/burakyetistiren/Desktop/Subject_Prog_CodeQL_Taint/src/main/java/logging/Logger/trap/java/classes/java/util/Properties.members/Properties.members#65.0-1713779056000-java.trap.gz as it exists
[2024-06-05 00:43:20] [javac-extractor-63162] [WARN] Not rewriting trap file for /Users/burakyetistiren/Desktop/Subject_Prog_CodeQL_Taint/src/main/java/logging/Logger/trap/java/classes/org/apache/avro/Schema.members/Schema.members#52.0-318240000000-java.trap.gz as it exists
[2024-06-05 00:43:20] [javac-extractor-63162] [WARN] Not rewriting trap file for /Users/burakyetistiren/Desktop/Subject_Prog_CodeQL_Taint/src/main/java/logging/Logger/trap/java/classes/org/apache/avro/generic/GenericRecord.members/GenericRecord.members#52.0-318240000000-java.trap.gz as it exists
[2024-06-05 00:43:20] [javac-extractor-63162] [WARN] Not rewriting trap file for /Users/burakyetistiren/Desktop/Subject_Prog_CodeQL_Taint/src/main/java/logging/Logger/trap/java/classes/org/apache/avro/io/BinaryEncoder.members/BinaryEncoder.members#52.0-318240000000-java.trap.gz as it exists
[2024-06-05 00:43:20] [javac-extractor-63162] [WARN] Not rewriting trap file for /Users/burakyetistiren/Desktop/Subject_Prog_CodeQL_Taint/src/main/java/logging/Logger/trap/java/classes/org/apache/avro/io/DatumWriter.members/DatumWriter.members#52.0-318240000000-java.trap.gz as it exists
[2024-06-05 00:43:20] [javac-extractor-63162] [WARN] Not rewriting trap file for /Users/burakyetistiren/Desktop/Subject_Prog_CodeQL_Taint/src/main/java/logging/Logger/trap/java/classes/org/apache/avro/io/EncoderFactory.members/EncoderFactory.members#52.0-318240000000-java.trap.gz as it exists
[2024-06-05 00:43:20] [javac-extractor-63162] [WARN] Not rewriting trap file for /Users/burakyetistiren/Desktop/Subject_Prog_CodeQL_Taint/src/main/java/logging/Logger/trap/java/classes/org/apache/avro/reflect/ReflectData.members/ReflectData.members#52.0-318240000000-java.trap.gz as it exists
[2024-06-05 00:43:20] [javac-extractor-63162] [WARN] Not rewriting trap file for /Users/burakyetistiren/Desktop/Subject_Prog_CodeQL_Taint/src/main/java/logging/Logger/trap/java/classes/org/apache/avro/reflect/ReflectDatumWriter.members/ReflectDatumWriter.members#52.0-318240000000-java.trap.gz as it exists
[2024-06-05 00:43:20] [javac-extractor-63162] [WARN] Not rewriting trap file for /Users/burakyetistiren/Desktop/Subject_Prog_CodeQL_Taint/src/main/java/logging/Logger/trap/java/classes/org/apache/avro/specific/SpecificRecord.members/SpecificRecord.members#52.0-318240000000-java.trap.gz as it exists
[2024-06-05 00:43:20] [javac-extractor-63162] [WARN] Not rewriting trap file for /Users/burakyetistiren/Desktop/Subject_Prog_CodeQL_Taint/src/main/java/logging/Logger/trap/java/classes/org/apache/flume/Event.members/Event.members#52.0-1717573041648-java.trap.gz as /Users/burakyetistiren/Desktop/Subject_Prog_CodeQL_Taint/src/main/java/logging/Logger/trap/java/classes/org/apache/flume/Event.members/Event.members#0.0-1717568753249-java.trap.gz exists
[2024-06-05 00:43:20] [javac-extractor-63162] [WARN] Not rewriting trap file for /Users/burakyetistiren/Desktop/Subject_Prog_CodeQL_Taint/src/main/java/logging/Logger/trap/java/classes/org/apache/flume/EventDeliveryException.members/EventDeliveryException.members#52.0-1717573041654-java.trap.gz as /Users/burakyetistiren/Desktop/Subject_Prog_CodeQL_Taint/src/main/java/logging/Logger/trap/java/classes/org/apache/flume/EventDeliveryException.members/EventDeliveryException.members#0.0-1717568753249-java.trap.gz exists
[2024-06-05 00:43:20] [javac-extractor-63162] [WARN] Not rewriting trap file for /Users/burakyetistiren/Desktop/Subject_Prog_CodeQL_Taint/src/main/java/logging/Logger/trap/java/classes/org/apache/flume/FlumeException.members/FlumeException.members#52.0-1717573041643-java.trap.gz as /Users/burakyetistiren/Desktop/Subject_Prog_CodeQL_Taint/src/main/java/logging/Logger/trap/java/classes/org/apache/flume/FlumeException.members/FlumeException.members#0.0-1717568753250-java.trap.gz exists
[2024-06-05 00:43:20] [javac-extractor-63162] [WARN] Not rewriting trap file for /Users/burakyetistiren/Desktop/Subject_Prog_CodeQL_Taint/src/main/java/logging/Logger/trap/java/classes/org/apache/flume/api/RpcClient.members/RpcClient.members#52.0-1717573041635-java.trap.gz as /Users/burakyetistiren/Desktop/Subject_Prog_CodeQL_Taint/src/main/java/logging/Logger/trap/java/classes/org/apache/flume/api/RpcClient.members/RpcClient.members#0.0-1717568753252-java.trap.gz exists
[2024-06-05 00:43:20] [javac-extractor-63162] [WARN] Not rewriting trap file for /Users/burakyetistiren/Desktop/Subject_Prog_CodeQL_Taint/src/main/java/logging/Logger/trap/java/classes/org/apache/flume/api/RpcClientConfigurationConstants.members/RpcClientConfigurationConstants.members#52.0-1717573042171-java.trap.gz as /Users/burakyetistiren/Desktop/Subject_Prog_CodeQL_Taint/src/main/java/logging/Logger/trap/java/classes/org/apache/flume/api/RpcClientConfigurationConstants.members/RpcClientConfigurationConstants.members#0.0-1717568753253-java.trap.gz exists
[2024-06-05 00:43:20] [javac-extractor-63162] [WARN] Not rewriting trap file for /Users/burakyetistiren/Desktop/Subject_Prog_CodeQL_Taint/src/main/java/logging/Logger/trap/java/classes/org/apache/flume/api/RpcClientFactory.members/RpcClientFactory.members#52.0-1717573042049-java.trap.gz as /Users/burakyetistiren/Desktop/Subject_Prog_CodeQL_Taint/src/main/java/logging/Logger/trap/java/classes/org/apache/flume/api/RpcClientFactory.members/RpcClientFactory.members#0.0-1717568753254-java.trap.gz exists
[2024-06-05 00:43:20] [javac-extractor-63162] [WARN] Not rewriting trap file for /Users/burakyetistiren/Desktop/Subject_Prog_CodeQL_Taint/src/main/java/logging/Logger/trap/java/classes/org/apache/flume/event/EventBuilder.members/EventBuilder.members#52.0-1717573042154-java.trap.gz as /Users/burakyetistiren/Desktop/Subject_Prog_CodeQL_Taint/src/main/java/logging/Logger/trap/java/classes/org/apache/flume/event/EventBuilder.members/EventBuilder.members#0.0-1717568753257-java.trap.gz exists
[2024-06-05 00:43:20] [javac-extractor-63162] [WARN] Not rewriting trap file for /Users/burakyetistiren/Desktop/Subject_Prog_CodeQL_Taint/src/main/java/logging/Logger/trap/java/classes/java/lang/Object.members/Object.members#65.0-1713779056000-java.trap.gz as it exists
[2024-06-05 00:43:20] [javac-extractor-63162] [WARN] Not rewriting trap file for /Users/burakyetistiren/Desktop/Subject_Prog_CodeQL_Taint/src/main/java/logging/Logger/trap/java/classes/java/lang/Cloneable.members/Cloneable.members#65.0-1713779056000-java.trap.gz as it exists
[2024-06-05 00:43:20] [javac-extractor-63162] [WARN] Not rewriting trap file for /Users/burakyetistiren/Desktop/Subject_Prog_CodeQL_Taint/src/main/java/logging/Logger/trap/java/classes/java/io/Serializable.members/Serializable.members#65.0-1713779056000-java.trap.gz as it exists
[2024-06-05 00:43:20] [javac-extractor-63162] [WARN] Not rewriting trap file for /Users/burakyetistiren/Desktop/Subject_Prog_CodeQL_Taint/src/main/java/logging/Logger/trap/java/classes/java/util/SequencedCollection.members/SequencedCollection.members#65.0-1713779056000-java.trap.gz as it exists
[2024-06-05 00:43:20] [javac-extractor-63162] [WARN] Not rewriting trap file for /Users/burakyetistiren/Desktop/Subject_Prog_CodeQL_Taint/src/main/java/logging/Logger/trap/java/classes/java/lang/Iterable.members/Iterable.members#65.0-1713779056000-java.trap.gz as it exists
[2024-06-05 00:43:20] [javac-extractor-63162] [WARN] Not rewriting trap file for /Users/burakyetistiren/Desktop/Subject_Prog_CodeQL_Taint/src/main/java/logging/Logger/trap/java/classes/java/lang/String.members/String.members#65.0-1713779056000-java.trap.gz as it exists
[2024-06-05 00:43:20] [javac-extractor-63162] [WARN] Not rewriting trap file for /Users/burakyetistiren/Desktop/Subject_Prog_CodeQL_Taint/src/main/java/logging/Logger/trap/java/classes/java/lang/Override.members/Override.members#65.0-1713779056000-java.trap.gz as it exists
[2024-06-05 00:43:20] [javac-extractor-63162] [WARN] Not rewriting trap file for /Users/burakyetistiren/Desktop/Subject_Prog_CodeQL_Taint/src/main/java/logging/Logger/trap/java/classes/java/util/Spliterator.members/Spliterator.members#65.0-1713779056000-java.trap.gz as it exists
[2024-06-05 00:43:20] [javac-extractor-63162] [WARN] Not rewriting trap file for /Users/burakyetistiren/Desktop/Subject_Prog_CodeQL_Taint/src/main/java/logging/Logger/trap/java/classes/java/util/function/Consumer.members/Consumer.members#65.0-1713779056000-java.trap.gz as it exists
[2024-06-05 00:43:20] [javac-extractor-63162] [WARN] Not rewriting trap file for /Users/burakyetistiren/Desktop/Subject_Prog_CodeQL_Taint/src/main/java/logging/Logger/trap/java/classes/java/lang/FunctionalInterface.members/FunctionalInterface.members#65.0-1713779056000-java.trap.gz as it exists
[2024-06-05 00:43:20] [javac-extractor-63162] [WARN] Not rewriting trap file for /Users/burakyetistiren/Desktop/Subject_Prog_CodeQL_Taint/src/main/java/logging/Logger/trap/java/classes/java/util/Iterator.members/Iterator.members#65.0-1713779056000-java.trap.gz as it exists
[2024-06-05 00:43:20] [javac-extractor-63162] [WARN] Not rewriting trap file for /Users/burakyetistiren/Desktop/Subject_Prog_CodeQL_Taint/src/main/java/logging/Logger/trap/java/classes/java/util/stream/Stream.members/Stream.members#65.0-1713779056000-java.trap.gz as it exists
[2024-06-05 00:43:20] [javac-extractor-63162] [WARN] Not rewriting trap file for /Users/burakyetistiren/Desktop/Subject_Prog_CodeQL_Taint/src/main/java/logging/Logger/trap/java/classes/java/util/stream/BaseStream.members/BaseStream.members#65.0-1713779056000-java.trap.gz as it exists
[2024-06-05 00:43:20] [javac-extractor-63162] [WARN] Not rewriting trap file for /Users/burakyetistiren/Desktop/Subject_Prog_CodeQL_Taint/src/main/java/logging/Logger/trap/java/classes/java/lang/AutoCloseable.members/AutoCloseable.members#65.0-1713779056000-java.trap.gz as it exists
[2024-06-05 00:43:20] [javac-extractor-63162] [WARN] Not rewriting trap file for /Users/burakyetistiren/Desktop/Subject_Prog_CodeQL_Taint/src/main/java/logging/Logger/trap/java/classes/java/util/function/Predicate.members/Predicate.members#65.0-1713779056000-java.trap.gz as it exists
[2024-06-05 00:43:20] [javac-extractor-63162] [WARN] Not rewriting trap file for /Users/burakyetistiren/Desktop/Subject_Prog_CodeQL_Taint/src/main/java/logging/Logger/trap/java/classes/java/util/function/IntFunction.members/IntFunction.members#65.0-1713779056000-java.trap.gz as it exists
[2024-06-05 00:43:20] [javac-extractor-63162] [WARN] Not rewriting trap file for /Users/burakyetistiren/Desktop/Subject_Prog_CodeQL_Taint/src/main/java/logging/Logger/trap/java/classes/java/util/ListIterator.members/ListIterator.members#65.0-1713779056000-java.trap.gz as it exists
[2024-06-05 00:43:20] [javac-extractor-63162] [WARN] Not rewriting trap file for /Users/burakyetistiren/Desktop/Subject_Prog_CodeQL_Taint/src/main/java/logging/Logger/trap/java/classes/java/util/Comparator.members/Comparator.members#65.0-1713779056000-java.trap.gz as it exists
[2024-06-05 00:43:20] [javac-extractor-63162] [WARN] Not rewriting trap file for /Users/burakyetistiren/Desktop/Subject_Prog_CodeQL_Taint/src/main/java/logging/Logger/trap/java/classes/java/util/function/UnaryOperator.members/UnaryOperator.members#65.0-1713779056000-java.trap.gz as it exists
[2024-06-05 00:43:20] [javac-extractor-63162] [WARN] Not rewriting trap file for /Users/burakyetistiren/Desktop/Subject_Prog_CodeQL_Taint/src/main/java/logging/Logger/trap/java/classes/java/util/function/Function.members/Function.members#65.0-1713779056000-java.trap.gz as it exists
[2024-06-05 00:43:20] [javac-extractor-63162] [WARN] Not rewriting trap file for /Users/burakyetistiren/Desktop/Subject_Prog_CodeQL_Taint/src/main/java/logging/Logger/trap/java/classes/java/lang/Throwable.members/Throwable.members#65.0-1713779056000-java.trap.gz as it exists
[2024-06-05 00:43:20] [javac-extractor-63162] [WARN] Not rewriting trap file for /Users/burakyetistiren/Desktop/Subject_Prog_CodeQL_Taint/src/main/java/logging/Logger/trap/java/classes/java/util/AbstractMap.members/AbstractMap.members#65.0-1713779056000-java.trap.gz as it exists
[2024-06-05 00:43:20] [javac-extractor-63162] [WARN] Not rewriting trap file for /Users/burakyetistiren/Desktop/Subject_Prog_CodeQL_Taint/src/main/java/logging/Logger/trap/java/classes/java/util/Map$Entry.members/Map$Entry.members#65.0-1713779056000-java.trap.gz as it exists
[2024-06-05 00:43:20] [javac-extractor-63162] [WARN] Not rewriting trap file for /Users/burakyetistiren/Desktop/Subject_Prog_CodeQL_Taint/src/main/java/logging/Logger/trap/java/classes/java/util/function/BiFunction.members/BiFunction.members#65.0-1713779056000-java.trap.gz as it exists
[2024-06-05 00:43:20] [javac-extractor-63162] [WARN] Not rewriting trap file for /Users/burakyetistiren/Desktop/Subject_Prog_CodeQL_Taint/src/main/java/logging/Logger/trap/java/classes/java/util/function/BiConsumer.members/BiConsumer.members#65.0-1713779056000-java.trap.gz as it exists
[2024-06-05 00:43:20] [javac-extractor-63162] [WARN] Not rewriting trap file for /Users/burakyetistiren/Desktop/Subject_Prog_CodeQL_Taint/src/main/java/logging/Logger/trap/java/classes/java/util/Set.members/Set.members#65.0-1713779056000-java.trap.gz as it exists
[2024-06-05 00:43:20] [javac-extractor-63162] [WARN] Not rewriting trap file for /Users/burakyetistiren/Desktop/Subject_Prog_CodeQL_Taint/src/main/java/logging/Logger/trap/java/classes/java/lang/CloneNotSupportedException.members/CloneNotSupportedException.members#65.0-1713779056000-java.trap.gz as it exists
[2024-06-05 00:43:20] [javac-extractor-63162] [WARN] Not rewriting trap file for /Users/burakyetistiren/Desktop/Subject_Prog_CodeQL_Taint/src/main/java/logging/Logger/trap/java/classes/java/io/ObjectOutputStream.members/ObjectOutputStream.members#65.0-1713779056000-java.trap.gz as it exists
[2024-06-05 00:43:20] [javac-extractor-63162] [WARN] Not rewriting trap file for /Users/burakyetistiren/Desktop/Subject_Prog_CodeQL_Taint/src/main/java/logging/Logger/trap/java/classes/java/util/HashMap$Node.members/HashMap$Node.members#65.0-1713779056000-java.trap.gz as it exists
[2024-06-05 00:43:20] [javac-extractor-63162] [WARN] Not rewriting trap file for /Users/burakyetistiren/Desktop/Subject_Prog_CodeQL_Taint/src/main/java/logging/Logger/trap/java/classes/java/util/HashMap$TreeNode.members/HashMap$TreeNode.members#65.0-1713779056000-java.trap.gz as it exists
[2024-06-05 00:43:20] [javac-extractor-63162] [WARN] Not rewriting trap file for /Users/burakyetistiren/Desktop/Subject_Prog_CodeQL_Taint/src/main/java/logging/Logger/trap/java/classes/java/util/LinkedHashMap$Entry.members/LinkedHashMap$Entry.members#65.0-1713779056000-java.trap.gz as it exists
[2024-06-05 00:43:20] [javac-extractor-63162] [WARN] Not rewriting trap file for /Users/burakyetistiren/Desktop/Subject_Prog_CodeQL_Taint/src/main/java/logging/Logger/trap/java/classes/java/util/LinkedHashMap.members/LinkedHashMap.members#65.0-1713779056000-java.trap.gz as it exists
[2024-06-05 00:43:20] [javac-extractor-63162] [WARN] Not rewriting trap file for /Users/burakyetistiren/Desktop/Subject_Prog_CodeQL_Taint/src/main/java/logging/Logger/trap/java/classes/java/lang/Class.members/Class.members#65.0-1713779056000-java.trap.gz as it exists
[2024-06-05 00:43:20] [javac-extractor-63162] [WARN] Not rewriting trap file for /Users/burakyetistiren/Desktop/Subject_Prog_CodeQL_Taint/src/main/java/logging/Logger/trap/java/classes/java/lang/reflect/GenericDeclaration.members/GenericDeclaration.members#65.0-1713779056000-java.trap.gz as it exists
[2024-06-05 00:43:20] [javac-extractor-63162] [WARN] Not rewriting trap file for /Users/burakyetistiren/Desktop/Subject_Prog_CodeQL_Taint/src/main/java/logging/Logger/trap/java/classes/java/lang/reflect/Type.members/Type.members#65.0-1713779056000-java.trap.gz as it exists
[2024-06-05 00:43:20] [javac-extractor-63162] [WARN] Not rewriting trap file for /Users/burakyetistiren/Desktop/Subject_Prog_CodeQL_Taint/src/main/java/logging/Logger/trap/java/classes/java/lang/reflect/AnnotatedElement.members/AnnotatedElement.members#65.0-1713779056000-java.trap.gz as it exists
[2024-06-05 00:43:20] [javac-extractor-63162] [WARN] Not rewriting trap file for /Users/burakyetistiren/Desktop/Subject_Prog_CodeQL_Taint/src/main/java/logging/Logger/trap/java/classes/java/lang/invoke/TypeDescriptor$OfField.members/TypeDescriptor$OfField.members#65.0-1713779056000-java.trap.gz as it exists
[2024-06-05 00:43:20] [javac-extractor-63162] [WARN] Not rewriting trap file for /Users/burakyetistiren/Desktop/Subject_Prog_CodeQL_Taint/src/main/java/logging/Logger/trap/java/classes/java/lang/invoke/TypeDescriptor.members/TypeDescriptor.members#65.0-1713779056000-java.trap.gz as it exists
[2024-06-05 00:43:20] [javac-extractor-63162] [WARN] Not rewriting trap file for /Users/burakyetistiren/Desktop/Subject_Prog_CodeQL_Taint/src/main/java/logging/Logger/trap/java/classes/java/lang/constant/Constable.members/Constable.members#65.0-1713779056000-java.trap.gz as it exists
[2024-06-05 00:43:20] [javac-extractor-63162] [WARN] Not rewriting trap file for /Users/burakyetistiren/Desktop/Subject_Prog_CodeQL_Taint/src/main/java/logging/Logger/trap/java/classes/java/util/AbstractSequentialList.members/AbstractSequentialList.members#65.0-1713779056000-java.trap.gz as it exists
[2024-06-05 00:43:20] [javac-extractor-63162] [WARN] Not rewriting trap file for /Users/burakyetistiren/Desktop/Subject_Prog_CodeQL_Taint/src/main/java/logging/Logger/trap/java/classes/java/util/AbstractList.members/AbstractList.members#65.0-1713779056000-java.trap.gz as it exists
[2024-06-05 00:43:20] [javac-extractor-63162] [WARN] Not rewriting trap file for /Users/burakyetistiren/Desktop/Subject_Prog_CodeQL_Taint/src/main/java/logging/Logger/trap/java/classes/java/util/AbstractCollection.members/AbstractCollection.members#65.0-1713779056000-java.trap.gz as it exists
[2024-06-05 00:43:20] [javac-extractor-63162] [WARN] Not rewriting trap file for /Users/burakyetistiren/Desktop/Subject_Prog_CodeQL_Taint/src/main/java/logging/Logger/trap/java/classes/java/util/Deque.members/Deque.members#65.0-1713779056000-java.trap.gz as it exists
[2024-06-05 00:43:20] [javac-extractor-63162] [WARN] Not rewriting trap file for /Users/burakyetistiren/Desktop/Subject_Prog_CodeQL_Taint/src/main/java/logging/Logger/trap/java/classes/java/util/Queue.members/Queue.members#65.0-1713779056000-java.trap.gz as it exists
[2024-06-05 00:43:20] [javac-extractor-63162] [WARN] Not rewriting trap file for /Users/burakyetistiren/Desktop/Subject_Prog_CodeQL_Taint/src/main/java/logging/Logger/trap/java/classes/java/util/LinkedList$Node.members/LinkedList$Node.members#65.0-1713779056000-java.trap.gz as it exists
[2024-06-05 00:43:20] [javac-extractor-63162] [WARN] Not rewriting trap file for /Users/burakyetistiren/Desktop/Subject_Prog_CodeQL_Taint/src/main/java/logging/Logger/trap/java/classes/org/apache/flume/clients/log4jappender/Log4jAvroHeaders.members/Log4jAvroHeaders.members#0.0-1717568753036-java.trap.gz as it exists
[2024-06-05 00:43:20] [javac-extractor-63162] [WARN] Not rewriting trap file for /Users/burakyetistiren/Desktop/Subject_Prog_CodeQL_Taint/src/main/java/logging/Logger/trap/java/classes/org/apache/avro/generic/GenericContainer.members/GenericContainer.members#52.0-318240000000-java.trap.gz as it exists
[2024-06-05 00:43:20] [javac-extractor-63162] [WARN] Not rewriting trap file for /Users/burakyetistiren/Desktop/Subject_Prog_CodeQL_Taint/src/main/java/logging/Logger/trap/java/classes/org/apache/avro/specific/SpecificData.members/SpecificData.members#52.0-318240000000-java.trap.gz as it exists
[2024-06-05 00:43:20] [javac-extractor-63162] [WARN] Not rewriting trap file for /Users/burakyetistiren/Desktop/Subject_Prog_CodeQL_Taint/src/main/java/logging/Logger/trap/java/classes/org/apache/avro/specific/SpecificDatumWriter.members/SpecificDatumWriter.members#52.0-318240000000-java.trap.gz as it exists
[2024-06-05 00:43:20] [javac-extractor-63162] [WARN] Not rewriting trap file for /Users/burakyetistiren/Desktop/Subject_Prog_CodeQL_Taint/src/main/java/logging/Logger/trap/java/classes/org/apache/avro/generic/GenericDatumWriter.members/GenericDatumWriter.members#52.0-318240000000-java.trap.gz as it exists
[2024-06-05 00:43:20] [javac-extractor-63162] [WARN] Not rewriting trap file for /Users/burakyetistiren/Desktop/Subject_Prog_CodeQL_Taint/src/main/java/logging/Logger/trap/java/classes/org/apache/avro/io/Encoder.members/Encoder.members#52.0-318240000000-java.trap.gz as it exists
[2024-06-05 00:43:20] [javac-extractor-63162] [WARN] Not rewriting trap file for /Users/burakyetistiren/Desktop/Subject_Prog_CodeQL_Taint/src/main/java/logging/Logger/trap/java/classes/org/apache/avro/Schema$Field.members/Schema$Field.members#52.0-318240000000-java.trap.gz as it exists
[2024-06-05 00:43:20] [javac-extractor-63162] [WARN] Not rewriting trap file for /Users/burakyetistiren/Desktop/Subject_Prog_CodeQL_Taint/src/main/java/logging/Logger/trap/java/classes/org/apache/avro/AvroTypeException.members/AvroTypeException.members#52.0-318240000000-java.trap.gz as it exists
[2024-06-05 00:43:20] [javac-extractor-63162] [WARN] Not rewriting trap file for /Users/burakyetistiren/Desktop/Subject_Prog_CodeQL_Taint/src/main/java/logging/Logger/trap/java/classes/java/lang/ClassCastException.members/ClassCastException.members#65.0-1713779056000-java.trap.gz as it exists
[2024-06-05 00:43:20] [javac-extractor-63162] [WARN] Not rewriting trap file for /Users/burakyetistiren/Desktop/Subject_Prog_CodeQL_Taint/src/main/java/logging/Logger/trap/java/classes/java/lang/NullPointerException.members/NullPointerException.members#65.0-1713779056000-java.trap.gz as it exists
[2024-06-05 00:43:20] [javac-extractor-63162] [WARN] Not rewriting trap file for /Users/burakyetistiren/Desktop/Subject_Prog_CodeQL_Taint/src/main/java/logging/Logger/trap/java/classes/org/apache/avro/LogicalType.members/LogicalType.members#52.0-318240000000-java.trap.gz as it exists
[2024-06-05 00:43:20] [javac-extractor-63162] [WARN] Not rewriting trap file for /Users/burakyetistiren/Desktop/Subject_Prog_CodeQL_Taint/src/main/java/logging/Logger/trap/java/classes/org/apache/avro/Conversion.members/Conversion.members#52.0-318240000000-java.trap.gz as it exists
[2024-06-05 00:43:20] [javac-extractor-63162] [WARN] Not rewriting trap file for /Users/burakyetistiren/Desktop/Subject_Prog_CodeQL_Taint/src/main/java/logging/Logger/trap/java/classes/org/apache/avro/generic/GenericData.members/GenericData.members#52.0-318240000000-java.trap.gz as it exists
[2024-06-05 00:43:20] [javac-extractor-63162] [WARN] Not rewriting trap file for /Users/burakyetistiren/Desktop/Subject_Prog_CodeQL_Taint/src/main/java/logging/Logger/trap/java/classes/java/io/OutputStream.members/OutputStream.members#65.0-1713779056000-java.trap.gz as it exists
[2024-06-05 00:43:20] [javac-extractor-63162] [WARN] Not rewriting trap file for /Users/burakyetistiren/Desktop/Subject_Prog_CodeQL_Taint/src/main/java/logging/Logger/trap/java/classes/java/io/Flushable.members/Flushable.members#65.0-1713779056000-java.trap.gz as it exists
[2024-06-05 00:43:20] [javac-extractor-63162] [WARN] Not rewriting trap file for /Users/burakyetistiren/Desktop/Subject_Prog_CodeQL_Taint/src/main/java/logging/Logger/trap/java/classes/java/util/Hashtable.members/Hashtable.members#65.0-1713779056000-java.trap.gz as it exists
[2024-06-05 00:43:20] [javac-extractor-63162] [WARN] Not rewriting trap file for /Users/burakyetistiren/Desktop/Subject_Prog_CodeQL_Taint/src/main/java/logging/Logger/trap/java/classes/java/util/Dictionary.members/Dictionary.members#65.0-1713779056000-java.trap.gz as it exists
[2024-06-05 00:43:20] [javac-extractor-63162] [WARN] Not rewriting trap file for /Users/burakyetistiren/Desktop/Subject_Prog_CodeQL_Taint/src/main/java/logging/Logger/trap/java/classes/java/lang/Integer.members/Integer.members#65.0-1713779056000-java.trap.gz as it exists
[2024-06-05 00:43:20] [javac-extractor-63162] [WARN] Not rewriting trap file for /Users/burakyetistiren/Desktop/Subject_Prog_CodeQL_Taint/src/main/java/logging/Logger/trap/java/classes/java/util/ResourceBundle.members/ResourceBundle.members#65.0-1713779056000-java.trap.gz as it exists
[2024-06-05 00:43:20] [javac-extractor-63162] [WARN] Not rewriting trap file for /Users/burakyetistiren/Desktop/Subject_Prog_CodeQL_Taint/src/main/java/logging/Logger/trap/java/classes/java/util/Enumeration.members/Enumeration.members#65.0-1713779056000-java.trap.gz as it exists
[2024-06-05 00:43:20] [javac-extractor-63162] [WARN] Not rewriting trap file for /Users/burakyetistiren/Desktop/Subject_Prog_CodeQL_Taint/src/main/java/logging/Logger/trap/java/classes/java/lang/Exception.members/Exception.members#65.0-1713779056000-java.trap.gz as it exists
[2024-06-05 00:43:20] [javac-extractor-63162] [WARN] Not rewriting trap file for /Users/burakyetistiren/Desktop/Subject_Prog_CodeQL_Taint/src/main/java/logging/Logger/trap/java/classes/java/util/RandomAccess.members/RandomAccess.members#65.0-1713779056000-java.trap.gz as it exists
[2024-06-05 00:43:20] [javac-extractor-63162] Processing JAR file: /Users/burakyetistiren/.m2/repository/log4j/log4j/1.2.17/log4j-1.2.17.jar
[2024-06-05 00:43:21] [javac-extractor-63162] Processing file /Users/burakyetistiren/Desktop/Subject_Prog_CodeQL_Taint/src/main/java/logging/flume-ng-clients/flume-ng-log4jappender/src/main/java/org/apache/flume/clients/log4jappender/LoadBalancingLog4jAppender.java
[2024-06-05 00:43:21] [javac-extractor-63162] [WARN] Not rewriting trap file for /Users/burakyetistiren/Desktop/Subject_Prog_CodeQL_Taint/src/main/java/logging/Logger/trap/java/classes/java/util/Properties.members/Properties.members#65.0-1713779056000-java.trap.gz as it exists
[2024-06-05 00:43:21] [javac-extractor-63162] [WARN] Not rewriting trap file for /Users/burakyetistiren/Desktop/Subject_Prog_CodeQL_Taint/src/main/java/logging/Logger/trap/java/classes/org/apache/commons/lang/StringUtils.members/StringUtils.members#47.0-1294988798000-java.trap.gz as it exists
[2024-06-05 00:43:21] [javac-extractor-63162] [WARN] Not rewriting trap file for /Users/burakyetistiren/Desktop/Subject_Prog_CodeQL_Taint/src/main/java/logging/Logger/trap/java/classes/org/apache/flume/FlumeException.members/FlumeException.members#52.0-1717573041643-java.trap.gz as /Users/burakyetistiren/Desktop/Subject_Prog_CodeQL_Taint/src/main/java/logging/Logger/trap/java/classes/org/apache/flume/FlumeException.members/FlumeException.members#0.0-1717568753250-java.trap.gz exists
[2024-06-05 00:43:21] [javac-extractor-63162] [WARN] Not rewriting trap file for /Users/burakyetistiren/Desktop/Subject_Prog_CodeQL_Taint/src/main/java/logging/Logger/trap/java/classes/org/apache/flume/api/RpcClientConfigurationConstants.members/RpcClientConfigurationConstants.members#52.0-1717573042171-java.trap.gz as /Users/burakyetistiren/Desktop/Subject_Prog_CodeQL_Taint/src/main/java/logging/Logger/trap/java/classes/org/apache/flume/api/RpcClientConfigurationConstants.members/RpcClientConfigurationConstants.members#0.0-1717568753253-java.trap.gz exists
[2024-06-05 00:43:21] [javac-extractor-63162] [WARN] Not rewriting trap file for /Users/burakyetistiren/Desktop/Subject_Prog_CodeQL_Taint/src/main/java/logging/Logger/trap/java/classes/org/apache/flume/api/RpcClientFactory.members/RpcClientFactory.members#52.0-1717573042049-java.trap.gz as /Users/burakyetistiren/Desktop/Subject_Prog_CodeQL_Taint/src/main/java/logging/Logger/trap/java/classes/org/apache/flume/api/RpcClientFactory.members/RpcClientFactory.members#0.0-1717568753254-java.trap.gz exists
[2024-06-05 00:43:21] [javac-extractor-63162] [WARN] Not rewriting trap file for /Users/burakyetistiren/Desktop/Subject_Prog_CodeQL_Taint/src/main/java/logging/Logger/trap/java/classes/org/apache/flume/api/RpcClientFactory$ClientType.members/RpcClientFactory$ClientType.members#52.0-1717573042014-java.trap.gz as /Users/burakyetistiren/Desktop/Subject_Prog_CodeQL_Taint/src/main/java/logging/Logger/trap/java/classes/org/apache/flume/api/RpcClientFactory$ClientType.members/RpcClientFactory$ClientType.members#0.0-1717568753254-java.trap.gz exists
[2024-06-05 00:43:21] [javac-extractor-63162] [WARN] Not rewriting trap file for /Users/burakyetistiren/Desktop/Subject_Prog_CodeQL_Taint/src/main/java/logging/Logger/trap/java/classes/org/apache/log4j/helpers/LogLog.members/LogLog.members#48.0-1336334434000-java.trap.gz as it exists
[2024-06-05 00:43:21] [javac-extractor-63162] [WARN] Not rewriting trap file for /Users/burakyetistiren/Desktop/Subject_Prog_CodeQL_Taint/src/main/java/logging/Logger/trap/java/classes/org/apache/log4j/spi/LoggingEvent.members/LoggingEvent.members#48.0-1336334432000-java.trap.gz as it exists
[2024-06-05 00:43:21] [javac-extractor-63162] [WARN] Not rewriting trap file for /Users/burakyetistiren/Desktop/Subject_Prog_CodeQL_Taint/src/main/java/logging/Logger/trap/java/classes/java/lang/String.members/String.members#65.0-1713779056000-java.trap.gz as it exists
[2024-06-05 00:43:21] [javac-extractor-63162] [WARN] Not rewriting trap file for /Users/burakyetistiren/Desktop/Subject_Prog_CodeQL_Taint/src/main/java/logging/Logger/trap/java/classes/org/apache/flume/clients/log4jappender/Log4jAppender.members/Log4jAppender.members#0.0-1717568753035-java.trap.gz as it exists
[2024-06-05 00:43:21] [javac-extractor-63162] [WARN] Not rewriting trap file for /Users/burakyetistiren/Desktop/Subject_Prog_CodeQL_Taint/src/main/java/logging/Logger/trap/java/classes/java/lang/Override.members/Override.members#65.0-1713779056000-java.trap.gz as it exists
[2024-06-05 00:43:21] [javac-extractor-63162] [WARN] Not rewriting trap file for /Users/burakyetistiren/Desktop/Subject_Prog_CodeQL_Taint/src/main/java/logging/Logger/trap/java/classes/org/apache/flume/api/RpcClient.members/RpcClient.members#52.0-1717573041635-java.trap.gz as /Users/burakyetistiren/Desktop/Subject_Prog_CodeQL_Taint/src/main/java/logging/Logger/trap/java/classes/org/apache/flume/api/RpcClient.members/RpcClient.members#0.0-1717568753252-java.trap.gz exists
[2024-06-05 00:43:21] [javac-extractor-63162] [WARN] Not rewriting trap file for /Users/burakyetistiren/Desktop/Subject_Prog_CodeQL_Taint/src/main/java/logging/Logger/trap/java/classes/org/apache/log4j/Layout.members/Layout.members#48.0-1336334432000-java.trap.gz as it exists
[2024-06-05 00:43:21] [javac-extractor-63162] [WARN] Not rewriting trap file for /Users/burakyetistiren/Desktop/Subject_Prog_CodeQL_Taint/src/main/java/logging/Logger/trap/java/classes/org/apache/log4j/AppenderSkeleton.members/AppenderSkeleton.members#48.0-1336334432000-java.trap.gz as it exists
[2024-06-05 00:43:21] [javac-extractor-63162] [WARN] Not rewriting trap file for /Users/burakyetistiren/Desktop/Subject_Prog_CodeQL_Taint/src/main/java/logging/Logger/trap/java/classes/org/apache/log4j/spi/OptionHandler.members/OptionHandler.members#48.0-1336334432000-java.trap.gz as it exists
[2024-06-05 00:43:21] [javac-extractor-63162] [WARN] Not rewriting trap file for /Users/burakyetistiren/Desktop/Subject_Prog_CodeQL_Taint/src/main/java/logging/Logger/trap/java/classes/java/lang/Exception.members/Exception.members#65.0-1713779056000-java.trap.gz as it exists
[2024-06-05 00:43:21] [javac-extractor-63162] [WARN] Not rewriting trap file for /Users/burakyetistiren/Desktop/Subject_Prog_CodeQL_Taint/src/main/java/logging/Logger/trap/java/classes/java/lang/Throwable.members/Throwable.members#65.0-1713779056000-java.trap.gz as it exists
[2024-06-05 00:43:21] [javac-extractor-63162] [WARN] Not rewriting trap file for /Users/burakyetistiren/Desktop/Subject_Prog_CodeQL_Taint/src/main/java/logging/Logger/trap/java/classes/java/lang/Object.members/Object.members#65.0-1713779056000-java.trap.gz as it exists
[2024-06-05 00:43:21] [javac-extractor-63162] [WARN] Not rewriting trap file for /Users/burakyetistiren/Desktop/Subject_Prog_CodeQL_Taint/src/main/java/logging/Logger/trap/java/classes/java/lang/Cloneable.members/Cloneable.members#65.0-1713779056000-java.trap.gz as it exists
[2024-06-05 00:43:21] [javac-extractor-63162] [WARN] Not rewriting trap file for /Users/burakyetistiren/Desktop/Subject_Prog_CodeQL_Taint/src/main/java/logging/Logger/trap/java/classes/java/io/Serializable.members/Serializable.members#65.0-1713779056000-java.trap.gz as it exists
[2024-06-05 00:43:21] [javac-extractor-63162] [WARN] Not rewriting trap file for /Users/burakyetistiren/Desktop/Subject_Prog_CodeQL_Taint/src/main/java/logging/Logger/trap/java/classes/java/lang/StringBuilder.members/StringBuilder.members#65.0-1713779056000-java.trap.gz as it exists
[2024-06-05 00:43:21] [javac-extractor-63162] [WARN] Not rewriting trap file for /Users/burakyetistiren/Desktop/Subject_Prog_CodeQL_Taint/src/main/java/logging/Logger/trap/java/classes/java/lang/Enum.members/Enum.members#65.0-1713779056000-java.trap.gz as it exists
[2024-06-05 00:43:21] [javac-extractor-63162] [WARN] Not rewriting trap file for /Users/burakyetistiren/Desktop/Subject_Prog_CodeQL_Taint/src/main/java/logging/Logger/trap/java/classes/java/lang/constant/Constable.members/Constable.members#65.0-1713779056000-java.trap.gz as it exists
[2024-06-05 00:43:21] [javac-extractor-63162] [WARN] Not rewriting trap file for /Users/burakyetistiren/Desktop/Subject_Prog_CodeQL_Taint/src/main/java/logging/Logger/trap/java/classes/java/lang/Comparable.members/Comparable.members#65.0-1713779056000-java.trap.gz as it exists
[2024-06-05 00:43:21] [javac-extractor-63162] [WARN] Not rewriting trap file for /Users/burakyetistiren/Desktop/Subject_Prog_CodeQL_Taint/src/main/java/logging/Logger/trap/java/classes/java/lang/Class.members/Class.members#65.0-1713779056000-java.trap.gz as it exists
[2024-06-05 00:43:21] [javac-extractor-63162] [WARN] Not rewriting trap file for /Users/burakyetistiren/Desktop/Subject_Prog_CodeQL_Taint/src/main/java/logging/Logger/trap/java/classes/java/lang/reflect/GenericDeclaration.members/GenericDeclaration.members#65.0-1713779056000-java.trap.gz as it exists
[2024-06-05 00:43:21] [javac-extractor-63162] [WARN] Not rewriting trap file for /Users/burakyetistiren/Desktop/Subject_Prog_CodeQL_Taint/src/main/java/logging/Logger/trap/java/classes/java/lang/reflect/Type.members/Type.members#65.0-1713779056000-java.trap.gz as it exists
[2024-06-05 00:43:21] [javac-extractor-63162] [WARN] Not rewriting trap file for /Users/burakyetistiren/Desktop/Subject_Prog_CodeQL_Taint/src/main/java/logging/Logger/trap/java/classes/java/lang/reflect/AnnotatedElement.members/AnnotatedElement.members#65.0-1713779056000-java.trap.gz as it exists
[2024-06-05 00:43:21] [javac-extractor-63162] [WARN] Not rewriting trap file for /Users/burakyetistiren/Desktop/Subject_Prog_CodeQL_Taint/src/main/java/logging/Logger/trap/java/classes/java/lang/invoke/TypeDescriptor$OfField.members/TypeDescriptor$OfField.members#65.0-1713779056000-java.trap.gz as it exists
[2024-06-05 00:43:21] [javac-extractor-63162] [WARN] Not rewriting trap file for /Users/burakyetistiren/Desktop/Subject_Prog_CodeQL_Taint/src/main/java/logging/Logger/trap/java/classes/java/lang/invoke/TypeDescriptor.members/TypeDescriptor.members#65.0-1713779056000-java.trap.gz as it exists
[2024-06-05 00:43:21] [javac-extractor-63162] [WARN] Not rewriting trap file for /Users/burakyetistiren/Desktop/Subject_Prog_CodeQL_Taint/src/main/java/logging/Logger/trap/java/classes/java/util/Optional.members/Optional.members#65.0-1713779056000-java.trap.gz as it exists
[2024-06-05 00:43:21] [javac-extractor-63162] [WARN] Not rewriting trap file for /Users/burakyetistiren/Desktop/Subject_Prog_CodeQL_Taint/src/main/java/logging/Logger/trap/java/classes/jdk/internal/ValueBased.members/ValueBased.members#65.0-1713779056000-java.trap.gz as it exists
[2024-06-05 00:43:21] [javac-extractor-63162] [WARN] Not rewriting trap file for /Users/burakyetistiren/Desktop/Subject_Prog_CodeQL_Taint/src/main/java/logging/Logger/trap/java/classes/java/lang/Enum$EnumDesc.members/Enum$EnumDesc.members#65.0-1713779056000-java.trap.gz as it exists
[2024-06-05 00:43:21] [javac-extractor-63162] [WARN] Not rewriting trap file for /Users/burakyetistiren/Desktop/Subject_Prog_CodeQL_Taint/src/main/java/logging/Logger/trap/java/classes/java/lang/constant/DynamicConstantDesc.members/DynamicConstantDesc.members#65.0-1713779056000-java.trap.gz as it exists
[2024-06-05 00:43:21] [javac-extractor-63162] [WARN] Not rewriting trap file for /Users/burakyetistiren/Desktop/Subject_Prog_CodeQL_Taint/src/main/java/logging/Logger/trap/java/classes/java/lang/constant/ConstantDesc.members/ConstantDesc.members#65.0-1713779056000-java.trap.gz as it exists
[2024-06-05 00:43:21] [javac-extractor-63162] [WARN] Not rewriting trap file for /Users/burakyetistiren/Desktop/Subject_Prog_CodeQL_Taint/src/main/java/logging/Logger/trap/java/classes/java/lang/CloneNotSupportedException.members/CloneNotSupportedException.members#65.0-1713779056000-java.trap.gz as it exists
[2024-06-05 00:43:21] [javac-extractor-63162] [WARN] Not rewriting trap file for /Users/burakyetistiren/Desktop/Subject_Prog_CodeQL_Taint/src/main/java/logging/Logger/trap/java/classes/java/lang/Long.members/Long.members#65.0-1713779056000-java.trap.gz as it exists
[2024-06-05 00:43:21] [javac-extractor-63162] Javac init time: 2.8s
[2024-06-05 00:43:21] [javac-extractor-63162] Javac attr time: 1.0s
[2024-06-05 00:43:21] [javac-extractor-63162] Extractor time: 1.9s
[2024-06-05 00:43:21] [javac-extractor-63162] Other time: 0.5s
[2024-06-05 00:43:21] [javac-extractor-63162] Total time: 6.2s
