[2024-06-05 00:41:24] [javac-extractor-59569] Starting extraction for:
                                              sun.java.command=com.semmle.extractor.java.JavaExtractor --jdk-version 21 --javac-args @@@/Users/burakyetistiren/Desktop/Subject_Prog_CodeQL_Taint/src/main/java/logging/Logger/log/ext/javac-7.args
                                              user.dir=/Users/burakyetistiren/Desktop/Subject_Prog_CodeQL_Taint/src/main/java/logging
[2024-06-05 00:41:24] [javac-extractor-59569] Compilation name /Users/burakyetistiren/Desktop/Subject_Prog_CodeQL_Taint/src/main/java/logging/Logger/trap/java/diagnostics/diagnostic-7.trap.gz
[2024-06-05 00:41:24] [javac-extractor-59569] [WARN] Appending source destination directory /Users/burakyetistiren/Desktop/Subject_Prog_CodeQL_Taint/src/main/java/logging/flume-ng-sinks/flume-irc-sink/target/generated-sources/annotations to sourcepath
[2024-06-05 00:41:27] [javac-extractor-59569] Annotation processor class 'lombok.launch.AnnotationProcessorHider$AnnotationProcessor' initialized.
[2024-06-05 00:41:27] [javac-extractor-59569] Annotation processor class 'lombok.launch.AnnotationProcessorHider$ClaimingProcessor' initialized.
[2024-06-05 00:41:28] [javac-extractor-59569] Processing file /Users/burakyetistiren/Desktop/Subject_Prog_CodeQL_Taint/src/main/java/logging/flume-ng-sinks/flume-irc-sink/src/main/java/org/apache/flume/sink/irc/IRCSink.java
[2024-06-05 00:41:28] [javac-extractor-59569] [WARN] Not rewriting trap file for /Users/burakyetistiren/Desktop/Subject_Prog_CodeQL_Taint/src/main/java/logging/Logger/trap/java/classes/java/io/IOException.members/IOException.members#65.0-1713779056000-java.trap.gz as it exists
[2024-06-05 00:41:28] [javac-extractor-59569] [WARN] Not rewriting trap file for /Users/burakyetistiren/Desktop/Subject_Prog_CodeQL_Taint/src/main/java/logging/Logger/trap/java/classes/org/apache/flume/Channel.members/Channel.members#52.0-1717573162711-java.trap.gz as /Users/burakyetistiren/Desktop/Subject_Prog_CodeQL_Taint/src/main/java/logging/Logger/trap/java/classes/org/apache/flume/Channel.members/Channel.members#0.0-1717568753096-java.trap.gz exists
[2024-06-05 00:41:28] [javac-extractor-59569] [WARN] Not rewriting trap file for /Users/burakyetistiren/Desktop/Subject_Prog_CodeQL_Taint/src/main/java/logging/Logger/trap/java/classes/org/apache/flume/ChannelException.members/ChannelException.members#52.0-1717573162761-java.trap.gz as /Users/burakyetistiren/Desktop/Subject_Prog_CodeQL_Taint/src/main/java/logging/Logger/trap/java/classes/org/apache/flume/ChannelException.members/ChannelException.members#0.0-1717568753096-java.trap.gz exists
[2024-06-05 00:41:28] [javac-extractor-59569] [WARN] Not rewriting trap file for /Users/burakyetistiren/Desktop/Subject_Prog_CodeQL_Taint/src/main/java/logging/Logger/trap/java/classes/org/apache/flume/Context.members/Context.members#52.0-1717573095293-java.trap.gz as /Users/burakyetistiren/Desktop/Subject_Prog_CodeQL_Taint/src/main/java/logging/Logger/trap/java/classes/org/apache/flume/Context.members/Context.members#0.0-1717568753063-java.trap.gz exists
[2024-06-05 00:41:28] [javac-extractor-59569] [WARN] Not rewriting trap file for /Users/burakyetistiren/Desktop/Subject_Prog_CodeQL_Taint/src/main/java/logging/Logger/trap/java/classes/org/apache/flume/CounterGroup.members/CounterGroup.members#52.0-1717573163415-java.trap.gz as /Users/burakyetistiren/Desktop/Subject_Prog_CodeQL_Taint/src/main/java/logging/Logger/trap/java/classes/org/apache/flume/CounterGroup.members/CounterGroup.members#0.0-1717568753097-java.trap.gz exists
[2024-06-05 00:41:28] [javac-extractor-59569] [WARN] Not rewriting trap file for /Users/burakyetistiren/Desktop/Subject_Prog_CodeQL_Taint/src/main/java/logging/Logger/trap/java/classes/org/apache/flume/Event.members/Event.members#52.0-1717573041648-java.trap.gz as /Users/burakyetistiren/Desktop/Subject_Prog_CodeQL_Taint/src/main/java/logging/Logger/trap/java/classes/org/apache/flume/Event.members/Event.members#0.0-1717568753249-java.trap.gz exists
[2024-06-05 00:41:28] [javac-extractor-59569] [WARN] Not rewriting trap file for /Users/burakyetistiren/Desktop/Subject_Prog_CodeQL_Taint/src/main/java/logging/Logger/trap/java/classes/org/apache/flume/EventDeliveryException.members/EventDeliveryException.members#52.0-1717573041654-java.trap.gz as /Users/burakyetistiren/Desktop/Subject_Prog_CodeQL_Taint/src/main/java/logging/Logger/trap/java/classes/org/apache/flume/EventDeliveryException.members/EventDeliveryException.members#0.0-1717568753249-java.trap.gz exists
[2024-06-05 00:41:28] [javac-extractor-59569] [WARN] Not rewriting trap file for /Users/burakyetistiren/Desktop/Subject_Prog_CodeQL_Taint/src/main/java/logging/Logger/trap/java/classes/org/apache/flume/Transaction.members/Transaction.members#52.0-1717573162786-java.trap.gz as /Users/burakyetistiren/Desktop/Subject_Prog_CodeQL_Taint/src/main/java/logging/Logger/trap/java/classes/org/apache/flume/Transaction.members/Transaction.members#0.0-1717568753099-java.trap.gz exists
[2024-06-05 00:41:28] [javac-extractor-59569] [WARN] Not rewriting trap file for /Users/burakyetistiren/Desktop/Subject_Prog_CodeQL_Taint/src/main/java/logging/Logger/trap/java/classes/org/apache/flume/conf/Configurable.members/Configurable.members#52.0-1717573162599-java.trap.gz as /Users/burakyetistiren/Desktop/Subject_Prog_CodeQL_Taint/src/main/java/logging/Logger/trap/java/classes/org/apache/flume/conf/Configurable.members/Configurable.members#0.0-1717568753108-java.trap.gz exists
[2024-06-05 00:41:28] [javac-extractor-59569] [WARN] Not rewriting trap file for /Users/burakyetistiren/Desktop/Subject_Prog_CodeQL_Taint/src/main/java/logging/Logger/trap/java/classes/org/apache/flume/sink/AbstractSink.members/AbstractSink.members#52.0-1717573162964-java.trap.gz as /Users/burakyetistiren/Desktop/Subject_Prog_CodeQL_Taint/src/main/java/logging/Logger/trap/java/classes/org/apache/flume/sink/AbstractSink.members/AbstractSink.members#0.0-1717568753132-java.trap.gz exists
[2024-06-05 00:41:28] [javac-extractor-59569] [WARN] Not rewriting trap file for /Users/burakyetistiren/Desktop/Subject_Prog_CodeQL_Taint/src/main/java/logging/Logger/trap/java/classes/org/slf4j/Logger.members/Logger.members#49.0-1626814580000-java.trap.gz as it exists
[2024-06-05 00:41:28] [javac-extractor-59569] [WARN] Not rewriting trap file for /Users/burakyetistiren/Desktop/Subject_Prog_CodeQL_Taint/src/main/java/logging/Logger/trap/java/classes/org/slf4j/LoggerFactory.members/LoggerFactory.members#49.0-1626814580000-java.trap.gz as it exists
[2024-06-05 00:41:28] [javac-extractor-59569] [WARN] Not rewriting trap file for /Users/burakyetistiren/Desktop/Subject_Prog_CodeQL_Taint/src/main/java/logging/Logger/trap/java/classes/com/google/common/base/Preconditions.members/Preconditions.members#52.0-1586823790000-java.trap.gz as it exists
[2024-06-05 00:41:28] [javac-extractor-59569] [WARN] Not rewriting trap file for /Users/burakyetistiren/Desktop/Subject_Prog_CodeQL_Taint/src/main/java/logging/Logger/trap/java/classes/java/lang/String.members/String.members#65.0-1713779056000-java.trap.gz as it exists
[2024-06-05 00:41:28] [javac-extractor-59569] [WARN] Not rewriting trap file for /Users/burakyetistiren/Desktop/Subject_Prog_CodeQL_Taint/src/main/java/logging/Logger/trap/java/classes/java/lang/Boolean.members/Boolean.members#65.0-1713779056000-java.trap.gz as it exists
[2024-06-05 00:41:28] [javac-extractor-59569] [WARN] Not rewriting trap file for /Users/burakyetistiren/Desktop/Subject_Prog_CodeQL_Taint/src/main/java/logging/Logger/trap/java/classes/java/lang/Integer.members/Integer.members#65.0-1713779056000-java.trap.gz as it exists
[2024-06-05 00:41:28] [javac-extractor-59569] [WARN] Not rewriting trap file for /Users/burakyetistiren/Desktop/Subject_Prog_CodeQL_Taint/src/main/java/logging/Logger/trap/java/classes/java/lang/Object.members/Object.members#65.0-1713779056000-java.trap.gz as it exists
[2024-06-05 00:41:28] [javac-extractor-59569] [WARN] Not rewriting trap file for /Users/burakyetistiren/Desktop/Subject_Prog_CodeQL_Taint/src/main/java/logging/Logger/trap/java/classes/java/lang/Class.members/Class.members#65.0-1713779056000-java.trap.gz as it exists
[2024-06-05 00:41:28] [javac-extractor-59569] [WARN] Not rewriting trap file for /Users/burakyetistiren/Desktop/Subject_Prog_CodeQL_Taint/src/main/java/logging/Logger/trap/java/classes/java/io/Serializable.members/Serializable.members#65.0-1713779056000-java.trap.gz as it exists
[2024-06-05 00:41:28] [javac-extractor-59569] [WARN] Not rewriting trap file for /Users/burakyetistiren/Desktop/Subject_Prog_CodeQL_Taint/src/main/java/logging/Logger/trap/java/classes/java/lang/reflect/GenericDeclaration.members/GenericDeclaration.members#65.0-1713779056000-java.trap.gz as it exists
[2024-06-05 00:41:28] [javac-extractor-59569] [WARN] Not rewriting trap file for /Users/burakyetistiren/Desktop/Subject_Prog_CodeQL_Taint/src/main/java/logging/Logger/trap/java/classes/java/lang/reflect/Type.members/Type.members#65.0-1713779056000-java.trap.gz as it exists
[2024-06-05 00:41:28] [javac-extractor-59569] [WARN] Not rewriting trap file for /Users/burakyetistiren/Desktop/Subject_Prog_CodeQL_Taint/src/main/java/logging/Logger/trap/java/classes/java/lang/reflect/AnnotatedElement.members/AnnotatedElement.members#65.0-1713779056000-java.trap.gz as it exists
[2024-06-05 00:41:28] [javac-extractor-59569] [WARN] Not rewriting trap file for /Users/burakyetistiren/Desktop/Subject_Prog_CodeQL_Taint/src/main/java/logging/Logger/trap/java/classes/java/lang/invoke/TypeDescriptor$OfField.members/TypeDescriptor$OfField.members#65.0-1713779056000-java.trap.gz as it exists
[2024-06-05 00:41:28] [javac-extractor-59569] [WARN] Not rewriting trap file for /Users/burakyetistiren/Desktop/Subject_Prog_CodeQL_Taint/src/main/java/logging/Logger/trap/java/classes/java/lang/invoke/TypeDescriptor.members/TypeDescriptor.members#65.0-1713779056000-java.trap.gz as it exists
[2024-06-05 00:41:28] [javac-extractor-59569] [WARN] Not rewriting trap file for /Users/burakyetistiren/Desktop/Subject_Prog_CodeQL_Taint/src/main/java/logging/Logger/trap/java/classes/java/lang/constant/Constable.members/Constable.members#65.0-1713779056000-java.trap.gz as it exists
[2024-06-05 00:41:28] [javac-extractor-59569] [WARN] Not rewriting trap file for /Users/burakyetistiren/Desktop/Subject_Prog_CodeQL_Taint/src/main/java/logging/Logger/trap/java/classes/java/util/EventListener.members/EventListener.members#65.0-1713779056000-java.trap.gz as it exists
[2024-06-05 00:41:28] [javac-extractor-59569] [WARN] Not rewriting trap file for /Users/burakyetistiren/Desktop/Subject_Prog_CodeQL_Taint/src/main/java/logging/Logger/trap/java/classes/java/lang/Cloneable.members/Cloneable.members#65.0-1713779056000-java.trap.gz as it exists
[2024-06-05 00:41:28] [javac-extractor-59569] [WARN] Not rewriting trap file for /Users/burakyetistiren/Desktop/Subject_Prog_CodeQL_Taint/src/main/java/logging/Logger/trap/java/classes/java/lang/Thread.members/Thread.members#65.0-1713779056000-java.trap.gz as it exists
[2024-06-05 00:41:28] [javac-extractor-59569] [WARN] Not rewriting trap file for /Users/burakyetistiren/Desktop/Subject_Prog_CodeQL_Taint/src/main/java/logging/Logger/trap/java/classes/java/lang/Override.members/Override.members#65.0-1713779056000-java.trap.gz as it exists
[2024-06-05 00:41:28] [javac-extractor-59569] [WARN] Not rewriting trap file for /Users/burakyetistiren/Desktop/Subject_Prog_CodeQL_Taint/src/main/java/logging/Logger/trap/java/classes/java/lang/Exception.members/Exception.members#65.0-1713779056000-java.trap.gz as it exists
[2024-06-05 00:41:28] [javac-extractor-59569] [WARN] Not rewriting trap file for /Users/burakyetistiren/Desktop/Subject_Prog_CodeQL_Taint/src/main/java/logging/Logger/trap/java/classes/java/lang/Throwable.members/Throwable.members#65.0-1713779056000-java.trap.gz as it exists
[2024-06-05 00:41:28] [javac-extractor-59569] [WARN] Not rewriting trap file for /Users/burakyetistiren/Desktop/Subject_Prog_CodeQL_Taint/src/main/java/logging/Logger/trap/java/classes/org/apache/flume/Sink$Status.members/Sink$Status.members#52.0-1717573162983-java.trap.gz as /Users/burakyetistiren/Desktop/Subject_Prog_CodeQL_Taint/src/main/java/logging/Logger/trap/java/classes/org/apache/flume/Sink$Status.members/Sink$Status.members#0.0-1717568753098-java.trap.gz exists
[2024-06-05 00:41:28] [javac-extractor-59569] [WARN] Not rewriting trap file for /Users/burakyetistiren/Desktop/Subject_Prog_CodeQL_Taint/src/main/java/logging/Logger/trap/java/classes/java/lang/Long.members/Long.members#65.0-1713779056000-java.trap.gz as it exists
[2024-06-05 00:41:28] [javac-extractor-59569] [WARN] Not rewriting trap file for /Users/burakyetistiren/Desktop/Subject_Prog_CodeQL_Taint/src/main/java/logging/Logger/trap/java/classes/java/net/Socket.members/Socket.members#65.0-1713779056000-java.trap.gz as it exists
[2024-06-05 00:41:28] [javac-extractor-59569] Processing JAR file: /Users/burakyetistiren/.m2/repository/org/schwering/irclib/1.10/irclib-1.10.jar
[2024-06-05 00:41:28] [javac-extractor-59569] Javac init time: 2.7s
[2024-06-05 00:41:28] [javac-extractor-59569] Javac attr time: 0.3s
[2024-06-05 00:41:28] [javac-extractor-59569] Extractor time: 0.7s
[2024-06-05 00:41:28] [javac-extractor-59569] Other time: 0.7s
[2024-06-05 00:41:28] [javac-extractor-59569] Total time: 4.4s
