[2024-06-05 00:43:08] [javac-extractor-62968] Starting extraction for:
                                              sun.java.command=com.semmle.extractor.java.JavaExtractor --jdk-version 21 --javac-args @@@/Users/burakyetistiren/Desktop/Subject_Prog_CodeQL_Taint/src/main/java/logging/Logger/log/ext/javac-16.args
                                              user.dir=/Users/burakyetistiren/Desktop/Subject_Prog_CodeQL_Taint/src/main/java/logging
[2024-06-05 00:43:08] [javac-extractor-62968] Compilation name /Users/burakyetistiren/Desktop/Subject_Prog_CodeQL_Taint/src/main/java/logging/Logger/trap/java/diagnostics/diagnostic-16.trap.gz
[2024-06-05 00:43:08] [javac-extractor-62968] [WARN] Appending source destination directory /Users/burakyetistiren/Desktop/Subject_Prog_CodeQL_Taint/src/main/java/logging/flume-ng-configfilters/flume-ng-external-process-config-filter/target/generated-sources/annotations to sourcepath
[2024-06-05 00:43:11] [javac-extractor-62968] Annotation processor class 'lombok.launch.AnnotationProcessorHider$AnnotationProcessor' initialized.
[2024-06-05 00:43:11] [javac-extractor-62968] Annotation processor class 'lombok.launch.AnnotationProcessorHider$ClaimingProcessor' initialized.
[2024-06-05 00:43:11] [javac-extractor-62968] Processing file /Users/burakyetistiren/Desktop/Subject_Prog_CodeQL_Taint/src/main/java/logging/flume-ng-configfilters/flume-ng-external-process-config-filter/src/main/java/org/apache/flume/configfilter/ExternalProcessConfigFilter.java
[2024-06-05 00:43:11] [javac-extractor-62968] [WARN] Not rewriting trap file for /Users/burakyetistiren/Desktop/Subject_Prog_CodeQL_Taint/src/main/java/logging/Logger/trap/java/classes/org/slf4j/Logger.members/Logger.members#49.0-1626814580000-java.trap.gz as it exists
[2024-06-05 00:43:11] [javac-extractor-62968] [WARN] Not rewriting trap file for /Users/burakyetistiren/Desktop/Subject_Prog_CodeQL_Taint/src/main/java/logging/Logger/trap/java/classes/org/slf4j/LoggerFactory.members/LoggerFactory.members#49.0-1626814580000-java.trap.gz as it exists
[2024-06-05 00:43:11] [javac-extractor-62968] [WARN] Not rewriting trap file for /Users/burakyetistiren/Desktop/Subject_Prog_CodeQL_Taint/src/main/java/logging/Logger/trap/java/classes/java/io/IOException.members/IOException.members#65.0-1713779056000-java.trap.gz as it exists
[2024-06-05 00:43:11] [javac-extractor-62968] [WARN] Not rewriting trap file for /Users/burakyetistiren/Desktop/Subject_Prog_CodeQL_Taint/src/main/java/logging/Logger/trap/java/classes/java/io/InputStream.members/InputStream.members#65.0-1713779056000-java.trap.gz as it exists
[2024-06-05 00:43:11] [javac-extractor-62968] [WARN] Not rewriting trap file for /Users/burakyetistiren/Desktop/Subject_Prog_CodeQL_Taint/src/main/java/logging/Logger/trap/java/classes/java/nio/charset/Charset.members/Charset.members#65.0-1713779056000-java.trap.gz as it exists
[2024-06-05 00:43:11] [javac-extractor-62968] [WARN] Not rewriting trap file for /Users/burakyetistiren/Desktop/Subject_Prog_CodeQL_Taint/src/main/java/logging/Logger/trap/java/classes/java/nio/charset/UnsupportedCharsetException.members/UnsupportedCharsetException.members#65.0-1713779056000-java.trap.gz as it exists
[2024-06-05 00:43:11] [javac-extractor-62968] [WARN] Not rewriting trap file for /Users/burakyetistiren/Desktop/Subject_Prog_CodeQL_Taint/src/main/java/logging/Logger/trap/java/classes/java/util/Arrays.members/Arrays.members#65.0-1713779056000-java.trap.gz as it exists
[2024-06-05 00:43:11] [javac-extractor-62968] [WARN] Not rewriting trap file for /Users/burakyetistiren/Desktop/Subject_Prog_CodeQL_Taint/src/main/java/logging/Logger/trap/java/classes/java/util/Map.members/Map.members#65.0-1713779056000-java.trap.gz as it exists
[2024-06-05 00:43:12] [javac-extractor-62968] [WARN] Not rewriting trap file for /Users/burakyetistiren/Desktop/Subject_Prog_CodeQL_Taint/src/main/java/logging/Logger/trap/java/classes/java/lang/String.members/String.members#65.0-1713779056000-java.trap.gz as it exists
[2024-06-05 00:43:12] [javac-extractor-62968] [WARN] Not rewriting trap file for /Users/burakyetistiren/Desktop/Subject_Prog_CodeQL_Taint/src/main/java/logging/Logger/trap/java/classes/java/lang/InterruptedException.members/InterruptedException.members#65.0-1713779056000-java.trap.gz as it exists
[2024-06-05 00:43:12] [javac-extractor-62968] [WARN] Not rewriting trap file for /Users/burakyetistiren/Desktop/Subject_Prog_CodeQL_Taint/src/main/java/logging/Logger/trap/java/classes/org/apache/flume/configfilter/AbstractConfigFilter.members/AbstractConfigFilter.members#52.0-1717573086172-java.trap.gz as /Users/burakyetistiren/Desktop/Subject_Prog_CodeQL_Taint/src/main/java/logging/Logger/trap/java/classes/org/apache/flume/configfilter/AbstractConfigFilter.members/AbstractConfigFilter.members#0.0-1717568753049-java.trap.gz exists
[2024-06-05 00:43:12] [javac-extractor-62968] [WARN] Not rewriting trap file for /Users/burakyetistiren/Desktop/Subject_Prog_CodeQL_Taint/src/main/java/logging/Logger/trap/java/classes/java/lang/Object.members/Object.members#65.0-1713779056000-java.trap.gz as it exists
[2024-06-05 00:43:12] [javac-extractor-62968] [WARN] Not rewriting trap file for /Users/burakyetistiren/Desktop/Subject_Prog_CodeQL_Taint/src/main/java/logging/Logger/trap/java/classes/java/lang/Class.members/Class.members#65.0-1713779056000-java.trap.gz as it exists
[2024-06-05 00:43:12] [javac-extractor-62968] [WARN] Not rewriting trap file for /Users/burakyetistiren/Desktop/Subject_Prog_CodeQL_Taint/src/main/java/logging/Logger/trap/java/classes/java/io/Serializable.members/Serializable.members#65.0-1713779056000-java.trap.gz as it exists
[2024-06-05 00:43:12] [javac-extractor-62968] [WARN] Not rewriting trap file for /Users/burakyetistiren/Desktop/Subject_Prog_CodeQL_Taint/src/main/java/logging/Logger/trap/java/classes/java/lang/reflect/GenericDeclaration.members/GenericDeclaration.members#65.0-1713779056000-java.trap.gz as it exists
[2024-06-05 00:43:12] [javac-extractor-62968] [WARN] Not rewriting trap file for /Users/burakyetistiren/Desktop/Subject_Prog_CodeQL_Taint/src/main/java/logging/Logger/trap/java/classes/java/lang/reflect/Type.members/Type.members#65.0-1713779056000-java.trap.gz as it exists
[2024-06-05 00:43:12] [javac-extractor-62968] [WARN] Not rewriting trap file for /Users/burakyetistiren/Desktop/Subject_Prog_CodeQL_Taint/src/main/java/logging/Logger/trap/java/classes/java/lang/reflect/AnnotatedElement.members/AnnotatedElement.members#65.0-1713779056000-java.trap.gz as it exists
[2024-06-05 00:43:12] [javac-extractor-62968] [WARN] Not rewriting trap file for /Users/burakyetistiren/Desktop/Subject_Prog_CodeQL_Taint/src/main/java/logging/Logger/trap/java/classes/java/lang/invoke/TypeDescriptor$OfField.members/TypeDescriptor$OfField.members#65.0-1713779056000-java.trap.gz as it exists
[2024-06-05 00:43:12] [javac-extractor-62968] [WARN] Not rewriting trap file for /Users/burakyetistiren/Desktop/Subject_Prog_CodeQL_Taint/src/main/java/logging/Logger/trap/java/classes/java/lang/invoke/TypeDescriptor.members/TypeDescriptor.members#65.0-1713779056000-java.trap.gz as it exists
[2024-06-05 00:43:12] [javac-extractor-62968] [WARN] Not rewriting trap file for /Users/burakyetistiren/Desktop/Subject_Prog_CodeQL_Taint/src/main/java/logging/Logger/trap/java/classes/java/lang/constant/Constable.members/Constable.members#65.0-1713779056000-java.trap.gz as it exists
[2024-06-05 00:43:12] [javac-extractor-62968] [WARN] Not rewriting trap file for /Users/burakyetistiren/Desktop/Subject_Prog_CodeQL_Taint/src/main/java/logging/Logger/trap/java/classes/java/lang/Override.members/Override.members#65.0-1713779056000-java.trap.gz as it exists
[2024-06-05 00:43:12] [javac-extractor-62968] [WARN] Not rewriting trap file for /Users/burakyetistiren/Desktop/Subject_Prog_CodeQL_Taint/src/main/java/logging/Logger/trap/java/classes/java/lang/Exception.members/Exception.members#65.0-1713779056000-java.trap.gz as it exists
[2024-06-05 00:43:12] [javac-extractor-62968] [WARN] Not rewriting trap file for /Users/burakyetistiren/Desktop/Subject_Prog_CodeQL_Taint/src/main/java/logging/Logger/trap/java/classes/java/lang/IllegalStateException.members/IllegalStateException.members#65.0-1713779056000-java.trap.gz as it exists
[2024-06-05 00:43:12] [javac-extractor-62968] [WARN] Not rewriting trap file for /Users/burakyetistiren/Desktop/Subject_Prog_CodeQL_Taint/src/main/java/logging/Logger/trap/java/classes/java/lang/RuntimeException.members/RuntimeException.members#65.0-1713779056000-java.trap.gz as it exists
[2024-06-05 00:43:12] [javac-extractor-62968] [WARN] Not rewriting trap file for /Users/burakyetistiren/Desktop/Subject_Prog_CodeQL_Taint/src/main/java/logging/Logger/trap/java/classes/java/lang/IllegalArgumentException.members/IllegalArgumentException.members#65.0-1713779056000-java.trap.gz as it exists
[2024-06-05 00:43:12] [javac-extractor-62968] [WARN] Not rewriting trap file for /Users/burakyetistiren/Desktop/Subject_Prog_CodeQL_Taint/src/main/java/logging/Logger/trap/java/classes/java/util/Map$Entry.members/Map$Entry.members#65.0-1713779056000-java.trap.gz as it exists
[2024-06-05 00:43:12] [javac-extractor-62968] [WARN] Not rewriting trap file for /Users/burakyetistiren/Desktop/Subject_Prog_CodeQL_Taint/src/main/java/logging/Logger/trap/java/classes/java/lang/Cloneable.members/Cloneable.members#65.0-1713779056000-java.trap.gz as it exists
[2024-06-05 00:43:12] [javac-extractor-62968] [WARN] Not rewriting trap file for /Users/burakyetistiren/Desktop/Subject_Prog_CodeQL_Taint/src/main/java/logging/Logger/trap/java/classes/java/util/function/BiFunction.members/BiFunction.members#65.0-1713779056000-java.trap.gz as it exists
[2024-06-05 00:43:12] [javac-extractor-62968] [WARN] Not rewriting trap file for /Users/burakyetistiren/Desktop/Subject_Prog_CodeQL_Taint/src/main/java/logging/Logger/trap/java/classes/java/lang/FunctionalInterface.members/FunctionalInterface.members#65.0-1713779056000-java.trap.gz as it exists
[2024-06-05 00:43:12] [javac-extractor-62968] [WARN] Not rewriting trap file for /Users/burakyetistiren/Desktop/Subject_Prog_CodeQL_Taint/src/main/java/logging/Logger/trap/java/classes/java/util/function/Function.members/Function.members#65.0-1713779056000-java.trap.gz as it exists
[2024-06-05 00:43:12] [javac-extractor-62968] [WARN] Not rewriting trap file for /Users/burakyetistiren/Desktop/Subject_Prog_CodeQL_Taint/src/main/java/logging/Logger/trap/java/classes/java/util/function/BiConsumer.members/BiConsumer.members#65.0-1713779056000-java.trap.gz as it exists
[2024-06-05 00:43:12] [javac-extractor-62968] [WARN] Not rewriting trap file for /Users/burakyetistiren/Desktop/Subject_Prog_CodeQL_Taint/src/main/java/logging/Logger/trap/java/classes/java/util/Set.members/Set.members#65.0-1713779056000-java.trap.gz as it exists
[2024-06-05 00:43:12] [javac-extractor-62968] [WARN] Not rewriting trap file for /Users/burakyetistiren/Desktop/Subject_Prog_CodeQL_Taint/src/main/java/logging/Logger/trap/java/classes/java/util/Collection.members/Collection.members#65.0-1713779056000-java.trap.gz as it exists
[2024-06-05 00:43:12] [javac-extractor-62968] [WARN] Not rewriting trap file for /Users/burakyetistiren/Desktop/Subject_Prog_CodeQL_Taint/src/main/java/logging/Logger/trap/java/classes/java/lang/Iterable.members/Iterable.members#65.0-1713779056000-java.trap.gz as it exists
[2024-06-05 00:43:12] [javac-extractor-62968] [WARN] Not rewriting trap file for /Users/burakyetistiren/Desktop/Subject_Prog_CodeQL_Taint/src/main/java/logging/Logger/trap/java/classes/java/lang/Throwable.members/Throwable.members#65.0-1713779056000-java.trap.gz as it exists
[2024-06-05 00:43:12] [javac-extractor-62968] [WARN] Not rewriting trap file for /Users/burakyetistiren/Desktop/Subject_Prog_CodeQL_Taint/src/main/java/logging/Logger/trap/java/classes/java/lang/Process.members/Process.members#65.0-1713779056000-java.trap.gz as it exists
[2024-06-05 00:43:12] [javac-extractor-62968] [WARN] Not rewriting trap file for /Users/burakyetistiren/Desktop/Subject_Prog_CodeQL_Taint/src/main/java/logging/Logger/trap/java/classes/java/lang/Runtime.members/Runtime.members#65.0-1713779056000-java.trap.gz as it exists
[2024-06-05 00:43:12] [javac-extractor-62968] [WARN] Not rewriting trap file for /Users/burakyetistiren/Desktop/Subject_Prog_CodeQL_Taint/src/main/java/logging/Logger/trap/java/classes/java/util/Iterator.members/Iterator.members#65.0-1713779056000-java.trap.gz as it exists
[2024-06-05 00:43:12] [javac-extractor-62968] [WARN] Not rewriting trap file for /Users/burakyetistiren/Desktop/Subject_Prog_CodeQL_Taint/src/main/java/logging/Logger/trap/java/classes/java/util/function/Consumer.members/Consumer.members#65.0-1713779056000-java.trap.gz as it exists
[2024-06-05 00:43:12] [javac-extractor-62968] [WARN] Not rewriting trap file for /Users/burakyetistiren/Desktop/Subject_Prog_CodeQL_Taint/src/main/java/logging/Logger/trap/java/classes/java/io/Closeable.members/Closeable.members#65.0-1713779056000-java.trap.gz as it exists
[2024-06-05 00:43:12] [javac-extractor-62968] [WARN] Not rewriting trap file for /Users/burakyetistiren/Desktop/Subject_Prog_CodeQL_Taint/src/main/java/logging/Logger/trap/java/classes/java/util/stream/Stream.members/Stream.members#65.0-1713779056000-java.trap.gz as it exists
[2024-06-05 00:43:12] [javac-extractor-62968] [WARN] Not rewriting trap file for /Users/burakyetistiren/Desktop/Subject_Prog_CodeQL_Taint/src/main/java/logging/Logger/trap/java/classes/java/util/stream/BaseStream.members/BaseStream.members#65.0-1713779056000-java.trap.gz as it exists
[2024-06-05 00:43:12] [javac-extractor-62968] [WARN] Not rewriting trap file for /Users/burakyetistiren/Desktop/Subject_Prog_CodeQL_Taint/src/main/java/logging/Logger/trap/java/classes/java/lang/AutoCloseable.members/AutoCloseable.members#65.0-1713779056000-java.trap.gz as it exists
[2024-06-05 00:43:12] [javac-extractor-62968] [WARN] Not rewriting trap file for /Users/burakyetistiren/Desktop/Subject_Prog_CodeQL_Taint/src/main/java/logging/Logger/trap/java/classes/java/util/regex/MatchResult.members/MatchResult.members#65.0-1713779056000-java.trap.gz as it exists
[2024-06-05 00:43:12] [javac-extractor-62968] [WARN] Not rewriting trap file for /Users/burakyetistiren/Desktop/Subject_Prog_CodeQL_Taint/src/main/java/logging/Logger/trap/java/classes/java/util/regex/Pattern.members/Pattern.members#65.0-1713779056000-java.trap.gz as it exists
[2024-06-05 00:43:12] [javac-extractor-62968] [WARN] Not rewriting trap file for /Users/burakyetistiren/Desktop/Subject_Prog_CodeQL_Taint/src/main/java/logging/Logger/trap/java/classes/java/math/BigDecimal.members/BigDecimal.members#65.0-1713779056000-java.trap.gz as it exists
[2024-06-05 00:43:12] [javac-extractor-62968] [WARN] Not rewriting trap file for /Users/burakyetistiren/Desktop/Subject_Prog_CodeQL_Taint/src/main/java/logging/Logger/trap/java/classes/java/math/BigInteger.members/BigInteger.members#65.0-1713779056000-java.trap.gz as it exists
[2024-06-05 00:43:12] [javac-extractor-62968] [WARN] Not rewriting trap file for /Users/burakyetistiren/Desktop/Subject_Prog_CodeQL_Taint/src/main/java/logging/Logger/trap/java/classes/java/util/Locale.members/Locale.members#65.0-1713779056000-java.trap.gz as it exists
[2024-06-05 00:43:12] [javac-extractor-62968] [WARN] Not rewriting trap file for /Users/burakyetistiren/Desktop/Subject_Prog_CodeQL_Taint/src/main/java/logging/Logger/trap/java/classes/java/nio/channels/ReadableByteChannel.members/ReadableByteChannel.members#65.0-1713779056000-java.trap.gz as it exists
[2024-06-05 00:43:12] [javac-extractor-62968] [WARN] Not rewriting trap file for /Users/burakyetistiren/Desktop/Subject_Prog_CodeQL_Taint/src/main/java/logging/Logger/trap/java/classes/java/nio/file/Path.members/Path.members#65.0-1713779056000-java.trap.gz as it exists
[2024-06-05 00:43:12] [javac-extractor-62968] [WARN] Not rewriting trap file for /Users/burakyetistiren/Desktop/Subject_Prog_CodeQL_Taint/src/main/java/logging/Logger/trap/java/classes/java/io/File.members/File.members#65.0-1713779056000-java.trap.gz as it exists
[2024-06-05 00:43:12] [javac-extractor-62968] [WARN] Not rewriting trap file for /Users/burakyetistiren/Desktop/Subject_Prog_CodeQL_Taint/src/main/java/logging/Logger/trap/java/classes/java/io/FileNotFoundException.members/FileNotFoundException.members#65.0-1713779056000-java.trap.gz as it exists
[2024-06-05 00:43:12] [javac-extractor-62968] [WARN] Not rewriting trap file for /Users/burakyetistiren/Desktop/Subject_Prog_CodeQL_Taint/src/main/java/logging/Logger/trap/java/classes/java/lang/Readable.members/Readable.members#65.0-1713779056000-java.trap.gz as it exists
[2024-06-05 00:43:12] [javac-extractor-62968] Javac init time: 2.1s
[2024-06-05 00:43:12] [javac-extractor-62968] Javac attr time: 0.3s
[2024-06-05 00:43:12] [javac-extractor-62968] Extractor time: 0.7s
[2024-06-05 00:43:12] [javac-extractor-62968] Other time: 0.6s
[2024-06-05 00:43:12] [javac-extractor-62968] Total time: 3.6s
